#
# There is insufficient memory for the Java Runtime Environment to continue.
# Native memory allocation (malloc) failed to allocate 32744 bytes for ChunkPool::allocate
# Possible reasons:
#   The system is out of physical RAM or swap space
#   The process is running with CompressedOops enabled, and the Java Heap may be blocking the growth of the native heap
# Possible solutions:
#   Reduce memory load on the system
#   Increase physical memory or swap space
#   Check if swap backing store is full
#   Decrease Java heap size (-Xmx/-Xms)
#   Decrease number of Java threads
#   Decrease Java thread stack sizes (-Xss)
#   Set larger code cache with -XX:ReservedCodeCacheSize=
#   JVM is running with Unscaled Compressed Oops mode in which the Java heap is
#     placed in the first 4GB address space. The Java Heap base address is the
#     maximum limit for the native heap growth. Please use -XX:HeapBaseMinAddress
#     to set the Java Heap base and to place the Java Heap above 4GB virtual address.
# This output file may be truncated or incomplete.
#
#  Out of Memory Error (arena.cpp:78), pid=3308, tid=13948
#
# JRE version: Java(TM) SE Runtime Environment (17.0.10+11) (build 17.0.10+11-LTS-240)
# Java VM: Java HotSpot(TM) 64-Bit Server VM (17.0.10+11-LTS-240, mixed mode, sharing, tiered, compressed oops, compressed class ptrs, g1 gc, windows-amd64)
# No core dump will be written. Minidumps are not enabled by default on client versions of Windows
#

---------------  S U M M A R Y ------------

Command Line: --add-opens=java.base/java.util=ALL-UNNAMED --add-opens=java.base/java.lang=ALL-UNNAMED --add-opens=java.base/java.lang.invoke=ALL-UNNAMED --add-opens=java.prefs/java.util.prefs=ALL-UNNAMED --add-opens=java.base/java.nio.charset=ALL-UNNAMED --add-opens=java.base/java.net=ALL-UNNAMED --add-opens=java.base/java.util.concurrent.atomic=ALL-UNNAMED -XX:MaxMetaspaceSize=256m -XX:+HeapDumpOnOutOfMemoryError -Xms256m -Xmx512m -Dfile.encoding=windows-1252 -Duser.country=US -Duser.language=en -Duser.variant org.gradle.launcher.daemon.bootstrap.GradleDaemon 8.0

Host: Intel(R) Core(TM) i5-1035G1 CPU @ 1.00GHz, 8 cores, 7G,  Windows 11 , 64 bit Build 22621 (10.0.22621.3374)
Time: Thu Apr 25 11:13:08 2024 Central Daylight Time elapsed time: 159.394468 seconds (0d 0h 2m 39s)

---------------  T H R E A D  ---------------

Current thread (0x000001d375381150):  JavaThread "C2 CompilerThread0" daemon [_thread_in_native, id=13948, stack(0x00000022efe00000,0x00000022eff00000)]


Current CompileTask:
C2: 159394 3564  s!   4       jdk.internal.loader.URLClassPath::getLoader (194 bytes)

Stack: [0x00000022efe00000,0x00000022eff00000]
Native frames: (J=compiled Java code, j=interpreted, Vv=VM code, C=native code)
V  [jvm.dll+0x677a5a]
V  [jvm.dll+0x7d8b2d]
V  [jvm.dll+0x7da48e]
V  [jvm.dll+0x7daaf3]
V  [jvm.dll+0x2455ff]
V  [jvm.dll+0xaad50]
V  [jvm.dll+0xab09c]
V  [jvm.dll+0x341d89]
V  [jvm.dll+0x68b2d7]
V  [jvm.dll+0x68b53e]
V  [jvm.dll+0x68de8f]
V  [jvm.dll+0x688056]
V  [jvm.dll+0x6876a0]
V  [jvm.dll+0x6855aa]
V  [jvm.dll+0x1a666c]
V  [jvm.dll+0x1a71fb]
V  [jvm.dll+0x2aa21c]
V  [jvm.dll+0x690083]
V  [jvm.dll+0x688056]
V  [jvm.dll+0x6876a0]
V  [jvm.dll+0x6855aa]
V  [jvm.dll+0x1a666c]
V  [jvm.dll+0x1a71fb]
V  [jvm.dll+0x1a71fb]
V  [jvm.dll+0x2aa21c]
V  [jvm.dll+0x690083]
V  [jvm.dll+0x688056]
V  [jvm.dll+0x6876a0]
V  [jvm.dll+0x6855aa]
V  [jvm.dll+0x1a666c]
V  [jvm.dll+0x216938]
V  [jvm.dll+0x1a3410]
V  [jvm.dll+0x226aeb]
V  [jvm.dll+0x224cab]
V  [jvm.dll+0x78e45c]
V  [jvm.dll+0x78888a]
V  [jvm.dll+0x676935]
C  [ucrtbase.dll+0x29333]
C  [KERNEL32.DLL+0x1257d]
C  [ntdll.dll+0x5aa48]


---------------  P R O C E S S  ---------------

Threads class SMR info:
_java_thread_list=0x000001d37bed5420, length=41, elements={
0x000001d36799b7d0, 0x000001d375359d10, 0x000001d37535aa20, 0x000001d375379630,
0x000001d37537a1f0, 0x000001d37537b1c0, 0x000001d3753803b0, 0x000001d375381150,
0x000001d3754f1f70, 0x000001d375516b00, 0x000001d3755e72c0, 0x000001d3755eb7b0,
0x000001d37aa1c840, 0x000001d37b6c3870, 0x000001d37a4f8510, 0x000001d37b2e1070,
0x000001d37baba040, 0x000001d37b7cb480, 0x000001d37b4b13d0, 0x000001d37b4b1df0,
0x000001d37b4b2300, 0x000001d37b4b0ec0, 0x000001d37b4b2810, 0x000001d37b4b2d20,
0x000001d37b4b3740, 0x000001d37b4b3c50, 0x000001d37b4b4160, 0x000001d37b4b09b0,
0x000001d37b20d2e0, 0x000001d37b20f140, 0x000001d37b20c8c0, 0x000001d37b208c00,
0x000001d37b20a040, 0x000001d37b20e210, 0x000001d37b20e720, 0x000001d37b20a550,
0x000001d37b20aa60, 0x000001d37b20d7f0, 0x000001d37b20af70, 0x000001d37b20b480,
0x000001d37b20bea0
}

Java Threads: ( => current thread )
  0x000001d36799b7d0 JavaThread "main" [_thread_blocked, id=18104, stack(0x00000022ef100000,0x00000022ef200000)]
  0x000001d375359d10 JavaThread "Reference Handler" daemon [_thread_blocked, id=21600, stack(0x00000022ef800000,0x00000022ef900000)]
  0x000001d37535aa20 JavaThread "Finalizer" daemon [_thread_blocked, id=6136, stack(0x00000022ef900000,0x00000022efa00000)]
  0x000001d375379630 JavaThread "Signal Dispatcher" daemon [_thread_blocked, id=28136, stack(0x00000022efa00000,0x00000022efb00000)]
  0x000001d37537a1f0 JavaThread "Attach Listener" daemon [_thread_blocked, id=6464, stack(0x00000022efb00000,0x00000022efc00000)]
  0x000001d37537b1c0 JavaThread "Service Thread" daemon [_thread_blocked, id=25200, stack(0x00000022efc00000,0x00000022efd00000)]
  0x000001d3753803b0 JavaThread "Monitor Deflation Thread" daemon [_thread_blocked, id=3928, stack(0x00000022efd00000,0x00000022efe00000)]
=>0x000001d375381150 JavaThread "C2 CompilerThread0" daemon [_thread_in_native, id=13948, stack(0x00000022efe00000,0x00000022eff00000)]
  0x000001d3754f1f70 JavaThread "C1 CompilerThread0" daemon [_thread_in_native, id=25620, stack(0x00000022eff00000,0x00000022f0000000)]
  0x000001d375516b00 JavaThread "Sweeper thread" daemon [_thread_blocked, id=5084, stack(0x00000022f0000000,0x00000022f0100000)]
  0x000001d3755e72c0 JavaThread "Common-Cleaner" daemon [_thread_blocked, id=23064, stack(0x00000022f0100000,0x00000022f0200000)]
  0x000001d3755eb7b0 JavaThread "Notification Thread" daemon [_thread_blocked, id=21704, stack(0x00000022f0200000,0x00000022f0300000)]
  0x000001d37aa1c840 JavaThread "Daemon health stats" [_thread_blocked, id=11496, stack(0x00000022f0900000,0x00000022f0a00000)]
  0x000001d37b6c3870 JavaThread "Incoming local TCP Connector on port 55042" [_thread_in_native, id=12336, stack(0x00000022f0a00000,0x00000022f0b00000)]
  0x000001d37a4f8510 JavaThread "Daemon periodic checks" [_thread_blocked, id=20448, stack(0x00000022f0b00000,0x00000022f0c00000)]
  0x000001d37b2e1070 JavaThread "Daemon" [_thread_blocked, id=5660, stack(0x00000022f0c00000,0x00000022f0d00000)]
  0x000001d37baba040 JavaThread "Handler for socket connection from /127.0.0.1:55042 to /127.0.0.1:55051" [_thread_in_native, id=4432, stack(0x00000022f0d00000,0x00000022f0e00000)]
  0x000001d37b7cb480 JavaThread "Cancel handler" [_thread_blocked, id=19000, stack(0x00000022f0e00000,0x00000022f0f00000)]
  0x000001d37b4b13d0 JavaThread "Daemon worker" [_thread_in_Java, id=19220, stack(0x00000022f0f00000,0x00000022f1000000)]
  0x000001d37b4b1df0 JavaThread "Asynchronous log dispatcher for DefaultDaemonConnection: socket connection from /127.0.0.1:55042 to /127.0.0.1:55051" [_thread_blocked, id=7140, stack(0x00000022f1000000,0x00000022f1100000)]
  0x000001d37b4b2300 JavaThread "Daemon client event forwarder" [_thread_blocked, id=2024, stack(0x00000022f1200000,0x00000022f1300000)]
  0x000001d37b4b0ec0 JavaThread "Cache worker for journal cache (C:\Users\Thang\.gradle\caches\journal-1)" [_thread_blocked, id=2324, stack(0x00000022f1300000,0x00000022f1400000)]
  0x000001d37b4b2810 JavaThread "File lock request listener" [_thread_in_native, id=9096, stack(0x00000022f1400000,0x00000022f1500000)]
  0x000001d37b4b2d20 JavaThread "File lock release action executor" [_thread_blocked, id=10808, stack(0x00000022f1500000,0x00000022f1600000)]
  0x000001d37b4b3740 JavaThread "Cache worker for file hash cache (C:\Users\Thang\.gradle\caches\8.0\fileHashes)" [_thread_blocked, id=14896, stack(0x00000022f1600000,0x00000022f1700000)]
  0x000001d37b4b3c50 JavaThread "File watcher server" daemon [_thread_in_native, id=21220, stack(0x00000022f1700000,0x00000022f1800000)]
  0x000001d37b4b4160 JavaThread "File watcher consumer" daemon [_thread_blocked, id=15776, stack(0x00000022f1800000,0x00000022f1900000)]
  0x000001d37b4b09b0 JavaThread "jar transforms" [_thread_blocked, id=19620, stack(0x00000022eee00000,0x00000022eef00000)]
  0x000001d37b20d2e0 JavaThread "jar transforms Thread 2" [_thread_blocked, id=13280, stack(0x00000022ef000000,0x00000022ef100000)]
  0x000001d37b20f140 JavaThread "jar transforms Thread 3" [_thread_blocked, id=26172, stack(0x00000022f1b00000,0x00000022f1c00000)]
  0x000001d37b20c8c0 JavaThread "jar transforms Thread 4" [_thread_blocked, id=6112, stack(0x00000022f1c00000,0x00000022f1d00000)]
  0x000001d37b208c00 JavaThread "jar transforms Thread 5" [_thread_blocked, id=18032, stack(0x00000022f1d00000,0x00000022f1e00000)]
  0x000001d37b20a040 JavaThread "jar transforms Thread 6" [_thread_blocked, id=28480, stack(0x00000022f1e00000,0x00000022f1f00000)]
  0x000001d37b20e210 JavaThread "jar transforms Thread 7" [_thread_blocked, id=26080, stack(0x00000022f1f00000,0x00000022f2000000)]
  0x000001d37b20e720 JavaThread "jar transforms Thread 8" [_thread_blocked, id=19032, stack(0x00000022f2000000,0x00000022f2100000)]
  0x000001d37b20a550 JavaThread "Cache worker for checksums cache (C:\Users\Thang\Desktop\JavaPractice\Chapter-name\java-web-dev-projects\unit-testing\chapter-example\car-example\.gradle\8.0\checksums)" [_thread_blocked, id=24696, stack(0x00000022f2300000,0x00000022f2400000)]
  0x000001d37b20aa60 JavaThread "Cache worker for cache directory md-rule (C:\Users\Thang\.gradle\caches\8.0\md-rule)" [_thread_blocked, id=25612, stack(0x00000022f2400000,0x00000022f2500000)]
  0x000001d37b20d7f0 JavaThread "Cache worker for file content cache (C:\Users\Thang\.gradle\caches\8.0\fileContent)" [_thread_blocked, id=22680, stack(0x00000022f2500000,0x00000022f2600000)]
  0x000001d37b20af70 JavaThread "Cache worker for file hash cache (C:\Users\Thang\Desktop\JavaPractice\Chapter-name\java-web-dev-projects\unit-testing\chapter-example\car-example\.gradle\8.0\fileHashes)" [_thread_blocked, id=21808, stack(0x00000022f2600000,0x00000022f2700000)]
  0x000001d37b20b480 JavaThread "Cache worker for cache directory md-supplier (C:\Users\Thang\.gradle\caches\8.0\md-supplier)" [_thread_blocked, id=28364, stack(0x00000022f2700000,0x00000022f2800000)]
  0x000001d37b20bea0 JavaThread "Cache worker for execution history cache (C:\Users\Thang\.gradle\caches\8.0\executionHistory)" [_thread_blocked, id=20064, stack(0x00000022f2800000,0x00000022f2900000)]

Other Threads:
  0x000001d3753551b0 VMThread "VM Thread" [stack: 0x00000022ef700000,0x00000022ef800000] [id=13132]
  0x000001d3755ecca0 WatcherThread [stack: 0x00000022f0300000,0x00000022f0400000] [id=22440]
  0x000001d369a93ba0 GCTaskThread "GC Thread#0" [stack: 0x00000022ef200000,0x00000022ef300000] [id=27972]
  0x000001d37a8a2e50 GCTaskThread "GC Thread#1" [stack: 0x00000022f0400000,0x00000022f0500000] [id=19096]
  0x000001d37a8a3110 GCTaskThread "GC Thread#2" [stack: 0x00000022f0500000,0x00000022f0600000] [id=9960]
  0x000001d37a35d000 GCTaskThread "GC Thread#3" [stack: 0x00000022f0600000,0x00000022f0700000] [id=164]
  0x000001d37a35d2c0 GCTaskThread "GC Thread#4" [stack: 0x00000022f0700000,0x00000022f0800000] [id=17128]
  0x000001d37a35d580 GCTaskThread "GC Thread#5" [stack: 0x00000022f0800000,0x00000022f0900000] [id=25408]
  0x000001d37c5fed00 GCTaskThread "GC Thread#6" [stack: 0x00000022f1100000,0x00000022f1200000] [id=10116]
  0x000001d37b3ac1b0 GCTaskThread "GC Thread#7" [stack: 0x00000022f2100000,0x00000022f2200000] [id=11676]
  0x000001d369a98af0 ConcurrentGCThread "G1 Main Marker" [stack: 0x00000022ef300000,0x00000022ef400000] [id=8460]
  0x000001d369a99500 ConcurrentGCThread "G1 Conc#0" [stack: 0x00000022ef400000,0x00000022ef500000] [id=15336]
  0x000001d37c1563b0 ConcurrentGCThread "G1 Conc#1" [stack: 0x00000022f2200000,0x00000022f2300000] [id=6328]
  0x000001d369b0ebb0 ConcurrentGCThread "G1 Refine#0" [stack: 0x00000022ef500000,0x00000022ef600000] [id=14684]
  0x000001d375218b70 ConcurrentGCThread "G1 Service" [stack: 0x00000022ef600000,0x00000022ef700000] [id=25824]

Threads with active compile tasks:
C2 CompilerThread0   159493 3564  s!   4       jdk.internal.loader.URLClassPath::getLoader (194 bytes)
C1 CompilerThread0   159493 3566       3       jdk.internal.org.objectweb.asm.MethodVisitor::visitCode (15 bytes)

VM state: not at safepoint (normal execution)

VM Mutex/Monitor currently owned by a thread: None

Heap address: 0x00000000e0000000, size: 512 MB, Compressed Oops mode: 32-bit

CDS archive(s) mapped at: [0x000001d30f000000-0x000001d30fbd0000-0x000001d30fbd0000), size 12386304, SharedBaseAddress: 0x000001d30f000000, ArchiveRelocationMode: 1.
Compressed class space mapped at: 0x000001d310000000-0x000001d31d000000, reserved size: 218103808
Narrow klass base: 0x000001d30f000000, Narrow klass shift: 0, Narrow klass range: 0x100000000

GC Precious Log:
 CPUs: 8 total, 8 available
 Memory: 7980M
 Large Page Support: Disabled
 NUMA Support: Disabled
 Compressed Oops: Enabled (32-bit)
 Heap Region Size: 1M
 Heap Min Capacity: 256M
 Heap Initial Capacity: 256M
 Heap Max Capacity: 512M
 Pre-touch: Disabled
 Parallel Workers: 8
 Concurrent Workers: 2
 Concurrent Refinement Workers: 8
 Periodic GC: Disabled

Heap:
 garbage-first heap   total 262144K, used 77678K [0x00000000e0000000, 0x0000000100000000)
  region size 1024K, 56 young (57344K), 14 survivors (14336K)
 Metaspace       used 26688K, committed 27008K, reserved 278528K
  class space    used 3984K, committed 4160K, reserved 212992K

Heap Regions: E=young(eden), S=young(survivor), O=old, HS=humongous(starts), HC=humongous(continues), CS=collection set, F=free, OA=open archive, CA=closed archive, TAMS=top-at-mark-start (previous, next)
|   0|0x00000000e0000000, 0x00000000e0100000, 0x00000000e0100000|100%|HS|  |TAMS 0x00000000e0100000, 0x00000000e0000000| Complete 
|   1|0x00000000e0100000, 0x00000000e0200000, 0x00000000e0200000|100%|HC|  |TAMS 0x00000000e0200000, 0x00000000e0100000| Complete 
|   2|0x00000000e0200000, 0x00000000e0300000, 0x00000000e0300000|100%|HC|  |TAMS 0x00000000e0300000, 0x00000000e0200000| Complete 
|   3|0x00000000e0300000, 0x00000000e0400000, 0x00000000e0400000|100%|HC|  |TAMS 0x00000000e0400000, 0x00000000e0300000| Complete 
|   4|0x00000000e0400000, 0x00000000e0500000, 0x00000000e0500000|100%| O|  |TAMS 0x00000000e0500000, 0x00000000e0400000| Untracked 
|   5|0x00000000e0500000, 0x00000000e0600000, 0x00000000e0600000|100%| O|  |TAMS 0x00000000e0600000, 0x00000000e0500000| Complete 
|   6|0x00000000e0600000, 0x00000000e0700000, 0x00000000e0700000|100%| O|  |TAMS 0x00000000e0700000, 0x00000000e0600000| Untracked 
|   7|0x00000000e0700000, 0x00000000e0700000, 0x00000000e0800000|  0%| F|  |TAMS 0x00000000e0700000, 0x00000000e0700000| Untracked 
|   8|0x00000000e0800000, 0x00000000e0900000, 0x00000000e0900000|100%| O|  |TAMS 0x00000000e0900000, 0x00000000e0800000| Untracked 
|   9|0x00000000e0900000, 0x00000000e0a00000, 0x00000000e0a00000|100%| O|  |TAMS 0x00000000e0a00000, 0x00000000e0900000| Untracked 
|  10|0x00000000e0a00000, 0x00000000e0b00000, 0x00000000e0b00000|100%| O|  |TAMS 0x00000000e0b00000, 0x00000000e0a00000| Untracked 
|  11|0x00000000e0b00000, 0x00000000e0b0d000, 0x00000000e0c00000|  5%| O|  |TAMS 0x00000000e0b0d000, 0x00000000e0b00000| Untracked 
|  12|0x00000000e0c00000, 0x00000000e0d00000, 0x00000000e0d00000|100%|HS|  |TAMS 0x00000000e0d00000, 0x00000000e0c00000| Complete 
|  13|0x00000000e0d00000, 0x00000000e0e00000, 0x00000000e0e00000|100%|HC|  |TAMS 0x00000000e0e00000, 0x00000000e0d00000| Complete 
|  14|0x00000000e0e00000, 0x00000000e0f00000, 0x00000000e0f00000|100%|HS|  |TAMS 0x00000000e0f00000, 0x00000000e0e00000| Complete 
|  15|0x00000000e0f00000, 0x00000000e1000000, 0x00000000e1000000|100%|HC|  |TAMS 0x00000000e1000000, 0x00000000e0f00000| Complete 
|  16|0x00000000e1000000, 0x00000000e1100000, 0x00000000e1100000|100%|HC|  |TAMS 0x00000000e1100000, 0x00000000e1000000| Complete 
|  17|0x00000000e1100000, 0x00000000e1200000, 0x00000000e1200000|100%|HS|  |TAMS 0x00000000e1200000, 0x00000000e1100000| Complete 
|  18|0x00000000e1200000, 0x00000000e1300000, 0x00000000e1300000|100%|HC|  |TAMS 0x00000000e1300000, 0x00000000e1200000| Complete 
|  19|0x00000000e1300000, 0x00000000e1400000, 0x00000000e1400000|100%|HC|  |TAMS 0x00000000e1400000, 0x00000000e1300000| Complete 
|  20|0x00000000e1400000, 0x00000000e1500000, 0x00000000e1500000|100%|HS|  |TAMS 0x00000000e1500000, 0x00000000e1400000| Complete 
|  21|0x00000000e1500000, 0x00000000e1600000, 0x00000000e1600000|100%|HC|  |TAMS 0x00000000e1600000, 0x00000000e1500000| Complete 
|  22|0x00000000e1600000, 0x00000000e1700000, 0x00000000e1700000|100%|HC|  |TAMS 0x00000000e1700000, 0x00000000e1600000| Complete 
|  23|0x00000000e1700000, 0x00000000e1700000, 0x00000000e1800000|  0%| F|  |TAMS 0x00000000e1700000, 0x00000000e1700000| Untracked 
|  24|0x00000000e1800000, 0x00000000e1800000, 0x00000000e1900000|  0%| F|  |TAMS 0x00000000e1800000, 0x00000000e1800000| Untracked 
|  25|0x00000000e1900000, 0x00000000e1900000, 0x00000000e1a00000|  0%| F|  |TAMS 0x00000000e1900000, 0x00000000e1900000| Untracked 
|  26|0x00000000e1a00000, 0x00000000e1a00000, 0x00000000e1b00000|  0%| F|  |TAMS 0x00000000e1a00000, 0x00000000e1a00000| Untracked 
|  27|0x00000000e1b00000, 0x00000000e1b00000, 0x00000000e1c00000|  0%| F|  |TAMS 0x00000000e1b00000, 0x00000000e1b00000| Untracked 
|  28|0x00000000e1c00000, 0x00000000e1c00000, 0x00000000e1d00000|  0%| F|  |TAMS 0x00000000e1c00000, 0x00000000e1c00000| Untracked 
|  29|0x00000000e1d00000, 0x00000000e1d00000, 0x00000000e1e00000|  0%| F|  |TAMS 0x00000000e1d00000, 0x00000000e1d00000| Untracked 
|  30|0x00000000e1e00000, 0x00000000e1e00000, 0x00000000e1f00000|  0%| F|  |TAMS 0x00000000e1e00000, 0x00000000e1e00000| Untracked 
|  31|0x00000000e1f00000, 0x00000000e1f00000, 0x00000000e2000000|  0%| F|  |TAMS 0x00000000e1f00000, 0x00000000e1f00000| Untracked 
|  32|0x00000000e2000000, 0x00000000e2000000, 0x00000000e2100000|  0%| F|  |TAMS 0x00000000e2000000, 0x00000000e2000000| Untracked 
|  33|0x00000000e2100000, 0x00000000e2100000, 0x00000000e2200000|  0%| F|  |TAMS 0x00000000e2100000, 0x00000000e2100000| Untracked 
|  34|0x00000000e2200000, 0x00000000e2200000, 0x00000000e2300000|  0%| F|  |TAMS 0x00000000e2200000, 0x00000000e2200000| Untracked 
|  35|0x00000000e2300000, 0x00000000e2300000, 0x00000000e2400000|  0%| F|  |TAMS 0x00000000e2300000, 0x00000000e2300000| Untracked 
|  36|0x00000000e2400000, 0x00000000e2400000, 0x00000000e2500000|  0%| F|  |TAMS 0x00000000e2400000, 0x00000000e2400000| Untracked 
|  37|0x00000000e2500000, 0x00000000e2500000, 0x00000000e2600000|  0%| F|  |TAMS 0x00000000e2500000, 0x00000000e2500000| Untracked 
|  38|0x00000000e2600000, 0x00000000e2600000, 0x00000000e2700000|  0%| F|  |TAMS 0x00000000e2600000, 0x00000000e2600000| Untracked 
|  39|0x00000000e2700000, 0x00000000e2700000, 0x00000000e2800000|  0%| F|  |TAMS 0x00000000e2700000, 0x00000000e2700000| Untracked 
|  40|0x00000000e2800000, 0x00000000e2800000, 0x00000000e2900000|  0%| F|  |TAMS 0x00000000e2800000, 0x00000000e2800000| Untracked 
|  41|0x00000000e2900000, 0x00000000e2900000, 0x00000000e2a00000|  0%| F|  |TAMS 0x00000000e2900000, 0x00000000e2900000| Untracked 
|  42|0x00000000e2a00000, 0x00000000e2a00000, 0x00000000e2b00000|  0%| F|  |TAMS 0x00000000e2a00000, 0x00000000e2a00000| Untracked 
|  43|0x00000000e2b00000, 0x00000000e2b00000, 0x00000000e2c00000|  0%| F|  |TAMS 0x00000000e2b00000, 0x00000000e2b00000| Untracked 
|  44|0x00000000e2c00000, 0x00000000e2c00000, 0x00000000e2d00000|  0%| F|  |TAMS 0x00000000e2c00000, 0x00000000e2c00000| Untracked 
|  45|0x00000000e2d00000, 0x00000000e2d00000, 0x00000000e2e00000|  0%| F|  |TAMS 0x00000000e2d00000, 0x00000000e2d00000| Untracked 
|  46|0x00000000e2e00000, 0x00000000e2e00000, 0x00000000e2f00000|  0%| F|  |TAMS 0x00000000e2e00000, 0x00000000e2e00000| Untracked 
|  47|0x00000000e2f00000, 0x00000000e2f00000, 0x00000000e3000000|  0%| F|  |TAMS 0x00000000e2f00000, 0x00000000e2f00000| Untracked 
|  48|0x00000000e3000000, 0x00000000e3000000, 0x00000000e3100000|  0%| F|  |TAMS 0x00000000e3000000, 0x00000000e3000000| Untracked 
|  49|0x00000000e3100000, 0x00000000e3100000, 0x00000000e3200000|  0%| F|  |TAMS 0x00000000e3100000, 0x00000000e3100000| Untracked 
|  50|0x00000000e3200000, 0x00000000e3200000, 0x00000000e3300000|  0%| F|  |TAMS 0x00000000e3200000, 0x00000000e3200000| Untracked 
|  51|0x00000000e3300000, 0x00000000e3300000, 0x00000000e3400000|  0%| F|  |TAMS 0x00000000e3300000, 0x00000000e3300000| Untracked 
|  52|0x00000000e3400000, 0x00000000e3400000, 0x00000000e3500000|  0%| F|  |TAMS 0x00000000e3400000, 0x00000000e3400000| Untracked 
|  53|0x00000000e3500000, 0x00000000e3500000, 0x00000000e3600000|  0%| F|  |TAMS 0x00000000e3500000, 0x00000000e3500000| Untracked 
|  54|0x00000000e3600000, 0x00000000e3600000, 0x00000000e3700000|  0%| F|  |TAMS 0x00000000e3600000, 0x00000000e3600000| Untracked 
|  55|0x00000000e3700000, 0x00000000e3700000, 0x00000000e3800000|  0%| F|  |TAMS 0x00000000e3700000, 0x00000000e3700000| Untracked 
|  56|0x00000000e3800000, 0x00000000e3800000, 0x00000000e3900000|  0%| F|  |TAMS 0x00000000e3800000, 0x00000000e3800000| Untracked 
|  57|0x00000000e3900000, 0x00000000e3900000, 0x00000000e3a00000|  0%| F|  |TAMS 0x00000000e3900000, 0x00000000e3900000| Untracked 
|  58|0x00000000e3a00000, 0x00000000e3a00000, 0x00000000e3b00000|  0%| F|  |TAMS 0x00000000e3a00000, 0x00000000e3a00000| Untracked 
|  59|0x00000000e3b00000, 0x00000000e3b00000, 0x00000000e3c00000|  0%| F|  |TAMS 0x00000000e3b00000, 0x00000000e3b00000| Untracked 
|  60|0x00000000e3c00000, 0x00000000e3c00000, 0x00000000e3d00000|  0%| F|  |TAMS 0x00000000e3c00000, 0x00000000e3c00000| Untracked 
|  61|0x00000000e3d00000, 0x00000000e3d00000, 0x00000000e3e00000|  0%| F|  |TAMS 0x00000000e3d00000, 0x00000000e3d00000| Untracked 
|  62|0x00000000e3e00000, 0x00000000e3e00000, 0x00000000e3f00000|  0%| F|  |TAMS 0x00000000e3e00000, 0x00000000e3e00000| Untracked 
|  63|0x00000000e3f00000, 0x00000000e3f00000, 0x00000000e4000000|  0%| F|  |TAMS 0x00000000e3f00000, 0x00000000e3f00000| Untracked 
|  64|0x00000000e4000000, 0x00000000e4000000, 0x00000000e4100000|  0%| F|  |TAMS 0x00000000e4000000, 0x00000000e4000000| Untracked 
|  65|0x00000000e4100000, 0x00000000e4100000, 0x00000000e4200000|  0%| F|  |TAMS 0x00000000e4100000, 0x00000000e4100000| Untracked 
|  66|0x00000000e4200000, 0x00000000e4200000, 0x00000000e4300000|  0%| F|  |TAMS 0x00000000e4200000, 0x00000000e4200000| Untracked 
|  67|0x00000000e4300000, 0x00000000e4300000, 0x00000000e4400000|  0%| F|  |TAMS 0x00000000e4300000, 0x00000000e4300000| Untracked 
|  68|0x00000000e4400000, 0x00000000e4400000, 0x00000000e4500000|  0%| F|  |TAMS 0x00000000e4400000, 0x00000000e4400000| Untracked 
|  69|0x00000000e4500000, 0x00000000e4500000, 0x00000000e4600000|  0%| F|  |TAMS 0x00000000e4500000, 0x00000000e4500000| Untracked 
|  70|0x00000000e4600000, 0x00000000e4600000, 0x00000000e4700000|  0%| F|  |TAMS 0x00000000e4600000, 0x00000000e4600000| Untracked 
|  71|0x00000000e4700000, 0x00000000e4700000, 0x00000000e4800000|  0%| F|  |TAMS 0x00000000e4700000, 0x00000000e4700000| Untracked 
|  72|0x00000000e4800000, 0x00000000e4800000, 0x00000000e4900000|  0%| F|  |TAMS 0x00000000e4800000, 0x00000000e4800000| Untracked 
|  73|0x00000000e4900000, 0x00000000e4900000, 0x00000000e4a00000|  0%| F|  |TAMS 0x00000000e4900000, 0x00000000e4900000| Untracked 
|  74|0x00000000e4a00000, 0x00000000e4a00000, 0x00000000e4b00000|  0%| F|  |TAMS 0x00000000e4a00000, 0x00000000e4a00000| Untracked 
|  75|0x00000000e4b00000, 0x00000000e4b00000, 0x00000000e4c00000|  0%| F|  |TAMS 0x00000000e4b00000, 0x00000000e4b00000| Untracked 
|  76|0x00000000e4c00000, 0x00000000e4c00000, 0x00000000e4d00000|  0%| F|  |TAMS 0x00000000e4c00000, 0x00000000e4c00000| Untracked 
|  77|0x00000000e4d00000, 0x00000000e4d00000, 0x00000000e4e00000|  0%| F|  |TAMS 0x00000000e4d00000, 0x00000000e4d00000| Untracked 
|  78|0x00000000e4e00000, 0x00000000e4e00000, 0x00000000e4f00000|  0%| F|  |TAMS 0x00000000e4e00000, 0x00000000e4e00000| Untracked 
|  79|0x00000000e4f00000, 0x00000000e4f00000, 0x00000000e5000000|  0%| F|  |TAMS 0x00000000e4f00000, 0x00000000e4f00000| Untracked 
|  80|0x00000000e5000000, 0x00000000e5000000, 0x00000000e5100000|  0%| F|  |TAMS 0x00000000e5000000, 0x00000000e5000000| Untracked 
|  81|0x00000000e5100000, 0x00000000e5100000, 0x00000000e5200000|  0%| F|  |TAMS 0x00000000e5100000, 0x00000000e5100000| Untracked 
|  82|0x00000000e5200000, 0x00000000e5200000, 0x00000000e5300000|  0%| F|  |TAMS 0x00000000e5200000, 0x00000000e5200000| Untracked 
|  83|0x00000000e5300000, 0x00000000e5300000, 0x00000000e5400000|  0%| F|  |TAMS 0x00000000e5300000, 0x00000000e5300000| Untracked 
|  84|0x00000000e5400000, 0x00000000e5400000, 0x00000000e5500000|  0%| F|  |TAMS 0x00000000e5400000, 0x00000000e5400000| Untracked 
|  85|0x00000000e5500000, 0x00000000e5500000, 0x00000000e5600000|  0%| F|  |TAMS 0x00000000e5500000, 0x00000000e5500000| Untracked 
|  86|0x00000000e5600000, 0x00000000e5600000, 0x00000000e5700000|  0%| F|  |TAMS 0x00000000e5600000, 0x00000000e5600000| Untracked 
|  87|0x00000000e5700000, 0x00000000e5700000, 0x00000000e5800000|  0%| F|  |TAMS 0x00000000e5700000, 0x00000000e5700000| Untracked 
|  88|0x00000000e5800000, 0x00000000e5800000, 0x00000000e5900000|  0%| F|  |TAMS 0x00000000e5800000, 0x00000000e5800000| Untracked 
|  89|0x00000000e5900000, 0x00000000e5900000, 0x00000000e5a00000|  0%| F|  |TAMS 0x00000000e5900000, 0x00000000e5900000| Untracked 
|  90|0x00000000e5a00000, 0x00000000e5a00000, 0x00000000e5b00000|  0%| F|  |TAMS 0x00000000e5a00000, 0x00000000e5a00000| Untracked 
|  91|0x00000000e5b00000, 0x00000000e5b00000, 0x00000000e5c00000|  0%| F|  |TAMS 0x00000000e5b00000, 0x00000000e5b00000| Untracked 
|  92|0x00000000e5c00000, 0x00000000e5c00000, 0x00000000e5d00000|  0%| F|  |TAMS 0x00000000e5c00000, 0x00000000e5c00000| Untracked 
|  93|0x00000000e5d00000, 0x00000000e5d00000, 0x00000000e5e00000|  0%| F|  |TAMS 0x00000000e5d00000, 0x00000000e5d00000| Untracked 
|  94|0x00000000e5e00000, 0x00000000e5e00000, 0x00000000e5f00000|  0%| F|  |TAMS 0x00000000e5e00000, 0x00000000e5e00000| Untracked 
|  95|0x00000000e5f00000, 0x00000000e5f00000, 0x00000000e6000000|  0%| F|  |TAMS 0x00000000e5f00000, 0x00000000e5f00000| Untracked 
|  96|0x00000000e6000000, 0x00000000e6000000, 0x00000000e6100000|  0%| F|  |TAMS 0x00000000e6000000, 0x00000000e6000000| Untracked 
|  97|0x00000000e6100000, 0x00000000e6100000, 0x00000000e6200000|  0%| F|  |TAMS 0x00000000e6100000, 0x00000000e6100000| Untracked 
|  98|0x00000000e6200000, 0x00000000e6200000, 0x00000000e6300000|  0%| F|  |TAMS 0x00000000e6200000, 0x00000000e6200000| Untracked 
|  99|0x00000000e6300000, 0x00000000e6300000, 0x00000000e6400000|  0%| F|  |TAMS 0x00000000e6300000, 0x00000000e6300000| Untracked 
| 100|0x00000000e6400000, 0x00000000e6400000, 0x00000000e6500000|  0%| F|  |TAMS 0x00000000e6400000, 0x00000000e6400000| Untracked 
| 101|0x00000000e6500000, 0x00000000e6500000, 0x00000000e6600000|  0%| F|  |TAMS 0x00000000e6500000, 0x00000000e6500000| Untracked 
| 102|0x00000000e6600000, 0x00000000e6600000, 0x00000000e6700000|  0%| F|  |TAMS 0x00000000e6600000, 0x00000000e6600000| Untracked 
| 103|0x00000000e6700000, 0x00000000e6700000, 0x00000000e6800000|  0%| F|  |TAMS 0x00000000e6700000, 0x00000000e6700000| Untracked 
| 104|0x00000000e6800000, 0x00000000e6800000, 0x00000000e6900000|  0%| F|  |TAMS 0x00000000e6800000, 0x00000000e6800000| Untracked 
| 105|0x00000000e6900000, 0x00000000e6900000, 0x00000000e6a00000|  0%| F|  |TAMS 0x00000000e6900000, 0x00000000e6900000| Untracked 
| 106|0x00000000e6a00000, 0x00000000e6a00000, 0x00000000e6b00000|  0%| F|  |TAMS 0x00000000e6a00000, 0x00000000e6a00000| Untracked 
| 107|0x00000000e6b00000, 0x00000000e6b00000, 0x00000000e6c00000|  0%| F|  |TAMS 0x00000000e6b00000, 0x00000000e6b00000| Untracked 
| 108|0x00000000e6c00000, 0x00000000e6c00000, 0x00000000e6d00000|  0%| F|  |TAMS 0x00000000e6c00000, 0x00000000e6c00000| Untracked 
| 109|0x00000000e6d00000, 0x00000000e6d00000, 0x00000000e6e00000|  0%| F|  |TAMS 0x00000000e6d00000, 0x00000000e6d00000| Untracked 
| 110|0x00000000e6e00000, 0x00000000e6e00000, 0x00000000e6f00000|  0%| F|  |TAMS 0x00000000e6e00000, 0x00000000e6e00000| Untracked 
| 111|0x00000000e6f00000, 0x00000000e6f00000, 0x00000000e7000000|  0%| F|  |TAMS 0x00000000e6f00000, 0x00000000e6f00000| Untracked 
| 112|0x00000000e7000000, 0x00000000e7000000, 0x00000000e7100000|  0%| F|  |TAMS 0x00000000e7000000, 0x00000000e7000000| Untracked 
| 113|0x00000000e7100000, 0x00000000e7100000, 0x00000000e7200000|  0%| F|  |TAMS 0x00000000e7100000, 0x00000000e7100000| Untracked 
| 114|0x00000000e7200000, 0x00000000e7200000, 0x00000000e7300000|  0%| F|  |TAMS 0x00000000e7200000, 0x00000000e7200000| Untracked 
| 115|0x00000000e7300000, 0x00000000e7300000, 0x00000000e7400000|  0%| F|  |TAMS 0x00000000e7300000, 0x00000000e7300000| Untracked 
| 116|0x00000000e7400000, 0x00000000e7400000, 0x00000000e7500000|  0%| F|  |TAMS 0x00000000e7400000, 0x00000000e7400000| Untracked 
| 117|0x00000000e7500000, 0x00000000e7500000, 0x00000000e7600000|  0%| F|  |TAMS 0x00000000e7500000, 0x00000000e7500000| Untracked 
| 118|0x00000000e7600000, 0x00000000e7600000, 0x00000000e7700000|  0%| F|  |TAMS 0x00000000e7600000, 0x00000000e7600000| Untracked 
| 119|0x00000000e7700000, 0x00000000e7700000, 0x00000000e7800000|  0%| F|  |TAMS 0x00000000e7700000, 0x00000000e7700000| Untracked 
| 120|0x00000000e7800000, 0x00000000e7800000, 0x00000000e7900000|  0%| F|  |TAMS 0x00000000e7800000, 0x00000000e7800000| Untracked 
| 121|0x00000000e7900000, 0x00000000e7900000, 0x00000000e7a00000|  0%| F|  |TAMS 0x00000000e7900000, 0x00000000e7900000| Untracked 
| 122|0x00000000e7a00000, 0x00000000e7a00000, 0x00000000e7b00000|  0%| F|  |TAMS 0x00000000e7a00000, 0x00000000e7a00000| Untracked 
| 123|0x00000000e7b00000, 0x00000000e7b00000, 0x00000000e7c00000|  0%| F|  |TAMS 0x00000000e7b00000, 0x00000000e7b00000| Untracked 
| 124|0x00000000e7c00000, 0x00000000e7c00000, 0x00000000e7d00000|  0%| F|  |TAMS 0x00000000e7c00000, 0x00000000e7c00000| Untracked 
| 125|0x00000000e7d00000, 0x00000000e7d00000, 0x00000000e7e00000|  0%| F|  |TAMS 0x00000000e7d00000, 0x00000000e7d00000| Untracked 
| 126|0x00000000e7e00000, 0x00000000e7e00000, 0x00000000e7f00000|  0%| F|  |TAMS 0x00000000e7e00000, 0x00000000e7e00000| Untracked 
| 127|0x00000000e7f00000, 0x00000000e7f00000, 0x00000000e8000000|  0%| F|  |TAMS 0x00000000e7f00000, 0x00000000e7f00000| Untracked 
| 128|0x00000000e8000000, 0x00000000e8000000, 0x00000000e8100000|  0%| F|  |TAMS 0x00000000e8000000, 0x00000000e8000000| Untracked 
| 129|0x00000000e8100000, 0x00000000e8100000, 0x00000000e8200000|  0%| F|  |TAMS 0x00000000e8100000, 0x00000000e8100000| Untracked 
| 130|0x00000000e8200000, 0x00000000e8200000, 0x00000000e8300000|  0%| F|  |TAMS 0x00000000e8200000, 0x00000000e8200000| Untracked 
| 131|0x00000000e8300000, 0x00000000e8300000, 0x00000000e8400000|  0%| F|  |TAMS 0x00000000e8300000, 0x00000000e8300000| Untracked 
| 132|0x00000000e8400000, 0x00000000e8400000, 0x00000000e8500000|  0%| F|  |TAMS 0x00000000e8400000, 0x00000000e8400000| Untracked 
| 133|0x00000000e8500000, 0x00000000e85ce928, 0x00000000e8600000| 80%| S|CS|TAMS 0x00000000e8500000, 0x00000000e8500000| Complete 
| 134|0x00000000e8600000, 0x00000000e8700000, 0x00000000e8700000|100%| S|CS|TAMS 0x00000000e8600000, 0x00000000e8600000| Complete 
| 135|0x00000000e8700000, 0x00000000e8800000, 0x00000000e8800000|100%| S|CS|TAMS 0x00000000e8700000, 0x00000000e8700000| Complete 
| 136|0x00000000e8800000, 0x00000000e8900000, 0x00000000e8900000|100%| S|CS|TAMS 0x00000000e8800000, 0x00000000e8800000| Complete 
| 137|0x00000000e8900000, 0x00000000e8a00000, 0x00000000e8a00000|100%| S|CS|TAMS 0x00000000e8900000, 0x00000000e8900000| Complete 
| 138|0x00000000e8a00000, 0x00000000e8b00000, 0x00000000e8b00000|100%| S|CS|TAMS 0x00000000e8a00000, 0x00000000e8a00000| Complete 
| 139|0x00000000e8b00000, 0x00000000e8c00000, 0x00000000e8c00000|100%| S|CS|TAMS 0x00000000e8b00000, 0x00000000e8b00000| Complete 
| 140|0x00000000e8c00000, 0x00000000e8d00000, 0x00000000e8d00000|100%| S|CS|TAMS 0x00000000e8c00000, 0x00000000e8c00000| Complete 
| 141|0x00000000e8d00000, 0x00000000e8e00000, 0x00000000e8e00000|100%| S|CS|TAMS 0x00000000e8d00000, 0x00000000e8d00000| Complete 
| 142|0x00000000e8e00000, 0x00000000e8f00000, 0x00000000e8f00000|100%| S|CS|TAMS 0x00000000e8e00000, 0x00000000e8e00000| Complete 
| 143|0x00000000e8f00000, 0x00000000e9000000, 0x00000000e9000000|100%| S|CS|TAMS 0x00000000e8f00000, 0x00000000e8f00000| Complete 
| 144|0x00000000e9000000, 0x00000000e9100000, 0x00000000e9100000|100%| S|CS|TAMS 0x00000000e9000000, 0x00000000e9000000| Complete 
| 145|0x00000000e9100000, 0x00000000e9200000, 0x00000000e9200000|100%| S|CS|TAMS 0x00000000e9100000, 0x00000000e9100000| Complete 
| 146|0x00000000e9200000, 0x00000000e9300000, 0x00000000e9300000|100%| S|CS|TAMS 0x00000000e9200000, 0x00000000e9200000| Complete 
| 147|0x00000000e9300000, 0x00000000e9300000, 0x00000000e9400000|  0%| F|  |TAMS 0x00000000e9300000, 0x00000000e9300000| Untracked 
| 148|0x00000000e9400000, 0x00000000e9400000, 0x00000000e9500000|  0%| F|  |TAMS 0x00000000e9400000, 0x00000000e9400000| Untracked 
| 149|0x00000000e9500000, 0x00000000e9500000, 0x00000000e9600000|  0%| F|  |TAMS 0x00000000e9500000, 0x00000000e9500000| Untracked 
| 150|0x00000000e9600000, 0x00000000e9600000, 0x00000000e9700000|  0%| F|  |TAMS 0x00000000e9600000, 0x00000000e9600000| Untracked 
| 151|0x00000000e9700000, 0x00000000e9700000, 0x00000000e9800000|  0%| F|  |TAMS 0x00000000e9700000, 0x00000000e9700000| Untracked 
| 152|0x00000000e9800000, 0x00000000e9800000, 0x00000000e9900000|  0%| F|  |TAMS 0x00000000e9800000, 0x00000000e9800000| Untracked 
| 153|0x00000000e9900000, 0x00000000e9900000, 0x00000000e9a00000|  0%| F|  |TAMS 0x00000000e9900000, 0x00000000e9900000| Untracked 
| 154|0x00000000e9a00000, 0x00000000e9a00000, 0x00000000e9b00000|  0%| F|  |TAMS 0x00000000e9a00000, 0x00000000e9a00000| Untracked 
| 155|0x00000000e9b00000, 0x00000000e9b00000, 0x00000000e9c00000|  0%| F|  |TAMS 0x00000000e9b00000, 0x00000000e9b00000| Untracked 
| 156|0x00000000e9c00000, 0x00000000e9c00000, 0x00000000e9d00000|  0%| F|  |TAMS 0x00000000e9c00000, 0x00000000e9c00000| Untracked 
| 157|0x00000000e9d00000, 0x00000000e9d00000, 0x00000000e9e00000|  0%| F|  |TAMS 0x00000000e9d00000, 0x00000000e9d00000| Untracked 
| 158|0x00000000e9e00000, 0x00000000e9e00000, 0x00000000e9f00000|  0%| F|  |TAMS 0x00000000e9e00000, 0x00000000e9e00000| Untracked 
| 159|0x00000000e9f00000, 0x00000000e9f00000, 0x00000000ea000000|  0%| F|  |TAMS 0x00000000e9f00000, 0x00000000e9f00000| Untracked 
| 160|0x00000000ea000000, 0x00000000ea000000, 0x00000000ea100000|  0%| F|  |TAMS 0x00000000ea000000, 0x00000000ea000000| Untracked 
| 161|0x00000000ea100000, 0x00000000ea100000, 0x00000000ea200000|  0%| F|  |TAMS 0x00000000ea100000, 0x00000000ea100000| Untracked 
| 162|0x00000000ea200000, 0x00000000ea200000, 0x00000000ea300000|  0%| F|  |TAMS 0x00000000ea200000, 0x00000000ea200000| Untracked 
| 163|0x00000000ea300000, 0x00000000ea300000, 0x00000000ea400000|  0%| F|  |TAMS 0x00000000ea300000, 0x00000000ea300000| Untracked 
| 164|0x00000000ea400000, 0x00000000ea400000, 0x00000000ea500000|  0%| F|  |TAMS 0x00000000ea400000, 0x00000000ea400000| Untracked 
| 165|0x00000000ea500000, 0x00000000ea500000, 0x00000000ea600000|  0%| F|  |TAMS 0x00000000ea500000, 0x00000000ea500000| Untracked 
| 166|0x00000000ea600000, 0x00000000ea600000, 0x00000000ea700000|  0%| F|  |TAMS 0x00000000ea600000, 0x00000000ea600000| Untracked 
| 167|0x00000000ea700000, 0x00000000ea700000, 0x00000000ea800000|  0%| F|  |TAMS 0x00000000ea700000, 0x00000000ea700000| Untracked 
| 168|0x00000000ea800000, 0x00000000ea800000, 0x00000000ea900000|  0%| F|  |TAMS 0x00000000ea800000, 0x00000000ea800000| Untracked 
| 169|0x00000000ea900000, 0x00000000ea900000, 0x00000000eaa00000|  0%| F|  |TAMS 0x00000000ea900000, 0x00000000ea900000| Untracked 
| 170|0x00000000eaa00000, 0x00000000eaa00000, 0x00000000eab00000|  0%| F|  |TAMS 0x00000000eaa00000, 0x00000000eaa00000| Untracked 
| 171|0x00000000eab00000, 0x00000000eab00000, 0x00000000eac00000|  0%| F|  |TAMS 0x00000000eab00000, 0x00000000eab00000| Untracked 
| 172|0x00000000eac00000, 0x00000000eac00000, 0x00000000ead00000|  0%| F|  |TAMS 0x00000000eac00000, 0x00000000eac00000| Untracked 
| 173|0x00000000ead00000, 0x00000000ead00000, 0x00000000eae00000|  0%| F|  |TAMS 0x00000000ead00000, 0x00000000ead00000| Untracked 
| 174|0x00000000eae00000, 0x00000000eae00000, 0x00000000eaf00000|  0%| F|  |TAMS 0x00000000eae00000, 0x00000000eae00000| Untracked 
| 175|0x00000000eaf00000, 0x00000000eaf00000, 0x00000000eb000000|  0%| F|  |TAMS 0x00000000eaf00000, 0x00000000eaf00000| Untracked 
| 176|0x00000000eb000000, 0x00000000eb000000, 0x00000000eb100000|  0%| F|  |TAMS 0x00000000eb000000, 0x00000000eb000000| Untracked 
| 177|0x00000000eb100000, 0x00000000eb100000, 0x00000000eb200000|  0%| F|  |TAMS 0x00000000eb100000, 0x00000000eb100000| Untracked 
| 178|0x00000000eb200000, 0x00000000eb200000, 0x00000000eb300000|  0%| F|  |TAMS 0x00000000eb200000, 0x00000000eb200000| Untracked 
| 179|0x00000000eb300000, 0x00000000eb300000, 0x00000000eb400000|  0%| F|  |TAMS 0x00000000eb300000, 0x00000000eb300000| Untracked 
| 180|0x00000000eb400000, 0x00000000eb400000, 0x00000000eb500000|  0%| F|  |TAMS 0x00000000eb400000, 0x00000000eb400000| Untracked 
| 181|0x00000000eb500000, 0x00000000eb500000, 0x00000000eb600000|  0%| F|  |TAMS 0x00000000eb500000, 0x00000000eb500000| Untracked 
| 182|0x00000000eb600000, 0x00000000eb600000, 0x00000000eb700000|  0%| F|  |TAMS 0x00000000eb600000, 0x00000000eb600000| Untracked 
| 183|0x00000000eb700000, 0x00000000eb700000, 0x00000000eb800000|  0%| F|  |TAMS 0x00000000eb700000, 0x00000000eb700000| Untracked 
| 184|0x00000000eb800000, 0x00000000eb800000, 0x00000000eb900000|  0%| F|  |TAMS 0x00000000eb800000, 0x00000000eb800000| Untracked 
| 185|0x00000000eb900000, 0x00000000eb900000, 0x00000000eba00000|  0%| F|  |TAMS 0x00000000eb900000, 0x00000000eb900000| Untracked 
| 186|0x00000000eba00000, 0x00000000eba00000, 0x00000000ebb00000|  0%| F|  |TAMS 0x00000000eba00000, 0x00000000eba00000| Untracked 
| 187|0x00000000ebb00000, 0x00000000ebb00000, 0x00000000ebc00000|  0%| F|  |TAMS 0x00000000ebb00000, 0x00000000ebb00000| Untracked 
| 188|0x00000000ebc00000, 0x00000000ebc00000, 0x00000000ebd00000|  0%| F|  |TAMS 0x00000000ebc00000, 0x00000000ebc00000| Untracked 
| 189|0x00000000ebd00000, 0x00000000ebd00000, 0x00000000ebe00000|  0%| F|  |TAMS 0x00000000ebd00000, 0x00000000ebd00000| Untracked 
| 190|0x00000000ebe00000, 0x00000000ebe00000, 0x00000000ebf00000|  0%| F|  |TAMS 0x00000000ebe00000, 0x00000000ebe00000| Untracked 
| 191|0x00000000ebf00000, 0x00000000ebf00000, 0x00000000ec000000|  0%| F|  |TAMS 0x00000000ebf00000, 0x00000000ebf00000| Untracked 
| 192|0x00000000ec000000, 0x00000000ec000000, 0x00000000ec100000|  0%| F|  |TAMS 0x00000000ec000000, 0x00000000ec000000| Untracked 
| 193|0x00000000ec100000, 0x00000000ec100000, 0x00000000ec200000|  0%| F|  |TAMS 0x00000000ec100000, 0x00000000ec100000| Untracked 
| 194|0x00000000ec200000, 0x00000000ec200000, 0x00000000ec300000|  0%| F|  |TAMS 0x00000000ec200000, 0x00000000ec200000| Untracked 
| 195|0x00000000ec300000, 0x00000000ec300000, 0x00000000ec400000|  0%| F|  |TAMS 0x00000000ec300000, 0x00000000ec300000| Untracked 
| 196|0x00000000ec400000, 0x00000000ec400000, 0x00000000ec500000|  0%| F|  |TAMS 0x00000000ec400000, 0x00000000ec400000| Untracked 
| 197|0x00000000ec500000, 0x00000000ec500000, 0x00000000ec600000|  0%| F|  |TAMS 0x00000000ec500000, 0x00000000ec500000| Untracked 
| 198|0x00000000ec600000, 0x00000000ec600000, 0x00000000ec700000|  0%| F|  |TAMS 0x00000000ec600000, 0x00000000ec600000| Untracked 
| 199|0x00000000ec700000, 0x00000000ec700000, 0x00000000ec800000|  0%| F|  |TAMS 0x00000000ec700000, 0x00000000ec700000| Untracked 
| 200|0x00000000ec800000, 0x00000000ec800000, 0x00000000ec900000|  0%| F|  |TAMS 0x00000000ec800000, 0x00000000ec800000| Untracked 
| 201|0x00000000ec900000, 0x00000000ec900000, 0x00000000eca00000|  0%| F|  |TAMS 0x00000000ec900000, 0x00000000ec900000| Untracked 
| 202|0x00000000eca00000, 0x00000000eca00000, 0x00000000ecb00000|  0%| F|  |TAMS 0x00000000eca00000, 0x00000000eca00000| Untracked 
| 203|0x00000000ecb00000, 0x00000000ecb00000, 0x00000000ecc00000|  0%| F|  |TAMS 0x00000000ecb00000, 0x00000000ecb00000| Untracked 
| 204|0x00000000ecc00000, 0x00000000ecc00000, 0x00000000ecd00000|  0%| F|  |TAMS 0x00000000ecc00000, 0x00000000ecc00000| Untracked 
| 205|0x00000000ecd00000, 0x00000000ecd00000, 0x00000000ece00000|  0%| F|  |TAMS 0x00000000ecd00000, 0x00000000ecd00000| Untracked 
| 206|0x00000000ece00000, 0x00000000ece00000, 0x00000000ecf00000|  0%| F|  |TAMS 0x00000000ece00000, 0x00000000ece00000| Untracked 
| 207|0x00000000ecf00000, 0x00000000ecf00000, 0x00000000ed000000|  0%| F|  |TAMS 0x00000000ecf00000, 0x00000000ecf00000| Untracked 
| 208|0x00000000ed000000, 0x00000000ed000000, 0x00000000ed100000|  0%| F|  |TAMS 0x00000000ed000000, 0x00000000ed000000| Untracked 
| 209|0x00000000ed100000, 0x00000000ed100000, 0x00000000ed200000|  0%| F|  |TAMS 0x00000000ed100000, 0x00000000ed100000| Untracked 
| 210|0x00000000ed200000, 0x00000000ed200000, 0x00000000ed300000|  0%| F|  |TAMS 0x00000000ed200000, 0x00000000ed200000| Untracked 
| 211|0x00000000ed300000, 0x00000000ed300000, 0x00000000ed400000|  0%| F|  |TAMS 0x00000000ed300000, 0x00000000ed300000| Untracked 
| 212|0x00000000ed400000, 0x00000000ed400000, 0x00000000ed500000|  0%| F|  |TAMS 0x00000000ed400000, 0x00000000ed400000| Untracked 
| 213|0x00000000ed500000, 0x00000000ed500000, 0x00000000ed600000|  0%| F|  |TAMS 0x00000000ed500000, 0x00000000ed500000| Untracked 
| 214|0x00000000ed600000, 0x00000000ed700000, 0x00000000ed700000|100%| E|  |TAMS 0x00000000ed600000, 0x00000000ed600000| Complete 
| 215|0x00000000ed700000, 0x00000000ed800000, 0x00000000ed800000|100%| E|CS|TAMS 0x00000000ed700000, 0x00000000ed700000| Complete 
| 216|0x00000000ed800000, 0x00000000ed900000, 0x00000000ed900000|100%| E|CS|TAMS 0x00000000ed800000, 0x00000000ed800000| Complete 
| 217|0x00000000ed900000, 0x00000000eda00000, 0x00000000eda00000|100%| E|CS|TAMS 0x00000000ed900000, 0x00000000ed900000| Complete 
| 218|0x00000000eda00000, 0x00000000edb00000, 0x00000000edb00000|100%| E|CS|TAMS 0x00000000eda00000, 0x00000000eda00000| Complete 
| 219|0x00000000edb00000, 0x00000000edc00000, 0x00000000edc00000|100%| E|CS|TAMS 0x00000000edb00000, 0x00000000edb00000| Complete 
| 220|0x00000000edc00000, 0x00000000edd00000, 0x00000000edd00000|100%| E|CS|TAMS 0x00000000edc00000, 0x00000000edc00000| Complete 
| 221|0x00000000edd00000, 0x00000000ede00000, 0x00000000ede00000|100%| E|CS|TAMS 0x00000000edd00000, 0x00000000edd00000| Complete 
| 222|0x00000000ede00000, 0x00000000edf00000, 0x00000000edf00000|100%| E|CS|TAMS 0x00000000ede00000, 0x00000000ede00000| Complete 
| 223|0x00000000edf00000, 0x00000000ee000000, 0x00000000ee000000|100%| E|CS|TAMS 0x00000000edf00000, 0x00000000edf00000| Complete 
| 224|0x00000000ee000000, 0x00000000ee100000, 0x00000000ee100000|100%| E|CS|TAMS 0x00000000ee000000, 0x00000000ee000000| Complete 
| 225|0x00000000ee100000, 0x00000000ee200000, 0x00000000ee200000|100%| E|CS|TAMS 0x00000000ee100000, 0x00000000ee100000| Complete 
| 226|0x00000000ee200000, 0x00000000ee300000, 0x00000000ee300000|100%| E|CS|TAMS 0x00000000ee200000, 0x00000000ee200000| Complete 
| 227|0x00000000ee300000, 0x00000000ee400000, 0x00000000ee400000|100%| E|CS|TAMS 0x00000000ee300000, 0x00000000ee300000| Complete 
| 228|0x00000000ee400000, 0x00000000ee500000, 0x00000000ee500000|100%| E|CS|TAMS 0x00000000ee400000, 0x00000000ee400000| Complete 
| 229|0x00000000ee500000, 0x00000000ee600000, 0x00000000ee600000|100%| E|CS|TAMS 0x00000000ee500000, 0x00000000ee500000| Complete 
| 230|0x00000000ee600000, 0x00000000ee700000, 0x00000000ee700000|100%| E|CS|TAMS 0x00000000ee600000, 0x00000000ee600000| Complete 
| 231|0x00000000ee700000, 0x00000000ee800000, 0x00000000ee800000|100%| E|CS|TAMS 0x00000000ee700000, 0x00000000ee700000| Complete 
| 232|0x00000000ee800000, 0x00000000ee900000, 0x00000000ee900000|100%| E|CS|TAMS 0x00000000ee800000, 0x00000000ee800000| Complete 
| 233|0x00000000ee900000, 0x00000000eea00000, 0x00000000eea00000|100%| E|CS|TAMS 0x00000000ee900000, 0x00000000ee900000| Complete 
| 234|0x00000000eea00000, 0x00000000eeb00000, 0x00000000eeb00000|100%| E|CS|TAMS 0x00000000eea00000, 0x00000000eea00000| Complete 
| 235|0x00000000eeb00000, 0x00000000eec00000, 0x00000000eec00000|100%| E|CS|TAMS 0x00000000eeb00000, 0x00000000eeb00000| Complete 
| 236|0x00000000eec00000, 0x00000000eed00000, 0x00000000eed00000|100%| E|CS|TAMS 0x00000000eec00000, 0x00000000eec00000| Complete 
| 237|0x00000000eed00000, 0x00000000eee00000, 0x00000000eee00000|100%| E|CS|TAMS 0x00000000eed00000, 0x00000000eed00000| Complete 
| 238|0x00000000eee00000, 0x00000000eef00000, 0x00000000eef00000|100%| E|CS|TAMS 0x00000000eee00000, 0x00000000eee00000| Complete 
| 239|0x00000000eef00000, 0x00000000ef000000, 0x00000000ef000000|100%| E|CS|TAMS 0x00000000eef00000, 0x00000000eef00000| Complete 
| 240|0x00000000ef000000, 0x00000000ef100000, 0x00000000ef100000|100%| E|CS|TAMS 0x00000000ef000000, 0x00000000ef000000| Complete 
| 241|0x00000000ef100000, 0x00000000ef200000, 0x00000000ef200000|100%| E|CS|TAMS 0x00000000ef100000, 0x00000000ef100000| Complete 
| 242|0x00000000ef200000, 0x00000000ef300000, 0x00000000ef300000|100%| E|CS|TAMS 0x00000000ef200000, 0x00000000ef200000| Complete 
| 243|0x00000000ef300000, 0x00000000ef400000, 0x00000000ef400000|100%| E|CS|TAMS 0x00000000ef300000, 0x00000000ef300000| Complete 
| 244|0x00000000ef400000, 0x00000000ef500000, 0x00000000ef500000|100%| E|CS|TAMS 0x00000000ef400000, 0x00000000ef400000| Complete 
| 245|0x00000000ef500000, 0x00000000ef600000, 0x00000000ef600000|100%| E|CS|TAMS 0x00000000ef500000, 0x00000000ef500000| Complete 
| 246|0x00000000ef600000, 0x00000000ef700000, 0x00000000ef700000|100%| E|CS|TAMS 0x00000000ef600000, 0x00000000ef600000| Complete 
| 247|0x00000000ef700000, 0x00000000ef800000, 0x00000000ef800000|100%| E|CS|TAMS 0x00000000ef700000, 0x00000000ef700000| Complete 
| 248|0x00000000ef800000, 0x00000000ef900000, 0x00000000ef900000|100%| E|CS|TAMS 0x00000000ef800000, 0x00000000ef800000| Complete 
| 249|0x00000000ef900000, 0x00000000efa00000, 0x00000000efa00000|100%| E|CS|TAMS 0x00000000ef900000, 0x00000000ef900000| Complete 
| 250|0x00000000efa00000, 0x00000000efb00000, 0x00000000efb00000|100%| E|CS|TAMS 0x00000000efa00000, 0x00000000efa00000| Complete 
| 251|0x00000000efb00000, 0x00000000efc00000, 0x00000000efc00000|100%| E|CS|TAMS 0x00000000efb00000, 0x00000000efb00000| Complete 
| 252|0x00000000efc00000, 0x00000000efd00000, 0x00000000efd00000|100%| E|CS|TAMS 0x00000000efc00000, 0x00000000efc00000| Complete 
| 253|0x00000000efd00000, 0x00000000efe00000, 0x00000000efe00000|100%| E|CS|TAMS 0x00000000efd00000, 0x00000000efd00000| Complete 
| 254|0x00000000efe00000, 0x00000000eff00000, 0x00000000eff00000|100%| E|CS|TAMS 0x00000000efe00000, 0x00000000efe00000| Complete 
| 255|0x00000000eff00000, 0x00000000f0000000, 0x00000000f0000000|100%| E|CS|TAMS 0x00000000eff00000, 0x00000000eff00000| Complete 

Card table byte_map: [0x000001d371720000,0x000001d371820000] _byte_map_base: 0x000001d371020000

Marking Bits (Prev, Next): (CMBitMap*) 0x000001d369a94200, (CMBitMap*) 0x000001d369a941c0
 Prev Bits: [0x000001d372120000, 0x000001d372920000)
 Next Bits: [0x000001d371920000, 0x000001d372120000)

Polling page: 0x000001d367a20000

Metaspace:

Usage:
  Non-class:     22.19 MB used.
      Class:      3.89 MB used.
       Both:     26.09 MB used.

Virtual space:
  Non-class space:       64.00 MB reserved,      22.38 MB ( 35%) committed,  1 nodes.
      Class space:      208.00 MB reserved,       4.06 MB (  2%) committed,  1 nodes.
             Both:      272.00 MB reserved,      26.44 MB ( 10%) committed. 

Chunk freelists:
   Non-Class:  9.28 MB
       Class:  11.95 MB
        Both:  21.23 MB

MaxMetaspaceSize: 256.00 MB
CompressedClassSpaceSize: 208.00 MB
Initial GC threshold: 21.00 MB
Current GC threshold: 35.12 MB
CDS: on
MetaspaceReclaimPolicy: balanced
 - commit_granule_bytes: 65536.
 - commit_granule_words: 8192.
 - virtual_space_node_default_size: 8388608.
 - enlarge_chunks_in_place: 1.
 - new_chunks_are_fully_committed: 0.
 - uncommit_free_chunks: 1.
 - use_allocation_guard: 0.
 - handle_deallocations: 1.


Internal statistics:

num_allocs_failed_limit: 3.
num_arena_births: 364.
num_arena_deaths: 0.
num_vsnodes_births: 2.
num_vsnodes_deaths: 0.
num_space_committed: 423.
num_space_uncommitted: 0.
num_chunks_returned_to_freelist: 3.
num_chunks_taken_from_freelist: 1409.
num_chunk_merges: 3.
num_chunk_splits: 907.
num_chunks_enlarged: 607.
num_inconsistent_stats: 0.

CodeHeap 'non-profiled nmethods': size=120000Kb used=2013Kb max_used=2013Kb free=117986Kb
 bounds [0x000001d307ad0000, 0x000001d307d40000, 0x000001d30f000000]
CodeHeap 'profiled nmethods': size=120000Kb used=7214Kb max_used=7214Kb free=112785Kb
 bounds [0x000001d300000000, 0x000001d300710000, 0x000001d307530000]
CodeHeap 'non-nmethods': size=5760Kb used=1246Kb max_used=1286Kb free=4513Kb
 bounds [0x000001d307530000, 0x000001d3077a0000, 0x000001d307ad0000]
 total_blobs=4074 nmethods=3531 adapters=454
 compilation: enabled
              stopped_count=0, restarted_count=0
 full_count=0

Compilation events (20 events):
Event: 159.297 Thread 0x000001d3754f1f70 3556       3       java.lang.invoke.InvokerBytecodeGenerator::isStaticallyNameable (148 bytes)
Event: 159.299 Thread 0x000001d3754f1f70 nmethod 3556 0x000001d300703710 code [0x000001d300703a40, 0x000001d300704cf8]
Event: 159.309 Thread 0x000001d3754f1f70 3557       3       java.lang.invoke.MethodHandle::asType (28 bytes)
Event: 159.310 Thread 0x000001d3754f1f70 nmethod 3557 0x000001d300705210 code [0x000001d3007053e0, 0x000001d300705768]
Event: 159.312 Thread 0x000001d3754f1f70 3558       3       java.lang.invoke.LambdaForm$NamedFunction::member (26 bytes)
Event: 159.312 Thread 0x000001d3754f1f70 nmethod 3558 0x000001d300705890 code [0x000001d300705a20, 0x000001d300705b38]
Event: 159.312 Thread 0x000001d3754f1f70 3559       3       java.lang.invoke.InvokerBytecodeGenerator::isStaticallyInvocable (165 bytes)
Event: 159.320 Thread 0x000001d3754f1f70 nmethod 3559 0x000001d300705c10 code [0x000001d300706040, 0x000001d300707d28]
Event: 159.320 Thread 0x000001d3754f1f70 3560       3       java.lang.invoke.MemberName::isPrivate (8 bytes)
Event: 159.320 Thread 0x000001d3754f1f70 nmethod 3560 0x000001d300708490 code [0x000001d300708620, 0x000001d3007087f8]
Event: 159.320 Thread 0x000001d3754f1f70 3561       3       java.lang.invoke.InvokerBytecodeGenerator::emitStaticInvoke (258 bytes)
Event: 159.322 Thread 0x000001d3754f1f70 nmethod 3561 0x000001d300708890 code [0x000001d300708ba0, 0x000001d300709ae8]
Event: 159.322 Thread 0x000001d3754f1f70 3562       3       java.lang.invoke.InvokerBytecodeGenerator::refKindOpcode (112 bytes)
Event: 159.323 Thread 0x000001d3754f1f70 nmethod 3562 0x000001d30070a110 code [0x000001d30070a380, 0x000001d30070ac38]
Event: 159.344 Thread 0x000001d3754f1f70 3563       3       jdk.internal.org.objectweb.asm.MethodVisitor::visitMethodInsn (80 bytes)
Event: 159.345 Thread 0x000001d3754f1f70 nmethod 3563 0x000001d30070ae90 code [0x000001d30070b060, 0x000001d30070b548]
Event: 159.356 Thread 0x000001d375381150 3564  s!   4       jdk.internal.loader.URLClassPath::getLoader (194 bytes)
Event: 159.385 Thread 0x000001d3754f1f70 3565       3       java.lang.invoke.TypeConvertingMethodAdapter::<init> (8 bytes)
Event: 159.385 Thread 0x000001d3754f1f70 nmethod 3565 0x000001d30070b690 code [0x000001d30070b820, 0x000001d30070b968]
Event: 159.385 Thread 0x000001d3754f1f70 3566       3       jdk.internal.org.objectweb.asm.MethodVisitor::visitCode (15 bytes)

GC Heap History (6 events):
Event: 29.615 GC heap before
{Heap before GC invocations=0 (full 0):
 garbage-first heap   total 262144K, used 27648K [0x00000000e0000000, 0x0000000100000000)
  region size 1024K, 23 young (23552K), 0 survivors (0K)
 Metaspace       used 3018K, committed 3200K, reserved 278528K
  class space    used 379K, committed 448K, reserved 212992K
}
Event: 30.438 GC heap after
{Heap after GC invocations=1 (full 0):
 garbage-first heap   total 262144K, used 10124K [0x00000000e0000000, 0x0000000100000000)
  region size 1024K, 3 young (3072K), 3 survivors (3072K)
 Metaspace       used 3018K, committed 3200K, reserved 278528K
  class space    used 379K, committed 448K, reserved 212992K
}
Event: 38.080 GC heap before
{Heap before GC invocations=1 (full 0):
 garbage-first heap   total 262144K, used 37772K [0x00000000e0000000, 0x0000000100000000)
  region size 1024K, 29 young (29696K), 3 survivors (3072K)
 Metaspace       used 3926K, committed 4096K, reserved 278528K
  class space    used 474K, committed 576K, reserved 212992K
}
Event: 38.085 GC heap after
{Heap after GC invocations=2 (full 0):
 garbage-first heap   total 262144K, used 12971K [0x00000000e0000000, 0x0000000100000000)
  region size 1024K, 3 young (3072K), 3 survivors (3072K)
 Metaspace       used 3926K, committed 4096K, reserved 278528K
  class space    used 474K, committed 576K, reserved 212992K
}
Event: 120.369 GC heap before
{Heap before GC invocations=2 (full 0):
 garbage-first heap   total 262144K, used 131755K [0x00000000e0000000, 0x0000000100000000)
  region size 1024K, 109 young (111616K), 3 survivors (3072K)
 Metaspace       used 21181K, committed 21504K, reserved 278528K
  class space    used 3140K, committed 3328K, reserved 212992K
}
Event: 120.693 GC heap after
{Heap after GC invocations=3 (full 0):
 garbage-first heap   total 262144K, used 35694K [0x00000000e0000000, 0x0000000100000000)
  region size 1024K, 14 young (14336K), 14 survivors (14336K)
 Metaspace       used 21181K, committed 21504K, reserved 278528K
  class space    used 3140K, committed 3328K, reserved 212992K
}

Deoptimization events (20 events):
Event: 124.368 Thread 0x000001d37b4b13d0 Uncommon trap: trap_request=0xffffff45 fr.pc=0x000001d307b9d664 relative=0x0000000000000244
Event: 124.368 Thread 0x000001d37b4b13d0 Uncommon trap: reason=unstable_if action=reinterpret pc=0x000001d307b9d664 method=java.util.HashMap.hash(Ljava/lang/Object;)I @ 1 c2
Event: 124.368 Thread 0x000001d37b4b13d0 DEOPT PACKING pc=0x000001d307b9d664 sp=0x00000022f0ff75f0
Event: 124.368 Thread 0x000001d37b4b13d0 DEOPT UNPACKING pc=0x000001d307585ba3 sp=0x00000022f0ff7488 mode 2
Event: 156.664 Thread 0x000001d37b4b13d0 Uncommon trap: trap_request=0xffffff45 fr.pc=0x000001d307c60ca0 relative=0x0000000000005ae0
Event: 156.664 Thread 0x000001d37b4b13d0 Uncommon trap: reason=unstable_if action=reinterpret pc=0x000001d307c60ca0 method=java.lang.ClassLoader.getClassLoadingLock(Ljava/lang/String;)Ljava/lang/Object; @ 6 c2
Event: 156.664 Thread 0x000001d37b4b13d0 DEOPT PACKING pc=0x000001d307c60ca0 sp=0x00000022f0ff8390
Event: 156.665 Thread 0x000001d37b4b13d0 DEOPT UNPACKING pc=0x000001d307585ba3 sp=0x00000022f0ff83a0 mode 2
Event: 156.724 Thread 0x000001d37b4b13d0 Uncommon trap: trap_request=0xffffff45 fr.pc=0x000001d307bc0580 relative=0x00000000000000e0
Event: 156.724 Thread 0x000001d37b4b13d0 Uncommon trap: reason=unstable_if action=reinterpret pc=0x000001d307bc0580 method=java.lang.ClassLoader.getClassLoadingLock(Ljava/lang/String;)Ljava/lang/Object; @ 6 c2
Event: 156.724 Thread 0x000001d37b4b13d0 DEOPT PACKING pc=0x000001d307bc0580 sp=0x00000022f0ff8650
Event: 156.724 Thread 0x000001d37b4b13d0 DEOPT UNPACKING pc=0x000001d307585ba3 sp=0x00000022f0ff85f0 mode 2
Event: 156.725 Thread 0x000001d37b4b13d0 Uncommon trap: trap_request=0xffffff45 fr.pc=0x000001d307c2c58c relative=0x000000000000074c
Event: 156.725 Thread 0x000001d37b4b13d0 Uncommon trap: reason=unstable_if action=reinterpret pc=0x000001d307c2c58c method=java.lang.Class.getPackageName()Ljava/lang/String; @ 55 c2
Event: 156.725 Thread 0x000001d37b4b13d0 DEOPT PACKING pc=0x000001d307c2c58c sp=0x00000022f0ff9b00
Event: 156.725 Thread 0x000001d37b4b13d0 DEOPT UNPACKING pc=0x000001d307585ba3 sp=0x00000022f0ff9ac0 mode 2
Event: 159.236 Thread 0x000001d37b4b13d0 Uncommon trap: trap_request=0xffffff45 fr.pc=0x000001d307cb8714 relative=0x00000000000005b4
Event: 159.236 Thread 0x000001d37b4b13d0 Uncommon trap: reason=unstable_if action=reinterpret pc=0x000001d307cb8714 method=jdk.internal.org.objectweb.asm.MethodWriter.visitVarInsn(II)V @ 108 c2
Event: 159.236 Thread 0x000001d37b4b13d0 DEOPT PACKING pc=0x000001d307cb8714 sp=0x00000022f0ff08c0
Event: 159.236 Thread 0x000001d37b4b13d0 DEOPT UNPACKING pc=0x000001d307585ba3 sp=0x00000022f0ff0888 mode 2

Classes unloaded (0 events):
No events

Classes redefined (0 events):
No events

Internal exceptions (20 events):
Event: 117.918 Thread 0x000001d37b4b13d0 Exception <a 'java/lang/NoSuchMethodError'{0x00000000e9967118}: static Lorg/gradle/tooling/internal/consumer/versioning/VersionDetails$R28VersionDetails;.<clinit>()V> (0x00000000e9967118) 
thrown [s\open\src\hotspot\share\prims\jni.cpp, line 1107]
Event: 117.918 Thread 0x000001d37b4b13d0 Exception <a 'java/lang/NoSuchMethodError'{0x00000000e9968620}: static Lorg/gradle/tooling/internal/consumer/versioning/VersionDetails$R35VersionDetails;.<clinit>()V> (0x00000000e9968620) 
thrown [s\open\src\hotspot\share\prims\jni.cpp, line 1107]
Event: 117.918 Thread 0x000001d37b4b13d0 Exception <a 'java/lang/NoSuchMethodError'{0x00000000e9969cf0}: static Lorg/gradle/tooling/internal/consumer/versioning/VersionDetails$R44VersionDetails;.<clinit>()V> (0x00000000e9969cf0) 
thrown [s\open\src\hotspot\share\prims\jni.cpp, line 1107]
Event: 117.918 Thread 0x000001d37b4b13d0 Exception <a 'java/lang/NoSuchMethodError'{0x00000000e996b2f8}: static Lorg/gradle/tooling/internal/consumer/versioning/VersionDetails$R48VersionDetails;.<clinit>()V> (0x00000000e996b2f8) 
thrown [s\open\src\hotspot\share\prims\jni.cpp, line 1107]
Event: 117.918 Thread 0x000001d37b4b13d0 Exception <a 'java/lang/NoSuchMethodError'{0x00000000e996c4f8}: static Lorg/gradle/tooling/internal/consumer/versioning/VersionDetails$R51VersionDetails;.<clinit>()V> (0x00000000e996c4f8) 
thrown [s\open\src\hotspot\share\prims\jni.cpp, line 1107]
Event: 118.284 Thread 0x000001d37b4b13d0 Exception <a 'java/lang/NoSuchMethodError'{0x00000000e9866298}: 'java.lang.Object java.lang.invoke.DirectMethodHandle$Holder.newInvokeSpecial(java.lang.Object, java.lang.Object, int)'> (0x00000000e9866298) 
thrown [s\open\src\hotspot\share\interpreter\linkResolver.cpp, line 759]
Event: 121.647 Thread 0x000001d37b4b13d0 Exception <a 'java/lang/NoSuchMethodError'{0x00000000ef960de8}: 'java.lang.Object java.lang.invoke.DirectMethodHandle$Holder.invokeSpecialIFC(java.lang.Object, java.lang.Object, java.lang.Object, java.lang.Object)'> (0x00000000ef960de8) 
thrown [s\open\src\hotspot\share\interpreter\linkResolver.cpp, line 759]
Event: 124.368 Thread 0x000001d37b4b13d0 Implicit null exception at 0x000001d307b9d46c to 0x000001d307b9d64c
Event: 124.714 Thread 0x000001d37b4b13d0 Exception <a 'java/lang/NoSuchMethodError'{0x00000000ef135580}: 'java.lang.Object java.lang.invoke.DirectMethodHandle$Holder.invokeSpecial(java.lang.Object, java.lang.Object, java.lang.Object, java.lang.Object, java.lang.Object, java.lang.Object, java.lang.Object, java.lang.Object, java.lang.Object, java.lang.Object, java.lang.Object, java.lang.Object, java.lang.Object)'> (0x00000000ef135580) 
thrown [s\open\src\hotspot\share\interpreter\linkResolver.cpp, line 759]
Event: 124.716 Thread 0x000001d37b4b13d0 Exception <a 'java/lang/NoSuchMethodError'{0x00000000ef146ba8}: 'java.lang.Object java.lang.invoke.DirectMethodHandle$Holder.newInvokeSpecial(java.lang.Object, java.lang.Object, java.lang.Object, java.lang.Object, java.lang.Object, java.lang.Object, java.lang.Object, java.lang.Object, java.lang.Object, java.lang.Object, java.lang.Object)'> (0x00000000ef146ba8) 
thrown [s\open\src\hotspot\share\interpreter\linkResolver.cpp, line 759]
Event: 124.717 Thread 0x000001d37b4b13d0 Exception <a 'java/lang/NoSuchMethodError'{0x00000000ef14bc40}: 'java.lang.Object java.lang.invoke.Invokers$Holder.linkToTargetMethod(java.lang.Object, java.lang.Object, java.lang.Object, java.lang.Object, java.lang.Object, java.lang.Object, java.lang.Object, java.lang.Object, java.lang.Object, java.lang.Object, java.lang.Object)'> (0x00000000ef14bc40) 
thrown [s\open\src\hotspot\share\interpreter\linkResolver.cpp, line 759]
Event: 124.893 Thread 0x000001d37b4b13d0 Exception <a 'java/lang/NoSuchMethodError'{0x00000000ef195b00}: 'java.lang.Object java.lang.invoke.DirectMethodHandle$Holder.invokeSpecial(java.lang.Object, java.lang.Object, java.lang.Object, java.lang.Object, java.lang.Object, java.lang.Object, java.lang.Object, java.lang.Object, java.lang.Object, java.lang.Object, java.lang.Object, java.lang.Object, java.lang.Object, java.lang.Object)'> (0x00000000ef195b00) 
thrown [s\open\src\hotspot\share\interpreter\linkResolver.cpp, line 759]
Event: 125.246 Thread 0x000001d37b4b13d0 Exception <a 'java/lang/NoSuchMethodError'{0x00000000ef1a8128}: 'java.lang.Object java.lang.invoke.DirectMethodHandle$Holder.newInvokeSpecial(java.lang.Object, java.lang.Object, java.lang.Object, java.lang.Object, java.lang.Object, java.lang.Object, java.lang.Object, java.lang.Object, java.lang.Object, java.lang.Object, java.lang.Object, java.lang.Object)'> (0x00000000ef1a8128) 
thrown [s\open\src\hotspot\share\interpreter\linkResolver.cpp, line 759]
Event: 125.251 Thread 0x000001d37b4b13d0 Exception <a 'java/lang/NoSuchMethodError'{0x00000000ef1adac0}: 'java.lang.Object java.lang.invoke.Invokers$Holder.linkToTargetMethod(java.lang.Object, java.lang.Object, java.lang.Object, java.lang.Object, java.lang.Object, java.lang.Object, java.lang.Object, java.lang.Object, java.lang.Object, java.lang.Object, java.lang.Object, java.lang.Object)'> (0x00000000ef1adac0) 
thrown [s\open\src\hotspot\share\interpreter\linkResolver.cpp, line 759]
Event: 125.687 Thread 0x000001d37b4b13d0 Exception <a 'java/lang/NoSuchMethodError'{0x00000000ef044b20}: 'java.lang.Object java.lang.invoke.DirectMethodHandle$Holder.invokeStaticInit(java.lang.Object, java.lang.Object, java.lang.Object, java.lang.Object)'> (0x00000000ef044b20) 
thrown [s\open\src\hotspot\share\interpreter\linkResolver.cpp, line 759]
Event: 128.117 Thread 0x000001d37b4b13d0 Exception <a 'java/lang/NoSuchMethodError'{0x00000000ee61fd90}: 'java.lang.Object java.lang.invoke.DirectMethodHandle$Holder.newInvokeSpecial(java.lang.Object, java.lang.Object, java.lang.Object, java.lang.Object, java.lang.Object, java.lang.Object, java.lang.Object, java.lang.Object)'> (0x00000000ee61fd90) 
thrown [s\open\src\hotspot\share\interpreter\linkResolver.cpp, line 759]
Event: 128.120 Thread 0x000001d37b4b13d0 Exception <a 'java/lang/NoSuchMethodError'{0x00000000ee625b70}: 'java.lang.Object java.lang.invoke.Invokers$Holder.linkToTargetMethod(java.lang.Object, java.lang.Object, java.lang.Object, java.lang.Object, java.lang.Object, java.lang.Object, java.lang.Object, java.lang.Object)'> (0x00000000ee625b70) 
thrown [s\open\src\hotspot\share\interpreter\linkResolver.cpp, line 759]
Event: 128.266 Thread 0x000001d37b4b13d0 Exception <a 'java/lang/IncompatibleClassChangeError'{0x00000000ee688b40}: Found class java.lang.Object, but interface was expected> (0x00000000ee688b40) 
thrown [s\open\src\hotspot\share\interpreter\linkResolver.cpp, line 826]
Event: 158.022 Thread 0x000001d37b4b13d0 Exception <a 'java/lang/NoSuchMethodError'{0x00000000edaad6b0}: 'java.lang.Object java.lang.invoke.DirectMethodHandle$Holder.invokeSpecial(java.lang.Object, java.lang.Object, java.lang.Object, int, java.lang.Object, java.lang.Object)'> (0x00000000edaad6b0) 
thrown [s\open\src\hotspot\share\interpreter\linkResolver.cpp, line 759]
Event: 159.236 Thread 0x000001d37b4b13d0 Implicit null exception at 0x000001d307cb826a to 0x000001d307cb8708

VM Operations (20 events):
Event: 130.101 Executing VM operation: Cleanup
Event: 130.101 Executing VM operation: Cleanup done
Event: 133.145 Executing VM operation: Cleanup
Event: 133.145 Executing VM operation: Cleanup done
Event: 144.221 Executing VM operation: Cleanup
Event: 144.221 Executing VM operation: Cleanup done
Event: 146.240 Executing VM operation: Cleanup
Event: 146.290 Executing VM operation: Cleanup done
Event: 147.300 Executing VM operation: Cleanup
Event: 147.301 Executing VM operation: Cleanup done
Event: 154.396 Executing VM operation: Cleanup
Event: 154.402 Executing VM operation: Cleanup done
Event: 156.421 Executing VM operation: Cleanup
Event: 156.438 Executing VM operation: Cleanup done
Event: 157.447 Executing VM operation: Cleanup
Event: 157.453 Executing VM operation: Cleanup done
Event: 158.457 Executing VM operation: Cleanup
Event: 158.538 Executing VM operation: Cleanup done
Event: 159.105 Executing VM operation: HandshakeAllThreads
Event: 159.106 Executing VM operation: HandshakeAllThreads done

Events (20 events):
Event: 157.508 loading class java/util/stream/IntPipeline$1
Event: 157.509 loading class java/util/stream/IntPipeline$1 done
Event: 157.513 loading class java/util/stream/Nodes$FixedNodeBuilder
Event: 157.514 loading class java/util/stream/Nodes$ArrayNode
Event: 157.514 loading class java/util/stream/Nodes$ArrayNode done
Event: 157.514 loading class java/util/stream/Nodes$FixedNodeBuilder done
Event: 157.518 loading class java/util/stream/IntPipeline$1$1
Event: 157.531 loading class java/util/stream/IntPipeline$1$1 done
Event: 158.184 loading class java/lang/InstantiationException
Event: 158.184 loading class java/lang/InstantiationException done
Event: 158.191 loading class java/util/EventListener
Event: 158.191 loading class java/util/EventListener done
Event: 158.414 loading class java/util/BitSet
Event: 158.415 loading class java/util/BitSet done
Event: 158.570 loading class java/util/TimerTask
Event: 158.570 loading class java/util/TimerTask done
Event: 158.570 loading class java/util/Timer
Event: 158.570 loading class java/util/Timer done
Event: 159.062 loading class java/security/AccessControlException
Event: 159.062 loading class java/security/AccessControlException done


Dynamic libraries:
0x00007ff7a6f20000 - 0x00007ff7a6f30000 	C:\Program Files\Java\jdk-17\bin\java.exe
0x00007ffc48510000 - 0x00007ffc48726000 	C:\WINDOWS\SYSTEM32\ntdll.dll
0x00007ffc471b0000 - 0x00007ffc47274000 	C:\WINDOWS\System32\KERNEL32.DLL
0x00007ffc45c80000 - 0x00007ffc46027000 	C:\WINDOWS\System32\KERNELBASE.dll
0x000000005c0f0000 - 0x000000005c422000 	C:\Program Files\Norton Security\NortonData\22.22.7.14\Definitions\IPSDefs\20240424.064\IPSEng64.dll
0x00007ffc48410000 - 0x00007ffc484c2000 	C:\WINDOWS\System32\ADVAPI32.dll
0x00007ffc46b90000 - 0x00007ffc46c37000 	C:\WINDOWS\System32\msvcrt.dll
0x00007ffc472e0000 - 0x00007ffc47388000 	C:\WINDOWS\System32\sechost.dll
0x00007ffc460f0000 - 0x00007ffc46118000 	C:\WINDOWS\System32\bcrypt.dll
0x00007ffc46820000 - 0x00007ffc46935000 	C:\WINDOWS\System32\RPCRT4.dll
0x00007ffc47d00000 - 0x00007ffc47d08000 	C:\WINDOWS\System32\PSAPI.DLL
0x00007ffc45830000 - 0x00007ffc45941000 	C:\WINDOWS\System32\ucrtbase.dll
0x00007ffc2dfa0000 - 0x00007ffc2dfb9000 	C:\Program Files\Java\jdk-17\bin\jli.dll
0x00007ffc48240000 - 0x00007ffc483ee000 	C:\WINDOWS\System32\USER32.dll
0x00007ffc459c0000 - 0x00007ffc459e6000 	C:\WINDOWS\System32\win32u.dll
0x00007ffc46250000 - 0x00007ffc46279000 	C:\WINDOWS\System32\GDI32.dll
0x00007ffc46120000 - 0x00007ffc46239000 	C:\WINDOWS\System32\gdi32full.dll
0x00007ffc45b60000 - 0x00007ffc45bfa000 	C:\WINDOWS\System32\msvcp_win.dll
0x00007ffc29cd0000 - 0x00007ffc29ceb000 	C:\Program Files\Java\jdk-17\bin\VCRUNTIME140.dll
0x00007ffc2b400000 - 0x00007ffc2b693000 	C:\WINDOWS\WinSxS\amd64_microsoft.windows.common-controls_6595b64144ccf1df_6.0.22621.3235_none_270f74e173860f98\COMCTL32.dll
0x00007ffc388e0000 - 0x00007ffc388ea000 	C:\WINDOWS\SYSTEM32\VERSION.dll
0x00007ffc467e0000 - 0x00007ffc46811000 	C:\WINDOWS\System32\IMM32.DLL
0x00007ffc30450000 - 0x00007ffc3045c000 	C:\Program Files\Java\jdk-17\bin\vcruntime140_1.dll
0x00007ffbf8dc0000 - 0x00007ffbf8e4e000 	C:\Program Files\Java\jdk-17\bin\msvcp140.dll
0x00007ffb8f8c0000 - 0x00007ffb9049f000 	C:\Program Files\Java\jdk-17\bin\server\jvm.dll
0x00007ffc239a0000 - 0x00007ffc239a9000 	C:\WINDOWS\SYSTEM32\WSOCK32.dll
0x00007ffc46da0000 - 0x00007ffc46e11000 	C:\WINDOWS\System32\WS2_32.dll
0x00007ffc25060000 - 0x00007ffc25094000 	C:\WINDOWS\SYSTEM32\WINMM.dll
0x00007ffc44920000 - 0x00007ffc44938000 	C:\WINDOWS\SYSTEM32\kernel.appcore.dll
0x00007ffc2fce0000 - 0x00007ffc2fcea000 	C:\Program Files\Java\jdk-17\bin\jimage.dll
0x00007ffc42f60000 - 0x00007ffc43193000 	C:\WINDOWS\SYSTEM32\DBGHELP.DLL
0x00007ffc46e20000 - 0x00007ffc471a8000 	C:\WINDOWS\System32\combase.dll
0x00007ffc46280000 - 0x00007ffc46357000 	C:\WINDOWS\System32\OLEAUT32.dll
0x00007ffc38d30000 - 0x00007ffc38d62000 	C:\WINDOWS\SYSTEM32\dbgcore.DLL
0x00007ffc45c00000 - 0x00007ffc45c79000 	C:\WINDOWS\System32\bcryptPrimitives.dll
0x00007ffc197b0000 - 0x00007ffc197d5000 	C:\Program Files\Java\jdk-17\bin\java.dll
0x00007ffbf6960000 - 0x00007ffbf6a37000 	C:\Program Files\Java\jdk-17\bin\jsvml.dll
0x00007ffc47430000 - 0x00007ffc47c8c000 	C:\WINDOWS\System32\SHELL32.dll
0x00007ffc43740000 - 0x00007ffc44039000 	C:\WINDOWS\SYSTEM32\windows.storage.dll
0x00007ffc43600000 - 0x00007ffc4373e000 	C:\WINDOWS\SYSTEM32\wintypes.dll
0x00007ffc47f90000 - 0x00007ffc48083000 	C:\WINDOWS\System32\SHCORE.dll
0x00007ffc47280000 - 0x00007ffc472de000 	C:\WINDOWS\System32\shlwapi.dll
0x00007ffc45760000 - 0x00007ffc45781000 	C:\WINDOWS\SYSTEM32\profapi.dll
0x00007ffc24bb0000 - 0x00007ffc24bc9000 	C:\Program Files\Java\jdk-17\bin\net.dll
0x00007ffc40260000 - 0x00007ffc40396000 	C:\WINDOWS\SYSTEM32\WINHTTP.dll
0x00007ffc44d80000 - 0x00007ffc44de9000 	C:\WINDOWS\system32\mswsock.dll
0x00007ffc2fc10000 - 0x00007ffc2fc26000 	C:\Program Files\Java\jdk-17\bin\nio.dll
0x00007ffc23810000 - 0x00007ffc23828000 	C:\Program Files\Java\jdk-17\bin\zip.dll
0x00007ffc2cd90000 - 0x00007ffc2cda0000 	C:\Program Files\Java\jdk-17\bin\verify.dll
0x00007ffc2df50000 - 0x00007ffc2df77000 	C:\Users\Thang\.gradle\native\68d5fa5c4cc2d200863cafc0d521ce42e7d3e7ee720ec0a83991735586a16f82\windows-amd64\native-platform.dll
0x00007ffbf6310000 - 0x00007ffbf6454000 	C:\Users\Thang\.gradle\native\e376f236ea51e6404a007f0833ffe2c6e607c4080706a723a18a27aeea778392\windows-amd64\native-platform-file-events.dll
0x00007ffc2cd50000 - 0x00007ffc2cd5a000 	C:\Program Files\Java\jdk-17\bin\management.dll
0x00007ffc2b8a0000 - 0x00007ffc2b8ab000 	C:\Program Files\Java\jdk-17\bin\management_ext.dll
0x00007ffc450d0000 - 0x00007ffc450eb000 	C:\WINDOWS\SYSTEM32\CRYPTSP.dll
0x00007ffc44880000 - 0x00007ffc448b5000 	C:\WINDOWS\system32\rsaenh.dll
0x00007ffc44e20000 - 0x00007ffc44e48000 	C:\WINDOWS\SYSTEM32\USERENV.dll
0x00007ffc450b0000 - 0x00007ffc450bc000 	C:\WINDOWS\SYSTEM32\CRYPTBASE.dll
0x00007ffc44320000 - 0x00007ffc4434d000 	C:\WINDOWS\SYSTEM32\IPHLPAPI.DLL
0x00007ffc46240000 - 0x00007ffc46249000 	C:\WINDOWS\System32\NSI.dll
0x00007ffc40180000 - 0x00007ffc40199000 	C:\WINDOWS\SYSTEM32\dhcpcsvc6.DLL
0x00007ffc40160000 - 0x00007ffc4017f000 	C:\WINDOWS\SYSTEM32\dhcpcsvc.DLL
0x00007ffc44390000 - 0x00007ffc44489000 	C:\WINDOWS\SYSTEM32\DNSAPI.dll
0x00007ffc42520000 - 0x00007ffc4252e000 	C:\Program Files\Java\jdk-17\bin\sunmscapi.dll
0x00007ffc459f0000 - 0x00007ffc45b57000 	C:\WINDOWS\System32\CRYPT32.dll
0x00007ffc451d0000 - 0x00007ffc451fe000 	C:\WINDOWS\SYSTEM32\ncrypt.dll
0x00007ffc45190000 - 0x00007ffc451c7000 	C:\WINDOWS\SYSTEM32\NTASN1.dll
0x00007ffc2f8d0000 - 0x00007ffc2f8d8000 	C:\WINDOWS\system32\wshunix.dll

dbghelp: loaded successfully - version: 4.0.5 - missing functions: none
symbol engine: initialized successfully - sym options: 0x614 - pdb path: .;C:\Program Files\Java\jdk-17\bin;C:\WINDOWS\SYSTEM32;C:\Program Files\Norton Security\NortonData\22.22.7.14\Definitions\IPSDefs\20240424.064;C:\WINDOWS\WinSxS\amd64_microsoft.windows.common-controls_6595b64144ccf1df_6.0.22621.3235_none_270f74e173860f98;C:\Program Files\Java\jdk-17\bin\server;C:\Users\Thang\.gradle\native\68d5fa5c4cc2d200863cafc0d521ce42e7d3e7ee720ec0a83991735586a16f82\windows-amd64;C:\Users\Thang\.gradle\native\e376f236ea51e6404a007f0833ffe2c6e607c4080706a723a18a27aeea778392\windows-amd64

VM Arguments:
jvm_args: --add-opens=java.base/java.util=ALL-UNNAMED --add-opens=java.base/java.lang=ALL-UNNAMED --add-opens=java.base/java.lang.invoke=ALL-UNNAMED --add-opens=java.prefs/java.util.prefs=ALL-UNNAMED --add-opens=java.base/java.nio.charset=ALL-UNNAMED --add-opens=java.base/java.net=ALL-UNNAMED --add-opens=java.base/java.util.concurrent.atomic=ALL-UNNAMED -XX:MaxMetaspaceSize=256m -XX:+HeapDumpOnOutOfMemoryError -Xms256m -Xmx512m -Dfile.encoding=windows-1252 -Duser.country=US -Duser.language=en -Duser.variant 
java_command: org.gradle.launcher.daemon.bootstrap.GradleDaemon 8.0
java_class_path (initial): C:\Users\Thang\.gradle\wrapper\dists\gradle-8.0-bin\ca5e32bp14vu59qr306oxotwh\gradle-8.0\lib\gradle-launcher-8.0.jar
Launcher Type: SUN_STANDARD

[Global flags]
     intx CICompilerCount                          = 4                                         {product} {ergonomic}
   size_t CompressedClassSpaceSize                 = 218103808                                 {product} {ergonomic}
     uint ConcGCThreads                            = 2                                         {product} {ergonomic}
     uint G1ConcRefinementThreads                  = 8                                         {product} {ergonomic}
   size_t G1HeapRegionSize                         = 1048576                                   {product} {ergonomic}
    uintx GCDrainStackTargetSize                   = 64                                        {product} {ergonomic}
     bool HeapDumpOnOutOfMemoryError               = true                                   {manageable} {command line}
   size_t InitialHeapSize                          = 268435456                                 {product} {command line}
   size_t MarkStackSize                            = 4194304                                   {product} {ergonomic}
   size_t MaxHeapSize                              = 536870912                                 {product} {command line}
   size_t MaxMetaspaceSize                         = 268435456                                 {product} {command line}
   size_t MaxNewSize                               = 321912832                                 {product} {ergonomic}
   size_t MinHeapDeltaBytes                        = 1048576                                   {product} {ergonomic}
   size_t MinHeapSize                              = 268435456                                 {product} {command line}
    uintx NonNMethodCodeHeapSize                   = 5839372                                {pd product} {ergonomic}
    uintx NonProfiledCodeHeapSize                  = 122909434                              {pd product} {ergonomic}
    uintx ProfiledCodeHeapSize                     = 122909434                              {pd product} {ergonomic}
    uintx ReservedCodeCacheSize                    = 251658240                              {pd product} {ergonomic}
     bool SegmentedCodeCache                       = true                                      {product} {ergonomic}
   size_t SoftMaxHeapSize                          = 536870912                              {manageable} {ergonomic}
     bool UseCompressedClassPointers               = true                           {product lp64_product} {ergonomic}
     bool UseCompressedOops                        = true                           {product lp64_product} {ergonomic}
     bool UseG1GC                                  = true                                      {product} {ergonomic}
     bool UseLargePagesIndividualAllocation        = false                                  {pd product} {ergonomic}

Logging:
Log output configuration:
 #0: stdout all=warning uptime,level,tags
 #1: stderr all=off uptime,level,tags

Environment Variables:
PATH=C:\Program Files\Common Files\Oracle\Java\javapath;C:\WINDOWS\system32;C:\WINDOWS;C:\WINDOWS\System32\Wbem;C:\WINDOWS\System32\WindowsPowerShell\v1.0\;C:\WINDOWS\System32\OpenSSH\;C:\Program Files\nodejs\;C:\Program Files\Git\cmd;C:\Users\Thang\AppData\Local\Microsoft\WindowsApps;C:\Users\Thang\AppData\Local\GitHubDesktop\bin;C:\Users\Thang\AppData\Local\Programs\Microsoft VS Code\bin;C:\Users\Thang\AppData\Roaming\npm;C:\Program Files\JetBrains\IntelliJ IDEA Community Edition 2023.3.6\bin;
USERNAME=Thang
OS=Windows_NT
PROCESSOR_IDENTIFIER=Intel64 Family 6 Model 126 Stepping 5, GenuineIntel



---------------  S Y S T E M  ---------------

OS:
 Windows 11 , 64 bit Build 22621 (10.0.22621.3374)
OS uptime: 15 days 6:00 hours
Hyper-V role detected

CPU: total 8 (initial active 8) (4 cores per cpu, 2 threads per core) family 6 model 126 stepping 5 microcode 0xa0, cx8, cmov, fxsr, ht, mmx, 3dnowpref, sse, sse2, sse3, ssse3, sse4.1, sse4.2, popcnt, lzcnt, tsc, tscinvbit, avx, avx2, aes, erms, clmul, bmi1, bmi2, adx, avx512f, avx512dq, avx512cd, avx512bw, avx512vl, sha, fma, vzeroupper, avx512_vpopcntdq, avx512_vpclmulqdq, avx512_vaes, avx512_vnni, clflush, clflushopt, avx512_vbmi2, avx512_vbmi, hv

Memory: 4k page, system-wide physical 7980M (139M free)
TotalPageFile size 31915M (AvailPageFile size 0M)
current process WorkingSet (physical memory assigned to process): 73M, peak: 178M
current process commit charge ("private bytes"): 406M, peak: 422M

vm_info: Java HotSpot(TM) 64-Bit Server VM (17.0.10+11-LTS-240) for windows-amd64 JRE (17.0.10+11-LTS-240), built on Dec 19 2023 21:47:25 by "mach5one" with MS VC++ 17.1 (VS2022)

END.
