#
# There is insufficient memory for the Java Runtime Environment to continue.
# Native memory allocation (malloc) failed to allocate 1227056 bytes for Chunk::new
# Possible reasons:
#   The system is out of physical RAM or swap space
#   The process is running with CompressedOops enabled, and the Java Heap may be blocking the growth of the native heap
# Possible solutions:
#   Reduce memory load on the system
#   Increase physical memory or swap space
#   Check if swap backing store is full
#   Decrease Java heap size (-Xmx/-Xms)
#   Decrease number of Java threads
#   Decrease Java thread stack sizes (-Xss)
#   Set larger code cache with -XX:ReservedCodeCacheSize=
#   JVM is running with Unscaled Compressed Oops mode in which the Java heap is
#     placed in the first 4GB address space. The Java Heap base address is the
#     maximum limit for the native heap growth. Please use -XX:HeapBaseMinAddress
#     to set the Java Heap base and to place the Java Heap above 4GB virtual address.
# This output file may be truncated or incomplete.
#
#  Out of Memory Error (arena.cpp:189), pid=26996, tid=10872
#
# JRE version: Java(TM) SE Runtime Environment (17.0.10+11) (build 17.0.10+11-LTS-240)
# Java VM: Java HotSpot(TM) 64-Bit Server VM (17.0.10+11-LTS-240, mixed mode, sharing, tiered, compressed oops, compressed class ptrs, g1 gc, windows-amd64)
# No core dump will be written. Minidumps are not enabled by default on client versions of Windows
#

---------------  S U M M A R Y ------------

Command Line: --add-opens=java.base/java.util=ALL-UNNAMED --add-opens=java.base/java.lang=ALL-UNNAMED --add-opens=java.base/java.lang.invoke=ALL-UNNAMED --add-opens=java.prefs/java.util.prefs=ALL-UNNAMED --add-opens=java.base/java.nio.charset=ALL-UNNAMED --add-opens=java.base/java.net=ALL-UNNAMED --add-opens=java.base/java.util.concurrent.atomic=ALL-UNNAMED -XX:MaxMetaspaceSize=256m -XX:+HeapDumpOnOutOfMemoryError -Xms256m -Xmx512m -Dfile.encoding=windows-1252 -Duser.country=US -Duser.language=en -Duser.variant org.gradle.launcher.daemon.bootstrap.GradleDaemon 8.0

Host: Intel(R) Core(TM) i5-1035G1 CPU @ 1.00GHz, 8 cores, 7G,  Windows 11 , 64 bit Build 22621 (10.0.22621.3374)
Time: Thu Apr 25 11:13:08 2024 Central Daylight Time elapsed time: 158.868345 seconds (0d 0h 2m 38s)

---------------  T H R E A D  ---------------

Current thread (0x0000022bcd79f910):  JavaThread "C2 CompilerThread0" daemon [_thread_in_native, id=10872, stack(0x000000ba99e00000,0x000000ba99f00000)]


Current CompileTask:
C2: 158868 3367   !   4       java.lang.reflect.Executable::declaredAnnotations (85 bytes)

Stack: [0x000000ba99e00000,0x000000ba99f00000]
Native frames: (J=compiled Java code, j=interpreted, Vv=VM code, C=native code)
V  [jvm.dll+0x677a5a]
V  [jvm.dll+0x7d8b2d]
V  [jvm.dll+0x7da48e]
V  [jvm.dll+0x7daaf3]
V  [jvm.dll+0x2455ff]
V  [jvm.dll+0xaaafb]
V  [jvm.dll+0xab09c]
V  [jvm.dll+0x361b5f]
V  [jvm.dll+0x32c211]
V  [jvm.dll+0x32b6aa]
V  [jvm.dll+0x21794f]
V  [jvm.dll+0x216d81]
V  [jvm.dll+0x1a3410]
V  [jvm.dll+0x226aeb]
V  [jvm.dll+0x224cab]
V  [jvm.dll+0x78e45c]
V  [jvm.dll+0x78888a]
V  [jvm.dll+0x676935]
C  [ucrtbase.dll+0x29333]
C  [KERNEL32.DLL+0x1257d]
C  [ntdll.dll+0x5aa48]


---------------  P R O C E S S  ---------------

Threads class SMR info:
_java_thread_list=0x0000022be30b6210, length=41, elements={
0x0000022bb2e8a9f0, 0x0000022bcd77c280, 0x0000022bcd77cc40, 0x0000022bcd799f00,
0x0000022bcd79a8c0, 0x0000022bcd79d290, 0x0000022bcd79dc50, 0x0000022bcd79f910,
0x0000022bcd90b810, 0x0000022bcd90d8b0, 0x0000022bcd9de6d0, 0x0000022bcd9e11f0,
0x0000022be1374ff0, 0x0000022be0d792a0, 0x0000022be18aac40, 0x0000022be18abb70,
0x0000022be18ab150, 0x0000022be18ab660, 0x0000022be18ac080, 0x0000022be18aa730,
0x0000022be0f30ff0, 0x0000022be0f2b9e0, 0x0000022be0f300c0, 0x0000022be0f31500,
0x0000022be0f2bef0, 0x0000022be0f2d330, 0x0000022be0f2afc0, 0x0000022be0f2a090,
0x0000022be0f31a10, 0x0000022be0f2aab0, 0x0000022be0f2d840, 0x0000022be0f2a5a0,
0x0000022be0f2ec80, 0x0000022be0f2c910, 0x0000022be0f2c400, 0x0000022be0f2f190,
0x0000022be0f2e770, 0x0000022be0f2ce20, 0x0000022be0f2dd50, 0x0000022be0f2e260,
0x0000022be0f2f6a0
}

Java Threads: ( => current thread )
  0x0000022bb2e8a9f0 JavaThread "main" [_thread_blocked, id=20432, stack(0x000000ba99100000,0x000000ba99200000)]
  0x0000022bcd77c280 JavaThread "Reference Handler" daemon [_thread_blocked, id=18624, stack(0x000000ba99800000,0x000000ba99900000)]
  0x0000022bcd77cc40 JavaThread "Finalizer" daemon [_thread_blocked, id=24040, stack(0x000000ba99900000,0x000000ba99a00000)]
  0x0000022bcd799f00 JavaThread "Signal Dispatcher" daemon [_thread_blocked, id=11592, stack(0x000000ba99a00000,0x000000ba99b00000)]
  0x0000022bcd79a8c0 JavaThread "Attach Listener" daemon [_thread_blocked, id=15412, stack(0x000000ba99b00000,0x000000ba99c00000)]
  0x0000022bcd79d290 JavaThread "Service Thread" daemon [_thread_blocked, id=12664, stack(0x000000ba99c00000,0x000000ba99d00000)]
  0x0000022bcd79dc50 JavaThread "Monitor Deflation Thread" daemon [_thread_blocked, id=4448, stack(0x000000ba99d00000,0x000000ba99e00000)]
=>0x0000022bcd79f910 JavaThread "C2 CompilerThread0" daemon [_thread_in_native, id=10872, stack(0x000000ba99e00000,0x000000ba99f00000)]
  0x0000022bcd90b810 JavaThread "C1 CompilerThread0" daemon [_thread_blocked, id=21496, stack(0x000000ba99f00000,0x000000ba9a000000)]
  0x0000022bcd90d8b0 JavaThread "Sweeper thread" daemon [_thread_blocked, id=5332, stack(0x000000ba9a000000,0x000000ba9a100000)]
  0x0000022bcd9de6d0 JavaThread "Common-Cleaner" daemon [_thread_blocked, id=17520, stack(0x000000ba9a100000,0x000000ba9a200000)]
  0x0000022bcd9e11f0 JavaThread "Notification Thread" daemon [_thread_blocked, id=25728, stack(0x000000ba9a200000,0x000000ba9a300000)]
  0x0000022be1374ff0 JavaThread "Daemon health stats" [_thread_blocked, id=25740, stack(0x000000ba9a900000,0x000000ba9aa00000)]
  0x0000022be0d792a0 JavaThread "Incoming local TCP Connector on port 55044" [_thread_in_native, id=12756, stack(0x000000ba9aa00000,0x000000ba9ab00000)]
  0x0000022be18aac40 JavaThread "Daemon periodic checks" [_thread_blocked, id=11436, stack(0x000000ba9ab00000,0x000000ba9ac00000)]
  0x0000022be18abb70 JavaThread "Daemon" [_thread_blocked, id=14188, stack(0x000000ba9ac00000,0x000000ba9ad00000)]
  0x0000022be18ab150 JavaThread "Handler for socket connection from /127.0.0.1:55044 to /127.0.0.1:55056" [_thread_in_native, id=13024, stack(0x000000ba9ad00000,0x000000ba9ae00000)]
  0x0000022be18ab660 JavaThread "Cancel handler" [_thread_blocked, id=4228, stack(0x000000ba9ae00000,0x000000ba9af00000)]
  0x0000022be18ac080 JavaThread "Daemon worker" [_thread_in_Java, id=27324, stack(0x000000ba9af00000,0x000000ba9b000000)]
  0x0000022be18aa730 JavaThread "Asynchronous log dispatcher for DefaultDaemonConnection: socket connection from /127.0.0.1:55044 to /127.0.0.1:55056" [_thread_blocked, id=14500, stack(0x000000ba9b000000,0x000000ba9b100000)]
  0x0000022be0f30ff0 JavaThread "Daemon client event forwarder" [_thread_blocked, id=27084, stack(0x000000ba9b200000,0x000000ba9b300000)]
  0x0000022be0f2b9e0 JavaThread "Cache worker for journal cache (C:\Users\Thang\.gradle\caches\journal-1)" [_thread_blocked, id=23688, stack(0x000000ba9b300000,0x000000ba9b400000)]
  0x0000022be0f300c0 JavaThread "File lock request listener" [_thread_in_native, id=14088, stack(0x000000ba9b400000,0x000000ba9b500000)]
  0x0000022be0f31500 JavaThread "Cache worker for file hash cache (C:\Users\Thang\.gradle\caches\8.0\fileHashes)" [_thread_blocked, id=28332, stack(0x000000ba9b600000,0x000000ba9b700000)]
  0x0000022be0f2bef0 JavaThread "File watcher server" daemon [_thread_in_native, id=3688, stack(0x000000ba9b700000,0x000000ba9b800000)]
  0x0000022be0f2d330 JavaThread "File watcher consumer" daemon [_thread_blocked, id=5992, stack(0x000000ba9b900000,0x000000ba9ba00000)]
  0x0000022be0f2afc0 JavaThread "File lock release action executor Thread 2" [_thread_blocked, id=25212, stack(0x000000ba98e00000,0x000000ba98f00000)]
  0x0000022be0f2a090 JavaThread "jar transforms" [_thread_blocked, id=3848, stack(0x000000ba98f00000,0x000000ba99000000)]
  0x0000022be0f31a10 JavaThread "jar transforms Thread 2" [_thread_blocked, id=20768, stack(0x000000ba9b100000,0x000000ba9b200000)]
  0x0000022be0f2aab0 JavaThread "jar transforms Thread 3" [_thread_blocked, id=22100, stack(0x000000ba9b500000,0x000000ba9b600000)]
  0x0000022be0f2d840 JavaThread "jar transforms Thread 4" [_thread_blocked, id=27784, stack(0x000000ba9bb00000,0x000000ba9bc00000)]
  0x0000022be0f2a5a0 JavaThread "jar transforms Thread 5" [_thread_blocked, id=13316, stack(0x000000ba9bc00000,0x000000ba9bd00000)]
  0x0000022be0f2ec80 JavaThread "jar transforms Thread 6" [_thread_blocked, id=24348, stack(0x000000ba9bd00000,0x000000ba9be00000)]
  0x0000022be0f2c910 JavaThread "jar transforms Thread 7" [_thread_blocked, id=16016, stack(0x000000ba9be00000,0x000000ba9bf00000)]
  0x0000022be0f2c400 JavaThread "jar transforms Thread 8" [_thread_blocked, id=1540, stack(0x000000ba9bf00000,0x000000ba9c000000)]
  0x0000022be0f2f190 JavaThread "Cache worker for checksums cache (C:\Users\Thang\Desktop\JavaPractice\Chapter-name\java-web-dev-projects\interfaces\studio\spinning-discs-studio\.gradle\8.0\checksums)" [_thread_blocked, id=10252, stack(0x000000ba9c300000,0x000000ba9c400000)]
  0x0000022be0f2e770 JavaThread "Cache worker for cache directory md-rule (C:\Users\Thang\.gradle\caches\8.0\md-rule)" [_thread_blocked, id=8820, stack(0x000000ba9c400000,0x000000ba9c500000)]
  0x0000022be0f2ce20 JavaThread "Cache worker for file content cache (C:\Users\Thang\.gradle\caches\8.0\fileContent)" [_thread_blocked, id=4236, stack(0x000000ba9c500000,0x000000ba9c600000)]
  0x0000022be0f2dd50 JavaThread "Cache worker for file hash cache (C:\Users\Thang\Desktop\JavaPractice\Chapter-name\java-web-dev-projects\interfaces\studio\spinning-discs-studio\.gradle\8.0\fileHashes)" [_thread_blocked, id=11044, stack(0x000000ba9c600000,0x000000ba9c700000)]
  0x0000022be0f2e260 JavaThread "Cache worker for cache directory md-supplier (C:\Users\Thang\.gradle\caches\8.0\md-supplier)" [_thread_blocked, id=18480, stack(0x000000ba9c700000,0x000000ba9c800000)]
  0x0000022be0f2f6a0 JavaThread "Cache worker for execution history cache (C:\Users\Thang\.gradle\caches\8.0\executionHistory)" [_thread_blocked, id=28664, stack(0x000000ba9c800000,0x000000ba9c900000)]

Other Threads:
  0x0000022bcd779c30 VMThread "VM Thread" [stack: 0x000000ba99700000,0x000000ba99800000] [id=17584]
  0x0000022bcd9e76f0 WatcherThread [stack: 0x000000ba9a300000,0x000000ba9a400000] [id=24500]
  0x0000022bb2eb5c30 GCTaskThread "GC Thread#0" [stack: 0x000000ba99200000,0x000000ba99300000] [id=25820]
  0x0000022bcd94bd60 GCTaskThread "GC Thread#1" [stack: 0x000000ba9a400000,0x000000ba9a500000] [id=2072]
  0x0000022be06c8560 GCTaskThread "GC Thread#2" [stack: 0x000000ba9a500000,0x000000ba9a600000] [id=25396]
  0x0000022be06c8820 GCTaskThread "GC Thread#3" [stack: 0x000000ba9a600000,0x000000ba9a700000] [id=26108]
  0x0000022be06c8ae0 GCTaskThread "GC Thread#4" [stack: 0x000000ba9a700000,0x000000ba9a800000] [id=20444]
  0x0000022be06c8da0 GCTaskThread "GC Thread#5" [stack: 0x000000ba9a800000,0x000000ba9a900000] [id=24840]
  0x0000022be1fbe8d0 GCTaskThread "GC Thread#6" [stack: 0x000000ba9c000000,0x000000ba9c100000] [id=3172]
  0x0000022be1fbddd0 GCTaskThread "GC Thread#7" [stack: 0x000000ba9c100000,0x000000ba9c200000] [id=8956]
  0x0000022bb2ebaa80 ConcurrentGCThread "G1 Main Marker" [stack: 0x000000ba99300000,0x000000ba99400000] [id=24480]
  0x0000022bb2ebb390 ConcurrentGCThread "G1 Conc#0" [stack: 0x000000ba99400000,0x000000ba99500000] [id=11784]
  0x0000022be1fbe350 ConcurrentGCThread "G1 Conc#1" [stack: 0x000000ba9c200000,0x000000ba9c300000] [id=12696]
  0x0000022bb2f2e8f0 ConcurrentGCThread "G1 Refine#0" [stack: 0x000000ba99500000,0x000000ba99600000] [id=26068]
  0x0000022bcd638770 ConcurrentGCThread "G1 Service" [stack: 0x000000ba99600000,0x000000ba99700000] [id=15480]

Threads with active compile tasks:
C2 CompilerThread0   158945 3367   !   4       java.lang.reflect.Executable::declaredAnnotations (85 bytes)
C1 CompilerThread0   158946 3389       3       org.gradle.internal.instantiation.generator.AbstractClassGenerator$PropertyMetadata::findAnnotation (22 bytes)

VM state: not at safepoint (normal execution)

VM Mutex/Monitor currently owned by a thread: None

Heap address: 0x00000000e0000000, size: 512 MB, Compressed Oops mode: 32-bit

CDS archive(s) mapped at: [0x0000022bce000000-0x0000022bcebd0000-0x0000022bcebd0000), size 12386304, SharedBaseAddress: 0x0000022bce000000, ArchiveRelocationMode: 1.
Compressed class space mapped at: 0x0000022bcf000000-0x0000022bdc000000, reserved size: 218103808
Narrow klass base: 0x0000022bce000000, Narrow klass shift: 0, Narrow klass range: 0x100000000

GC Precious Log:
 CPUs: 8 total, 8 available
 Memory: 7980M
 Large Page Support: Disabled
 NUMA Support: Disabled
 Compressed Oops: Enabled (32-bit)
 Heap Region Size: 1M
 Heap Min Capacity: 256M
 Heap Initial Capacity: 256M
 Heap Max Capacity: 512M
 Pre-touch: Disabled
 Parallel Workers: 8
 Concurrent Workers: 2
 Concurrent Refinement Workers: 8
 Periodic GC: Disabled

Heap:
 garbage-first heap   total 262144K, used 64860K [0x00000000e0000000, 0x0000000100000000)
  region size 1024K, 44 young (45056K), 14 survivors (14336K)
 Metaspace       used 24855K, committed 25216K, reserved 278528K
  class space    used 3738K, committed 3904K, reserved 212992K

Heap Regions: E=young(eden), S=young(survivor), O=old, HS=humongous(starts), HC=humongous(continues), CS=collection set, F=free, OA=open archive, CA=closed archive, TAMS=top-at-mark-start (previous, next)
|   0|0x00000000e0000000, 0x00000000e0100000, 0x00000000e0100000|100%|HS|  |TAMS 0x00000000e0100000, 0x00000000e0000000| Complete 
|   1|0x00000000e0100000, 0x00000000e0200000, 0x00000000e0200000|100%|HC|  |TAMS 0x00000000e0200000, 0x00000000e0100000| Complete 
|   2|0x00000000e0200000, 0x00000000e0300000, 0x00000000e0300000|100%|HC|  |TAMS 0x00000000e0300000, 0x00000000e0200000| Complete 
|   3|0x00000000e0300000, 0x00000000e0400000, 0x00000000e0400000|100%|HC|  |TAMS 0x00000000e0400000, 0x00000000e0300000| Complete 
|   4|0x00000000e0400000, 0x00000000e0500000, 0x00000000e0500000|100%| O|  |TAMS 0x00000000e0500000, 0x00000000e0400000| Untracked 
|   5|0x00000000e0500000, 0x00000000e0600000, 0x00000000e0600000|100%| O|  |TAMS 0x00000000e0600000, 0x00000000e0500000| Untracked 
|   6|0x00000000e0600000, 0x00000000e0700000, 0x00000000e0700000|100%| O|  |TAMS 0x00000000e0700000, 0x00000000e0600000| Untracked 
|   7|0x00000000e0700000, 0x00000000e0700000, 0x00000000e0800000|  0%| F|  |TAMS 0x00000000e0700000, 0x00000000e0700000| Untracked 
|   8|0x00000000e0800000, 0x00000000e0900000, 0x00000000e0900000|100%| O|  |TAMS 0x00000000e0900000, 0x00000000e0800000| Untracked 
|   9|0x00000000e0900000, 0x00000000e0a00000, 0x00000000e0a00000|100%| O|  |TAMS 0x00000000e0a00000, 0x00000000e0900000| Untracked 
|  10|0x00000000e0a00000, 0x00000000e0af1800, 0x00000000e0b00000| 94%| O|  |TAMS 0x00000000e0af1800, 0x00000000e0a00000| Untracked 
|  11|0x00000000e0b00000, 0x00000000e0c00000, 0x00000000e0c00000|100%|HS|  |TAMS 0x00000000e0c00000, 0x00000000e0b00000| Complete 
|  12|0x00000000e0c00000, 0x00000000e0d00000, 0x00000000e0d00000|100%|HC|  |TAMS 0x00000000e0d00000, 0x00000000e0c00000| Complete 
|  13|0x00000000e0d00000, 0x00000000e0e00000, 0x00000000e0e00000|100%|HS|  |TAMS 0x00000000e0e00000, 0x00000000e0d00000| Complete 
|  14|0x00000000e0e00000, 0x00000000e0f00000, 0x00000000e0f00000|100%|HC|  |TAMS 0x00000000e0f00000, 0x00000000e0e00000| Complete 
|  15|0x00000000e0f00000, 0x00000000e1000000, 0x00000000e1000000|100%|HC|  |TAMS 0x00000000e1000000, 0x00000000e0f00000| Complete 
|  16|0x00000000e1000000, 0x00000000e1100000, 0x00000000e1100000|100%|HS|  |TAMS 0x00000000e1100000, 0x00000000e1000000| Complete 
|  17|0x00000000e1100000, 0x00000000e1200000, 0x00000000e1200000|100%|HC|  |TAMS 0x00000000e1200000, 0x00000000e1100000| Complete 
|  18|0x00000000e1200000, 0x00000000e1300000, 0x00000000e1300000|100%|HC|  |TAMS 0x00000000e1300000, 0x00000000e1200000| Complete 
|  19|0x00000000e1300000, 0x00000000e1400000, 0x00000000e1400000|100%|HS|  |TAMS 0x00000000e1400000, 0x00000000e1300000| Complete 
|  20|0x00000000e1400000, 0x00000000e1500000, 0x00000000e1500000|100%|HC|  |TAMS 0x00000000e1500000, 0x00000000e1400000| Complete 
|  21|0x00000000e1500000, 0x00000000e1600000, 0x00000000e1600000|100%|HC|  |TAMS 0x00000000e1600000, 0x00000000e1500000| Complete 
|  22|0x00000000e1600000, 0x00000000e1600000, 0x00000000e1700000|  0%| F|  |TAMS 0x00000000e1600000, 0x00000000e1600000| Untracked 
|  23|0x00000000e1700000, 0x00000000e1700000, 0x00000000e1800000|  0%| F|  |TAMS 0x00000000e1700000, 0x00000000e1700000| Untracked 
|  24|0x00000000e1800000, 0x00000000e1800000, 0x00000000e1900000|  0%| F|  |TAMS 0x00000000e1800000, 0x00000000e1800000| Untracked 
|  25|0x00000000e1900000, 0x00000000e1900000, 0x00000000e1a00000|  0%| F|  |TAMS 0x00000000e1900000, 0x00000000e1900000| Untracked 
|  26|0x00000000e1a00000, 0x00000000e1a00000, 0x00000000e1b00000|  0%| F|  |TAMS 0x00000000e1a00000, 0x00000000e1a00000| Untracked 
|  27|0x00000000e1b00000, 0x00000000e1b00000, 0x00000000e1c00000|  0%| F|  |TAMS 0x00000000e1b00000, 0x00000000e1b00000| Untracked 
|  28|0x00000000e1c00000, 0x00000000e1c00000, 0x00000000e1d00000|  0%| F|  |TAMS 0x00000000e1c00000, 0x00000000e1c00000| Untracked 
|  29|0x00000000e1d00000, 0x00000000e1d00000, 0x00000000e1e00000|  0%| F|  |TAMS 0x00000000e1d00000, 0x00000000e1d00000| Untracked 
|  30|0x00000000e1e00000, 0x00000000e1e00000, 0x00000000e1f00000|  0%| F|  |TAMS 0x00000000e1e00000, 0x00000000e1e00000| Untracked 
|  31|0x00000000e1f00000, 0x00000000e1f00000, 0x00000000e2000000|  0%| F|  |TAMS 0x00000000e1f00000, 0x00000000e1f00000| Untracked 
|  32|0x00000000e2000000, 0x00000000e2000000, 0x00000000e2100000|  0%| F|  |TAMS 0x00000000e2000000, 0x00000000e2000000| Untracked 
|  33|0x00000000e2100000, 0x00000000e2100000, 0x00000000e2200000|  0%| F|  |TAMS 0x00000000e2100000, 0x00000000e2100000| Untracked 
|  34|0x00000000e2200000, 0x00000000e2200000, 0x00000000e2300000|  0%| F|  |TAMS 0x00000000e2200000, 0x00000000e2200000| Untracked 
|  35|0x00000000e2300000, 0x00000000e2300000, 0x00000000e2400000|  0%| F|  |TAMS 0x00000000e2300000, 0x00000000e2300000| Untracked 
|  36|0x00000000e2400000, 0x00000000e2400000, 0x00000000e2500000|  0%| F|  |TAMS 0x00000000e2400000, 0x00000000e2400000| Untracked 
|  37|0x00000000e2500000, 0x00000000e2500000, 0x00000000e2600000|  0%| F|  |TAMS 0x00000000e2500000, 0x00000000e2500000| Untracked 
|  38|0x00000000e2600000, 0x00000000e2600000, 0x00000000e2700000|  0%| F|  |TAMS 0x00000000e2600000, 0x00000000e2600000| Untracked 
|  39|0x00000000e2700000, 0x00000000e2700000, 0x00000000e2800000|  0%| F|  |TAMS 0x00000000e2700000, 0x00000000e2700000| Untracked 
|  40|0x00000000e2800000, 0x00000000e2800000, 0x00000000e2900000|  0%| F|  |TAMS 0x00000000e2800000, 0x00000000e2800000| Untracked 
|  41|0x00000000e2900000, 0x00000000e2900000, 0x00000000e2a00000|  0%| F|  |TAMS 0x00000000e2900000, 0x00000000e2900000| Untracked 
|  42|0x00000000e2a00000, 0x00000000e2a00000, 0x00000000e2b00000|  0%| F|  |TAMS 0x00000000e2a00000, 0x00000000e2a00000| Untracked 
|  43|0x00000000e2b00000, 0x00000000e2b00000, 0x00000000e2c00000|  0%| F|  |TAMS 0x00000000e2b00000, 0x00000000e2b00000| Untracked 
|  44|0x00000000e2c00000, 0x00000000e2c00000, 0x00000000e2d00000|  0%| F|  |TAMS 0x00000000e2c00000, 0x00000000e2c00000| Untracked 
|  45|0x00000000e2d00000, 0x00000000e2d00000, 0x00000000e2e00000|  0%| F|  |TAMS 0x00000000e2d00000, 0x00000000e2d00000| Untracked 
|  46|0x00000000e2e00000, 0x00000000e2e00000, 0x00000000e2f00000|  0%| F|  |TAMS 0x00000000e2e00000, 0x00000000e2e00000| Untracked 
|  47|0x00000000e2f00000, 0x00000000e2f00000, 0x00000000e3000000|  0%| F|  |TAMS 0x00000000e2f00000, 0x00000000e2f00000| Untracked 
|  48|0x00000000e3000000, 0x00000000e3000000, 0x00000000e3100000|  0%| F|  |TAMS 0x00000000e3000000, 0x00000000e3000000| Untracked 
|  49|0x00000000e3100000, 0x00000000e3100000, 0x00000000e3200000|  0%| F|  |TAMS 0x00000000e3100000, 0x00000000e3100000| Untracked 
|  50|0x00000000e3200000, 0x00000000e3200000, 0x00000000e3300000|  0%| F|  |TAMS 0x00000000e3200000, 0x00000000e3200000| Untracked 
|  51|0x00000000e3300000, 0x00000000e3300000, 0x00000000e3400000|  0%| F|  |TAMS 0x00000000e3300000, 0x00000000e3300000| Untracked 
|  52|0x00000000e3400000, 0x00000000e3400000, 0x00000000e3500000|  0%| F|  |TAMS 0x00000000e3400000, 0x00000000e3400000| Untracked 
|  53|0x00000000e3500000, 0x00000000e3500000, 0x00000000e3600000|  0%| F|  |TAMS 0x00000000e3500000, 0x00000000e3500000| Untracked 
|  54|0x00000000e3600000, 0x00000000e3600000, 0x00000000e3700000|  0%| F|  |TAMS 0x00000000e3600000, 0x00000000e3600000| Untracked 
|  55|0x00000000e3700000, 0x00000000e3700000, 0x00000000e3800000|  0%| F|  |TAMS 0x00000000e3700000, 0x00000000e3700000| Untracked 
|  56|0x00000000e3800000, 0x00000000e3800000, 0x00000000e3900000|  0%| F|  |TAMS 0x00000000e3800000, 0x00000000e3800000| Untracked 
|  57|0x00000000e3900000, 0x00000000e3900000, 0x00000000e3a00000|  0%| F|  |TAMS 0x00000000e3900000, 0x00000000e3900000| Untracked 
|  58|0x00000000e3a00000, 0x00000000e3a00000, 0x00000000e3b00000|  0%| F|  |TAMS 0x00000000e3a00000, 0x00000000e3a00000| Untracked 
|  59|0x00000000e3b00000, 0x00000000e3b00000, 0x00000000e3c00000|  0%| F|  |TAMS 0x00000000e3b00000, 0x00000000e3b00000| Untracked 
|  60|0x00000000e3c00000, 0x00000000e3c00000, 0x00000000e3d00000|  0%| F|  |TAMS 0x00000000e3c00000, 0x00000000e3c00000| Untracked 
|  61|0x00000000e3d00000, 0x00000000e3d00000, 0x00000000e3e00000|  0%| F|  |TAMS 0x00000000e3d00000, 0x00000000e3d00000| Untracked 
|  62|0x00000000e3e00000, 0x00000000e3e00000, 0x00000000e3f00000|  0%| F|  |TAMS 0x00000000e3e00000, 0x00000000e3e00000| Untracked 
|  63|0x00000000e3f00000, 0x00000000e3f00000, 0x00000000e4000000|  0%| F|  |TAMS 0x00000000e3f00000, 0x00000000e3f00000| Untracked 
|  64|0x00000000e4000000, 0x00000000e4000000, 0x00000000e4100000|  0%| F|  |TAMS 0x00000000e4000000, 0x00000000e4000000| Untracked 
|  65|0x00000000e4100000, 0x00000000e4100000, 0x00000000e4200000|  0%| F|  |TAMS 0x00000000e4100000, 0x00000000e4100000| Untracked 
|  66|0x00000000e4200000, 0x00000000e4200000, 0x00000000e4300000|  0%| F|  |TAMS 0x00000000e4200000, 0x00000000e4200000| Untracked 
|  67|0x00000000e4300000, 0x00000000e4300000, 0x00000000e4400000|  0%| F|  |TAMS 0x00000000e4300000, 0x00000000e4300000| Untracked 
|  68|0x00000000e4400000, 0x00000000e4400000, 0x00000000e4500000|  0%| F|  |TAMS 0x00000000e4400000, 0x00000000e4400000| Untracked 
|  69|0x00000000e4500000, 0x00000000e4500000, 0x00000000e4600000|  0%| F|  |TAMS 0x00000000e4500000, 0x00000000e4500000| Untracked 
|  70|0x00000000e4600000, 0x00000000e4600000, 0x00000000e4700000|  0%| F|  |TAMS 0x00000000e4600000, 0x00000000e4600000| Untracked 
|  71|0x00000000e4700000, 0x00000000e4700000, 0x00000000e4800000|  0%| F|  |TAMS 0x00000000e4700000, 0x00000000e4700000| Untracked 
|  72|0x00000000e4800000, 0x00000000e4800000, 0x00000000e4900000|  0%| F|  |TAMS 0x00000000e4800000, 0x00000000e4800000| Untracked 
|  73|0x00000000e4900000, 0x00000000e4900000, 0x00000000e4a00000|  0%| F|  |TAMS 0x00000000e4900000, 0x00000000e4900000| Untracked 
|  74|0x00000000e4a00000, 0x00000000e4a00000, 0x00000000e4b00000|  0%| F|  |TAMS 0x00000000e4a00000, 0x00000000e4a00000| Untracked 
|  75|0x00000000e4b00000, 0x00000000e4b00000, 0x00000000e4c00000|  0%| F|  |TAMS 0x00000000e4b00000, 0x00000000e4b00000| Untracked 
|  76|0x00000000e4c00000, 0x00000000e4c00000, 0x00000000e4d00000|  0%| F|  |TAMS 0x00000000e4c00000, 0x00000000e4c00000| Untracked 
|  77|0x00000000e4d00000, 0x00000000e4d00000, 0x00000000e4e00000|  0%| F|  |TAMS 0x00000000e4d00000, 0x00000000e4d00000| Untracked 
|  78|0x00000000e4e00000, 0x00000000e4e00000, 0x00000000e4f00000|  0%| F|  |TAMS 0x00000000e4e00000, 0x00000000e4e00000| Untracked 
|  79|0x00000000e4f00000, 0x00000000e4f00000, 0x00000000e5000000|  0%| F|  |TAMS 0x00000000e4f00000, 0x00000000e4f00000| Untracked 
|  80|0x00000000e5000000, 0x00000000e5000000, 0x00000000e5100000|  0%| F|  |TAMS 0x00000000e5000000, 0x00000000e5000000| Untracked 
|  81|0x00000000e5100000, 0x00000000e5100000, 0x00000000e5200000|  0%| F|  |TAMS 0x00000000e5100000, 0x00000000e5100000| Untracked 
|  82|0x00000000e5200000, 0x00000000e5200000, 0x00000000e5300000|  0%| F|  |TAMS 0x00000000e5200000, 0x00000000e5200000| Untracked 
|  83|0x00000000e5300000, 0x00000000e5300000, 0x00000000e5400000|  0%| F|  |TAMS 0x00000000e5300000, 0x00000000e5300000| Untracked 
|  84|0x00000000e5400000, 0x00000000e5400000, 0x00000000e5500000|  0%| F|  |TAMS 0x00000000e5400000, 0x00000000e5400000| Untracked 
|  85|0x00000000e5500000, 0x00000000e5500000, 0x00000000e5600000|  0%| F|  |TAMS 0x00000000e5500000, 0x00000000e5500000| Untracked 
|  86|0x00000000e5600000, 0x00000000e5600000, 0x00000000e5700000|  0%| F|  |TAMS 0x00000000e5600000, 0x00000000e5600000| Untracked 
|  87|0x00000000e5700000, 0x00000000e5700000, 0x00000000e5800000|  0%| F|  |TAMS 0x00000000e5700000, 0x00000000e5700000| Untracked 
|  88|0x00000000e5800000, 0x00000000e5800000, 0x00000000e5900000|  0%| F|  |TAMS 0x00000000e5800000, 0x00000000e5800000| Untracked 
|  89|0x00000000e5900000, 0x00000000e5900000, 0x00000000e5a00000|  0%| F|  |TAMS 0x00000000e5900000, 0x00000000e5900000| Untracked 
|  90|0x00000000e5a00000, 0x00000000e5a00000, 0x00000000e5b00000|  0%| F|  |TAMS 0x00000000e5a00000, 0x00000000e5a00000| Untracked 
|  91|0x00000000e5b00000, 0x00000000e5b00000, 0x00000000e5c00000|  0%| F|  |TAMS 0x00000000e5b00000, 0x00000000e5b00000| Untracked 
|  92|0x00000000e5c00000, 0x00000000e5c00000, 0x00000000e5d00000|  0%| F|  |TAMS 0x00000000e5c00000, 0x00000000e5c00000| Untracked 
|  93|0x00000000e5d00000, 0x00000000e5d00000, 0x00000000e5e00000|  0%| F|  |TAMS 0x00000000e5d00000, 0x00000000e5d00000| Untracked 
|  94|0x00000000e5e00000, 0x00000000e5e00000, 0x00000000e5f00000|  0%| F|  |TAMS 0x00000000e5e00000, 0x00000000e5e00000| Untracked 
|  95|0x00000000e5f00000, 0x00000000e5f00000, 0x00000000e6000000|  0%| F|  |TAMS 0x00000000e5f00000, 0x00000000e5f00000| Untracked 
|  96|0x00000000e6000000, 0x00000000e6000000, 0x00000000e6100000|  0%| F|  |TAMS 0x00000000e6000000, 0x00000000e6000000| Untracked 
|  97|0x00000000e6100000, 0x00000000e6100000, 0x00000000e6200000|  0%| F|  |TAMS 0x00000000e6100000, 0x00000000e6100000| Untracked 
|  98|0x00000000e6200000, 0x00000000e6200000, 0x00000000e6300000|  0%| F|  |TAMS 0x00000000e6200000, 0x00000000e6200000| Untracked 
|  99|0x00000000e6300000, 0x00000000e6300000, 0x00000000e6400000|  0%| F|  |TAMS 0x00000000e6300000, 0x00000000e6300000| Untracked 
| 100|0x00000000e6400000, 0x00000000e6400000, 0x00000000e6500000|  0%| F|  |TAMS 0x00000000e6400000, 0x00000000e6400000| Untracked 
| 101|0x00000000e6500000, 0x00000000e6500000, 0x00000000e6600000|  0%| F|  |TAMS 0x00000000e6500000, 0x00000000e6500000| Untracked 
| 102|0x00000000e6600000, 0x00000000e6600000, 0x00000000e6700000|  0%| F|  |TAMS 0x00000000e6600000, 0x00000000e6600000| Untracked 
| 103|0x00000000e6700000, 0x00000000e6700000, 0x00000000e6800000|  0%| F|  |TAMS 0x00000000e6700000, 0x00000000e6700000| Untracked 
| 104|0x00000000e6800000, 0x00000000e6800000, 0x00000000e6900000|  0%| F|  |TAMS 0x00000000e6800000, 0x00000000e6800000| Untracked 
| 105|0x00000000e6900000, 0x00000000e6900000, 0x00000000e6a00000|  0%| F|  |TAMS 0x00000000e6900000, 0x00000000e6900000| Untracked 
| 106|0x00000000e6a00000, 0x00000000e6a00000, 0x00000000e6b00000|  0%| F|  |TAMS 0x00000000e6a00000, 0x00000000e6a00000| Untracked 
| 107|0x00000000e6b00000, 0x00000000e6b00000, 0x00000000e6c00000|  0%| F|  |TAMS 0x00000000e6b00000, 0x00000000e6b00000| Untracked 
| 108|0x00000000e6c00000, 0x00000000e6c00000, 0x00000000e6d00000|  0%| F|  |TAMS 0x00000000e6c00000, 0x00000000e6c00000| Untracked 
| 109|0x00000000e6d00000, 0x00000000e6d00000, 0x00000000e6e00000|  0%| F|  |TAMS 0x00000000e6d00000, 0x00000000e6d00000| Untracked 
| 110|0x00000000e6e00000, 0x00000000e6e00000, 0x00000000e6f00000|  0%| F|  |TAMS 0x00000000e6e00000, 0x00000000e6e00000| Untracked 
| 111|0x00000000e6f00000, 0x00000000e6f00000, 0x00000000e7000000|  0%| F|  |TAMS 0x00000000e6f00000, 0x00000000e6f00000| Untracked 
| 112|0x00000000e7000000, 0x00000000e7000000, 0x00000000e7100000|  0%| F|  |TAMS 0x00000000e7000000, 0x00000000e7000000| Untracked 
| 113|0x00000000e7100000, 0x00000000e7100000, 0x00000000e7200000|  0%| F|  |TAMS 0x00000000e7100000, 0x00000000e7100000| Untracked 
| 114|0x00000000e7200000, 0x00000000e7200000, 0x00000000e7300000|  0%| F|  |TAMS 0x00000000e7200000, 0x00000000e7200000| Untracked 
| 115|0x00000000e7300000, 0x00000000e7300000, 0x00000000e7400000|  0%| F|  |TAMS 0x00000000e7300000, 0x00000000e7300000| Untracked 
| 116|0x00000000e7400000, 0x00000000e7400000, 0x00000000e7500000|  0%| F|  |TAMS 0x00000000e7400000, 0x00000000e7400000| Untracked 
| 117|0x00000000e7500000, 0x00000000e7500000, 0x00000000e7600000|  0%| F|  |TAMS 0x00000000e7500000, 0x00000000e7500000| Untracked 
| 118|0x00000000e7600000, 0x00000000e7600000, 0x00000000e7700000|  0%| F|  |TAMS 0x00000000e7600000, 0x00000000e7600000| Untracked 
| 119|0x00000000e7700000, 0x00000000e7700000, 0x00000000e7800000|  0%| F|  |TAMS 0x00000000e7700000, 0x00000000e7700000| Untracked 
| 120|0x00000000e7800000, 0x00000000e7800000, 0x00000000e7900000|  0%| F|  |TAMS 0x00000000e7800000, 0x00000000e7800000| Untracked 
| 121|0x00000000e7900000, 0x00000000e7900000, 0x00000000e7a00000|  0%| F|  |TAMS 0x00000000e7900000, 0x00000000e7900000| Untracked 
| 122|0x00000000e7a00000, 0x00000000e7a00000, 0x00000000e7b00000|  0%| F|  |TAMS 0x00000000e7a00000, 0x00000000e7a00000| Untracked 
| 123|0x00000000e7b00000, 0x00000000e7b00000, 0x00000000e7c00000|  0%| F|  |TAMS 0x00000000e7b00000, 0x00000000e7b00000| Untracked 
| 124|0x00000000e7c00000, 0x00000000e7c00000, 0x00000000e7d00000|  0%| F|  |TAMS 0x00000000e7c00000, 0x00000000e7c00000| Untracked 
| 125|0x00000000e7d00000, 0x00000000e7d00000, 0x00000000e7e00000|  0%| F|  |TAMS 0x00000000e7d00000, 0x00000000e7d00000| Untracked 
| 126|0x00000000e7e00000, 0x00000000e7e00000, 0x00000000e7f00000|  0%| F|  |TAMS 0x00000000e7e00000, 0x00000000e7e00000| Untracked 
| 127|0x00000000e7f00000, 0x00000000e7f00000, 0x00000000e8000000|  0%| F|  |TAMS 0x00000000e7f00000, 0x00000000e7f00000| Untracked 
| 128|0x00000000e8000000, 0x00000000e8000000, 0x00000000e8100000|  0%| F|  |TAMS 0x00000000e8000000, 0x00000000e8000000| Untracked 
| 129|0x00000000e8100000, 0x00000000e8100000, 0x00000000e8200000|  0%| F|  |TAMS 0x00000000e8100000, 0x00000000e8100000| Untracked 
| 130|0x00000000e8200000, 0x00000000e8200000, 0x00000000e8300000|  0%| F|  |TAMS 0x00000000e8200000, 0x00000000e8200000| Untracked 
| 131|0x00000000e8300000, 0x00000000e8365ac0, 0x00000000e8400000| 39%| S|CS|TAMS 0x00000000e8300000, 0x00000000e8300000| Complete 
| 132|0x00000000e8400000, 0x00000000e8500000, 0x00000000e8500000|100%| S|CS|TAMS 0x00000000e8400000, 0x00000000e8400000| Complete 
| 133|0x00000000e8500000, 0x00000000e8600000, 0x00000000e8600000|100%| S|CS|TAMS 0x00000000e8500000, 0x00000000e8500000| Complete 
| 134|0x00000000e8600000, 0x00000000e8700000, 0x00000000e8700000|100%| S|CS|TAMS 0x00000000e8600000, 0x00000000e8600000| Complete 
| 135|0x00000000e8700000, 0x00000000e8800000, 0x00000000e8800000|100%| S|CS|TAMS 0x00000000e8700000, 0x00000000e8700000| Complete 
| 136|0x00000000e8800000, 0x00000000e8900000, 0x00000000e8900000|100%| S|CS|TAMS 0x00000000e8800000, 0x00000000e8800000| Complete 
| 137|0x00000000e8900000, 0x00000000e8a00000, 0x00000000e8a00000|100%| S|CS|TAMS 0x00000000e8900000, 0x00000000e8900000| Complete 
| 138|0x00000000e8a00000, 0x00000000e8b00000, 0x00000000e8b00000|100%| S|CS|TAMS 0x00000000e8a00000, 0x00000000e8a00000| Complete 
| 139|0x00000000e8b00000, 0x00000000e8c00000, 0x00000000e8c00000|100%| S|CS|TAMS 0x00000000e8b00000, 0x00000000e8b00000| Complete 
| 140|0x00000000e8c00000, 0x00000000e8d00000, 0x00000000e8d00000|100%| S|CS|TAMS 0x00000000e8c00000, 0x00000000e8c00000| Complete 
| 141|0x00000000e8d00000, 0x00000000e8e00000, 0x00000000e8e00000|100%| S|CS|TAMS 0x00000000e8d00000, 0x00000000e8d00000| Complete 
| 142|0x00000000e8e00000, 0x00000000e8f00000, 0x00000000e8f00000|100%| S|CS|TAMS 0x00000000e8e00000, 0x00000000e8e00000| Complete 
| 143|0x00000000e8f00000, 0x00000000e9000000, 0x00000000e9000000|100%| S|CS|TAMS 0x00000000e8f00000, 0x00000000e8f00000| Complete 
| 144|0x00000000e9000000, 0x00000000e9100000, 0x00000000e9100000|100%| S|CS|TAMS 0x00000000e9000000, 0x00000000e9000000| Complete 
| 145|0x00000000e9100000, 0x00000000e9100000, 0x00000000e9200000|  0%| F|  |TAMS 0x00000000e9100000, 0x00000000e9100000| Untracked 
| 146|0x00000000e9200000, 0x00000000e9200000, 0x00000000e9300000|  0%| F|  |TAMS 0x00000000e9200000, 0x00000000e9200000| Untracked 
| 147|0x00000000e9300000, 0x00000000e9300000, 0x00000000e9400000|  0%| F|  |TAMS 0x00000000e9300000, 0x00000000e9300000| Untracked 
| 148|0x00000000e9400000, 0x00000000e9400000, 0x00000000e9500000|  0%| F|  |TAMS 0x00000000e9400000, 0x00000000e9400000| Untracked 
| 149|0x00000000e9500000, 0x00000000e9500000, 0x00000000e9600000|  0%| F|  |TAMS 0x00000000e9500000, 0x00000000e9500000| Untracked 
| 150|0x00000000e9600000, 0x00000000e9600000, 0x00000000e9700000|  0%| F|  |TAMS 0x00000000e9600000, 0x00000000e9600000| Untracked 
| 151|0x00000000e9700000, 0x00000000e9700000, 0x00000000e9800000|  0%| F|  |TAMS 0x00000000e9700000, 0x00000000e9700000| Untracked 
| 152|0x00000000e9800000, 0x00000000e9800000, 0x00000000e9900000|  0%| F|  |TAMS 0x00000000e9800000, 0x00000000e9800000| Untracked 
| 153|0x00000000e9900000, 0x00000000e9900000, 0x00000000e9a00000|  0%| F|  |TAMS 0x00000000e9900000, 0x00000000e9900000| Untracked 
| 154|0x00000000e9a00000, 0x00000000e9a00000, 0x00000000e9b00000|  0%| F|  |TAMS 0x00000000e9a00000, 0x00000000e9a00000| Untracked 
| 155|0x00000000e9b00000, 0x00000000e9b00000, 0x00000000e9c00000|  0%| F|  |TAMS 0x00000000e9b00000, 0x00000000e9b00000| Untracked 
| 156|0x00000000e9c00000, 0x00000000e9c00000, 0x00000000e9d00000|  0%| F|  |TAMS 0x00000000e9c00000, 0x00000000e9c00000| Untracked 
| 157|0x00000000e9d00000, 0x00000000e9d00000, 0x00000000e9e00000|  0%| F|  |TAMS 0x00000000e9d00000, 0x00000000e9d00000| Untracked 
| 158|0x00000000e9e00000, 0x00000000e9e00000, 0x00000000e9f00000|  0%| F|  |TAMS 0x00000000e9e00000, 0x00000000e9e00000| Untracked 
| 159|0x00000000e9f00000, 0x00000000e9f00000, 0x00000000ea000000|  0%| F|  |TAMS 0x00000000e9f00000, 0x00000000e9f00000| Untracked 
| 160|0x00000000ea000000, 0x00000000ea000000, 0x00000000ea100000|  0%| F|  |TAMS 0x00000000ea000000, 0x00000000ea000000| Untracked 
| 161|0x00000000ea100000, 0x00000000ea100000, 0x00000000ea200000|  0%| F|  |TAMS 0x00000000ea100000, 0x00000000ea100000| Untracked 
| 162|0x00000000ea200000, 0x00000000ea200000, 0x00000000ea300000|  0%| F|  |TAMS 0x00000000ea200000, 0x00000000ea200000| Untracked 
| 163|0x00000000ea300000, 0x00000000ea300000, 0x00000000ea400000|  0%| F|  |TAMS 0x00000000ea300000, 0x00000000ea300000| Untracked 
| 164|0x00000000ea400000, 0x00000000ea400000, 0x00000000ea500000|  0%| F|  |TAMS 0x00000000ea400000, 0x00000000ea400000| Untracked 
| 165|0x00000000ea500000, 0x00000000ea500000, 0x00000000ea600000|  0%| F|  |TAMS 0x00000000ea500000, 0x00000000ea500000| Untracked 
| 166|0x00000000ea600000, 0x00000000ea600000, 0x00000000ea700000|  0%| F|  |TAMS 0x00000000ea600000, 0x00000000ea600000| Untracked 
| 167|0x00000000ea700000, 0x00000000ea700000, 0x00000000ea800000|  0%| F|  |TAMS 0x00000000ea700000, 0x00000000ea700000| Untracked 
| 168|0x00000000ea800000, 0x00000000ea800000, 0x00000000ea900000|  0%| F|  |TAMS 0x00000000ea800000, 0x00000000ea800000| Untracked 
| 169|0x00000000ea900000, 0x00000000ea900000, 0x00000000eaa00000|  0%| F|  |TAMS 0x00000000ea900000, 0x00000000ea900000| Untracked 
| 170|0x00000000eaa00000, 0x00000000eaa00000, 0x00000000eab00000|  0%| F|  |TAMS 0x00000000eaa00000, 0x00000000eaa00000| Untracked 
| 171|0x00000000eab00000, 0x00000000eab00000, 0x00000000eac00000|  0%| F|  |TAMS 0x00000000eab00000, 0x00000000eab00000| Untracked 
| 172|0x00000000eac00000, 0x00000000eac00000, 0x00000000ead00000|  0%| F|  |TAMS 0x00000000eac00000, 0x00000000eac00000| Untracked 
| 173|0x00000000ead00000, 0x00000000ead00000, 0x00000000eae00000|  0%| F|  |TAMS 0x00000000ead00000, 0x00000000ead00000| Untracked 
| 174|0x00000000eae00000, 0x00000000eae00000, 0x00000000eaf00000|  0%| F|  |TAMS 0x00000000eae00000, 0x00000000eae00000| Untracked 
| 175|0x00000000eaf00000, 0x00000000eaf00000, 0x00000000eb000000|  0%| F|  |TAMS 0x00000000eaf00000, 0x00000000eaf00000| Untracked 
| 176|0x00000000eb000000, 0x00000000eb000000, 0x00000000eb100000|  0%| F|  |TAMS 0x00000000eb000000, 0x00000000eb000000| Untracked 
| 177|0x00000000eb100000, 0x00000000eb100000, 0x00000000eb200000|  0%| F|  |TAMS 0x00000000eb100000, 0x00000000eb100000| Untracked 
| 178|0x00000000eb200000, 0x00000000eb200000, 0x00000000eb300000|  0%| F|  |TAMS 0x00000000eb200000, 0x00000000eb200000| Untracked 
| 179|0x00000000eb300000, 0x00000000eb300000, 0x00000000eb400000|  0%| F|  |TAMS 0x00000000eb300000, 0x00000000eb300000| Untracked 
| 180|0x00000000eb400000, 0x00000000eb400000, 0x00000000eb500000|  0%| F|  |TAMS 0x00000000eb400000, 0x00000000eb400000| Untracked 
| 181|0x00000000eb500000, 0x00000000eb500000, 0x00000000eb600000|  0%| F|  |TAMS 0x00000000eb500000, 0x00000000eb500000| Untracked 
| 182|0x00000000eb600000, 0x00000000eb600000, 0x00000000eb700000|  0%| F|  |TAMS 0x00000000eb600000, 0x00000000eb600000| Untracked 
| 183|0x00000000eb700000, 0x00000000eb700000, 0x00000000eb800000|  0%| F|  |TAMS 0x00000000eb700000, 0x00000000eb700000| Untracked 
| 184|0x00000000eb800000, 0x00000000eb800000, 0x00000000eb900000|  0%| F|  |TAMS 0x00000000eb800000, 0x00000000eb800000| Untracked 
| 185|0x00000000eb900000, 0x00000000eb900000, 0x00000000eba00000|  0%| F|  |TAMS 0x00000000eb900000, 0x00000000eb900000| Untracked 
| 186|0x00000000eba00000, 0x00000000eba00000, 0x00000000ebb00000|  0%| F|  |TAMS 0x00000000eba00000, 0x00000000eba00000| Untracked 
| 187|0x00000000ebb00000, 0x00000000ebb00000, 0x00000000ebc00000|  0%| F|  |TAMS 0x00000000ebb00000, 0x00000000ebb00000| Untracked 
| 188|0x00000000ebc00000, 0x00000000ebc00000, 0x00000000ebd00000|  0%| F|  |TAMS 0x00000000ebc00000, 0x00000000ebc00000| Untracked 
| 189|0x00000000ebd00000, 0x00000000ebd00000, 0x00000000ebe00000|  0%| F|  |TAMS 0x00000000ebd00000, 0x00000000ebd00000| Untracked 
| 190|0x00000000ebe00000, 0x00000000ebe00000, 0x00000000ebf00000|  0%| F|  |TAMS 0x00000000ebe00000, 0x00000000ebe00000| Untracked 
| 191|0x00000000ebf00000, 0x00000000ebf00000, 0x00000000ec000000|  0%| F|  |TAMS 0x00000000ebf00000, 0x00000000ebf00000| Untracked 
| 192|0x00000000ec000000, 0x00000000ec000000, 0x00000000ec100000|  0%| F|  |TAMS 0x00000000ec000000, 0x00000000ec000000| Untracked 
| 193|0x00000000ec100000, 0x00000000ec100000, 0x00000000ec200000|  0%| F|  |TAMS 0x00000000ec100000, 0x00000000ec100000| Untracked 
| 194|0x00000000ec200000, 0x00000000ec200000, 0x00000000ec300000|  0%| F|  |TAMS 0x00000000ec200000, 0x00000000ec200000| Untracked 
| 195|0x00000000ec300000, 0x00000000ec300000, 0x00000000ec400000|  0%| F|  |TAMS 0x00000000ec300000, 0x00000000ec300000| Untracked 
| 196|0x00000000ec400000, 0x00000000ec400000, 0x00000000ec500000|  0%| F|  |TAMS 0x00000000ec400000, 0x00000000ec400000| Untracked 
| 197|0x00000000ec500000, 0x00000000ec500000, 0x00000000ec600000|  0%| F|  |TAMS 0x00000000ec500000, 0x00000000ec500000| Untracked 
| 198|0x00000000ec600000, 0x00000000ec600000, 0x00000000ec700000|  0%| F|  |TAMS 0x00000000ec600000, 0x00000000ec600000| Untracked 
| 199|0x00000000ec700000, 0x00000000ec700000, 0x00000000ec800000|  0%| F|  |TAMS 0x00000000ec700000, 0x00000000ec700000| Untracked 
| 200|0x00000000ec800000, 0x00000000ec800000, 0x00000000ec900000|  0%| F|  |TAMS 0x00000000ec800000, 0x00000000ec800000| Untracked 
| 201|0x00000000ec900000, 0x00000000ec900000, 0x00000000eca00000|  0%| F|  |TAMS 0x00000000ec900000, 0x00000000ec900000| Untracked 
| 202|0x00000000eca00000, 0x00000000eca00000, 0x00000000ecb00000|  0%| F|  |TAMS 0x00000000eca00000, 0x00000000eca00000| Untracked 
| 203|0x00000000ecb00000, 0x00000000ecb00000, 0x00000000ecc00000|  0%| F|  |TAMS 0x00000000ecb00000, 0x00000000ecb00000| Untracked 
| 204|0x00000000ecc00000, 0x00000000ecc00000, 0x00000000ecd00000|  0%| F|  |TAMS 0x00000000ecc00000, 0x00000000ecc00000| Untracked 
| 205|0x00000000ecd00000, 0x00000000ecd00000, 0x00000000ece00000|  0%| F|  |TAMS 0x00000000ecd00000, 0x00000000ecd00000| Untracked 
| 206|0x00000000ece00000, 0x00000000ece00000, 0x00000000ecf00000|  0%| F|  |TAMS 0x00000000ece00000, 0x00000000ece00000| Untracked 
| 207|0x00000000ecf00000, 0x00000000ecf00000, 0x00000000ed000000|  0%| F|  |TAMS 0x00000000ecf00000, 0x00000000ecf00000| Untracked 
| 208|0x00000000ed000000, 0x00000000ed000000, 0x00000000ed100000|  0%| F|  |TAMS 0x00000000ed000000, 0x00000000ed000000| Untracked 
| 209|0x00000000ed100000, 0x00000000ed100000, 0x00000000ed200000|  0%| F|  |TAMS 0x00000000ed100000, 0x00000000ed100000| Untracked 
| 210|0x00000000ed200000, 0x00000000ed200000, 0x00000000ed300000|  0%| F|  |TAMS 0x00000000ed200000, 0x00000000ed200000| Untracked 
| 211|0x00000000ed300000, 0x00000000ed300000, 0x00000000ed400000|  0%| F|  |TAMS 0x00000000ed300000, 0x00000000ed300000| Untracked 
| 212|0x00000000ed400000, 0x00000000ed400000, 0x00000000ed500000|  0%| F|  |TAMS 0x00000000ed400000, 0x00000000ed400000| Untracked 
| 213|0x00000000ed500000, 0x00000000ed500000, 0x00000000ed600000|  0%| F|  |TAMS 0x00000000ed500000, 0x00000000ed500000| Untracked 
| 214|0x00000000ed600000, 0x00000000ed600000, 0x00000000ed700000|  0%| F|  |TAMS 0x00000000ed600000, 0x00000000ed600000| Untracked 
| 215|0x00000000ed700000, 0x00000000ed700000, 0x00000000ed800000|  0%| F|  |TAMS 0x00000000ed700000, 0x00000000ed700000| Untracked 
| 216|0x00000000ed800000, 0x00000000ed800000, 0x00000000ed900000|  0%| F|  |TAMS 0x00000000ed800000, 0x00000000ed800000| Untracked 
| 217|0x00000000ed900000, 0x00000000ed900000, 0x00000000eda00000|  0%| F|  |TAMS 0x00000000ed900000, 0x00000000ed900000| Untracked 
| 218|0x00000000eda00000, 0x00000000eda00000, 0x00000000edb00000|  0%| F|  |TAMS 0x00000000eda00000, 0x00000000eda00000| Untracked 
| 219|0x00000000edb00000, 0x00000000edb00000, 0x00000000edc00000|  0%| F|  |TAMS 0x00000000edb00000, 0x00000000edb00000| Untracked 
| 220|0x00000000edc00000, 0x00000000edc00000, 0x00000000edd00000|  0%| F|  |TAMS 0x00000000edc00000, 0x00000000edc00000| Untracked 
| 221|0x00000000edd00000, 0x00000000edd00000, 0x00000000ede00000|  0%| F|  |TAMS 0x00000000edd00000, 0x00000000edd00000| Untracked 
| 222|0x00000000ede00000, 0x00000000ede00000, 0x00000000edf00000|  0%| F|  |TAMS 0x00000000ede00000, 0x00000000ede00000| Untracked 
| 223|0x00000000edf00000, 0x00000000edf00000, 0x00000000ee000000|  0%| F|  |TAMS 0x00000000edf00000, 0x00000000edf00000| Untracked 
| 224|0x00000000ee000000, 0x00000000ee000000, 0x00000000ee100000|  0%| F|  |TAMS 0x00000000ee000000, 0x00000000ee000000| Untracked 
| 225|0x00000000ee100000, 0x00000000ee100000, 0x00000000ee200000|  0%| F|  |TAMS 0x00000000ee100000, 0x00000000ee100000| Untracked 
| 226|0x00000000ee200000, 0x00000000ee300000, 0x00000000ee300000|100%| E|  |TAMS 0x00000000ee200000, 0x00000000ee200000| Complete 
| 227|0x00000000ee300000, 0x00000000ee400000, 0x00000000ee400000|100%| E|CS|TAMS 0x00000000ee300000, 0x00000000ee300000| Complete 
| 228|0x00000000ee400000, 0x00000000ee500000, 0x00000000ee500000|100%| E|CS|TAMS 0x00000000ee400000, 0x00000000ee400000| Complete 
| 229|0x00000000ee500000, 0x00000000ee600000, 0x00000000ee600000|100%| E|CS|TAMS 0x00000000ee500000, 0x00000000ee500000| Complete 
| 230|0x00000000ee600000, 0x00000000ee700000, 0x00000000ee700000|100%| E|CS|TAMS 0x00000000ee600000, 0x00000000ee600000| Complete 
| 231|0x00000000ee700000, 0x00000000ee800000, 0x00000000ee800000|100%| E|CS|TAMS 0x00000000ee700000, 0x00000000ee700000| Complete 
| 232|0x00000000ee800000, 0x00000000ee900000, 0x00000000ee900000|100%| E|CS|TAMS 0x00000000ee800000, 0x00000000ee800000| Complete 
| 233|0x00000000ee900000, 0x00000000eea00000, 0x00000000eea00000|100%| E|CS|TAMS 0x00000000ee900000, 0x00000000ee900000| Complete 
| 234|0x00000000eea00000, 0x00000000eeb00000, 0x00000000eeb00000|100%| E|CS|TAMS 0x00000000eea00000, 0x00000000eea00000| Complete 
| 235|0x00000000eeb00000, 0x00000000eec00000, 0x00000000eec00000|100%| E|CS|TAMS 0x00000000eeb00000, 0x00000000eeb00000| Complete 
| 236|0x00000000eec00000, 0x00000000eed00000, 0x00000000eed00000|100%| E|CS|TAMS 0x00000000eec00000, 0x00000000eec00000| Complete 
| 237|0x00000000eed00000, 0x00000000eee00000, 0x00000000eee00000|100%| E|CS|TAMS 0x00000000eed00000, 0x00000000eed00000| Complete 
| 238|0x00000000eee00000, 0x00000000eef00000, 0x00000000eef00000|100%| E|CS|TAMS 0x00000000eee00000, 0x00000000eee00000| Complete 
| 239|0x00000000eef00000, 0x00000000ef000000, 0x00000000ef000000|100%| E|CS|TAMS 0x00000000eef00000, 0x00000000eef00000| Complete 
| 240|0x00000000ef000000, 0x00000000ef100000, 0x00000000ef100000|100%| E|CS|TAMS 0x00000000ef000000, 0x00000000ef000000| Complete 
| 241|0x00000000ef100000, 0x00000000ef200000, 0x00000000ef200000|100%| E|CS|TAMS 0x00000000ef100000, 0x00000000ef100000| Complete 
| 242|0x00000000ef200000, 0x00000000ef300000, 0x00000000ef300000|100%| E|CS|TAMS 0x00000000ef200000, 0x00000000ef200000| Complete 
| 243|0x00000000ef300000, 0x00000000ef400000, 0x00000000ef400000|100%| E|CS|TAMS 0x00000000ef300000, 0x00000000ef300000| Complete 
| 244|0x00000000ef400000, 0x00000000ef500000, 0x00000000ef500000|100%| E|CS|TAMS 0x00000000ef400000, 0x00000000ef400000| Complete 
| 245|0x00000000ef500000, 0x00000000ef600000, 0x00000000ef600000|100%| E|CS|TAMS 0x00000000ef500000, 0x00000000ef500000| Complete 
| 246|0x00000000ef600000, 0x00000000ef700000, 0x00000000ef700000|100%| E|CS|TAMS 0x00000000ef600000, 0x00000000ef600000| Complete 
| 247|0x00000000ef700000, 0x00000000ef800000, 0x00000000ef800000|100%| E|CS|TAMS 0x00000000ef700000, 0x00000000ef700000| Complete 
| 248|0x00000000ef800000, 0x00000000ef900000, 0x00000000ef900000|100%| E|CS|TAMS 0x00000000ef800000, 0x00000000ef800000| Complete 
| 249|0x00000000ef900000, 0x00000000efa00000, 0x00000000efa00000|100%| E|CS|TAMS 0x00000000ef900000, 0x00000000ef900000| Complete 
| 250|0x00000000efa00000, 0x00000000efb00000, 0x00000000efb00000|100%| E|CS|TAMS 0x00000000efa00000, 0x00000000efa00000| Complete 
| 251|0x00000000efb00000, 0x00000000efc00000, 0x00000000efc00000|100%| E|CS|TAMS 0x00000000efb00000, 0x00000000efb00000| Complete 
| 252|0x00000000efc00000, 0x00000000efd00000, 0x00000000efd00000|100%| E|CS|TAMS 0x00000000efc00000, 0x00000000efc00000| Complete 
| 253|0x00000000efd00000, 0x00000000efe00000, 0x00000000efe00000|100%| E|CS|TAMS 0x00000000efd00000, 0x00000000efd00000| Complete 
| 254|0x00000000efe00000, 0x00000000eff00000, 0x00000000eff00000|100%| E|CS|TAMS 0x00000000efe00000, 0x00000000efe00000| Complete 
| 255|0x00000000eff00000, 0x00000000f0000000, 0x00000000f0000000|100%| E|CS|TAMS 0x00000000eff00000, 0x00000000eff00000| Complete 

Card table byte_map: [0x0000022bc9b40000,0x0000022bc9c40000] _byte_map_base: 0x0000022bc9440000

Marking Bits (Prev, Next): (CMBitMap*) 0x0000022bb2eb6190, (CMBitMap*) 0x0000022bb2eb6150
 Prev Bits: [0x0000022bca540000, 0x0000022bcad40000)
 Next Bits: [0x0000022bc9d40000, 0x0000022bca540000)

Polling page: 0x0000022bb2630000

Metaspace:

Usage:
  Non-class:     20.68 MB used.
      Class:      3.66 MB used.
       Both:     24.34 MB used.

Virtual space:
  Non-class space:       64.00 MB reserved,      20.88 MB ( 33%) committed,  1 nodes.
      Class space:      208.00 MB reserved,       3.88 MB (  2%) committed,  1 nodes.
             Both:      272.00 MB reserved,      24.75 MB (  9%) committed. 

Chunk freelists:
   Non-Class:  10.56 MB
       Class:  12.17 MB
        Both:  22.73 MB

MaxMetaspaceSize: 256.00 MB
CompressedClassSpaceSize: 208.00 MB
Initial GC threshold: 21.00 MB
Current GC threshold: 35.12 MB
CDS: on
MetaspaceReclaimPolicy: balanced
 - commit_granule_bytes: 65536.
 - commit_granule_words: 8192.
 - virtual_space_node_default_size: 8388608.
 - enlarge_chunks_in_place: 1.
 - new_chunks_are_fully_committed: 0.
 - uncommit_free_chunks: 1.
 - use_allocation_guard: 0.
 - handle_deallocations: 1.


Internal statistics:

num_allocs_failed_limit: 3.
num_arena_births: 342.
num_arena_deaths: 0.
num_vsnodes_births: 2.
num_vsnodes_deaths: 0.
num_space_committed: 396.
num_space_uncommitted: 0.
num_chunks_returned_to_freelist: 3.
num_chunks_taken_from_freelist: 1312.
num_chunk_merges: 3.
num_chunk_splits: 844.
num_chunks_enlarged: 563.
num_inconsistent_stats: 0.

CodeHeap 'non-profiled nmethods': size=120000Kb used=1895Kb max_used=1895Kb free=118104Kb
 bounds [0x0000022bc21e0000, 0x0000022bc2450000, 0x0000022bc9710000]
CodeHeap 'profiled nmethods': size=120000Kb used=6927Kb max_used=6927Kb free=113072Kb
 bounds [0x0000022bba710000, 0x0000022bbade0000, 0x0000022bc1c40000]
CodeHeap 'non-nmethods': size=5760Kb used=1244Kb max_used=1284Kb free=4515Kb
 bounds [0x0000022bc1c40000, 0x0000022bc1eb0000, 0x0000022bc21e0000]
 total_blobs=3913 nmethods=3372 adapters=452
 compilation: enabled
              stopped_count=0, restarted_count=0
 full_count=0

Compilation events (20 events):
Event: 158.755 Thread 0x0000022bcd90b810 3374       1       com.google.common.collect.LinkedHashMultimap$ValueEntry::setPredecessorInMultimap (6 bytes)
Event: 158.755 Thread 0x0000022bcd90b810 nmethod 3374 0x0000022bc23b9810 code [0x0000022bc23b99a0, 0x0000022bc23b9ab8]
Event: 158.755 Thread 0x0000022bcd90b810 3375       3       java.util.Optional::orElseGet (21 bytes)
Event: 158.756 Thread 0x0000022bcd90b810 nmethod 3375 0x0000022bbadc4e90 code [0x0000022bbadc5040, 0x0000022bbadc5268]
Event: 158.763 Thread 0x0000022bcd90b810 3376       3       org.gradle.model.internal.asm.ClassVisitorScope::publicMethod (9 bytes)
Event: 158.763 Thread 0x0000022bcd90b810 nmethod 3376 0x0000022bbadc5310 code [0x0000022bbadc54c0, 0x0000022bbadc5688]
Event: 158.763 Thread 0x0000022bcd90b810 3377       3       org.objectweb.asm.MethodWriter::putAbstractTypes (31 bytes)
Event: 158.764 Thread 0x0000022bcd90b810 nmethod 3377 0x0000022bbadc5790 code [0x0000022bbadc5940, 0x0000022bbadc5b88]
Event: 158.771 Thread 0x0000022bcd90b810 3378       3       org.gradle.model.internal.asm.MethodVisitorScope::_INVOKESPECIAL (13 bytes)
Event: 158.771 Thread 0x0000022bcd90b810 nmethod 3378 0x0000022bbadc5d10 code [0x0000022bbadc5ea0, 0x0000022bbadc6008]
Event: 158.771 Thread 0x0000022bcd90b810 3379       3       org.objectweb.asm.Label::addForwardReference (102 bytes)
Event: 158.772 Thread 0x0000022bcd90b810 nmethod 3379 0x0000022bbadc6110 code [0x0000022bbadc62e0, 0x0000022bbadc67e8]
Event: 158.774 Thread 0x0000022bcd90b810 3380       3       org.gradle.model.internal.asm.MethodVisitorScope::_INVOKEVIRTUAL (12 bytes)
Event: 158.774 Thread 0x0000022bcd90b810 nmethod 3380 0x0000022bbadc6a10 code [0x0000022bbadc6ba0, 0x0000022bbadc6d08]
Event: 158.776 Thread 0x0000022bcd90b810 3381       3       org.gradle.model.internal.asm.MethodVisitorScope::_INVOKEVIRTUAL (11 bytes)
Event: 158.776 Thread 0x0000022bcd90b810 nmethod 3381 0x0000022bbadc6e10 code [0x0000022bbadc6fc0, 0x0000022bbadc7258]
Event: 158.778 Thread 0x0000022bcd90b810 3383       3       org.objectweb.asm.MethodWriter::putMethodInfo (1274 bytes)
Event: 158.786 Thread 0x0000022bcd90b810 nmethod 3383 0x0000022bbadc7390 code [0x0000022bbadc7a60, 0x0000022bbadca228]
Event: 158.786 Thread 0x0000022bcd90b810 3384       3       org.objectweb.asm.Handler::putExceptionTable (63 bytes)
Event: 158.787 Thread 0x0000022bcd90b810 nmethod 3384 0x0000022bbadcb510 code [0x0000022bbadcb720, 0x0000022bbadcbb88]

GC Heap History (6 events):
Event: 26.201 GC heap before
{Heap before GC invocations=0 (full 0):
 garbage-first heap   total 262144K, used 27648K [0x00000000e0000000, 0x0000000100000000)
  region size 1024K, 23 young (23552K), 0 survivors (0K)
 Metaspace       used 3021K, committed 3200K, reserved 278528K
  class space    used 380K, committed 448K, reserved 212992K
}
Event: 26.748 GC heap after
{Heap after GC invocations=1 (full 0):
 garbage-first heap   total 262144K, used 10109K [0x00000000e0000000, 0x0000000100000000)
  region size 1024K, 3 young (3072K), 3 survivors (3072K)
 Metaspace       used 3021K, committed 3200K, reserved 278528K
  class space    used 380K, committed 448K, reserved 212992K
}
Event: 38.044 GC heap before
{Heap before GC invocations=1 (full 0):
 garbage-first heap   total 262144K, used 37757K [0x00000000e0000000, 0x0000000100000000)
  region size 1024K, 29 young (29696K), 3 survivors (3072K)
 Metaspace       used 3907K, committed 4096K, reserved 278528K
  class space    used 476K, committed 576K, reserved 212992K
}
Event: 38.049 GC heap after
{Heap after GC invocations=2 (full 0):
 garbage-first heap   total 262144K, used 13077K [0x00000000e0000000, 0x0000000100000000)
  region size 1024K, 3 young (3072K), 3 survivors (3072K)
 Metaspace       used 3907K, committed 4096K, reserved 278528K
  class space    used 476K, committed 576K, reserved 212992K
}
Event: 147.143 GC heap before
{Heap before GC invocations=2 (full 0):
 garbage-first heap   total 262144K, used 132885K [0x00000000e0000000, 0x0000000100000000)
  region size 1024K, 111 young (113664K), 3 survivors (3072K)
 Metaspace       used 21158K, committed 21504K, reserved 278528K
  class space    used 3139K, committed 3328K, reserved 212992K
}
Event: 147.393 GC heap after
{Heap after GC invocations=3 (full 0):
 garbage-first heap   total 262144K, used 35164K [0x00000000e0000000, 0x0000000100000000)
  region size 1024K, 14 young (14336K), 14 survivors (14336K)
 Metaspace       used 21158K, committed 21504K, reserved 278528K
  class space    used 3139K, committed 3328K, reserved 212992K
}

Deoptimization events (20 events):
Event: 142.172 Thread 0x0000022be18ac080 Uncommon trap: trap_request=0xffffffc6 fr.pc=0x0000022bc2304190 relative=0x0000000000006050
Event: 142.172 Thread 0x0000022be18ac080 Uncommon trap: reason=bimorphic_or_optimized_type_check action=maybe_recompile pc=0x0000022bc2304190 method=java.lang.ClassLoader.loadClass(Ljava/lang/String;Z)Ljava/lang/Class; @ 38 c2
Event: 142.172 Thread 0x0000022be18ac080 DEOPT PACKING pc=0x0000022bc2304190 sp=0x000000ba9affba80
Event: 142.172 Thread 0x0000022be18ac080 DEOPT UNPACKING pc=0x0000022bc1c95ba3 sp=0x000000ba9affbaf0 mode 2
Event: 142.217 Thread 0x0000022be18ac080 Uncommon trap: trap_request=0xffffff45 fr.pc=0x0000022bc231c2e0 relative=0x0000000000006260
Event: 142.217 Thread 0x0000022be18ac080 Uncommon trap: reason=unstable_if action=reinterpret pc=0x0000022bc231c2e0 method=java.net.URLClassLoader.getAndVerifyPackage(Ljava/lang/String;Ljava/util/jar/Manifest;Ljava/net/URL;)Ljava/lang/Package; @ 62 c2
Event: 142.219 Thread 0x0000022be18ac080 DEOPT PACKING pc=0x0000022bc231c2e0 sp=0x000000ba9affbdb0
Event: 142.219 Thread 0x0000022be18ac080 DEOPT UNPACKING pc=0x0000022bc1c95ba3 sp=0x000000ba9affbb38 mode 2
Event: 142.237 Thread 0x0000022be18ac080 Uncommon trap: trap_request=0xffffff45 fr.pc=0x0000022bc232c148 relative=0x0000000000005928
Event: 142.237 Thread 0x0000022be18ac080 Uncommon trap: reason=unstable_if action=reinterpret pc=0x0000022bc232c148 method=java.net.URLClassLoader.getAndVerifyPackage(Ljava/lang/String;Ljava/util/jar/Manifest;Ljava/net/URL;)Ljava/lang/Package; @ 62 c2
Event: 142.237 Thread 0x0000022be18ac080 DEOPT PACKING pc=0x0000022bc232c148 sp=0x000000ba9affb660
Event: 142.237 Thread 0x0000022be18ac080 DEOPT UNPACKING pc=0x0000022bc1c95ba3 sp=0x000000ba9affb520 mode 2
Event: 142.329 Thread 0x0000022be18ac080 DEOPT PACKING pc=0x0000022bba7ce73d sp=0x000000ba9affafa0
Event: 142.329 Thread 0x0000022be18ac080 DEOPT UNPACKING pc=0x0000022bc1c966e3 sp=0x000000ba9affa438 mode 0
Event: 142.566 Thread 0x0000022be18ac080 DEOPT PACKING pc=0x0000022bba7ce73d sp=0x000000ba9affafa0
Event: 142.566 Thread 0x0000022be18ac080 DEOPT UNPACKING pc=0x0000022bc1c966e3 sp=0x000000ba9affa438 mode 0
Event: 153.579 Thread 0x0000022be18ac080 Uncommon trap: trap_request=0xffffff45 fr.pc=0x0000022bc22b55c4 relative=0x0000000000000484
Event: 153.579 Thread 0x0000022be18ac080 Uncommon trap: reason=unstable_if action=reinterpret pc=0x0000022bc22b55c4 method=java.util.HashMap.hash(Ljava/lang/Object;)I @ 1 c2
Event: 153.579 Thread 0x0000022be18ac080 DEOPT PACKING pc=0x0000022bc22b55c4 sp=0x000000ba9aff73d0
Event: 153.579 Thread 0x0000022be18ac080 DEOPT UNPACKING pc=0x0000022bc1c95ba3 sp=0x000000ba9aff7278 mode 2

Classes unloaded (0 events):
No events

Classes redefined (0 events):
No events

Internal exceptions (20 events):
Event: 143.117 Thread 0x0000022be18ac080 Exception <a 'java/lang/NoSuchMethodError'{0x00000000e979df50}: static Lorg/gradle/tooling/internal/consumer/versioning/VersionDetails;.<clinit>()V> (0x00000000e979df50) 
thrown [s\open\src\hotspot\share\prims\jni.cpp, line 1107]
Event: 143.117 Thread 0x0000022be18ac080 Exception <a 'java/lang/NoSuchMethodError'{0x00000000e97a08f8}: static Lorg/gradle/tooling/internal/consumer/versioning/VersionDetails$R26VersionDetails;.<clinit>()V> (0x00000000e97a08f8) 
thrown [s\open\src\hotspot\share\prims\jni.cpp, line 1107]
Event: 143.118 Thread 0x0000022be18ac080 Exception <a 'java/lang/NoSuchMethodError'{0x00000000e97a1e70}: static Lorg/gradle/tooling/internal/consumer/versioning/VersionDetails$R28VersionDetails;.<clinit>()V> (0x00000000e97a1e70) 
thrown [s\open\src\hotspot\share\prims\jni.cpp, line 1107]
Event: 143.118 Thread 0x0000022be18ac080 Exception <a 'java/lang/NoSuchMethodError'{0x00000000e97a3378}: static Lorg/gradle/tooling/internal/consumer/versioning/VersionDetails$R35VersionDetails;.<clinit>()V> (0x00000000e97a3378) 
thrown [s\open\src\hotspot\share\prims\jni.cpp, line 1107]
Event: 143.118 Thread 0x0000022be18ac080 Exception <a 'java/lang/NoSuchMethodError'{0x00000000e97a4a48}: static Lorg/gradle/tooling/internal/consumer/versioning/VersionDetails$R44VersionDetails;.<clinit>()V> (0x00000000e97a4a48) 
thrown [s\open\src\hotspot\share\prims\jni.cpp, line 1107]
Event: 143.118 Thread 0x0000022be18ac080 Exception <a 'java/lang/NoSuchMethodError'{0x00000000e97a6050}: static Lorg/gradle/tooling/internal/consumer/versioning/VersionDetails$R48VersionDetails;.<clinit>()V> (0x00000000e97a6050) 
thrown [s\open\src\hotspot\share\prims\jni.cpp, line 1107]
Event: 143.118 Thread 0x0000022be18ac080 Exception <a 'java/lang/NoSuchMethodError'{0x00000000e97a7250}: static Lorg/gradle/tooling/internal/consumer/versioning/VersionDetails$R51VersionDetails;.<clinit>()V> (0x00000000e97a7250) 
thrown [s\open\src\hotspot\share\prims\jni.cpp, line 1107]
Event: 143.570 Thread 0x0000022be18ac080 Exception <a 'java/lang/NoSuchMethodError'{0x00000000e969c5d0}: 'java.lang.Object java.lang.invoke.DirectMethodHandle$Holder.newInvokeSpecial(java.lang.Object, java.lang.Object, int)'> (0x00000000e969c5d0) 
thrown [s\open\src\hotspot\share\interpreter\linkResolver.cpp, line 759]
Event: 151.946 Thread 0x0000022be18ac080 Exception <a 'java/lang/NoSuchMethodError'{0x00000000ef971a10}: 'java.lang.Object java.lang.invoke.DirectMethodHandle$Holder.invokeSpecialIFC(java.lang.Object, java.lang.Object, java.lang.Object, java.lang.Object)'> (0x00000000ef971a10) 
thrown [s\open\src\hotspot\share\interpreter\linkResolver.cpp, line 759]
Event: 153.579 Thread 0x0000022be18ac080 Implicit null exception at 0x0000022bc22b518c to 0x0000022bc22b55a8
Event: 154.311 Thread 0x0000022be18ac080 Exception <a 'java/lang/NoSuchMethodError'{0x00000000ef15d648}: 'java.lang.Object java.lang.invoke.DirectMethodHandle$Holder.invokeSpecial(java.lang.Object, java.lang.Object, java.lang.Object, java.lang.Object, java.lang.Object, java.lang.Object, java.lang.Object, java.lang.Object, java.lang.Object, java.lang.Object, java.lang.Object, java.lang.Object, java.lang.Object)'> (0x00000000ef15d648) 
thrown [s\open\src\hotspot\share\interpreter\linkResolver.cpp, line 759]
Event: 154.332 Thread 0x0000022be18ac080 Exception <a 'java/lang/NoSuchMethodError'{0x00000000ef16ec70}: 'java.lang.Object java.lang.invoke.DirectMethodHandle$Holder.newInvokeSpecial(java.lang.Object, java.lang.Object, java.lang.Object, java.lang.Object, java.lang.Object, java.lang.Object, java.lang.Object, java.lang.Object, java.lang.Object, java.lang.Object, java.lang.Object)'> (0x00000000ef16ec70) 
thrown [s\open\src\hotspot\share\interpreter\linkResolver.cpp, line 759]
Event: 154.359 Thread 0x0000022be18ac080 Exception <a 'java/lang/NoSuchMethodError'{0x00000000ef173d08}: 'java.lang.Object java.lang.invoke.Invokers$Holder.linkToTargetMethod(java.lang.Object, java.lang.Object, java.lang.Object, java.lang.Object, java.lang.Object, java.lang.Object, java.lang.Object, java.lang.Object, java.lang.Object, java.lang.Object, java.lang.Object)'> (0x00000000ef173d08) 
thrown [s\open\src\hotspot\share\interpreter\linkResolver.cpp, line 759]
Event: 154.765 Thread 0x0000022be18ac080 Exception <a 'java/lang/NoSuchMethodError'{0x00000000ef1bd980}: 'java.lang.Object java.lang.invoke.DirectMethodHandle$Holder.invokeSpecial(java.lang.Object, java.lang.Object, java.lang.Object, java.lang.Object, java.lang.Object, java.lang.Object, java.lang.Object, java.lang.Object, java.lang.Object, java.lang.Object, java.lang.Object, java.lang.Object, java.lang.Object, java.lang.Object)'> (0x00000000ef1bd980) 
thrown [s\open\src\hotspot\share\interpreter\linkResolver.cpp, line 759]
Event: 154.790 Thread 0x0000022be18ac080 Exception <a 'java/lang/NoSuchMethodError'{0x00000000ef1cffa8}: 'java.lang.Object java.lang.invoke.DirectMethodHandle$Holder.newInvokeSpecial(java.lang.Object, java.lang.Object, java.lang.Object, java.lang.Object, java.lang.Object, java.lang.Object, java.lang.Object, java.lang.Object, java.lang.Object, java.lang.Object, java.lang.Object, java.lang.Object)'> (0x00000000ef1cffa8) 
thrown [s\open\src\hotspot\share\interpreter\linkResolver.cpp, line 759]
Event: 154.791 Thread 0x0000022be18ac080 Exception <a 'java/lang/NoSuchMethodError'{0x00000000ef1d5940}: 'java.lang.Object java.lang.invoke.Invokers$Holder.linkToTargetMethod(java.lang.Object, java.lang.Object, java.lang.Object, java.lang.Object, java.lang.Object, java.lang.Object, java.lang.Object, java.lang.Object, java.lang.Object, java.lang.Object, java.lang.Object, java.lang.Object)'> (0x00000000ef1d5940) 
thrown [s\open\src\hotspot\share\interpreter\linkResolver.cpp, line 759]
Event: 155.223 Thread 0x0000022be18ac080 Exception <a 'java/lang/NoSuchMethodError'{0x00000000ef06c810}: 'java.lang.Object java.lang.invoke.DirectMethodHandle$Holder.invokeStaticInit(java.lang.Object, java.lang.Object, java.lang.Object, java.lang.Object)'> (0x00000000ef06c810) 
thrown [s\open\src\hotspot\share\interpreter\linkResolver.cpp, line 759]
Event: 158.166 Thread 0x0000022be18ac080 Exception <a 'java/lang/NoSuchMethodError'{0x00000000ee622698}: 'java.lang.Object java.lang.invoke.DirectMethodHandle$Holder.newInvokeSpecial(java.lang.Object, java.lang.Object, java.lang.Object, java.lang.Object, java.lang.Object, java.lang.Object, java.lang.Object, java.lang.Object)'> (0x00000000ee622698) 
thrown [s\open\src\hotspot\share\interpreter\linkResolver.cpp, line 759]
Event: 158.168 Thread 0x0000022be18ac080 Exception <a 'java/lang/NoSuchMethodError'{0x00000000ee628478}: 'java.lang.Object java.lang.invoke.Invokers$Holder.linkToTargetMethod(java.lang.Object, java.lang.Object, java.lang.Object, java.lang.Object, java.lang.Object, java.lang.Object, java.lang.Object, java.lang.Object)'> (0x00000000ee628478) 
thrown [s\open\src\hotspot\share\interpreter\linkResolver.cpp, line 759]
Event: 158.230 Thread 0x0000022be18ac080 Exception <a 'java/lang/IncompatibleClassChangeError'{0x00000000ee6dfad0}: Found class java.lang.Object, but interface was expected> (0x00000000ee6dfad0) 
thrown [s\open\src\hotspot\share\interpreter\linkResolver.cpp, line 826]

VM Operations (20 events):
Event: 150.054 Executing VM operation: Cleanup
Event: 150.327 Executing VM operation: Cleanup done
Event: 151.341 Executing VM operation: Cleanup
Event: 151.343 Executing VM operation: Cleanup done
Event: 152.355 Executing VM operation: Cleanup
Event: 152.372 Executing VM operation: Cleanup done
Event: 153.383 Executing VM operation: Cleanup
Event: 153.400 Executing VM operation: Cleanup done
Event: 153.592 Executing VM operation: HandshakeAllThreads
Event: 153.592 Executing VM operation: HandshakeAllThreads done
Event: 154.600 Executing VM operation: Cleanup
Event: 154.635 Executing VM operation: Cleanup done
Event: 155.644 Executing VM operation: Cleanup
Event: 155.687 Executing VM operation: Cleanup done
Event: 156.701 Executing VM operation: Cleanup
Event: 156.717 Executing VM operation: Cleanup done
Event: 157.729 Executing VM operation: Cleanup
Event: 157.730 Executing VM operation: Cleanup done
Event: 158.038 Executing VM operation: HandshakeAllThreads
Event: 158.038 Executing VM operation: HandshakeAllThreads done

Events (20 events):
Event: 143.469 loading class java/util/concurrent/locks/ReentrantReadWriteLock$WriteLock
Event: 143.469 loading class java/util/concurrent/locks/ReentrantReadWriteLock$WriteLock done
Event: 143.548 loading class java/util/concurrent/Executors$FinalizableDelegatedExecutorService
Event: 143.549 loading class java/util/concurrent/Executors$DelegatedExecutorService
Event: 143.549 loading class java/util/concurrent/Executors$DelegatedExecutorService done
Event: 143.549 loading class java/util/concurrent/Executors$FinalizableDelegatedExecutorService done
Event: 151.783 Thread 0x0000022be0f2f190 Thread added: 0x0000022be0f2f190
Event: 152.225 Thread 0x0000022be0f2e770 Thread added: 0x0000022be0f2e770
Event: 152.751 Thread 0x0000022be0f2ce20 Thread added: 0x0000022be0f2ce20
Event: 153.595 loading class java/lang/Class$EnclosingMethodInfo
Event: 153.596 loading class java/lang/Class$EnclosingMethodInfo done
Event: 153.601 loading class sun/reflect/generics/tree/IntSignature
Event: 153.601 loading class sun/reflect/generics/tree/IntSignature done
Event: 153.601 loading class sun/reflect/generics/tree/ArrayTypeSignature
Event: 153.601 loading class sun/reflect/generics/tree/ArrayTypeSignature done
Event: 153.635 loading class java/lang/SafeVarargs
Event: 153.635 loading class java/lang/SafeVarargs done
Event: 155.116 Thread 0x0000022be0f2dd50 Thread added: 0x0000022be0f2dd50
Event: 155.449 Thread 0x0000022be0f2e260 Thread added: 0x0000022be0f2e260
Event: 157.263 Thread 0x0000022be0f2f6a0 Thread added: 0x0000022be0f2f6a0


Dynamic libraries:
0x00007ff7a6f20000 - 0x00007ff7a6f30000 	C:\Program Files\Java\jdk-17\bin\java.exe
0x00007ffc48510000 - 0x00007ffc48726000 	C:\WINDOWS\SYSTEM32\ntdll.dll
0x00007ffc471b0000 - 0x00007ffc47274000 	C:\WINDOWS\System32\KERNEL32.DLL
0x00007ffc45c80000 - 0x00007ffc46027000 	C:\WINDOWS\System32\KERNELBASE.dll
0x000000005c0f0000 - 0x000000005c422000 	C:\Program Files\Norton Security\NortonData\22.22.7.14\Definitions\IPSDefs\20240424.064\IPSEng64.dll
0x00007ffc48410000 - 0x00007ffc484c2000 	C:\WINDOWS\System32\ADVAPI32.dll
0x00007ffc46b90000 - 0x00007ffc46c37000 	C:\WINDOWS\System32\msvcrt.dll
0x00007ffc472e0000 - 0x00007ffc47388000 	C:\WINDOWS\System32\sechost.dll
0x00007ffc460f0000 - 0x00007ffc46118000 	C:\WINDOWS\System32\bcrypt.dll
0x00007ffc46820000 - 0x00007ffc46935000 	C:\WINDOWS\System32\RPCRT4.dll
0x00007ffc47d00000 - 0x00007ffc47d08000 	C:\WINDOWS\System32\PSAPI.DLL
0x00007ffc45830000 - 0x00007ffc45941000 	C:\WINDOWS\System32\ucrtbase.dll
0x00007ffc2dfa0000 - 0x00007ffc2dfb9000 	C:\Program Files\Java\jdk-17\bin\jli.dll
0x00007ffc48240000 - 0x00007ffc483ee000 	C:\WINDOWS\System32\USER32.dll
0x00007ffc459c0000 - 0x00007ffc459e6000 	C:\WINDOWS\System32\win32u.dll
0x00007ffc46250000 - 0x00007ffc46279000 	C:\WINDOWS\System32\GDI32.dll
0x00007ffc46120000 - 0x00007ffc46239000 	C:\WINDOWS\System32\gdi32full.dll
0x00007ffc45b60000 - 0x00007ffc45bfa000 	C:\WINDOWS\System32\msvcp_win.dll
0x00007ffc29cd0000 - 0x00007ffc29ceb000 	C:\Program Files\Java\jdk-17\bin\VCRUNTIME140.dll
0x00007ffc2b400000 - 0x00007ffc2b693000 	C:\WINDOWS\WinSxS\amd64_microsoft.windows.common-controls_6595b64144ccf1df_6.0.22621.3235_none_270f74e173860f98\COMCTL32.dll
0x00007ffc388e0000 - 0x00007ffc388ea000 	C:\WINDOWS\SYSTEM32\VERSION.dll
0x00007ffc467e0000 - 0x00007ffc46811000 	C:\WINDOWS\System32\IMM32.DLL
0x00007ffc30450000 - 0x00007ffc3045c000 	C:\Program Files\Java\jdk-17\bin\vcruntime140_1.dll
0x00007ffbf8dc0000 - 0x00007ffbf8e4e000 	C:\Program Files\Java\jdk-17\bin\msvcp140.dll
0x00007ffb8f8c0000 - 0x00007ffb9049f000 	C:\Program Files\Java\jdk-17\bin\server\jvm.dll
0x00007ffc239a0000 - 0x00007ffc239a9000 	C:\WINDOWS\SYSTEM32\WSOCK32.dll
0x00007ffc46da0000 - 0x00007ffc46e11000 	C:\WINDOWS\System32\WS2_32.dll
0x00007ffc25060000 - 0x00007ffc25094000 	C:\WINDOWS\SYSTEM32\WINMM.dll
0x00007ffc44920000 - 0x00007ffc44938000 	C:\WINDOWS\SYSTEM32\kernel.appcore.dll
0x00007ffc2fce0000 - 0x00007ffc2fcea000 	C:\Program Files\Java\jdk-17\bin\jimage.dll
0x00007ffc42f60000 - 0x00007ffc43193000 	C:\WINDOWS\SYSTEM32\DBGHELP.DLL
0x00007ffc46e20000 - 0x00007ffc471a8000 	C:\WINDOWS\System32\combase.dll
0x00007ffc46280000 - 0x00007ffc46357000 	C:\WINDOWS\System32\OLEAUT32.dll
0x00007ffc38d30000 - 0x00007ffc38d62000 	C:\WINDOWS\SYSTEM32\dbgcore.DLL
0x00007ffc45c00000 - 0x00007ffc45c79000 	C:\WINDOWS\System32\bcryptPrimitives.dll
0x00007ffc197b0000 - 0x00007ffc197d5000 	C:\Program Files\Java\jdk-17\bin\java.dll
0x00007ffbf6960000 - 0x00007ffbf6a37000 	C:\Program Files\Java\jdk-17\bin\jsvml.dll
0x00007ffc47430000 - 0x00007ffc47c8c000 	C:\WINDOWS\System32\SHELL32.dll
0x00007ffc43740000 - 0x00007ffc44039000 	C:\WINDOWS\SYSTEM32\windows.storage.dll
0x00007ffc43600000 - 0x00007ffc4373e000 	C:\WINDOWS\SYSTEM32\wintypes.dll
0x00007ffc47f90000 - 0x00007ffc48083000 	C:\WINDOWS\System32\SHCORE.dll
0x00007ffc47280000 - 0x00007ffc472de000 	C:\WINDOWS\System32\shlwapi.dll
0x00007ffc45760000 - 0x00007ffc45781000 	C:\WINDOWS\SYSTEM32\profapi.dll
0x00007ffc24bb0000 - 0x00007ffc24bc9000 	C:\Program Files\Java\jdk-17\bin\net.dll
0x00007ffc40260000 - 0x00007ffc40396000 	C:\WINDOWS\SYSTEM32\WINHTTP.dll
0x00007ffc44d80000 - 0x00007ffc44de9000 	C:\WINDOWS\system32\mswsock.dll
0x00007ffc2fc10000 - 0x00007ffc2fc26000 	C:\Program Files\Java\jdk-17\bin\nio.dll
0x00007ffc23810000 - 0x00007ffc23828000 	C:\Program Files\Java\jdk-17\bin\zip.dll
0x00007ffc2cd90000 - 0x00007ffc2cda0000 	C:\Program Files\Java\jdk-17\bin\verify.dll
0x00007ffc2df50000 - 0x00007ffc2df77000 	C:\Users\Thang\.gradle\native\68d5fa5c4cc2d200863cafc0d521ce42e7d3e7ee720ec0a83991735586a16f82\windows-amd64\native-platform.dll
0x00007ffbf6310000 - 0x00007ffbf6454000 	C:\Users\Thang\.gradle\native\e376f236ea51e6404a007f0833ffe2c6e607c4080706a723a18a27aeea778392\windows-amd64\native-platform-file-events.dll
0x00007ffc2cd50000 - 0x00007ffc2cd5a000 	C:\Program Files\Java\jdk-17\bin\management.dll
0x00007ffc2b8a0000 - 0x00007ffc2b8ab000 	C:\Program Files\Java\jdk-17\bin\management_ext.dll
0x00007ffc450d0000 - 0x00007ffc450eb000 	C:\WINDOWS\SYSTEM32\CRYPTSP.dll
0x00007ffc44880000 - 0x00007ffc448b5000 	C:\WINDOWS\system32\rsaenh.dll
0x00007ffc44e20000 - 0x00007ffc44e48000 	C:\WINDOWS\SYSTEM32\USERENV.dll
0x00007ffc450b0000 - 0x00007ffc450bc000 	C:\WINDOWS\SYSTEM32\CRYPTBASE.dll
0x00007ffc44320000 - 0x00007ffc4434d000 	C:\WINDOWS\SYSTEM32\IPHLPAPI.DLL
0x00007ffc46240000 - 0x00007ffc46249000 	C:\WINDOWS\System32\NSI.dll
0x00007ffc40180000 - 0x00007ffc40199000 	C:\WINDOWS\SYSTEM32\dhcpcsvc6.DLL
0x00007ffc40160000 - 0x00007ffc4017f000 	C:\WINDOWS\SYSTEM32\dhcpcsvc.DLL
0x00007ffc44390000 - 0x00007ffc44489000 	C:\WINDOWS\SYSTEM32\DNSAPI.dll
0x00007ffc42520000 - 0x00007ffc4252e000 	C:\Program Files\Java\jdk-17\bin\sunmscapi.dll
0x00007ffc459f0000 - 0x00007ffc45b57000 	C:\WINDOWS\System32\CRYPT32.dll
0x00007ffc451d0000 - 0x00007ffc451fe000 	C:\WINDOWS\SYSTEM32\ncrypt.dll
0x00007ffc45190000 - 0x00007ffc451c7000 	C:\WINDOWS\SYSTEM32\NTASN1.dll
0x00007ffc2f8d0000 - 0x00007ffc2f8d8000 	C:\WINDOWS\system32\wshunix.dll

dbghelp: loaded successfully - version: 4.0.5 - missing functions: none
symbol engine: initialized successfully - sym options: 0x614 - pdb path: .;C:\Program Files\Java\jdk-17\bin;C:\WINDOWS\SYSTEM32;C:\Program Files\Norton Security\NortonData\22.22.7.14\Definitions\IPSDefs\20240424.064;C:\WINDOWS\WinSxS\amd64_microsoft.windows.common-controls_6595b64144ccf1df_6.0.22621.3235_none_270f74e173860f98;C:\Program Files\Java\jdk-17\bin\server;C:\Users\Thang\.gradle\native\68d5fa5c4cc2d200863cafc0d521ce42e7d3e7ee720ec0a83991735586a16f82\windows-amd64;C:\Users\Thang\.gradle\native\e376f236ea51e6404a007f0833ffe2c6e607c4080706a723a18a27aeea778392\windows-amd64

VM Arguments:
jvm_args: --add-opens=java.base/java.util=ALL-UNNAMED --add-opens=java.base/java.lang=ALL-UNNAMED --add-opens=java.base/java.lang.invoke=ALL-UNNAMED --add-opens=java.prefs/java.util.prefs=ALL-UNNAMED --add-opens=java.base/java.nio.charset=ALL-UNNAMED --add-opens=java.base/java.net=ALL-UNNAMED --add-opens=java.base/java.util.concurrent.atomic=ALL-UNNAMED -XX:MaxMetaspaceSize=256m -XX:+HeapDumpOnOutOfMemoryError -Xms256m -Xmx512m -Dfile.encoding=windows-1252 -Duser.country=US -Duser.language=en -Duser.variant 
java_command: org.gradle.launcher.daemon.bootstrap.GradleDaemon 8.0
java_class_path (initial): C:\Users\Thang\.gradle\wrapper\dists\gradle-8.0-bin\ca5e32bp14vu59qr306oxotwh\gradle-8.0\lib\gradle-launcher-8.0.jar
Launcher Type: SUN_STANDARD

[Global flags]
     intx CICompilerCount                          = 4                                         {product} {ergonomic}
   size_t CompressedClassSpaceSize                 = 218103808                                 {product} {ergonomic}
     uint ConcGCThreads                            = 2                                         {product} {ergonomic}
     uint G1ConcRefinementThreads                  = 8                                         {product} {ergonomic}
   size_t G1HeapRegionSize                         = 1048576                                   {product} {ergonomic}
    uintx GCDrainStackTargetSize                   = 64                                        {product} {ergonomic}
     bool HeapDumpOnOutOfMemoryError               = true                                   {manageable} {command line}
   size_t InitialHeapSize                          = 268435456                                 {product} {command line}
   size_t MarkStackSize                            = 4194304                                   {product} {ergonomic}
   size_t MaxHeapSize                              = 536870912                                 {product} {command line}
   size_t MaxMetaspaceSize                         = 268435456                                 {product} {command line}
   size_t MaxNewSize                               = 321912832                                 {product} {ergonomic}
   size_t MinHeapDeltaBytes                        = 1048576                                   {product} {ergonomic}
   size_t MinHeapSize                              = 268435456                                 {product} {command line}
    uintx NonNMethodCodeHeapSize                   = 5839372                                {pd product} {ergonomic}
    uintx NonProfiledCodeHeapSize                  = 122909434                              {pd product} {ergonomic}
    uintx ProfiledCodeHeapSize                     = 122909434                              {pd product} {ergonomic}
    uintx ReservedCodeCacheSize                    = 251658240                              {pd product} {ergonomic}
     bool SegmentedCodeCache                       = true                                      {product} {ergonomic}
   size_t SoftMaxHeapSize                          = 536870912                              {manageable} {ergonomic}
     bool UseCompressedClassPointers               = true                           {product lp64_product} {ergonomic}
     bool UseCompressedOops                        = true                           {product lp64_product} {ergonomic}
     bool UseG1GC                                  = true                                      {product} {ergonomic}
     bool UseLargePagesIndividualAllocation        = false                                  {pd product} {ergonomic}

Logging:
Log output configuration:
 #0: stdout all=warning uptime,level,tags
 #1: stderr all=off uptime,level,tags

Environment Variables:
PATH=C:\Program Files\Common Files\Oracle\Java\javapath;C:\WINDOWS\system32;C:\WINDOWS;C:\WINDOWS\System32\Wbem;C:\WINDOWS\System32\WindowsPowerShell\v1.0\;C:\WINDOWS\System32\OpenSSH\;C:\Program Files\nodejs\;C:\Program Files\Git\cmd;C:\Users\Thang\AppData\Local\Microsoft\WindowsApps;C:\Users\Thang\AppData\Local\GitHubDesktop\bin;C:\Users\Thang\AppData\Local\Programs\Microsoft VS Code\bin;C:\Users\Thang\AppData\Roaming\npm;C:\Program Files\JetBrains\IntelliJ IDEA Community Edition 2023.3.6\bin;
USERNAME=Thang
OS=Windows_NT
PROCESSOR_IDENTIFIER=Intel64 Family 6 Model 126 Stepping 5, GenuineIntel



---------------  S Y S T E M  ---------------

OS:
 Windows 11 , 64 bit Build 22621 (10.0.22621.3374)
OS uptime: 15 days 6:00 hours
Hyper-V role detected

CPU: total 8 (initial active 8) (4 cores per cpu, 2 threads per core) family 6 model 126 stepping 5 microcode 0xa0, cx8, cmov, fxsr, ht, mmx, 3dnowpref, sse, sse2, sse3, ssse3, sse4.1, sse4.2, popcnt, lzcnt, tsc, tscinvbit, avx, avx2, aes, erms, clmul, bmi1, bmi2, adx, avx512f, avx512dq, avx512cd, avx512bw, avx512vl, sha, fma, vzeroupper, avx512_vpopcntdq, avx512_vpclmulqdq, avx512_vaes, avx512_vnni, clflush, clflushopt, avx512_vbmi2, avx512_vbmi, hv

Memory: 4k page, system-wide physical 7980M (179M free)
TotalPageFile size 31915M (AvailPageFile size 0M)
current process WorkingSet (physical memory assigned to process): 109M, peak: 163M
current process commit charge ("private bytes"): 410M, peak: 427M

vm_info: Java HotSpot(TM) 64-Bit Server VM (17.0.10+11-LTS-240) for windows-amd64 JRE (17.0.10+11-LTS-240), built on Dec 19 2023 21:47:25 by "mach5one" with MS VC++ 17.1 (VS2022)

END.
