#
# There is insufficient memory for the Java Runtime Environment to continue.
# Native memory allocation (malloc) failed to allocate 241616 bytes for Chunk::new
# Possible reasons:
#   The system is out of physical RAM or swap space
#   The process is running with CompressedOops enabled, and the Java Heap may be blocking the growth of the native heap
# Possible solutions:
#   Reduce memory load on the system
#   Increase physical memory or swap space
#   Check if swap backing store is full
#   Decrease Java heap size (-Xmx/-Xms)
#   Decrease number of Java threads
#   Decrease Java thread stack sizes (-Xss)
#   Set larger code cache with -XX:ReservedCodeCacheSize=
#   JVM is running with Unscaled Compressed Oops mode in which the Java heap is
#     placed in the first 4GB address space. The Java Heap base address is the
#     maximum limit for the native heap growth. Please use -XX:HeapBaseMinAddress
#     to set the Java Heap base and to place the Java Heap above 4GB virtual address.
# This output file may be truncated or incomplete.
#
#  Out of Memory Error (arena.cpp:189), pid=1868, tid=24916
#
# JRE version: Java(TM) SE Runtime Environment (17.0.10+11) (build 17.0.10+11-LTS-240)
# Java VM: Java HotSpot(TM) 64-Bit Server VM (17.0.10+11-LTS-240, mixed mode, sharing, tiered, compressed oops, compressed class ptrs, g1 gc, windows-amd64)
# No core dump will be written. Minidumps are not enabled by default on client versions of Windows
#

---------------  S U M M A R Y ------------

Command Line: --add-opens=java.base/java.util=ALL-UNNAMED --add-opens=java.base/java.lang=ALL-UNNAMED --add-opens=java.base/java.lang.invoke=ALL-UNNAMED --add-opens=java.prefs/java.util.prefs=ALL-UNNAMED --add-opens=java.base/java.nio.charset=ALL-UNNAMED --add-opens=java.base/java.net=ALL-UNNAMED --add-opens=java.base/java.util.concurrent.atomic=ALL-UNNAMED -XX:MaxMetaspaceSize=256m -XX:+HeapDumpOnOutOfMemoryError -Xms256m -Xmx512m -Dfile.encoding=windows-1252 -Duser.country=US -Duser.language=en -Duser.variant org.gradle.launcher.daemon.bootstrap.GradleDaemon 8.0

Host: Intel(R) Core(TM) i5-1035G1 CPU @ 1.00GHz, 8 cores, 7G,  Windows 11 , 64 bit Build 22621 (10.0.22621.3374)
Time: Thu Apr 25 11:13:08 2024 Central Daylight Time elapsed time: 159.888427 seconds (0d 0h 2m 39s)

---------------  T H R E A D  ---------------

Current thread (0x0000023efd444650):  JavaThread "C2 CompilerThread0" daemon [_thread_in_native, id=24916, stack(0x000000a5f3300000,0x000000a5f3400000)]


Current CompileTask:
C2: 159888 3548  s!   4       jdk.internal.loader.URLClassPath::getLoader (194 bytes)

Stack: [0x000000a5f3300000,0x000000a5f3400000]
Native frames: (J=compiled Java code, j=interpreted, Vv=VM code, C=native code)
V  [jvm.dll+0x677a5a]
V  [jvm.dll+0x7d8b2d]
V  [jvm.dll+0x7da48e]
V  [jvm.dll+0x7daaf3]
V  [jvm.dll+0x2455ff]
V  [jvm.dll+0xaaafb]
V  [jvm.dll+0xab09c]
V  [jvm.dll+0x2aafef]
V  [jvm.dll+0x57fd55]
V  [jvm.dll+0x220472]
V  [jvm.dll+0x219070]
V  [jvm.dll+0x216c79]
V  [jvm.dll+0x1a3410]
V  [jvm.dll+0x226aeb]
V  [jvm.dll+0x224cab]
V  [jvm.dll+0x78e45c]
V  [jvm.dll+0x78888a]
V  [jvm.dll+0x676935]
C  [ucrtbase.dll+0x29333]
C  [KERNEL32.DLL+0x1257d]
C  [ntdll.dll+0x5aa48]


---------------  P R O C E S S  ---------------

Threads class SMR info:
_java_thread_list=0x0000023efe205340, length=41, elements={
0x0000023eef92c400, 0x0000023efd3faf60, 0x0000023efd3fdc80, 0x0000023efd419d70,
0x0000023efd41b6c0, 0x0000023efd419860, 0x0000023efd41d010, 0x0000023efd444650,
0x0000023efd4465d0, 0x0000023efd41aca0, 0x0000023efd41cb00, 0x0000023efd41a280,
0x0000023efd41a790, 0x0000023efd41b1b0, 0x0000023efd41bbd0, 0x0000023efd41c0e0,
0x0000023efd41c5f0, 0x0000023efe5e3830, 0x0000023efe5e23f0, 0x0000023efe5e2900,
0x0000023efe5e6ad0, 0x0000023efe5e0fb0, 0x0000023efe5e4250, 0x0000023efe5e3320,
0x0000023efe5e6fe0, 0x0000023efe5e3d40, 0x0000023efe5e4760, 0x0000023efe5e5690,
0x0000023efe5e14c0, 0x0000023efe5e4c70, 0x0000023efe5e65c0, 0x0000023efe5e0080,
0x0000023efe5e0590, 0x0000023efe5e5180, 0x0000023efe5e19d0, 0x0000023efe5e5ba0,
0x0000023efe5e7a00, 0x0000023efe5e60b0, 0x0000023efe5e74f0, 0x0000023efe5e0aa0,
0x0000023efe5c5160
}

Java Threads: ( => current thread )
  0x0000023eef92c400 JavaThread "main" [_thread_blocked, id=8900, stack(0x000000a5f2600000,0x000000a5f2700000)]
  0x0000023efd3faf60 JavaThread "Reference Handler" daemon [_thread_blocked, id=11376, stack(0x000000a5f2d00000,0x000000a5f2e00000)]
  0x0000023efd3fdc80 JavaThread "Finalizer" daemon [_thread_blocked, id=7044, stack(0x000000a5f2e00000,0x000000a5f2f00000)]
  0x0000023efd419d70 JavaThread "Signal Dispatcher" daemon [_thread_blocked, id=22040, stack(0x000000a5f2f00000,0x000000a5f3000000)]
  0x0000023efd41b6c0 JavaThread "Attach Listener" daemon [_thread_blocked, id=25076, stack(0x000000a5f3000000,0x000000a5f3100000)]
  0x0000023efd419860 JavaThread "Service Thread" daemon [_thread_blocked, id=17320, stack(0x000000a5f3100000,0x000000a5f3200000)]
  0x0000023efd41d010 JavaThread "Monitor Deflation Thread" daemon [_thread_blocked, id=27964, stack(0x000000a5f3200000,0x000000a5f3300000)]
=>0x0000023efd444650 JavaThread "C2 CompilerThread0" daemon [_thread_in_native, id=24916, stack(0x000000a5f3300000,0x000000a5f3400000)]
  0x0000023efd4465d0 JavaThread "C1 CompilerThread0" daemon [_thread_in_native, id=8660, stack(0x000000a5f3400000,0x000000a5f3500000)]
  0x0000023efd41aca0 JavaThread "Sweeper thread" daemon [_thread_blocked, id=13660, stack(0x000000a5f3500000,0x000000a5f3600000)]
  0x0000023efd41cb00 JavaThread "Common-Cleaner" daemon [_thread_blocked, id=12828, stack(0x000000a5f3600000,0x000000a5f3700000)]
  0x0000023efd41a280 JavaThread "Notification Thread" daemon [_thread_blocked, id=9668, stack(0x000000a5f3700000,0x000000a5f3800000)]
  0x0000023efd41a790 JavaThread "Daemon health stats" [_thread_blocked, id=23500, stack(0x000000a5f3e00000,0x000000a5f3f00000)]
  0x0000023efd41b1b0 JavaThread "Incoming local TCP Connector on port 55064" [_thread_in_native, id=28576, stack(0x000000a5f2500000,0x000000a5f2600000)]
  0x0000023efd41bbd0 JavaThread "Daemon periodic checks" [_thread_blocked, id=28340, stack(0x000000a5f3f00000,0x000000a5f4000000)]
  0x0000023efd41c0e0 JavaThread "Daemon" [_thread_blocked, id=12884, stack(0x000000a5f4000000,0x000000a5f4100000)]
  0x0000023efd41c5f0 JavaThread "Handler for socket connection from /127.0.0.1:55064 to /127.0.0.1:55079" [_thread_in_native, id=24388, stack(0x000000a5f4100000,0x000000a5f4200000)]
  0x0000023efe5e3830 JavaThread "Cancel handler" [_thread_blocked, id=25568, stack(0x000000a5f4200000,0x000000a5f4300000)]
  0x0000023efe5e23f0 JavaThread "Daemon worker" [_thread_in_vm, id=7036, stack(0x000000a5f4300000,0x000000a5f4400000)]
  0x0000023efe5e2900 JavaThread "Asynchronous log dispatcher for DefaultDaemonConnection: socket connection from /127.0.0.1:55064 to /127.0.0.1:55079" [_thread_blocked, id=15128, stack(0x000000a5f4400000,0x000000a5f4500000)]
  0x0000023efe5e6ad0 JavaThread "Daemon client event forwarder" [_thread_blocked, id=20568, stack(0x000000a5f4600000,0x000000a5f4700000)]
  0x0000023efe5e0fb0 JavaThread "Cache worker for journal cache (C:\Users\Thang\.gradle\caches\journal-1)" [_thread_blocked, id=16488, stack(0x000000a5f4700000,0x000000a5f4800000)]
  0x0000023efe5e4250 JavaThread "File lock request listener" [_thread_in_native, id=13980, stack(0x000000a5f4800000,0x000000a5f4900000)]
  0x0000023efe5e3320 JavaThread "File lock release action executor" [_thread_blocked, id=26692, stack(0x000000a5f4900000,0x000000a5f4a00000)]
  0x0000023efe5e6fe0 JavaThread "Cache worker for file hash cache (C:\Users\Thang\.gradle\caches\8.0\fileHashes)" [_thread_blocked, id=20708, stack(0x000000a5f4c00000,0x000000a5f4d00000)]
  0x0000023efe5e3d40 JavaThread "File watcher server" daemon [_thread_in_native, id=15424, stack(0x000000a5f4d00000,0x000000a5f4e00000)]
  0x0000023efe5e4760 JavaThread "File watcher consumer" daemon [_thread_blocked, id=12356, stack(0x000000a5f4e00000,0x000000a5f4f00000)]
  0x0000023efe5e5690 JavaThread "jar transforms" [_thread_blocked, id=22968, stack(0x000000a5f4f00000,0x000000a5f5000000)]
  0x0000023efe5e14c0 JavaThread "jar transforms Thread 2" [_thread_blocked, id=25772, stack(0x000000a5f5000000,0x000000a5f5100000)]
  0x0000023efe5e4c70 JavaThread "jar transforms Thread 3" [_thread_blocked, id=17224, stack(0x000000a5f5100000,0x000000a5f5200000)]
  0x0000023efe5e65c0 JavaThread "jar transforms Thread 4" [_thread_blocked, id=27088, stack(0x000000a5f5200000,0x000000a5f5300000)]
  0x0000023efe5e0080 JavaThread "jar transforms Thread 5" [_thread_blocked, id=16888, stack(0x000000a5f5300000,0x000000a5f5400000)]
  0x0000023efe5e0590 JavaThread "jar transforms Thread 6" [_thread_blocked, id=4496, stack(0x000000a5f5400000,0x000000a5f5500000)]
  0x0000023efe5e5180 JavaThread "jar transforms Thread 7" [_thread_blocked, id=23400, stack(0x000000a5f5500000,0x000000a5f5600000)]
  0x0000023efe5e19d0 JavaThread "jar transforms Thread 8" [_thread_blocked, id=17208, stack(0x000000a5f5600000,0x000000a5f5700000)]
  0x0000023efe5e5ba0 JavaThread "Cache worker for checksums cache (C:\Users\Thang\Desktop\JavaPractice\Chapter-name\java-web-dev-projects\classes-part-2\studio\.gradle\8.0\checksums)" [_thread_blocked, id=14312, stack(0x000000a5f5a00000,0x000000a5f5b00000)]
  0x0000023efe5e7a00 JavaThread "Cache worker for cache directory md-rule (C:\Users\Thang\.gradle\caches\8.0\md-rule)" [_thread_blocked, id=400, stack(0x000000a5f5b00000,0x000000a5f5c00000)]
  0x0000023efe5e60b0 JavaThread "Cache worker for file content cache (C:\Users\Thang\.gradle\caches\8.0\fileContent)" [_thread_blocked, id=7240, stack(0x000000a5f5c00000,0x000000a5f5d00000)]
  0x0000023efe5e74f0 JavaThread "Cache worker for file hash cache (C:\Users\Thang\Desktop\JavaPractice\Chapter-name\java-web-dev-projects\classes-part-2\studio\.gradle\8.0\fileHashes)" [_thread_blocked, id=17840, stack(0x000000a5f5d00000,0x000000a5f5e00000)]
  0x0000023efe5e0aa0 JavaThread "Cache worker for cache directory md-supplier (C:\Users\Thang\.gradle\caches\8.0\md-supplier)" [_thread_blocked, id=17432, stack(0x000000a5f5e00000,0x000000a5f5f00000)]
  0x0000023efe5c5160 JavaThread "Cache worker for execution history cache (C:\Users\Thang\.gradle\caches\8.0\executionHistory)" [_thread_blocked, id=7112, stack(0x000000a5f5f00000,0x000000a5f6000000)]

Other Threads:
  0x0000023efd3f53a0 VMThread "VM Thread" [stack: 0x000000a5f2c00000,0x000000a5f2d00000] [id=6176]
  0x0000023efd688670 WatcherThread [stack: 0x000000a5f3800000,0x000000a5f3900000] [id=17788]
  0x0000023ef1b06460 GCTaskThread "GC Thread#0" [stack: 0x000000a5f2700000,0x000000a5f2800000] [id=28168]
  0x0000023efddf1480 GCTaskThread "GC Thread#1" [stack: 0x000000a5f3900000,0x000000a5f3a00000] [id=25504]
  0x0000023efde8b340 GCTaskThread "GC Thread#2" [stack: 0x000000a5f3a00000,0x000000a5f3b00000] [id=864]
  0x0000023efde8b600 GCTaskThread "GC Thread#3" [stack: 0x000000a5f3b00000,0x000000a5f3c00000] [id=24660]
  0x0000023efde8b8c0 GCTaskThread "GC Thread#4" [stack: 0x000000a5f3c00000,0x000000a5f3d00000] [id=17720]
  0x0000023efde8bb80 GCTaskThread "GC Thread#5" [stack: 0x000000a5f3d00000,0x000000a5f3e00000] [id=23440]
  0x0000023efe642b60 GCTaskThread "GC Thread#6" [stack: 0x000000a5f5700000,0x000000a5f5800000] [id=26612]
  0x0000023efe642320 GCTaskThread "GC Thread#7" [stack: 0x000000a5f5800000,0x000000a5f5900000] [id=6420]
  0x0000023ef1b0b3b0 ConcurrentGCThread "G1 Main Marker" [stack: 0x000000a5f2800000,0x000000a5f2900000] [id=8240]
  0x0000023ef1b0bdc0 ConcurrentGCThread "G1 Conc#0" [stack: 0x000000a5f2900000,0x000000a5f2a00000] [id=19884]
  0x0000023efe6412a0 ConcurrentGCThread "G1 Conc#1" [stack: 0x000000a5f5900000,0x000000a5f5a00000] [id=27360]
  0x0000023ef1b7dd60 ConcurrentGCThread "G1 Refine#0" [stack: 0x000000a5f2a00000,0x000000a5f2b00000] [id=25840]
  0x0000023ef1b7e8e0 ConcurrentGCThread "G1 Service" [stack: 0x000000a5f2b00000,0x000000a5f2c00000] [id=3972]

Threads with active compile tasks:
C2 CompilerThread0   159979 3548  s!   4       jdk.internal.loader.URLClassPath::getLoader (194 bytes)
C1 CompilerThread0   159979 3549       3       jdk.internal.org.objectweb.asm.MethodWriter::visitVarInsn (302 bytes)

VM state: not at safepoint (normal execution)

VM Mutex/Monitor currently owned by a thread: None

Heap address: 0x00000000e0000000, size: 512 MB, Compressed Oops mode: 32-bit

CDS archive(s) mapped at: [0x0000023e8f000000-0x0000023e8fbd0000-0x0000023e8fbd0000), size 12386304, SharedBaseAddress: 0x0000023e8f000000, ArchiveRelocationMode: 1.
Compressed class space mapped at: 0x0000023e90000000-0x0000023e9d000000, reserved size: 218103808
Narrow klass base: 0x0000023e8f000000, Narrow klass shift: 0, Narrow klass range: 0x100000000

GC Precious Log:
 CPUs: 8 total, 8 available
 Memory: 7980M
 Large Page Support: Disabled
 NUMA Support: Disabled
 Compressed Oops: Enabled (32-bit)
 Heap Region Size: 1M
 Heap Min Capacity: 256M
 Heap Initial Capacity: 256M
 Heap Max Capacity: 512M
 Pre-touch: Disabled
 Parallel Workers: 8
 Concurrent Workers: 2
 Concurrent Refinement Workers: 8
 Periodic GC: Disabled

Heap:
 garbage-first heap   total 262144K, used 79000K [0x00000000e0000000, 0x0000000100000000)
  region size 1024K, 58 young (59392K), 14 survivors (14336K)
 Metaspace       used 26575K, committed 26944K, reserved 278528K
  class space    used 3975K, committed 4160K, reserved 212992K

Heap Regions: E=young(eden), S=young(survivor), O=old, HS=humongous(starts), HC=humongous(continues), CS=collection set, F=free, OA=open archive, CA=closed archive, TAMS=top-at-mark-start (previous, next)
|   0|0x00000000e0000000, 0x00000000e0100000, 0x00000000e0100000|100%|HS|  |TAMS 0x00000000e0100000, 0x00000000e0000000| Complete 
|   1|0x00000000e0100000, 0x00000000e0200000, 0x00000000e0200000|100%|HC|  |TAMS 0x00000000e0200000, 0x00000000e0100000| Complete 
|   2|0x00000000e0200000, 0x00000000e0300000, 0x00000000e0300000|100%|HC|  |TAMS 0x00000000e0300000, 0x00000000e0200000| Complete 
|   3|0x00000000e0300000, 0x00000000e0400000, 0x00000000e0400000|100%|HC|  |TAMS 0x00000000e0400000, 0x00000000e0300000| Complete 
|   4|0x00000000e0400000, 0x00000000e0500000, 0x00000000e0500000|100%| O|  |TAMS 0x00000000e0500000, 0x00000000e0400000| Untracked 
|   5|0x00000000e0500000, 0x00000000e0600000, 0x00000000e0600000|100%| O|  |TAMS 0x00000000e0600000, 0x00000000e0500000| Untracked 
|   6|0x00000000e0600000, 0x00000000e0700000, 0x00000000e0700000|100%| O|  |TAMS 0x00000000e0700000, 0x00000000e0600000| Untracked 
|   7|0x00000000e0700000, 0x00000000e0700000, 0x00000000e0800000|  0%| F|  |TAMS 0x00000000e0700000, 0x00000000e0700000| Untracked 
|   8|0x00000000e0800000, 0x00000000e0900000, 0x00000000e0900000|100%| O|  |TAMS 0x00000000e0900000, 0x00000000e0800000| Untracked 
|   9|0x00000000e0900000, 0x00000000e0a00000, 0x00000000e0a00000|100%| O|  |TAMS 0x00000000e0a00000, 0x00000000e0900000| Untracked 
|  10|0x00000000e0a00000, 0x00000000e0b00000, 0x00000000e0b00000|100%| O|  |TAMS 0x00000000e0b00000, 0x00000000e0a00000| Complete 
|  11|0x00000000e0b00000, 0x00000000e0b0d800, 0x00000000e0c00000|  5%| O|  |TAMS 0x00000000e0b0d800, 0x00000000e0b00000| Untracked 
|  12|0x00000000e0c00000, 0x00000000e0d00000, 0x00000000e0d00000|100%|HS|  |TAMS 0x00000000e0d00000, 0x00000000e0c00000| Complete 
|  13|0x00000000e0d00000, 0x00000000e0e00000, 0x00000000e0e00000|100%|HC|  |TAMS 0x00000000e0e00000, 0x00000000e0d00000| Complete 
|  14|0x00000000e0e00000, 0x00000000e0f00000, 0x00000000e0f00000|100%|HS|  |TAMS 0x00000000e0f00000, 0x00000000e0e00000| Complete 
|  15|0x00000000e0f00000, 0x00000000e1000000, 0x00000000e1000000|100%|HC|  |TAMS 0x00000000e1000000, 0x00000000e0f00000| Complete 
|  16|0x00000000e1000000, 0x00000000e1100000, 0x00000000e1100000|100%|HC|  |TAMS 0x00000000e1100000, 0x00000000e1000000| Complete 
|  17|0x00000000e1100000, 0x00000000e1200000, 0x00000000e1200000|100%|HS|  |TAMS 0x00000000e1200000, 0x00000000e1100000| Complete 
|  18|0x00000000e1200000, 0x00000000e1300000, 0x00000000e1300000|100%|HC|  |TAMS 0x00000000e1300000, 0x00000000e1200000| Complete 
|  19|0x00000000e1300000, 0x00000000e1400000, 0x00000000e1400000|100%|HC|  |TAMS 0x00000000e1400000, 0x00000000e1300000| Complete 
|  20|0x00000000e1400000, 0x00000000e1500000, 0x00000000e1500000|100%|HS|  |TAMS 0x00000000e1500000, 0x00000000e1400000| Complete 
|  21|0x00000000e1500000, 0x00000000e1600000, 0x00000000e1600000|100%|HC|  |TAMS 0x00000000e1600000, 0x00000000e1500000| Complete 
|  22|0x00000000e1600000, 0x00000000e1700000, 0x00000000e1700000|100%|HC|  |TAMS 0x00000000e1700000, 0x00000000e1600000| Complete 
|  23|0x00000000e1700000, 0x00000000e1700000, 0x00000000e1800000|  0%| F|  |TAMS 0x00000000e1700000, 0x00000000e1700000| Untracked 
|  24|0x00000000e1800000, 0x00000000e1800000, 0x00000000e1900000|  0%| F|  |TAMS 0x00000000e1800000, 0x00000000e1800000| Untracked 
|  25|0x00000000e1900000, 0x00000000e1900000, 0x00000000e1a00000|  0%| F|  |TAMS 0x00000000e1900000, 0x00000000e1900000| Untracked 
|  26|0x00000000e1a00000, 0x00000000e1a00000, 0x00000000e1b00000|  0%| F|  |TAMS 0x00000000e1a00000, 0x00000000e1a00000| Untracked 
|  27|0x00000000e1b00000, 0x00000000e1b00000, 0x00000000e1c00000|  0%| F|  |TAMS 0x00000000e1b00000, 0x00000000e1b00000| Untracked 
|  28|0x00000000e1c00000, 0x00000000e1c00000, 0x00000000e1d00000|  0%| F|  |TAMS 0x00000000e1c00000, 0x00000000e1c00000| Untracked 
|  29|0x00000000e1d00000, 0x00000000e1d00000, 0x00000000e1e00000|  0%| F|  |TAMS 0x00000000e1d00000, 0x00000000e1d00000| Untracked 
|  30|0x00000000e1e00000, 0x00000000e1e00000, 0x00000000e1f00000|  0%| F|  |TAMS 0x00000000e1e00000, 0x00000000e1e00000| Untracked 
|  31|0x00000000e1f00000, 0x00000000e1f00000, 0x00000000e2000000|  0%| F|  |TAMS 0x00000000e1f00000, 0x00000000e1f00000| Untracked 
|  32|0x00000000e2000000, 0x00000000e2000000, 0x00000000e2100000|  0%| F|  |TAMS 0x00000000e2000000, 0x00000000e2000000| Untracked 
|  33|0x00000000e2100000, 0x00000000e2100000, 0x00000000e2200000|  0%| F|  |TAMS 0x00000000e2100000, 0x00000000e2100000| Untracked 
|  34|0x00000000e2200000, 0x00000000e2200000, 0x00000000e2300000|  0%| F|  |TAMS 0x00000000e2200000, 0x00000000e2200000| Untracked 
|  35|0x00000000e2300000, 0x00000000e2300000, 0x00000000e2400000|  0%| F|  |TAMS 0x00000000e2300000, 0x00000000e2300000| Untracked 
|  36|0x00000000e2400000, 0x00000000e2400000, 0x00000000e2500000|  0%| F|  |TAMS 0x00000000e2400000, 0x00000000e2400000| Untracked 
|  37|0x00000000e2500000, 0x00000000e2500000, 0x00000000e2600000|  0%| F|  |TAMS 0x00000000e2500000, 0x00000000e2500000| Untracked 
|  38|0x00000000e2600000, 0x00000000e2600000, 0x00000000e2700000|  0%| F|  |TAMS 0x00000000e2600000, 0x00000000e2600000| Untracked 
|  39|0x00000000e2700000, 0x00000000e2700000, 0x00000000e2800000|  0%| F|  |TAMS 0x00000000e2700000, 0x00000000e2700000| Untracked 
|  40|0x00000000e2800000, 0x00000000e2800000, 0x00000000e2900000|  0%| F|  |TAMS 0x00000000e2800000, 0x00000000e2800000| Untracked 
|  41|0x00000000e2900000, 0x00000000e2900000, 0x00000000e2a00000|  0%| F|  |TAMS 0x00000000e2900000, 0x00000000e2900000| Untracked 
|  42|0x00000000e2a00000, 0x00000000e2a00000, 0x00000000e2b00000|  0%| F|  |TAMS 0x00000000e2a00000, 0x00000000e2a00000| Untracked 
|  43|0x00000000e2b00000, 0x00000000e2b00000, 0x00000000e2c00000|  0%| F|  |TAMS 0x00000000e2b00000, 0x00000000e2b00000| Untracked 
|  44|0x00000000e2c00000, 0x00000000e2c00000, 0x00000000e2d00000|  0%| F|  |TAMS 0x00000000e2c00000, 0x00000000e2c00000| Untracked 
|  45|0x00000000e2d00000, 0x00000000e2d00000, 0x00000000e2e00000|  0%| F|  |TAMS 0x00000000e2d00000, 0x00000000e2d00000| Untracked 
|  46|0x00000000e2e00000, 0x00000000e2e00000, 0x00000000e2f00000|  0%| F|  |TAMS 0x00000000e2e00000, 0x00000000e2e00000| Untracked 
|  47|0x00000000e2f00000, 0x00000000e2f00000, 0x00000000e3000000|  0%| F|  |TAMS 0x00000000e2f00000, 0x00000000e2f00000| Untracked 
|  48|0x00000000e3000000, 0x00000000e3000000, 0x00000000e3100000|  0%| F|  |TAMS 0x00000000e3000000, 0x00000000e3000000| Untracked 
|  49|0x00000000e3100000, 0x00000000e3100000, 0x00000000e3200000|  0%| F|  |TAMS 0x00000000e3100000, 0x00000000e3100000| Untracked 
|  50|0x00000000e3200000, 0x00000000e3200000, 0x00000000e3300000|  0%| F|  |TAMS 0x00000000e3200000, 0x00000000e3200000| Untracked 
|  51|0x00000000e3300000, 0x00000000e3300000, 0x00000000e3400000|  0%| F|  |TAMS 0x00000000e3300000, 0x00000000e3300000| Untracked 
|  52|0x00000000e3400000, 0x00000000e3400000, 0x00000000e3500000|  0%| F|  |TAMS 0x00000000e3400000, 0x00000000e3400000| Untracked 
|  53|0x00000000e3500000, 0x00000000e3500000, 0x00000000e3600000|  0%| F|  |TAMS 0x00000000e3500000, 0x00000000e3500000| Untracked 
|  54|0x00000000e3600000, 0x00000000e3600000, 0x00000000e3700000|  0%| F|  |TAMS 0x00000000e3600000, 0x00000000e3600000| Untracked 
|  55|0x00000000e3700000, 0x00000000e3700000, 0x00000000e3800000|  0%| F|  |TAMS 0x00000000e3700000, 0x00000000e3700000| Untracked 
|  56|0x00000000e3800000, 0x00000000e3800000, 0x00000000e3900000|  0%| F|  |TAMS 0x00000000e3800000, 0x00000000e3800000| Untracked 
|  57|0x00000000e3900000, 0x00000000e3900000, 0x00000000e3a00000|  0%| F|  |TAMS 0x00000000e3900000, 0x00000000e3900000| Untracked 
|  58|0x00000000e3a00000, 0x00000000e3a00000, 0x00000000e3b00000|  0%| F|  |TAMS 0x00000000e3a00000, 0x00000000e3a00000| Untracked 
|  59|0x00000000e3b00000, 0x00000000e3b00000, 0x00000000e3c00000|  0%| F|  |TAMS 0x00000000e3b00000, 0x00000000e3b00000| Untracked 
|  60|0x00000000e3c00000, 0x00000000e3c00000, 0x00000000e3d00000|  0%| F|  |TAMS 0x00000000e3c00000, 0x00000000e3c00000| Untracked 
|  61|0x00000000e3d00000, 0x00000000e3d00000, 0x00000000e3e00000|  0%| F|  |TAMS 0x00000000e3d00000, 0x00000000e3d00000| Untracked 
|  62|0x00000000e3e00000, 0x00000000e3e00000, 0x00000000e3f00000|  0%| F|  |TAMS 0x00000000e3e00000, 0x00000000e3e00000| Untracked 
|  63|0x00000000e3f00000, 0x00000000e3f00000, 0x00000000e4000000|  0%| F|  |TAMS 0x00000000e3f00000, 0x00000000e3f00000| Untracked 
|  64|0x00000000e4000000, 0x00000000e4000000, 0x00000000e4100000|  0%| F|  |TAMS 0x00000000e4000000, 0x00000000e4000000| Untracked 
|  65|0x00000000e4100000, 0x00000000e4100000, 0x00000000e4200000|  0%| F|  |TAMS 0x00000000e4100000, 0x00000000e4100000| Untracked 
|  66|0x00000000e4200000, 0x00000000e4200000, 0x00000000e4300000|  0%| F|  |TAMS 0x00000000e4200000, 0x00000000e4200000| Untracked 
|  67|0x00000000e4300000, 0x00000000e4300000, 0x00000000e4400000|  0%| F|  |TAMS 0x00000000e4300000, 0x00000000e4300000| Untracked 
|  68|0x00000000e4400000, 0x00000000e4400000, 0x00000000e4500000|  0%| F|  |TAMS 0x00000000e4400000, 0x00000000e4400000| Untracked 
|  69|0x00000000e4500000, 0x00000000e4500000, 0x00000000e4600000|  0%| F|  |TAMS 0x00000000e4500000, 0x00000000e4500000| Untracked 
|  70|0x00000000e4600000, 0x00000000e4600000, 0x00000000e4700000|  0%| F|  |TAMS 0x00000000e4600000, 0x00000000e4600000| Untracked 
|  71|0x00000000e4700000, 0x00000000e4700000, 0x00000000e4800000|  0%| F|  |TAMS 0x00000000e4700000, 0x00000000e4700000| Untracked 
|  72|0x00000000e4800000, 0x00000000e4800000, 0x00000000e4900000|  0%| F|  |TAMS 0x00000000e4800000, 0x00000000e4800000| Untracked 
|  73|0x00000000e4900000, 0x00000000e4900000, 0x00000000e4a00000|  0%| F|  |TAMS 0x00000000e4900000, 0x00000000e4900000| Untracked 
|  74|0x00000000e4a00000, 0x00000000e4a00000, 0x00000000e4b00000|  0%| F|  |TAMS 0x00000000e4a00000, 0x00000000e4a00000| Untracked 
|  75|0x00000000e4b00000, 0x00000000e4b00000, 0x00000000e4c00000|  0%| F|  |TAMS 0x00000000e4b00000, 0x00000000e4b00000| Untracked 
|  76|0x00000000e4c00000, 0x00000000e4c00000, 0x00000000e4d00000|  0%| F|  |TAMS 0x00000000e4c00000, 0x00000000e4c00000| Untracked 
|  77|0x00000000e4d00000, 0x00000000e4d00000, 0x00000000e4e00000|  0%| F|  |TAMS 0x00000000e4d00000, 0x00000000e4d00000| Untracked 
|  78|0x00000000e4e00000, 0x00000000e4e00000, 0x00000000e4f00000|  0%| F|  |TAMS 0x00000000e4e00000, 0x00000000e4e00000| Untracked 
|  79|0x00000000e4f00000, 0x00000000e4f00000, 0x00000000e5000000|  0%| F|  |TAMS 0x00000000e4f00000, 0x00000000e4f00000| Untracked 
|  80|0x00000000e5000000, 0x00000000e5000000, 0x00000000e5100000|  0%| F|  |TAMS 0x00000000e5000000, 0x00000000e5000000| Untracked 
|  81|0x00000000e5100000, 0x00000000e5100000, 0x00000000e5200000|  0%| F|  |TAMS 0x00000000e5100000, 0x00000000e5100000| Untracked 
|  82|0x00000000e5200000, 0x00000000e5200000, 0x00000000e5300000|  0%| F|  |TAMS 0x00000000e5200000, 0x00000000e5200000| Untracked 
|  83|0x00000000e5300000, 0x00000000e5300000, 0x00000000e5400000|  0%| F|  |TAMS 0x00000000e5300000, 0x00000000e5300000| Untracked 
|  84|0x00000000e5400000, 0x00000000e5400000, 0x00000000e5500000|  0%| F|  |TAMS 0x00000000e5400000, 0x00000000e5400000| Untracked 
|  85|0x00000000e5500000, 0x00000000e5500000, 0x00000000e5600000|  0%| F|  |TAMS 0x00000000e5500000, 0x00000000e5500000| Untracked 
|  86|0x00000000e5600000, 0x00000000e5600000, 0x00000000e5700000|  0%| F|  |TAMS 0x00000000e5600000, 0x00000000e5600000| Untracked 
|  87|0x00000000e5700000, 0x00000000e5700000, 0x00000000e5800000|  0%| F|  |TAMS 0x00000000e5700000, 0x00000000e5700000| Untracked 
|  88|0x00000000e5800000, 0x00000000e5800000, 0x00000000e5900000|  0%| F|  |TAMS 0x00000000e5800000, 0x00000000e5800000| Untracked 
|  89|0x00000000e5900000, 0x00000000e5900000, 0x00000000e5a00000|  0%| F|  |TAMS 0x00000000e5900000, 0x00000000e5900000| Untracked 
|  90|0x00000000e5a00000, 0x00000000e5a00000, 0x00000000e5b00000|  0%| F|  |TAMS 0x00000000e5a00000, 0x00000000e5a00000| Untracked 
|  91|0x00000000e5b00000, 0x00000000e5b00000, 0x00000000e5c00000|  0%| F|  |TAMS 0x00000000e5b00000, 0x00000000e5b00000| Untracked 
|  92|0x00000000e5c00000, 0x00000000e5c00000, 0x00000000e5d00000|  0%| F|  |TAMS 0x00000000e5c00000, 0x00000000e5c00000| Untracked 
|  93|0x00000000e5d00000, 0x00000000e5d00000, 0x00000000e5e00000|  0%| F|  |TAMS 0x00000000e5d00000, 0x00000000e5d00000| Untracked 
|  94|0x00000000e5e00000, 0x00000000e5e00000, 0x00000000e5f00000|  0%| F|  |TAMS 0x00000000e5e00000, 0x00000000e5e00000| Untracked 
|  95|0x00000000e5f00000, 0x00000000e5f00000, 0x00000000e6000000|  0%| F|  |TAMS 0x00000000e5f00000, 0x00000000e5f00000| Untracked 
|  96|0x00000000e6000000, 0x00000000e6000000, 0x00000000e6100000|  0%| F|  |TAMS 0x00000000e6000000, 0x00000000e6000000| Untracked 
|  97|0x00000000e6100000, 0x00000000e6100000, 0x00000000e6200000|  0%| F|  |TAMS 0x00000000e6100000, 0x00000000e6100000| Untracked 
|  98|0x00000000e6200000, 0x00000000e6200000, 0x00000000e6300000|  0%| F|  |TAMS 0x00000000e6200000, 0x00000000e6200000| Untracked 
|  99|0x00000000e6300000, 0x00000000e6300000, 0x00000000e6400000|  0%| F|  |TAMS 0x00000000e6300000, 0x00000000e6300000| Untracked 
| 100|0x00000000e6400000, 0x00000000e6400000, 0x00000000e6500000|  0%| F|  |TAMS 0x00000000e6400000, 0x00000000e6400000| Untracked 
| 101|0x00000000e6500000, 0x00000000e6500000, 0x00000000e6600000|  0%| F|  |TAMS 0x00000000e6500000, 0x00000000e6500000| Untracked 
| 102|0x00000000e6600000, 0x00000000e6600000, 0x00000000e6700000|  0%| F|  |TAMS 0x00000000e6600000, 0x00000000e6600000| Untracked 
| 103|0x00000000e6700000, 0x00000000e6700000, 0x00000000e6800000|  0%| F|  |TAMS 0x00000000e6700000, 0x00000000e6700000| Untracked 
| 104|0x00000000e6800000, 0x00000000e6800000, 0x00000000e6900000|  0%| F|  |TAMS 0x00000000e6800000, 0x00000000e6800000| Untracked 
| 105|0x00000000e6900000, 0x00000000e6900000, 0x00000000e6a00000|  0%| F|  |TAMS 0x00000000e6900000, 0x00000000e6900000| Untracked 
| 106|0x00000000e6a00000, 0x00000000e6a00000, 0x00000000e6b00000|  0%| F|  |TAMS 0x00000000e6a00000, 0x00000000e6a00000| Untracked 
| 107|0x00000000e6b00000, 0x00000000e6b00000, 0x00000000e6c00000|  0%| F|  |TAMS 0x00000000e6b00000, 0x00000000e6b00000| Untracked 
| 108|0x00000000e6c00000, 0x00000000e6c00000, 0x00000000e6d00000|  0%| F|  |TAMS 0x00000000e6c00000, 0x00000000e6c00000| Untracked 
| 109|0x00000000e6d00000, 0x00000000e6d00000, 0x00000000e6e00000|  0%| F|  |TAMS 0x00000000e6d00000, 0x00000000e6d00000| Untracked 
| 110|0x00000000e6e00000, 0x00000000e6e00000, 0x00000000e6f00000|  0%| F|  |TAMS 0x00000000e6e00000, 0x00000000e6e00000| Untracked 
| 111|0x00000000e6f00000, 0x00000000e6f00000, 0x00000000e7000000|  0%| F|  |TAMS 0x00000000e6f00000, 0x00000000e6f00000| Untracked 
| 112|0x00000000e7000000, 0x00000000e7000000, 0x00000000e7100000|  0%| F|  |TAMS 0x00000000e7000000, 0x00000000e7000000| Untracked 
| 113|0x00000000e7100000, 0x00000000e7100000, 0x00000000e7200000|  0%| F|  |TAMS 0x00000000e7100000, 0x00000000e7100000| Untracked 
| 114|0x00000000e7200000, 0x00000000e7200000, 0x00000000e7300000|  0%| F|  |TAMS 0x00000000e7200000, 0x00000000e7200000| Untracked 
| 115|0x00000000e7300000, 0x00000000e7300000, 0x00000000e7400000|  0%| F|  |TAMS 0x00000000e7300000, 0x00000000e7300000| Untracked 
| 116|0x00000000e7400000, 0x00000000e7400000, 0x00000000e7500000|  0%| F|  |TAMS 0x00000000e7400000, 0x00000000e7400000| Untracked 
| 117|0x00000000e7500000, 0x00000000e7500000, 0x00000000e7600000|  0%| F|  |TAMS 0x00000000e7500000, 0x00000000e7500000| Untracked 
| 118|0x00000000e7600000, 0x00000000e7600000, 0x00000000e7700000|  0%| F|  |TAMS 0x00000000e7600000, 0x00000000e7600000| Untracked 
| 119|0x00000000e7700000, 0x00000000e7700000, 0x00000000e7800000|  0%| F|  |TAMS 0x00000000e7700000, 0x00000000e7700000| Untracked 
| 120|0x00000000e7800000, 0x00000000e7800000, 0x00000000e7900000|  0%| F|  |TAMS 0x00000000e7800000, 0x00000000e7800000| Untracked 
| 121|0x00000000e7900000, 0x00000000e7900000, 0x00000000e7a00000|  0%| F|  |TAMS 0x00000000e7900000, 0x00000000e7900000| Untracked 
| 122|0x00000000e7a00000, 0x00000000e7a00000, 0x00000000e7b00000|  0%| F|  |TAMS 0x00000000e7a00000, 0x00000000e7a00000| Untracked 
| 123|0x00000000e7b00000, 0x00000000e7b00000, 0x00000000e7c00000|  0%| F|  |TAMS 0x00000000e7b00000, 0x00000000e7b00000| Untracked 
| 124|0x00000000e7c00000, 0x00000000e7c00000, 0x00000000e7d00000|  0%| F|  |TAMS 0x00000000e7c00000, 0x00000000e7c00000| Untracked 
| 125|0x00000000e7d00000, 0x00000000e7d00000, 0x00000000e7e00000|  0%| F|  |TAMS 0x00000000e7d00000, 0x00000000e7d00000| Untracked 
| 126|0x00000000e7e00000, 0x00000000e7e00000, 0x00000000e7f00000|  0%| F|  |TAMS 0x00000000e7e00000, 0x00000000e7e00000| Untracked 
| 127|0x00000000e7f00000, 0x00000000e7f00000, 0x00000000e8000000|  0%| F|  |TAMS 0x00000000e7f00000, 0x00000000e7f00000| Untracked 
| 128|0x00000000e8000000, 0x00000000e8000000, 0x00000000e8100000|  0%| F|  |TAMS 0x00000000e8000000, 0x00000000e8000000| Untracked 
| 129|0x00000000e8100000, 0x00000000e8100000, 0x00000000e8200000|  0%| F|  |TAMS 0x00000000e8100000, 0x00000000e8100000| Untracked 
| 130|0x00000000e8200000, 0x00000000e8200000, 0x00000000e8300000|  0%| F|  |TAMS 0x00000000e8200000, 0x00000000e8200000| Untracked 
| 131|0x00000000e8300000, 0x00000000e8300000, 0x00000000e8400000|  0%| F|  |TAMS 0x00000000e8300000, 0x00000000e8300000| Untracked 
| 132|0x00000000e8400000, 0x00000000e8400000, 0x00000000e8500000|  0%| F|  |TAMS 0x00000000e8400000, 0x00000000e8400000| Untracked 
| 133|0x00000000e8500000, 0x00000000e8500000, 0x00000000e8600000|  0%| F|  |TAMS 0x00000000e8500000, 0x00000000e8500000| Untracked 
| 134|0x00000000e8600000, 0x00000000e8600000, 0x00000000e8700000|  0%| F|  |TAMS 0x00000000e8600000, 0x00000000e8600000| Untracked 
| 135|0x00000000e8700000, 0x00000000e8718900, 0x00000000e8800000|  9%| S|CS|TAMS 0x00000000e8700000, 0x00000000e8700000| Complete 
| 136|0x00000000e8800000, 0x00000000e8900000, 0x00000000e8900000|100%| S|CS|TAMS 0x00000000e8800000, 0x00000000e8800000| Complete 
| 137|0x00000000e8900000, 0x00000000e8a00000, 0x00000000e8a00000|100%| S|CS|TAMS 0x00000000e8900000, 0x00000000e8900000| Complete 
| 138|0x00000000e8a00000, 0x00000000e8b00000, 0x00000000e8b00000|100%| S|CS|TAMS 0x00000000e8a00000, 0x00000000e8a00000| Complete 
| 139|0x00000000e8b00000, 0x00000000e8c00000, 0x00000000e8c00000|100%| S|CS|TAMS 0x00000000e8b00000, 0x00000000e8b00000| Complete 
| 140|0x00000000e8c00000, 0x00000000e8d00000, 0x00000000e8d00000|100%| S|CS|TAMS 0x00000000e8c00000, 0x00000000e8c00000| Complete 
| 141|0x00000000e8d00000, 0x00000000e8e00000, 0x00000000e8e00000|100%| S|CS|TAMS 0x00000000e8d00000, 0x00000000e8d00000| Complete 
| 142|0x00000000e8e00000, 0x00000000e8f00000, 0x00000000e8f00000|100%| S|CS|TAMS 0x00000000e8e00000, 0x00000000e8e00000| Complete 
| 143|0x00000000e8f00000, 0x00000000e9000000, 0x00000000e9000000|100%| S|CS|TAMS 0x00000000e8f00000, 0x00000000e8f00000| Complete 
| 144|0x00000000e9000000, 0x00000000e9100000, 0x00000000e9100000|100%| S|CS|TAMS 0x00000000e9000000, 0x00000000e9000000| Complete 
| 145|0x00000000e9100000, 0x00000000e9200000, 0x00000000e9200000|100%| S|CS|TAMS 0x00000000e9100000, 0x00000000e9100000| Complete 
| 146|0x00000000e9200000, 0x00000000e9300000, 0x00000000e9300000|100%| S|CS|TAMS 0x00000000e9200000, 0x00000000e9200000| Complete 
| 147|0x00000000e9300000, 0x00000000e9400000, 0x00000000e9400000|100%| S|CS|TAMS 0x00000000e9300000, 0x00000000e9300000| Complete 
| 148|0x00000000e9400000, 0x00000000e9500000, 0x00000000e9500000|100%| S|CS|TAMS 0x00000000e9400000, 0x00000000e9400000| Complete 
| 149|0x00000000e9500000, 0x00000000e9500000, 0x00000000e9600000|  0%| F|  |TAMS 0x00000000e9500000, 0x00000000e9500000| Untracked 
| 150|0x00000000e9600000, 0x00000000e9600000, 0x00000000e9700000|  0%| F|  |TAMS 0x00000000e9600000, 0x00000000e9600000| Untracked 
| 151|0x00000000e9700000, 0x00000000e9700000, 0x00000000e9800000|  0%| F|  |TAMS 0x00000000e9700000, 0x00000000e9700000| Untracked 
| 152|0x00000000e9800000, 0x00000000e9800000, 0x00000000e9900000|  0%| F|  |TAMS 0x00000000e9800000, 0x00000000e9800000| Untracked 
| 153|0x00000000e9900000, 0x00000000e9900000, 0x00000000e9a00000|  0%| F|  |TAMS 0x00000000e9900000, 0x00000000e9900000| Untracked 
| 154|0x00000000e9a00000, 0x00000000e9a00000, 0x00000000e9b00000|  0%| F|  |TAMS 0x00000000e9a00000, 0x00000000e9a00000| Untracked 
| 155|0x00000000e9b00000, 0x00000000e9b00000, 0x00000000e9c00000|  0%| F|  |TAMS 0x00000000e9b00000, 0x00000000e9b00000| Untracked 
| 156|0x00000000e9c00000, 0x00000000e9c00000, 0x00000000e9d00000|  0%| F|  |TAMS 0x00000000e9c00000, 0x00000000e9c00000| Untracked 
| 157|0x00000000e9d00000, 0x00000000e9d00000, 0x00000000e9e00000|  0%| F|  |TAMS 0x00000000e9d00000, 0x00000000e9d00000| Untracked 
| 158|0x00000000e9e00000, 0x00000000e9e00000, 0x00000000e9f00000|  0%| F|  |TAMS 0x00000000e9e00000, 0x00000000e9e00000| Untracked 
| 159|0x00000000e9f00000, 0x00000000e9f00000, 0x00000000ea000000|  0%| F|  |TAMS 0x00000000e9f00000, 0x00000000e9f00000| Untracked 
| 160|0x00000000ea000000, 0x00000000ea000000, 0x00000000ea100000|  0%| F|  |TAMS 0x00000000ea000000, 0x00000000ea000000| Untracked 
| 161|0x00000000ea100000, 0x00000000ea100000, 0x00000000ea200000|  0%| F|  |TAMS 0x00000000ea100000, 0x00000000ea100000| Untracked 
| 162|0x00000000ea200000, 0x00000000ea200000, 0x00000000ea300000|  0%| F|  |TAMS 0x00000000ea200000, 0x00000000ea200000| Untracked 
| 163|0x00000000ea300000, 0x00000000ea300000, 0x00000000ea400000|  0%| F|  |TAMS 0x00000000ea300000, 0x00000000ea300000| Untracked 
| 164|0x00000000ea400000, 0x00000000ea400000, 0x00000000ea500000|  0%| F|  |TAMS 0x00000000ea400000, 0x00000000ea400000| Untracked 
| 165|0x00000000ea500000, 0x00000000ea500000, 0x00000000ea600000|  0%| F|  |TAMS 0x00000000ea500000, 0x00000000ea500000| Untracked 
| 166|0x00000000ea600000, 0x00000000ea600000, 0x00000000ea700000|  0%| F|  |TAMS 0x00000000ea600000, 0x00000000ea600000| Untracked 
| 167|0x00000000ea700000, 0x00000000ea700000, 0x00000000ea800000|  0%| F|  |TAMS 0x00000000ea700000, 0x00000000ea700000| Untracked 
| 168|0x00000000ea800000, 0x00000000ea800000, 0x00000000ea900000|  0%| F|  |TAMS 0x00000000ea800000, 0x00000000ea800000| Untracked 
| 169|0x00000000ea900000, 0x00000000ea900000, 0x00000000eaa00000|  0%| F|  |TAMS 0x00000000ea900000, 0x00000000ea900000| Untracked 
| 170|0x00000000eaa00000, 0x00000000eaa00000, 0x00000000eab00000|  0%| F|  |TAMS 0x00000000eaa00000, 0x00000000eaa00000| Untracked 
| 171|0x00000000eab00000, 0x00000000eab00000, 0x00000000eac00000|  0%| F|  |TAMS 0x00000000eab00000, 0x00000000eab00000| Untracked 
| 172|0x00000000eac00000, 0x00000000eac00000, 0x00000000ead00000|  0%| F|  |TAMS 0x00000000eac00000, 0x00000000eac00000| Untracked 
| 173|0x00000000ead00000, 0x00000000ead00000, 0x00000000eae00000|  0%| F|  |TAMS 0x00000000ead00000, 0x00000000ead00000| Untracked 
| 174|0x00000000eae00000, 0x00000000eae00000, 0x00000000eaf00000|  0%| F|  |TAMS 0x00000000eae00000, 0x00000000eae00000| Untracked 
| 175|0x00000000eaf00000, 0x00000000eaf00000, 0x00000000eb000000|  0%| F|  |TAMS 0x00000000eaf00000, 0x00000000eaf00000| Untracked 
| 176|0x00000000eb000000, 0x00000000eb000000, 0x00000000eb100000|  0%| F|  |TAMS 0x00000000eb000000, 0x00000000eb000000| Untracked 
| 177|0x00000000eb100000, 0x00000000eb100000, 0x00000000eb200000|  0%| F|  |TAMS 0x00000000eb100000, 0x00000000eb100000| Untracked 
| 178|0x00000000eb200000, 0x00000000eb200000, 0x00000000eb300000|  0%| F|  |TAMS 0x00000000eb200000, 0x00000000eb200000| Untracked 
| 179|0x00000000eb300000, 0x00000000eb300000, 0x00000000eb400000|  0%| F|  |TAMS 0x00000000eb300000, 0x00000000eb300000| Untracked 
| 180|0x00000000eb400000, 0x00000000eb400000, 0x00000000eb500000|  0%| F|  |TAMS 0x00000000eb400000, 0x00000000eb400000| Untracked 
| 181|0x00000000eb500000, 0x00000000eb500000, 0x00000000eb600000|  0%| F|  |TAMS 0x00000000eb500000, 0x00000000eb500000| Untracked 
| 182|0x00000000eb600000, 0x00000000eb600000, 0x00000000eb700000|  0%| F|  |TAMS 0x00000000eb600000, 0x00000000eb600000| Untracked 
| 183|0x00000000eb700000, 0x00000000eb700000, 0x00000000eb800000|  0%| F|  |TAMS 0x00000000eb700000, 0x00000000eb700000| Untracked 
| 184|0x00000000eb800000, 0x00000000eb800000, 0x00000000eb900000|  0%| F|  |TAMS 0x00000000eb800000, 0x00000000eb800000| Untracked 
| 185|0x00000000eb900000, 0x00000000eb900000, 0x00000000eba00000|  0%| F|  |TAMS 0x00000000eb900000, 0x00000000eb900000| Untracked 
| 186|0x00000000eba00000, 0x00000000eba00000, 0x00000000ebb00000|  0%| F|  |TAMS 0x00000000eba00000, 0x00000000eba00000| Untracked 
| 187|0x00000000ebb00000, 0x00000000ebb00000, 0x00000000ebc00000|  0%| F|  |TAMS 0x00000000ebb00000, 0x00000000ebb00000| Untracked 
| 188|0x00000000ebc00000, 0x00000000ebc00000, 0x00000000ebd00000|  0%| F|  |TAMS 0x00000000ebc00000, 0x00000000ebc00000| Untracked 
| 189|0x00000000ebd00000, 0x00000000ebd00000, 0x00000000ebe00000|  0%| F|  |TAMS 0x00000000ebd00000, 0x00000000ebd00000| Untracked 
| 190|0x00000000ebe00000, 0x00000000ebe00000, 0x00000000ebf00000|  0%| F|  |TAMS 0x00000000ebe00000, 0x00000000ebe00000| Untracked 
| 191|0x00000000ebf00000, 0x00000000ebf00000, 0x00000000ec000000|  0%| F|  |TAMS 0x00000000ebf00000, 0x00000000ebf00000| Untracked 
| 192|0x00000000ec000000, 0x00000000ec000000, 0x00000000ec100000|  0%| F|  |TAMS 0x00000000ec000000, 0x00000000ec000000| Untracked 
| 193|0x00000000ec100000, 0x00000000ec100000, 0x00000000ec200000|  0%| F|  |TAMS 0x00000000ec100000, 0x00000000ec100000| Untracked 
| 194|0x00000000ec200000, 0x00000000ec200000, 0x00000000ec300000|  0%| F|  |TAMS 0x00000000ec200000, 0x00000000ec200000| Untracked 
| 195|0x00000000ec300000, 0x00000000ec300000, 0x00000000ec400000|  0%| F|  |TAMS 0x00000000ec300000, 0x00000000ec300000| Untracked 
| 196|0x00000000ec400000, 0x00000000ec400000, 0x00000000ec500000|  0%| F|  |TAMS 0x00000000ec400000, 0x00000000ec400000| Untracked 
| 197|0x00000000ec500000, 0x00000000ec500000, 0x00000000ec600000|  0%| F|  |TAMS 0x00000000ec500000, 0x00000000ec500000| Untracked 
| 198|0x00000000ec600000, 0x00000000ec600000, 0x00000000ec700000|  0%| F|  |TAMS 0x00000000ec600000, 0x00000000ec600000| Untracked 
| 199|0x00000000ec700000, 0x00000000ec700000, 0x00000000ec800000|  0%| F|  |TAMS 0x00000000ec700000, 0x00000000ec700000| Untracked 
| 200|0x00000000ec800000, 0x00000000ec800000, 0x00000000ec900000|  0%| F|  |TAMS 0x00000000ec800000, 0x00000000ec800000| Untracked 
| 201|0x00000000ec900000, 0x00000000ec900000, 0x00000000eca00000|  0%| F|  |TAMS 0x00000000ec900000, 0x00000000ec900000| Untracked 
| 202|0x00000000eca00000, 0x00000000eca00000, 0x00000000ecb00000|  0%| F|  |TAMS 0x00000000eca00000, 0x00000000eca00000| Untracked 
| 203|0x00000000ecb00000, 0x00000000ecb00000, 0x00000000ecc00000|  0%| F|  |TAMS 0x00000000ecb00000, 0x00000000ecb00000| Untracked 
| 204|0x00000000ecc00000, 0x00000000ecc00000, 0x00000000ecd00000|  0%| F|  |TAMS 0x00000000ecc00000, 0x00000000ecc00000| Untracked 
| 205|0x00000000ecd00000, 0x00000000ecd00000, 0x00000000ece00000|  0%| F|  |TAMS 0x00000000ecd00000, 0x00000000ecd00000| Untracked 
| 206|0x00000000ece00000, 0x00000000ece00000, 0x00000000ecf00000|  0%| F|  |TAMS 0x00000000ece00000, 0x00000000ece00000| Untracked 
| 207|0x00000000ecf00000, 0x00000000ecf00000, 0x00000000ed000000|  0%| F|  |TAMS 0x00000000ecf00000, 0x00000000ecf00000| Untracked 
| 208|0x00000000ed000000, 0x00000000ed000000, 0x00000000ed100000|  0%| F|  |TAMS 0x00000000ed000000, 0x00000000ed000000| Untracked 
| 209|0x00000000ed100000, 0x00000000ed100000, 0x00000000ed200000|  0%| F|  |TAMS 0x00000000ed100000, 0x00000000ed100000| Untracked 
| 210|0x00000000ed200000, 0x00000000ed200000, 0x00000000ed300000|  0%| F|  |TAMS 0x00000000ed200000, 0x00000000ed200000| Untracked 
| 211|0x00000000ed300000, 0x00000000ed300000, 0x00000000ed400000|  0%| F|  |TAMS 0x00000000ed300000, 0x00000000ed300000| Untracked 
| 212|0x00000000ed400000, 0x00000000ed487530, 0x00000000ed500000| 52%| E|  |TAMS 0x00000000ed400000, 0x00000000ed400000| Complete 
| 213|0x00000000ed500000, 0x00000000ed600000, 0x00000000ed600000|100%| E|CS|TAMS 0x00000000ed500000, 0x00000000ed500000| Complete 
| 214|0x00000000ed600000, 0x00000000ed700000, 0x00000000ed700000|100%| E|CS|TAMS 0x00000000ed600000, 0x00000000ed600000| Complete 
| 215|0x00000000ed700000, 0x00000000ed800000, 0x00000000ed800000|100%| E|CS|TAMS 0x00000000ed700000, 0x00000000ed700000| Complete 
| 216|0x00000000ed800000, 0x00000000ed900000, 0x00000000ed900000|100%| E|CS|TAMS 0x00000000ed800000, 0x00000000ed800000| Complete 
| 217|0x00000000ed900000, 0x00000000eda00000, 0x00000000eda00000|100%| E|CS|TAMS 0x00000000ed900000, 0x00000000ed900000| Complete 
| 218|0x00000000eda00000, 0x00000000edb00000, 0x00000000edb00000|100%| E|CS|TAMS 0x00000000eda00000, 0x00000000eda00000| Complete 
| 219|0x00000000edb00000, 0x00000000edc00000, 0x00000000edc00000|100%| E|CS|TAMS 0x00000000edb00000, 0x00000000edb00000| Complete 
| 220|0x00000000edc00000, 0x00000000edd00000, 0x00000000edd00000|100%| E|CS|TAMS 0x00000000edc00000, 0x00000000edc00000| Complete 
| 221|0x00000000edd00000, 0x00000000ede00000, 0x00000000ede00000|100%| E|CS|TAMS 0x00000000edd00000, 0x00000000edd00000| Complete 
| 222|0x00000000ede00000, 0x00000000edf00000, 0x00000000edf00000|100%| E|CS|TAMS 0x00000000ede00000, 0x00000000ede00000| Complete 
| 223|0x00000000edf00000, 0x00000000ee000000, 0x00000000ee000000|100%| E|CS|TAMS 0x00000000edf00000, 0x00000000edf00000| Complete 
| 224|0x00000000ee000000, 0x00000000ee100000, 0x00000000ee100000|100%| E|CS|TAMS 0x00000000ee000000, 0x00000000ee000000| Complete 
| 225|0x00000000ee100000, 0x00000000ee200000, 0x00000000ee200000|100%| E|CS|TAMS 0x00000000ee100000, 0x00000000ee100000| Complete 
| 226|0x00000000ee200000, 0x00000000ee300000, 0x00000000ee300000|100%| E|CS|TAMS 0x00000000ee200000, 0x00000000ee200000| Complete 
| 227|0x00000000ee300000, 0x00000000ee400000, 0x00000000ee400000|100%| E|CS|TAMS 0x00000000ee300000, 0x00000000ee300000| Complete 
| 228|0x00000000ee400000, 0x00000000ee500000, 0x00000000ee500000|100%| E|CS|TAMS 0x00000000ee400000, 0x00000000ee400000| Complete 
| 229|0x00000000ee500000, 0x00000000ee600000, 0x00000000ee600000|100%| E|CS|TAMS 0x00000000ee500000, 0x00000000ee500000| Complete 
| 230|0x00000000ee600000, 0x00000000ee700000, 0x00000000ee700000|100%| E|CS|TAMS 0x00000000ee600000, 0x00000000ee600000| Complete 
| 231|0x00000000ee700000, 0x00000000ee800000, 0x00000000ee800000|100%| E|CS|TAMS 0x00000000ee700000, 0x00000000ee700000| Complete 
| 232|0x00000000ee800000, 0x00000000ee900000, 0x00000000ee900000|100%| E|CS|TAMS 0x00000000ee800000, 0x00000000ee800000| Complete 
| 233|0x00000000ee900000, 0x00000000eea00000, 0x00000000eea00000|100%| E|CS|TAMS 0x00000000ee900000, 0x00000000ee900000| Complete 
| 234|0x00000000eea00000, 0x00000000eeb00000, 0x00000000eeb00000|100%| E|CS|TAMS 0x00000000eea00000, 0x00000000eea00000| Complete 
| 235|0x00000000eeb00000, 0x00000000eec00000, 0x00000000eec00000|100%| E|CS|TAMS 0x00000000eeb00000, 0x00000000eeb00000| Complete 
| 236|0x00000000eec00000, 0x00000000eed00000, 0x00000000eed00000|100%| E|CS|TAMS 0x00000000eec00000, 0x00000000eec00000| Complete 
| 237|0x00000000eed00000, 0x00000000eee00000, 0x00000000eee00000|100%| E|CS|TAMS 0x00000000eed00000, 0x00000000eed00000| Complete 
| 238|0x00000000eee00000, 0x00000000eef00000, 0x00000000eef00000|100%| E|CS|TAMS 0x00000000eee00000, 0x00000000eee00000| Complete 
| 239|0x00000000eef00000, 0x00000000ef000000, 0x00000000ef000000|100%| E|CS|TAMS 0x00000000eef00000, 0x00000000eef00000| Complete 
| 240|0x00000000ef000000, 0x00000000ef100000, 0x00000000ef100000|100%| E|CS|TAMS 0x00000000ef000000, 0x00000000ef000000| Complete 
| 241|0x00000000ef100000, 0x00000000ef200000, 0x00000000ef200000|100%| E|CS|TAMS 0x00000000ef100000, 0x00000000ef100000| Complete 
| 242|0x00000000ef200000, 0x00000000ef300000, 0x00000000ef300000|100%| E|CS|TAMS 0x00000000ef200000, 0x00000000ef200000| Complete 
| 243|0x00000000ef300000, 0x00000000ef400000, 0x00000000ef400000|100%| E|CS|TAMS 0x00000000ef300000, 0x00000000ef300000| Complete 
| 244|0x00000000ef400000, 0x00000000ef500000, 0x00000000ef500000|100%| E|CS|TAMS 0x00000000ef400000, 0x00000000ef400000| Complete 
| 245|0x00000000ef500000, 0x00000000ef600000, 0x00000000ef600000|100%| E|CS|TAMS 0x00000000ef500000, 0x00000000ef500000| Complete 
| 246|0x00000000ef600000, 0x00000000ef700000, 0x00000000ef700000|100%| E|CS|TAMS 0x00000000ef600000, 0x00000000ef600000| Complete 
| 247|0x00000000ef700000, 0x00000000ef800000, 0x00000000ef800000|100%| E|CS|TAMS 0x00000000ef700000, 0x00000000ef700000| Complete 
| 248|0x00000000ef800000, 0x00000000ef900000, 0x00000000ef900000|100%| E|CS|TAMS 0x00000000ef800000, 0x00000000ef800000| Complete 
| 249|0x00000000ef900000, 0x00000000efa00000, 0x00000000efa00000|100%| E|CS|TAMS 0x00000000ef900000, 0x00000000ef900000| Complete 
| 250|0x00000000efa00000, 0x00000000efb00000, 0x00000000efb00000|100%| E|CS|TAMS 0x00000000efa00000, 0x00000000efa00000| Complete 
| 251|0x00000000efb00000, 0x00000000efc00000, 0x00000000efc00000|100%| E|CS|TAMS 0x00000000efb00000, 0x00000000efb00000| Complete 
| 252|0x00000000efc00000, 0x00000000efd00000, 0x00000000efd00000|100%| E|CS|TAMS 0x00000000efc00000, 0x00000000efc00000| Complete 
| 253|0x00000000efd00000, 0x00000000efe00000, 0x00000000efe00000|100%| E|CS|TAMS 0x00000000efd00000, 0x00000000efd00000| Complete 
| 254|0x00000000efe00000, 0x00000000eff00000, 0x00000000eff00000|100%| E|CS|TAMS 0x00000000efe00000, 0x00000000efe00000| Complete 
| 255|0x00000000eff00000, 0x00000000f0000000, 0x00000000f0000000|100%| E|CS|TAMS 0x00000000eff00000, 0x00000000eff00000| Complete 

Card table byte_map: [0x0000023ef9790000,0x0000023ef9890000] _byte_map_base: 0x0000023ef9090000

Marking Bits (Prev, Next): (CMBitMap*) 0x0000023ef1b06ac0, (CMBitMap*) 0x0000023ef1b06a80
 Prev Bits: [0x0000023efa190000, 0x0000023efa990000)
 Next Bits: [0x0000023ef9990000, 0x0000023efa190000)

Polling page: 0x0000023eefaa0000

Metaspace:

Usage:
  Non-class:     22.10 MB used.
      Class:      3.89 MB used.
       Both:     25.98 MB used.

Virtual space:
  Non-class space:       64.00 MB reserved,      22.25 MB ( 35%) committed,  1 nodes.
      Class space:      208.00 MB reserved,       4.06 MB (  2%) committed,  1 nodes.
             Both:      272.00 MB reserved,      26.31 MB ( 10%) committed. 

Chunk freelists:
   Non-Class:  9.25 MB
       Class:  11.98 MB
        Both:  21.23 MB

MaxMetaspaceSize: 256.00 MB
CompressedClassSpaceSize: 208.00 MB
Initial GC threshold: 21.00 MB
Current GC threshold: 35.12 MB
CDS: on
MetaspaceReclaimPolicy: balanced
 - commit_granule_bytes: 65536.
 - commit_granule_words: 8192.
 - virtual_space_node_default_size: 8388608.
 - enlarge_chunks_in_place: 1.
 - new_chunks_are_fully_committed: 0.
 - uncommit_free_chunks: 1.
 - use_allocation_guard: 0.
 - handle_deallocations: 1.


Internal statistics:

num_allocs_failed_limit: 3.
num_arena_births: 364.
num_arena_deaths: 0.
num_vsnodes_births: 2.
num_vsnodes_deaths: 0.
num_space_committed: 421.
num_space_uncommitted: 0.
num_chunks_returned_to_freelist: 3.
num_chunks_taken_from_freelist: 1403.
num_chunk_merges: 3.
num_chunk_splits: 900.
num_chunks_enlarged: 607.
num_inconsistent_stats: 0.

CodeHeap 'non-profiled nmethods': size=120000Kb used=2047Kb max_used=2047Kb free=117952Kb
 bounds [0x0000023e87ad0000, 0x0000023e87d40000, 0x0000023e8f000000]
CodeHeap 'profiled nmethods': size=120000Kb used=7351Kb max_used=7351Kb free=112648Kb
 bounds [0x0000023e80000000, 0x0000023e80730000, 0x0000023e87530000]
CodeHeap 'non-nmethods': size=5760Kb used=1242Kb max_used=1282Kb free=4517Kb
 bounds [0x0000023e87530000, 0x0000023e877a0000, 0x0000023e87ad0000]
 total_blobs=4075 nmethods=3532 adapters=454
 compilation: enabled
              stopped_count=0, restarted_count=0
 full_count=0

Compilation events (20 events):
Event: 159.553 Thread 0x0000023efd4465d0 nmethod 3538 0x0000023e80724210 code [0x0000023e807243a0, 0x0000023e807244e8]
Event: 159.561 Thread 0x0000023efd4465d0 3539       3       jdk.internal.org.objectweb.asm.ClassWriter::visitEnd (1 bytes)
Event: 159.562 Thread 0x0000023efd4465d0 nmethod 3539 0x0000023e80724590 code [0x0000023e80724720, 0x0000023e80724838]
Event: 159.574 Thread 0x0000023efd4465d0 3540       3       java.lang.invoke.MemberName::equals (69 bytes)
Event: 159.575 Thread 0x0000023efd4465d0 nmethod 3540 0x0000023e80724910 code [0x0000023e80724ba0, 0x0000023e807258d8]
Event: 159.822 Thread 0x0000023efd4465d0 3541   !   3       java.lang.invoke.InnerClassLambdaMetafactory::generateInnerClass (618 bytes)
Event: 159.827 Thread 0x0000023efd4465d0 nmethod 3541 0x0000023e80725c10 code [0x0000023e80726120, 0x0000023e80728a88]
Event: 159.827 Thread 0x0000023efd4465d0 3542       3       java.lang.invoke.InnerClassLambdaMetafactory::generateConstructor (154 bytes)
Event: 159.829 Thread 0x0000023efd4465d0 nmethod 3542 0x0000023e80729a90 code [0x0000023e80729d60, 0x0000023e8072ad08]
Event: 159.829 Thread 0x0000023efd4465d0 3544       3       java.lang.invoke.InnerClassLambdaMetafactory$ForwardingMethodGenerator::convertArgumentTypes (96 bytes)
Event: 159.831 Thread 0x0000023efd4465d0 nmethod 3544 0x0000023e8072b290 code [0x0000023e8072b4e0, 0x0000023e8072bf58]
Event: 159.831 Thread 0x0000023efd4465d0 3543       3       java.lang.invoke.InnerClassLambdaMetafactory$ForwardingMethodGenerator::<init> (11 bytes)
Event: 159.831 Thread 0x0000023efd444650 3548  s!   4       jdk.internal.loader.URLClassPath::getLoader (194 bytes)
Event: 159.832 Thread 0x0000023efd4465d0 nmethod 3543 0x0000023e8072c490 code [0x0000023e8072c640, 0x0000023e8072c848]
Event: 159.832 Thread 0x0000023efd4465d0 3545       3       java.lang.invoke.InnerClassLambdaMetafactory$ForwardingMethodGenerator::invocationOpcode (104 bytes)
Event: 159.833 Thread 0x0000023efd4465d0 nmethod 3545 0x0000023e8072c910 code [0x0000023e8072cb60, 0x0000023e8072d398]
Event: 159.833 Thread 0x0000023efd4465d0 3546       3       java.lang.invoke.InnerClassLambdaMetafactory::getReturnOpcode (20 bytes)
Event: 159.834 Thread 0x0000023efd4465d0 nmethod 3546 0x0000023e8072d690 code [0x0000023e8072d840, 0x0000023e8072d9c8]
Event: 159.834 Thread 0x0000023efd4465d0 3547       3       java.lang.invoke.MethodHandles$Lookup::makeHiddenClassDefiner (22 bytes)
Event: 159.834 Thread 0x0000023efd4465d0 nmethod 3547 0x0000023e8072da90 code [0x0000023e8072dc40, 0x0000023e8072de28]

GC Heap History (6 events):
Event: 20.257 GC heap before
{Heap before GC invocations=0 (full 0):
 garbage-first heap   total 262144K, used 26624K [0x00000000e0000000, 0x0000000100000000)
  region size 1024K, 23 young (23552K), 0 survivors (0K)
 Metaspace       used 3036K, committed 3200K, reserved 278528K
  class space    used 379K, committed 448K, reserved 212992K
}
Event: 21.215 GC heap after
{Heap after GC invocations=1 (full 0):
 garbage-first heap   total 262144K, used 10108K [0x00000000e0000000, 0x0000000100000000)
  region size 1024K, 3 young (3072K), 3 survivors (3072K)
 Metaspace       used 3036K, committed 3200K, reserved 278528K
  class space    used 379K, committed 448K, reserved 212992K
}
Event: 47.891 GC heap before
{Heap before GC invocations=1 (full 0):
 garbage-first heap   total 262144K, used 37756K [0x00000000e0000000, 0x0000000100000000)
  region size 1024K, 30 young (30720K), 3 survivors (3072K)
 Metaspace       used 3930K, committed 4096K, reserved 278528K
  class space    used 475K, committed 576K, reserved 212992K
}
Event: 47.919 GC heap after
{Heap after GC invocations=2 (full 0):
 garbage-first heap   total 262144K, used 13536K [0x00000000e0000000, 0x0000000100000000)
  region size 1024K, 4 young (4096K), 4 survivors (4096K)
 Metaspace       used 3930K, committed 4096K, reserved 278528K
  class space    used 475K, committed 576K, reserved 212992K
}
Event: 108.144 GC heap before
{Heap before GC invocations=2 (full 0):
 garbage-first heap   total 262144K, used 129248K [0x00000000e0000000, 0x0000000100000000)
  region size 1024K, 107 young (109568K), 4 survivors (4096K)
 Metaspace       used 21156K, committed 21504K, reserved 278528K
  class space    used 3149K, committed 3328K, reserved 212992K
}
Event: 108.191 GC heap after
{Heap after GC invocations=3 (full 0):
 garbage-first heap   total 262144K, used 34968K [0x00000000e0000000, 0x0000000100000000)
  region size 1024K, 14 young (14336K), 14 survivors (14336K)
 Metaspace       used 21156K, committed 21504K, reserved 278528K
  class space    used 3149K, committed 3328K, reserved 212992K
}

Deoptimization events (20 events):
Event: 158.702 Thread 0x0000023efe5e23f0 Uncommon trap: trap_request=0xffffffde fr.pc=0x0000023e87bbb204 relative=0x00000000000019a4
Event: 158.702 Thread 0x0000023efe5e23f0 Uncommon trap: reason=class_check action=maybe_recompile pc=0x0000023e87bbb204 method=java.io.BufferedInputStream.read([BII)I @ 101 c2
Event: 158.702 Thread 0x0000023efe5e23f0 DEOPT PACKING pc=0x0000023e87bbb204 sp=0x000000a5f43f7290
Event: 158.702 Thread 0x0000023efe5e23f0 DEOPT UNPACKING pc=0x0000023e87585ba3 sp=0x000000a5f43f7140 mode 2
Event: 158.711 Thread 0x0000023efe5e23f0 Uncommon trap: trap_request=0xffffffc6 fr.pc=0x0000023e87c4d568 relative=0x00000000000008c8
Event: 158.711 Thread 0x0000023efe5e23f0 Uncommon trap: reason=bimorphic_or_optimized_type_check action=maybe_recompile pc=0x0000023e87c4d568 method=java.io.BufferedInputStream.read([BII)I @ 101 c2
Event: 158.711 Thread 0x0000023efe5e23f0 DEOPT PACKING pc=0x0000023e87c4d568 sp=0x000000a5f43f7190
Event: 158.711 Thread 0x0000023efe5e23f0 DEOPT UNPACKING pc=0x0000023e87585ba3 sp=0x000000a5f43f7148 mode 2
Event: 158.716 Thread 0x0000023efe5e23f0 Uncommon trap: trap_request=0xffffffc6 fr.pc=0x0000023e87c4d568 relative=0x00000000000008c8
Event: 158.716 Thread 0x0000023efe5e23f0 Uncommon trap: reason=bimorphic_or_optimized_type_check action=maybe_recompile pc=0x0000023e87c4d568 method=java.io.BufferedInputStream.read([BII)I @ 101 c2
Event: 158.716 Thread 0x0000023efe5e23f0 DEOPT PACKING pc=0x0000023e87c4d568 sp=0x000000a5f43f7190
Event: 158.716 Thread 0x0000023efe5e23f0 DEOPT UNPACKING pc=0x0000023e87585ba3 sp=0x000000a5f43f7148 mode 2
Event: 158.733 Thread 0x0000023efe5e23f0 Uncommon trap: trap_request=0xffffffc6 fr.pc=0x0000023e87c4d568 relative=0x00000000000008c8
Event: 158.734 Thread 0x0000023efe5e23f0 Uncommon trap: reason=bimorphic_or_optimized_type_check action=maybe_recompile pc=0x0000023e87c4d568 method=java.io.BufferedInputStream.read([BII)I @ 101 c2
Event: 158.734 Thread 0x0000023efe5e23f0 DEOPT PACKING pc=0x0000023e87c4d568 sp=0x000000a5f43f7240
Event: 158.734 Thread 0x0000023efe5e23f0 DEOPT UNPACKING pc=0x0000023e87585ba3 sp=0x000000a5f43f71f8 mode 2
Event: 159.452 Thread 0x0000023efe5e23f0 Uncommon trap: trap_request=0xffffff45 fr.pc=0x0000023e87cc9fa0 relative=0x00000000000005c0
Event: 159.452 Thread 0x0000023efe5e23f0 Uncommon trap: reason=unstable_if action=reinterpret pc=0x0000023e87cc9fa0 method=jdk.internal.org.objectweb.asm.MethodWriter.visitVarInsn(II)V @ 108 c2
Event: 159.452 Thread 0x0000023efe5e23f0 DEOPT PACKING pc=0x0000023e87cc9fa0 sp=0x000000a5f43f0330
Event: 159.452 Thread 0x0000023efe5e23f0 DEOPT UNPACKING pc=0x0000023e87585ba3 sp=0x000000a5f43f02f8 mode 2

Classes unloaded (0 events):
No events

Classes redefined (0 events):
No events

Internal exceptions (20 events):
Event: 107.003 Thread 0x0000023efe5e23f0 Exception <a 'java/lang/NoSuchMethodError'{0x00000000e9bd5d68}: static Lorg/gradle/tooling/internal/consumer/versioning/VersionDetails$R28VersionDetails;.<clinit>()V> (0x00000000e9bd5d68) 
thrown [s\open\src\hotspot\share\prims\jni.cpp, line 1107]
Event: 107.003 Thread 0x0000023efe5e23f0 Exception <a 'java/lang/NoSuchMethodError'{0x00000000e9bd7270}: static Lorg/gradle/tooling/internal/consumer/versioning/VersionDetails$R35VersionDetails;.<clinit>()V> (0x00000000e9bd7270) 
thrown [s\open\src\hotspot\share\prims\jni.cpp, line 1107]
Event: 107.003 Thread 0x0000023efe5e23f0 Exception <a 'java/lang/NoSuchMethodError'{0x00000000e9bd8940}: static Lorg/gradle/tooling/internal/consumer/versioning/VersionDetails$R44VersionDetails;.<clinit>()V> (0x00000000e9bd8940) 
thrown [s\open\src\hotspot\share\prims\jni.cpp, line 1107]
Event: 107.004 Thread 0x0000023efe5e23f0 Exception <a 'java/lang/NoSuchMethodError'{0x00000000e9bd9f48}: static Lorg/gradle/tooling/internal/consumer/versioning/VersionDetails$R48VersionDetails;.<clinit>()V> (0x00000000e9bd9f48) 
thrown [s\open\src\hotspot\share\prims\jni.cpp, line 1107]
Event: 107.004 Thread 0x0000023efe5e23f0 Exception <a 'java/lang/NoSuchMethodError'{0x00000000e9bdb148}: static Lorg/gradle/tooling/internal/consumer/versioning/VersionDetails$R51VersionDetails;.<clinit>()V> (0x00000000e9bdb148) 
thrown [s\open\src\hotspot\share\prims\jni.cpp, line 1107]
Event: 107.393 Thread 0x0000023efe5e23f0 Exception <a 'java/lang/NoSuchMethodError'{0x00000000e9ad5bf8}: 'java.lang.Object java.lang.invoke.DirectMethodHandle$Holder.newInvokeSpecial(java.lang.Object, java.lang.Object, int)'> (0x00000000e9ad5bf8) 
thrown [s\open\src\hotspot\share\interpreter\linkResolver.cpp, line 759]
Event: 109.557 Thread 0x0000023efe5e23f0 Exception <a 'java/lang/NoSuchMethodError'{0x00000000ef980478}: 'java.lang.Object java.lang.invoke.DirectMethodHandle$Holder.invokeSpecialIFC(java.lang.Object, java.lang.Object, java.lang.Object, java.lang.Object)'> (0x00000000ef980478) 
thrown [s\open\src\hotspot\share\interpreter\linkResolver.cpp, line 759]
Event: 111.340 Thread 0x0000023efe5e23f0 Implicit null exception at 0x0000023e87bb1f8c to 0x0000023e87bb23a0
Event: 111.509 Thread 0x0000023efe5e23f0 Exception <a 'java/lang/NoSuchMethodError'{0x00000000ef18a248}: 'java.lang.Object java.lang.invoke.DirectMethodHandle$Holder.invokeSpecial(java.lang.Object, java.lang.Object, java.lang.Object, java.lang.Object, java.lang.Object, java.lang.Object, java.lang.Object, java.lang.Object, java.lang.Object, java.lang.Object, java.lang.Object, java.lang.Object, java.lang.Object)'> (0x00000000ef18a248) 
thrown [s\open\src\hotspot\share\interpreter\linkResolver.cpp, line 759]
Event: 111.512 Thread 0x0000023efe5e23f0 Exception <a 'java/lang/NoSuchMethodError'{0x00000000ef19b870}: 'java.lang.Object java.lang.invoke.DirectMethodHandle$Holder.newInvokeSpecial(java.lang.Object, java.lang.Object, java.lang.Object, java.lang.Object, java.lang.Object, java.lang.Object, java.lang.Object, java.lang.Object, java.lang.Object, java.lang.Object, java.lang.Object)'> (0x00000000ef19b870) 
thrown [s\open\src\hotspot\share\interpreter\linkResolver.cpp, line 759]
Event: 111.513 Thread 0x0000023efe5e23f0 Exception <a 'java/lang/NoSuchMethodError'{0x00000000ef1a0908}: 'java.lang.Object java.lang.invoke.Invokers$Holder.linkToTargetMethod(java.lang.Object, java.lang.Object, java.lang.Object, java.lang.Object, java.lang.Object, java.lang.Object, java.lang.Object, java.lang.Object, java.lang.Object, java.lang.Object, java.lang.Object)'> (0x00000000ef1a0908) 
thrown [s\open\src\hotspot\share\interpreter\linkResolver.cpp, line 759]
Event: 111.542 Thread 0x0000023efe5e23f0 Exception <a 'java/lang/NoSuchMethodError'{0x00000000ef1ea170}: 'java.lang.Object java.lang.invoke.DirectMethodHandle$Holder.invokeSpecial(java.lang.Object, java.lang.Object, java.lang.Object, java.lang.Object, java.lang.Object, java.lang.Object, java.lang.Object, java.lang.Object, java.lang.Object, java.lang.Object, java.lang.Object, java.lang.Object, java.lang.Object, java.lang.Object)'> (0x00000000ef1ea170) 
thrown [s\open\src\hotspot\share\interpreter\linkResolver.cpp, line 759]
Event: 111.543 Thread 0x0000023efe5e23f0 Exception <a 'java/lang/NoSuchMethodError'{0x00000000ef1fc798}: 'java.lang.Object java.lang.invoke.DirectMethodHandle$Holder.newInvokeSpecial(java.lang.Object, java.lang.Object, java.lang.Object, java.lang.Object, java.lang.Object, java.lang.Object, java.lang.Object, java.lang.Object, java.lang.Object, java.lang.Object, java.lang.Object, java.lang.Object)'> (0x00000000ef1fc798) 
thrown [s\open\src\hotspot\share\interpreter\linkResolver.cpp, line 759]
Event: 111.544 Thread 0x0000023efe5e23f0 Exception <a 'java/lang/NoSuchMethodError'{0x00000000ef0025d0}: 'java.lang.Object java.lang.invoke.Invokers$Holder.linkToTargetMethod(java.lang.Object, java.lang.Object, java.lang.Object, java.lang.Object, java.lang.Object, java.lang.Object, java.lang.Object, java.lang.Object, java.lang.Object, java.lang.Object, java.lang.Object, java.lang.Object)'> (0x00000000ef0025d0) 
thrown [s\open\src\hotspot\share\interpreter\linkResolver.cpp, line 759]
Event: 111.760 Thread 0x0000023efe5e23f0 Exception <a 'java/lang/NoSuchMethodError'{0x00000000ef0cf960}: 'java.lang.Object java.lang.invoke.DirectMethodHandle$Holder.invokeStaticInit(java.lang.Object, java.lang.Object, java.lang.Object, java.lang.Object)'> (0x00000000ef0cf960) 
thrown [s\open\src\hotspot\share\interpreter\linkResolver.cpp, line 759]
Event: 114.179 Thread 0x0000023efe5e23f0 Exception <a 'java/lang/NoSuchMethodError'{0x00000000ee66a550}: 'java.lang.Object java.lang.invoke.DirectMethodHandle$Holder.newInvokeSpecial(java.lang.Object, java.lang.Object, java.lang.Object, java.lang.Object, java.lang.Object, java.lang.Object, java.lang.Object, java.lang.Object)'> (0x00000000ee66a550) 
thrown [s\open\src\hotspot\share\interpreter\linkResolver.cpp, line 759]
Event: 114.179 Thread 0x0000023efe5e23f0 Exception <a 'java/lang/NoSuchMethodError'{0x00000000ee670330}: 'java.lang.Object java.lang.invoke.Invokers$Holder.linkToTargetMethod(java.lang.Object, java.lang.Object, java.lang.Object, java.lang.Object, java.lang.Object, java.lang.Object, java.lang.Object, java.lang.Object)'> (0x00000000ee670330) 
thrown [s\open\src\hotspot\share\interpreter\linkResolver.cpp, line 759]
Event: 114.294 Thread 0x0000023efe5e23f0 Exception <a 'java/lang/IncompatibleClassChangeError'{0x00000000ee6d32f8}: Found class java.lang.Object, but interface was expected> (0x00000000ee6d32f8) 
thrown [s\open\src\hotspot\share\interpreter\linkResolver.cpp, line 826]
Event: 157.313 Thread 0x0000023efe5e23f0 Exception <a 'java/lang/NoSuchMethodError'{0x00000000ed861598}: 'java.lang.Object java.lang.invoke.DirectMethodHandle$Holder.invokeSpecial(java.lang.Object, java.lang.Object, java.lang.Object, int, java.lang.Object, java.lang.Object)'> (0x00000000ed861598) 
thrown [s\open\src\hotspot\share\interpreter\linkResolver.cpp, line 759]
Event: 159.452 Thread 0x0000023efe5e23f0 Implicit null exception at 0x0000023e87cc9a99 to 0x0000023e87cc9f94

VM Operations (20 events):
Event: 131.565 Executing VM operation: Cleanup
Event: 131.565 Executing VM operation: Cleanup done
Event: 133.580 Executing VM operation: Cleanup
Event: 133.580 Executing VM operation: Cleanup done
Event: 145.714 Executing VM operation: Cleanup
Event: 145.714 Executing VM operation: Cleanup done
Event: 146.722 Executing VM operation: Cleanup
Event: 146.722 Executing VM operation: Cleanup done
Event: 153.814 Executing VM operation: Cleanup
Event: 153.815 Executing VM operation: Cleanup done
Event: 154.829 Executing VM operation: Cleanup
Event: 154.829 Executing VM operation: Cleanup done
Event: 156.854 Executing VM operation: Cleanup
Event: 156.984 Executing VM operation: Cleanup done
Event: 157.991 Executing VM operation: Cleanup
Event: 158.008 Executing VM operation: Cleanup done
Event: 159.017 Executing VM operation: Cleanup
Event: 159.095 Executing VM operation: Cleanup done
Event: 159.105 Executing VM operation: HandshakeAllThreads
Event: 159.114 Executing VM operation: HandshakeAllThreads done

Events (20 events):
Event: 157.153 loading class java/util/stream/IntPipeline$1
Event: 157.154 loading class java/util/stream/IntPipeline$1 done
Event: 157.157 loading class java/util/stream/Nodes$FixedNodeBuilder
Event: 157.161 loading class java/util/stream/Nodes$ArrayNode
Event: 157.163 loading class java/util/stream/Nodes$ArrayNode done
Event: 157.163 loading class java/util/stream/Nodes$FixedNodeBuilder done
Event: 157.163 loading class java/util/stream/IntPipeline$1$1
Event: 157.164 loading class java/util/stream/IntPipeline$1$1 done
Event: 157.681 loading class java/lang/InstantiationException
Event: 157.685 loading class java/lang/InstantiationException done
Event: 157.688 loading class java/util/EventListener
Event: 157.690 loading class java/util/EventListener done
Event: 157.894 loading class java/util/BitSet
Event: 157.896 loading class java/util/BitSet done
Event: 158.324 loading class java/util/TimerTask
Event: 158.325 loading class java/util/TimerTask done
Event: 158.326 loading class java/util/Timer
Event: 158.326 loading class java/util/Timer done
Event: 159.008 loading class java/security/AccessControlException
Event: 159.008 loading class java/security/AccessControlException done


Dynamic libraries:
0x00007ff7a6f20000 - 0x00007ff7a6f30000 	C:\Program Files\Java\jdk-17\bin\java.exe
0x00007ffc48510000 - 0x00007ffc48726000 	C:\WINDOWS\SYSTEM32\ntdll.dll
0x00007ffc471b0000 - 0x00007ffc47274000 	C:\WINDOWS\System32\KERNEL32.DLL
0x00007ffc45c80000 - 0x00007ffc46027000 	C:\WINDOWS\System32\KERNELBASE.dll
0x000000005c0f0000 - 0x000000005c422000 	C:\Program Files\Norton Security\NortonData\22.22.7.14\Definitions\IPSDefs\20240424.064\IPSEng64.dll
0x00007ffc48410000 - 0x00007ffc484c2000 	C:\WINDOWS\System32\ADVAPI32.dll
0x00007ffc46b90000 - 0x00007ffc46c37000 	C:\WINDOWS\System32\msvcrt.dll
0x00007ffc472e0000 - 0x00007ffc47388000 	C:\WINDOWS\System32\sechost.dll
0x00007ffc460f0000 - 0x00007ffc46118000 	C:\WINDOWS\System32\bcrypt.dll
0x00007ffc46820000 - 0x00007ffc46935000 	C:\WINDOWS\System32\RPCRT4.dll
0x00007ffc47d00000 - 0x00007ffc47d08000 	C:\WINDOWS\System32\PSAPI.DLL
0x00007ffc45830000 - 0x00007ffc45941000 	C:\WINDOWS\System32\ucrtbase.dll
0x00007ffc2dfa0000 - 0x00007ffc2dfb9000 	C:\Program Files\Java\jdk-17\bin\jli.dll
0x00007ffc48240000 - 0x00007ffc483ee000 	C:\WINDOWS\System32\USER32.dll
0x00007ffc459c0000 - 0x00007ffc459e6000 	C:\WINDOWS\System32\win32u.dll
0x00007ffc46250000 - 0x00007ffc46279000 	C:\WINDOWS\System32\GDI32.dll
0x00007ffc46120000 - 0x00007ffc46239000 	C:\WINDOWS\System32\gdi32full.dll
0x00007ffc29cd0000 - 0x00007ffc29ceb000 	C:\Program Files\Java\jdk-17\bin\VCRUNTIME140.dll
0x00007ffc2b400000 - 0x00007ffc2b693000 	C:\WINDOWS\WinSxS\amd64_microsoft.windows.common-controls_6595b64144ccf1df_6.0.22621.3235_none_270f74e173860f98\COMCTL32.dll
0x00007ffc45b60000 - 0x00007ffc45bfa000 	C:\WINDOWS\System32\msvcp_win.dll
0x00007ffc388e0000 - 0x00007ffc388ea000 	C:\WINDOWS\SYSTEM32\VERSION.dll
0x00007ffc467e0000 - 0x00007ffc46811000 	C:\WINDOWS\System32\IMM32.DLL
0x00007ffc30450000 - 0x00007ffc3045c000 	C:\Program Files\Java\jdk-17\bin\vcruntime140_1.dll
0x00007ffbf8dc0000 - 0x00007ffbf8e4e000 	C:\Program Files\Java\jdk-17\bin\msvcp140.dll
0x00007ffb8f8c0000 - 0x00007ffb9049f000 	C:\Program Files\Java\jdk-17\bin\server\jvm.dll
0x00007ffc239a0000 - 0x00007ffc239a9000 	C:\WINDOWS\SYSTEM32\WSOCK32.dll
0x00007ffc46da0000 - 0x00007ffc46e11000 	C:\WINDOWS\System32\WS2_32.dll
0x00007ffc25060000 - 0x00007ffc25094000 	C:\WINDOWS\SYSTEM32\WINMM.dll
0x00007ffc44920000 - 0x00007ffc44938000 	C:\WINDOWS\SYSTEM32\kernel.appcore.dll
0x00007ffc2fce0000 - 0x00007ffc2fcea000 	C:\Program Files\Java\jdk-17\bin\jimage.dll
0x00007ffc42f60000 - 0x00007ffc43193000 	C:\WINDOWS\SYSTEM32\DBGHELP.DLL
0x00007ffc46e20000 - 0x00007ffc471a8000 	C:\WINDOWS\System32\combase.dll
0x00007ffc46280000 - 0x00007ffc46357000 	C:\WINDOWS\System32\OLEAUT32.dll
0x00007ffc38d30000 - 0x00007ffc38d62000 	C:\WINDOWS\SYSTEM32\dbgcore.DLL
0x00007ffc45c00000 - 0x00007ffc45c79000 	C:\WINDOWS\System32\bcryptPrimitives.dll
0x00007ffc197b0000 - 0x00007ffc197d5000 	C:\Program Files\Java\jdk-17\bin\java.dll
0x00007ffbf6960000 - 0x00007ffbf6a37000 	C:\Program Files\Java\jdk-17\bin\jsvml.dll
0x00007ffc47430000 - 0x00007ffc47c8c000 	C:\WINDOWS\System32\SHELL32.dll
0x00007ffc43740000 - 0x00007ffc44039000 	C:\WINDOWS\SYSTEM32\windows.storage.dll
0x00007ffc43600000 - 0x00007ffc4373e000 	C:\WINDOWS\SYSTEM32\wintypes.dll
0x00007ffc47f90000 - 0x00007ffc48083000 	C:\WINDOWS\System32\SHCORE.dll
0x00007ffc47280000 - 0x00007ffc472de000 	C:\WINDOWS\System32\shlwapi.dll
0x00007ffc45760000 - 0x00007ffc45781000 	C:\WINDOWS\SYSTEM32\profapi.dll
0x00007ffc24bb0000 - 0x00007ffc24bc9000 	C:\Program Files\Java\jdk-17\bin\net.dll
0x00007ffc40260000 - 0x00007ffc40396000 	C:\WINDOWS\SYSTEM32\WINHTTP.dll
0x00007ffc44d80000 - 0x00007ffc44de9000 	C:\WINDOWS\system32\mswsock.dll
0x00007ffc2fc10000 - 0x00007ffc2fc26000 	C:\Program Files\Java\jdk-17\bin\nio.dll
0x00007ffc23810000 - 0x00007ffc23828000 	C:\Program Files\Java\jdk-17\bin\zip.dll
0x00007ffc2cd90000 - 0x00007ffc2cda0000 	C:\Program Files\Java\jdk-17\bin\verify.dll
0x00007ffc2df50000 - 0x00007ffc2df77000 	C:\Users\Thang\.gradle\native\68d5fa5c4cc2d200863cafc0d521ce42e7d3e7ee720ec0a83991735586a16f82\windows-amd64\native-platform.dll
0x00007ffbf6310000 - 0x00007ffbf6454000 	C:\Users\Thang\.gradle\native\e376f236ea51e6404a007f0833ffe2c6e607c4080706a723a18a27aeea778392\windows-amd64\native-platform-file-events.dll
0x00007ffc2cd50000 - 0x00007ffc2cd5a000 	C:\Program Files\Java\jdk-17\bin\management.dll
0x00007ffc2b8a0000 - 0x00007ffc2b8ab000 	C:\Program Files\Java\jdk-17\bin\management_ext.dll
0x00007ffc450d0000 - 0x00007ffc450eb000 	C:\WINDOWS\SYSTEM32\CRYPTSP.dll
0x00007ffc44880000 - 0x00007ffc448b5000 	C:\WINDOWS\system32\rsaenh.dll
0x00007ffc44e20000 - 0x00007ffc44e48000 	C:\WINDOWS\SYSTEM32\USERENV.dll
0x00007ffc450b0000 - 0x00007ffc450bc000 	C:\WINDOWS\SYSTEM32\CRYPTBASE.dll
0x00007ffc44320000 - 0x00007ffc4434d000 	C:\WINDOWS\SYSTEM32\IPHLPAPI.DLL
0x00007ffc46240000 - 0x00007ffc46249000 	C:\WINDOWS\System32\NSI.dll
0x00007ffc40180000 - 0x00007ffc40199000 	C:\WINDOWS\SYSTEM32\dhcpcsvc6.DLL
0x00007ffc40160000 - 0x00007ffc4017f000 	C:\WINDOWS\SYSTEM32\dhcpcsvc.DLL
0x00007ffc44390000 - 0x00007ffc44489000 	C:\WINDOWS\SYSTEM32\DNSAPI.dll
0x00007ffc42520000 - 0x00007ffc4252e000 	C:\Program Files\Java\jdk-17\bin\sunmscapi.dll
0x00007ffc459f0000 - 0x00007ffc45b57000 	C:\WINDOWS\System32\CRYPT32.dll
0x00007ffc451d0000 - 0x00007ffc451fe000 	C:\WINDOWS\SYSTEM32\ncrypt.dll
0x00007ffc45190000 - 0x00007ffc451c7000 	C:\WINDOWS\SYSTEM32\NTASN1.dll
0x00007ffc2f8d0000 - 0x00007ffc2f8d8000 	C:\WINDOWS\system32\wshunix.dll

dbghelp: loaded successfully - version: 4.0.5 - missing functions: none
symbol engine: initialized successfully - sym options: 0x614 - pdb path: .;C:\Program Files\Java\jdk-17\bin;C:\WINDOWS\SYSTEM32;C:\Program Files\Norton Security\NortonData\22.22.7.14\Definitions\IPSDefs\20240424.064;C:\WINDOWS\WinSxS\amd64_microsoft.windows.common-controls_6595b64144ccf1df_6.0.22621.3235_none_270f74e173860f98;C:\Program Files\Java\jdk-17\bin\server;C:\Users\Thang\.gradle\native\68d5fa5c4cc2d200863cafc0d521ce42e7d3e7ee720ec0a83991735586a16f82\windows-amd64;C:\Users\Thang\.gradle\native\e376f236ea51e6404a007f0833ffe2c6e607c4080706a723a18a27aeea778392\windows-amd64

VM Arguments:
jvm_args: --add-opens=java.base/java.util=ALL-UNNAMED --add-opens=java.base/java.lang=ALL-UNNAMED --add-opens=java.base/java.lang.invoke=ALL-UNNAMED --add-opens=java.prefs/java.util.prefs=ALL-UNNAMED --add-opens=java.base/java.nio.charset=ALL-UNNAMED --add-opens=java.base/java.net=ALL-UNNAMED --add-opens=java.base/java.util.concurrent.atomic=ALL-UNNAMED -XX:MaxMetaspaceSize=256m -XX:+HeapDumpOnOutOfMemoryError -Xms256m -Xmx512m -Dfile.encoding=windows-1252 -Duser.country=US -Duser.language=en -Duser.variant 
java_command: org.gradle.launcher.daemon.bootstrap.GradleDaemon 8.0
java_class_path (initial): C:\Users\Thang\.gradle\wrapper\dists\gradle-8.0-bin\ca5e32bp14vu59qr306oxotwh\gradle-8.0\lib\gradle-launcher-8.0.jar
Launcher Type: SUN_STANDARD

[Global flags]
     intx CICompilerCount                          = 4                                         {product} {ergonomic}
   size_t CompressedClassSpaceSize                 = 218103808                                 {product} {ergonomic}
     uint ConcGCThreads                            = 2                                         {product} {ergonomic}
     uint G1ConcRefinementThreads                  = 8                                         {product} {ergonomic}
   size_t G1HeapRegionSize                         = 1048576                                   {product} {ergonomic}
    uintx GCDrainStackTargetSize                   = 64                                        {product} {ergonomic}
     bool HeapDumpOnOutOfMemoryError               = true                                   {manageable} {command line}
   size_t InitialHeapSize                          = 268435456                                 {product} {command line}
   size_t MarkStackSize                            = 4194304                                   {product} {ergonomic}
   size_t MaxHeapSize                              = 536870912                                 {product} {command line}
   size_t MaxMetaspaceSize                         = 268435456                                 {product} {command line}
   size_t MaxNewSize                               = 321912832                                 {product} {ergonomic}
   size_t MinHeapDeltaBytes                        = 1048576                                   {product} {ergonomic}
   size_t MinHeapSize                              = 268435456                                 {product} {command line}
    uintx NonNMethodCodeHeapSize                   = 5839372                                {pd product} {ergonomic}
    uintx NonProfiledCodeHeapSize                  = 122909434                              {pd product} {ergonomic}
    uintx ProfiledCodeHeapSize                     = 122909434                              {pd product} {ergonomic}
    uintx ReservedCodeCacheSize                    = 251658240                              {pd product} {ergonomic}
     bool SegmentedCodeCache                       = true                                      {product} {ergonomic}
   size_t SoftMaxHeapSize                          = 536870912                              {manageable} {ergonomic}
     bool UseCompressedClassPointers               = true                           {product lp64_product} {ergonomic}
     bool UseCompressedOops                        = true                           {product lp64_product} {ergonomic}
     bool UseG1GC                                  = true                                      {product} {ergonomic}
     bool UseLargePagesIndividualAllocation        = false                                  {pd product} {ergonomic}

Logging:
Log output configuration:
 #0: stdout all=warning uptime,level,tags
 #1: stderr all=off uptime,level,tags

Environment Variables:
PATH=C:\Program Files\Common Files\Oracle\Java\javapath;C:\WINDOWS\system32;C:\WINDOWS;C:\WINDOWS\System32\Wbem;C:\WINDOWS\System32\WindowsPowerShell\v1.0\;C:\WINDOWS\System32\OpenSSH\;C:\Program Files\nodejs\;C:\Program Files\Git\cmd;C:\Users\Thang\AppData\Local\Microsoft\WindowsApps;C:\Users\Thang\AppData\Local\GitHubDesktop\bin;C:\Users\Thang\AppData\Local\Programs\Microsoft VS Code\bin;C:\Users\Thang\AppData\Roaming\npm;C:\Program Files\JetBrains\IntelliJ IDEA Community Edition 2023.3.6\bin;
USERNAME=Thang
OS=Windows_NT
PROCESSOR_IDENTIFIER=Intel64 Family 6 Model 126 Stepping 5, GenuineIntel



---------------  S Y S T E M  ---------------

OS:
 Windows 11 , 64 bit Build 22621 (10.0.22621.3374)
OS uptime: 15 days 6:00 hours
Hyper-V role detected

CPU: total 8 (initial active 8) (4 cores per cpu, 2 threads per core) family 6 model 126 stepping 5 microcode 0xa0, cx8, cmov, fxsr, ht, mmx, 3dnowpref, sse, sse2, sse3, ssse3, sse4.1, sse4.2, popcnt, lzcnt, tsc, tscinvbit, avx, avx2, aes, erms, clmul, bmi1, bmi2, adx, avx512f, avx512dq, avx512cd, avx512bw, avx512vl, sha, fma, vzeroupper, avx512_vpopcntdq, avx512_vpclmulqdq, avx512_vaes, avx512_vnni, clflush, clflushopt, avx512_vbmi2, avx512_vbmi, hv

Memory: 4k page, system-wide physical 7980M (150M free)
TotalPageFile size 31915M (AvailPageFile size 0M)
current process WorkingSet (physical memory assigned to process): 72M, peak: 182M
current process commit charge ("private bytes"): 410M, peak: 423M

vm_info: Java HotSpot(TM) 64-Bit Server VM (17.0.10+11-LTS-240) for windows-amd64 JRE (17.0.10+11-LTS-240), built on Dec 19 2023 21:47:25 by "mach5one" with MS VC++ 17.1 (VS2022)

END.
