#
# There is insufficient memory for the Java Runtime Environment to continue.
# Native memory allocation (malloc) failed to allocate 804496 bytes for Chunk::new
# Possible reasons:
#   The system is out of physical RAM or swap space
#   The process is running with CompressedOops enabled, and the Java Heap may be blocking the growth of the native heap
# Possible solutions:
#   Reduce memory load on the system
#   Increase physical memory or swap space
#   Check if swap backing store is full
#   Decrease Java heap size (-Xmx/-Xms)
#   Decrease number of Java threads
#   Decrease Java thread stack sizes (-Xss)
#   Set larger code cache with -XX:ReservedCodeCacheSize=
#   JVM is running with Unscaled Compressed Oops mode in which the Java heap is
#     placed in the first 4GB address space. The Java Heap base address is the
#     maximum limit for the native heap growth. Please use -XX:HeapBaseMinAddress
#     to set the Java Heap base and to place the Java Heap above 4GB virtual address.
# This output file may be truncated or incomplete.
#
#  Out of Memory Error (arena.cpp:189), pid=1452, tid=28616
#
# JRE version: Java(TM) SE Runtime Environment (17.0.10+11) (build 17.0.10+11-LTS-240)
# Java VM: Java HotSpot(TM) 64-Bit Server VM (17.0.10+11-LTS-240, mixed mode, sharing, tiered, compressed oops, compressed class ptrs, g1 gc, windows-amd64)
# No core dump will be written. Minidumps are not enabled by default on client versions of Windows
#

---------------  S U M M A R Y ------------

Command Line: --add-opens=java.base/java.util=ALL-UNNAMED --add-opens=java.base/java.lang=ALL-UNNAMED --add-opens=java.base/java.lang.invoke=ALL-UNNAMED --add-opens=java.base/java.util=ALL-UNNAMED --add-opens=java.prefs/java.util.prefs=ALL-UNNAMED --add-opens=java.prefs/java.util.prefs=ALL-UNNAMED --add-opens=java.base/java.nio.charset=ALL-UNNAMED --add-opens=java.base/java.net=ALL-UNNAMED --add-opens=java.base/java.util.concurrent.atomic=ALL-UNNAMED -XX:MaxMetaspaceSize=256m -XX:+HeapDumpOnOutOfMemoryError -Xms256m -Xmx512m -Dfile.encoding=windows-1252 -Duser.country=US -Duser.language=en -Duser.variant org.gradle.launcher.daemon.bootstrap.GradleDaemon 7.3

Host: Intel(R) Core(TM) i5-1035G1 CPU @ 1.00GHz, 8 cores, 7G,  Windows 11 , 64 bit Build 22621 (10.0.22621.3374)
Time: Thu Apr 25 11:13:08 2024 Central Daylight Time elapsed time: 175.737981 seconds (0d 0h 2m 55s)

---------------  T H R E A D  ---------------

Current thread (0x0000019f7f991fe0):  JavaThread "C2 CompilerThread0" daemon [_thread_in_native, id=28616, stack(0x00000007e3d00000,0x00000007e3e00000)]


Current CompileTask:
C2: 175738 3466       4       java.lang.invoke.MethodType::makeImpl (109 bytes)

Stack: [0x00000007e3d00000,0x00000007e3e00000]
Native frames: (J=compiled Java code, j=interpreted, Vv=VM code, C=native code)
V  [jvm.dll+0x677a5a]
V  [jvm.dll+0x7d8b2d]
V  [jvm.dll+0x7da48e]
V  [jvm.dll+0x7daaf3]
V  [jvm.dll+0x2455ff]
V  [jvm.dll+0xaaafb]
V  [jvm.dll+0xab09c]
V  [jvm.dll+0x2aafef]
V  [jvm.dll+0x57fd55]
V  [jvm.dll+0x220472]
V  [jvm.dll+0x219070]
V  [jvm.dll+0x216c79]
V  [jvm.dll+0x1a3410]
V  [jvm.dll+0x226aeb]
V  [jvm.dll+0x224cab]
V  [jvm.dll+0x78e45c]
V  [jvm.dll+0x78888a]
V  [jvm.dll+0x676935]
C  [ucrtbase.dll+0x29333]
C  [KERNEL32.DLL+0x1257d]
C  [ntdll.dll+0x5aa48]


---------------  P R O C E S S  ---------------

Threads class SMR info:
_java_thread_list=0x0000019f2e0ae5a0, length=40, elements={
0x0000019f7d8473f0, 0x0000019f7f972620, 0x0000019f7f974ff0, 0x0000019f7f98d4f0,
0x0000019f7f98deb0, 0x0000019f7f98e870, 0x0000019f7f991240, 0x0000019f7f991fe0,
0x0000019f1895b8c0, 0x0000019f189668d0, 0x0000019f18a37b60, 0x0000019f18a38040,
0x0000019f2c374150, 0x0000019f2c5fdad0, 0x0000019f2bc74ff0, 0x0000019f18b203d0,
0x0000019f2bc747a0, 0x0000019f2b78a370, 0x0000019f2b788a20, 0x0000019f2b789e60,
0x0000019f2b78a880, 0x0000019f2b78b2a0, 0x0000019f2b78b7b0, 0x0000019f2b788000,
0x0000019f2b788510, 0x0000019f2b788f30, 0x0000019f2b789950, 0x0000019f2cbe2220,
0x0000019f2cbe2c40, 0x0000019f2cbe2730, 0x0000019f2cbe08d0, 0x0000019f2cbe1800,
0x0000019f2cbdf9a0, 0x0000019f2cbe3150, 0x0000019f2cbdcc10, 0x0000019f2cbe03c0,
0x0000019f2cbe3b70, 0x0000019f2cbe12f0, 0x0000019f2cbe1d10, 0x0000019f2cbe0de0
}

Java Threads: ( => current thread )
  0x0000019f7d8473f0 JavaThread "main" [_thread_blocked, id=13168, stack(0x00000007e2f00000,0x00000007e3000000)]
  0x0000019f7f972620 JavaThread "Reference Handler" daemon [_thread_blocked, id=3080, stack(0x00000007e3600000,0x00000007e3700000)]
  0x0000019f7f974ff0 JavaThread "Finalizer" daemon [_thread_blocked, id=23024, stack(0x00000007e3700000,0x00000007e3800000)]
  0x0000019f7f98d4f0 JavaThread "Signal Dispatcher" daemon [_thread_blocked, id=7524, stack(0x00000007e3900000,0x00000007e3a00000)]
  0x0000019f7f98deb0 JavaThread "Attach Listener" daemon [_thread_blocked, id=12948, stack(0x00000007e3a00000,0x00000007e3b00000)]
  0x0000019f7f98e870 JavaThread "Service Thread" daemon [_thread_blocked, id=25000, stack(0x00000007e3b00000,0x00000007e3c00000)]
  0x0000019f7f991240 JavaThread "Monitor Deflation Thread" daemon [_thread_blocked, id=10748, stack(0x00000007e3c00000,0x00000007e3d00000)]
=>0x0000019f7f991fe0 JavaThread "C2 CompilerThread0" daemon [_thread_in_native, id=28616, stack(0x00000007e3d00000,0x00000007e3e00000)]
  0x0000019f1895b8c0 JavaThread "C1 CompilerThread0" daemon [_thread_blocked, id=7208, stack(0x00000007e3e00000,0x00000007e3f00000)]
  0x0000019f189668d0 JavaThread "Sweeper thread" daemon [_thread_blocked, id=21520, stack(0x00000007e3f00000,0x00000007e4000000)]
  0x0000019f18a37b60 JavaThread "Common-Cleaner" daemon [_thread_blocked, id=3800, stack(0x00000007e4000000,0x00000007e4100000)]
  0x0000019f18a38040 JavaThread "Notification Thread" daemon [_thread_blocked, id=22008, stack(0x00000007e4100000,0x00000007e4200000)]
  0x0000019f2c374150 JavaThread "Daemon health stats" [_thread_blocked, id=25308, stack(0x00000007e4800000,0x00000007e4900000)]
  0x0000019f2c5fdad0 JavaThread "Incoming local TCP Connector on port 55040" [_thread_in_native, id=1044, stack(0x00000007e4900000,0x00000007e4a00000)]
  0x0000019f2bc74ff0 JavaThread "Daemon periodic checks" [_thread_blocked, id=23628, stack(0x00000007e4a00000,0x00000007e4b00000)]
  0x0000019f18b203d0 JavaThread "Daemon" [_thread_blocked, id=6700, stack(0x00000007e4d00000,0x00000007e4e00000)]
  0x0000019f2bc747a0 JavaThread "Handler for socket connection from /127.0.0.1:55040 to /127.0.0.1:55074" [_thread_in_native, id=26436, stack(0x00000007e4e00000,0x00000007e4f00000)]
  0x0000019f2b78a370 JavaThread "Cancel handler" [_thread_blocked, id=15744, stack(0x00000007e4f00000,0x00000007e5000000)]
  0x0000019f2b788a20 JavaThread "Daemon worker" [_thread_in_vm, id=23032, stack(0x00000007e5000000,0x00000007e5100000)]
  0x0000019f2b789e60 JavaThread "Asynchronous log dispatcher for DefaultDaemonConnection: socket connection from /127.0.0.1:55040 to /127.0.0.1:55074" [_thread_blocked, id=24264, stack(0x00000007e5100000,0x00000007e5200000)]
  0x0000019f2b78a880 JavaThread "Daemon client event forwarder" [_thread_blocked, id=24004, stack(0x00000007e5300000,0x00000007e5400000)]
  0x0000019f2b78b2a0 JavaThread "Cache worker for journal cache (C:\Users\Thang\.gradle\caches\journal-1)" [_thread_blocked, id=6532, stack(0x00000007e5400000,0x00000007e5500000)]
  0x0000019f2b78b7b0 JavaThread "File lock request listener" [_thread_in_native, id=20164, stack(0x00000007e5500000,0x00000007e5600000)]
  0x0000019f2b788000 JavaThread "Cache worker for file hash cache (C:\Users\Thang\.gradle\caches\7.3\fileHashes)" [_thread_blocked, id=10984, stack(0x00000007e5600000,0x00000007e5700000)]
  0x0000019f2b788510 JavaThread "File lock release action executor" [_thread_blocked, id=1560, stack(0x00000007e5700000,0x00000007e5800000)]
  0x0000019f2b788f30 JavaThread "Cache worker for file hash cache (C:\Users\Thang\Desktop\JavaPractice\Chapter-name\techjobs-console-java-graded-17\.gradle\7.3\fileHashes)" [_thread_blocked, id=6584, stack(0x00000007e5800000,0x00000007e5900000)]
  0x0000019f2b789950 JavaThread "File watcher server" daemon [_thread_in_native, id=20840, stack(0x00000007e5900000,0x00000007e5a00000)]
  0x0000019f2cbe2220 JavaThread "File watcher consumer" daemon [_thread_blocked, id=1476, stack(0x00000007e5a00000,0x00000007e5b00000)]
  0x0000019f2cbe2c40 JavaThread "jar transforms" [_thread_blocked, id=3684, stack(0x00000007e2d00000,0x00000007e2e00000)]
  0x0000019f2cbe2730 JavaThread "jar transforms Thread 2" [_thread_blocked, id=11088, stack(0x00000007e3800000,0x00000007e3900000)]
  0x0000019f2cbe08d0 JavaThread "jar transforms Thread 3" [_thread_blocked, id=22700, stack(0x00000007e4c00000,0x00000007e4d00000)]
  0x0000019f2cbe1800 JavaThread "jar transforms Thread 4" [_thread_blocked, id=21584, stack(0x00000007e5b00000,0x00000007e5c00000)]
  0x0000019f2cbdf9a0 JavaThread "jar transforms Thread 5" [_thread_blocked, id=28468, stack(0x00000007e5c00000,0x00000007e5d00000)]
  0x0000019f2cbe3150 JavaThread "jar transforms Thread 6" [_thread_blocked, id=972, stack(0x00000007e5d00000,0x00000007e5e00000)]
  0x0000019f2cbdcc10 JavaThread "jar transforms Thread 7" [_thread_blocked, id=18472, stack(0x00000007e5e00000,0x00000007e5f00000)]
  0x0000019f2cbe03c0 JavaThread "jar transforms Thread 8" [_thread_blocked, id=14348, stack(0x00000007e5f00000,0x00000007e6000000)]
  0x0000019f2cbe3b70 JavaThread "Cache worker for checksums cache (C:\Users\Thang\Desktop\JavaPractice\Chapter-name\techjobs-console-java-graded-17\.gradle\7.3\checksums)" [_thread_blocked, id=27228, stack(0x00000007e6000000,0x00000007e6100000)]
  0x0000019f2cbe12f0 JavaThread "Cache worker for cache directory md-supplier (C:\Users\Thang\.gradle\caches\7.3\md-supplier)" [_thread_blocked, id=24820, stack(0x00000007e6400000,0x00000007e6500000)]
  0x0000019f2cbe1d10 JavaThread "Cache worker for cache directory md-rule (C:\Users\Thang\.gradle\caches\7.3\md-rule)" [_thread_blocked, id=21292, stack(0x00000007e6500000,0x00000007e6600000)]
  0x0000019f2cbe0de0 JavaThread "Cache worker for execution history cache (C:\Users\Thang\.gradle\caches\7.3\executionHistory)" [_thread_blocked, id=7332, stack(0x00000007e6600000,0x00000007e6700000)]

Other Threads:
  0x0000019f7f96a100 VMThread "VM Thread" [stack: 0x00000007e3500000,0x00000007e3600000] [id=8860]
  0x0000019f7d882e50 WatcherThread [stack: 0x00000007e4200000,0x00000007e4300000] [id=28296]
  0x0000019f7d876460 GCTaskThread "GC Thread#0" [stack: 0x00000007e3000000,0x00000007e3100000] [id=4000]
  0x0000019f2b626b70 GCTaskThread "GC Thread#1" [stack: 0x00000007e4300000,0x00000007e4400000] [id=13640]
  0x0000019f2b626e30 GCTaskThread "GC Thread#2" [stack: 0x00000007e4400000,0x00000007e4500000] [id=15368]
  0x0000019f18aae820 GCTaskThread "GC Thread#3" [stack: 0x00000007e4500000,0x00000007e4600000] [id=24152]
  0x0000019f18aaeae0 GCTaskThread "GC Thread#4" [stack: 0x00000007e4600000,0x00000007e4700000] [id=16920]
  0x0000019f18aaeda0 GCTaskThread "GC Thread#5" [stack: 0x00000007e4700000,0x00000007e4800000] [id=27592]
  0x0000019f2bbadfd0 GCTaskThread "GC Thread#6" [stack: 0x00000007e6100000,0x00000007e6200000] [id=18464]
  0x0000019f2b07a0e0 GCTaskThread "GC Thread#7" [stack: 0x00000007e6200000,0x00000007e6300000] [id=21804]
  0x0000019f7d87b2b0 ConcurrentGCThread "G1 Main Marker" [stack: 0x00000007e3100000,0x00000007e3200000] [id=980]
  0x0000019f7d87bbc0 ConcurrentGCThread "G1 Conc#0" [stack: 0x00000007e3200000,0x00000007e3300000] [id=4180]
  0x0000019f2d6ae2b0 ConcurrentGCThread "G1 Conc#1" [stack: 0x00000007e6300000,0x00000007e6400000] [id=13680]
  0x0000019f7d8ed170 ConcurrentGCThread "G1 Refine#0" [stack: 0x00000007e3300000,0x00000007e3400000] [id=15976]
  0x0000019f7d8edaa0 ConcurrentGCThread "G1 Service" [stack: 0x00000007e3400000,0x00000007e3500000] [id=14716]

Threads with active compile tasks:
C2 CompilerThread0   175818 3466       4       java.lang.invoke.MethodType::makeImpl (109 bytes)

VM state: not at safepoint (normal execution)

VM Mutex/Monitor currently owned by a thread: None

Heap address: 0x00000000e0000000, size: 512 MB, Compressed Oops mode: 32-bit

CDS archive(s) mapped at: [0x0000019f19000000-0x0000019f19bd0000-0x0000019f19bd0000), size 12386304, SharedBaseAddress: 0x0000019f19000000, ArchiveRelocationMode: 1.
Compressed class space mapped at: 0x0000019f1a000000-0x0000019f27000000, reserved size: 218103808
Narrow klass base: 0x0000019f19000000, Narrow klass shift: 0, Narrow klass range: 0x100000000

GC Precious Log:
 CPUs: 8 total, 8 available
 Memory: 7980M
 Large Page Support: Disabled
 NUMA Support: Disabled
 Compressed Oops: Enabled (32-bit)
 Heap Region Size: 1M
 Heap Min Capacity: 256M
 Heap Initial Capacity: 256M
 Heap Max Capacity: 512M
 Pre-touch: Disabled
 Parallel Workers: 8
 Concurrent Workers: 2
 Concurrent Refinement Workers: 8
 Periodic GC: Disabled

Heap:
 garbage-first heap   total 262144K, used 73468K [0x00000000e0000000, 0x0000000100000000)
  region size 1024K, 53 young (54272K), 14 survivors (14336K)
 Metaspace       used 26908K, committed 27200K, reserved 278528K
  class space    used 3901K, committed 4032K, reserved 212992K

Heap Regions: E=young(eden), S=young(survivor), O=old, HS=humongous(starts), HC=humongous(continues), CS=collection set, F=free, OA=open archive, CA=closed archive, TAMS=top-at-mark-start (previous, next)
|   0|0x00000000e0000000, 0x00000000e0000000, 0x00000000e0100000|  0%| F|  |TAMS 0x00000000e0000000, 0x00000000e0000000| Untracked 
|   1|0x00000000e0100000, 0x00000000e0200000, 0x00000000e0200000|100%| O|  |TAMS 0x00000000e0200000, 0x00000000e0100000| Untracked 
|   2|0x00000000e0200000, 0x00000000e0300000, 0x00000000e0300000|100%| O|  |TAMS 0x00000000e0300000, 0x00000000e0200000| Untracked 
|   3|0x00000000e0300000, 0x00000000e0400000, 0x00000000e0400000|100%|HS|  |TAMS 0x00000000e0400000, 0x00000000e0300000| Complete 
|   4|0x00000000e0400000, 0x00000000e0500000, 0x00000000e0500000|100%|HC|  |TAMS 0x00000000e0500000, 0x00000000e0400000| Complete 
|   5|0x00000000e0500000, 0x00000000e0600000, 0x00000000e0600000|100%|HC|  |TAMS 0x00000000e0600000, 0x00000000e0500000| Complete 
|   6|0x00000000e0600000, 0x00000000e0700000, 0x00000000e0700000|100%| O|  |TAMS 0x00000000e0700000, 0x00000000e0600000| Untracked 
|   7|0x00000000e0700000, 0x00000000e0800000, 0x00000000e0800000|100%| O|  |TAMS 0x00000000e0800000, 0x00000000e0700000| Untracked 
|   8|0x00000000e0800000, 0x00000000e0900000, 0x00000000e0900000|100%| O|  |TAMS 0x00000000e0900000, 0x00000000e0800000| Untracked 
|   9|0x00000000e0900000, 0x00000000e0a00000, 0x00000000e0a00000|100%| O|  |TAMS 0x00000000e0a00000, 0x00000000e0900000| Untracked 
|  10|0x00000000e0a00000, 0x00000000e0a7c000, 0x00000000e0b00000| 48%| O|  |TAMS 0x00000000e0a7c000, 0x00000000e0a00000| Untracked 
|  11|0x00000000e0b00000, 0x00000000e0c00000, 0x00000000e0c00000|100%|HS|  |TAMS 0x00000000e0c00000, 0x00000000e0b00000| Complete 
|  12|0x00000000e0c00000, 0x00000000e0d00000, 0x00000000e0d00000|100%|HC|  |TAMS 0x00000000e0d00000, 0x00000000e0c00000| Complete 
|  13|0x00000000e0d00000, 0x00000000e0e00000, 0x00000000e0e00000|100%|HS|  |TAMS 0x00000000e0e00000, 0x00000000e0d00000| Complete 
|  14|0x00000000e0e00000, 0x00000000e0f00000, 0x00000000e0f00000|100%|HC|  |TAMS 0x00000000e0f00000, 0x00000000e0e00000| Complete 
|  15|0x00000000e0f00000, 0x00000000e1000000, 0x00000000e1000000|100%|HC|  |TAMS 0x00000000e1000000, 0x00000000e0f00000| Complete 
|  16|0x00000000e1000000, 0x00000000e1100000, 0x00000000e1100000|100%|HS|  |TAMS 0x00000000e1100000, 0x00000000e1000000| Complete 
|  17|0x00000000e1100000, 0x00000000e1200000, 0x00000000e1200000|100%|HC|  |TAMS 0x00000000e1200000, 0x00000000e1100000| Complete 
|  18|0x00000000e1200000, 0x00000000e1300000, 0x00000000e1300000|100%|HC|  |TAMS 0x00000000e1300000, 0x00000000e1200000| Complete 
|  19|0x00000000e1300000, 0x00000000e1400000, 0x00000000e1400000|100%|HS|  |TAMS 0x00000000e1400000, 0x00000000e1300000| Complete 
|  20|0x00000000e1400000, 0x00000000e1500000, 0x00000000e1500000|100%|HC|  |TAMS 0x00000000e1500000, 0x00000000e1400000| Complete 
|  21|0x00000000e1500000, 0x00000000e1600000, 0x00000000e1600000|100%|HC|  |TAMS 0x00000000e1600000, 0x00000000e1500000| Complete 
|  22|0x00000000e1600000, 0x00000000e1600000, 0x00000000e1700000|  0%| F|  |TAMS 0x00000000e1600000, 0x00000000e1600000| Untracked 
|  23|0x00000000e1700000, 0x00000000e1700000, 0x00000000e1800000|  0%| F|  |TAMS 0x00000000e1700000, 0x00000000e1700000| Untracked 
|  24|0x00000000e1800000, 0x00000000e1800000, 0x00000000e1900000|  0%| F|  |TAMS 0x00000000e1800000, 0x00000000e1800000| Untracked 
|  25|0x00000000e1900000, 0x00000000e1900000, 0x00000000e1a00000|  0%| F|  |TAMS 0x00000000e1900000, 0x00000000e1900000| Untracked 
|  26|0x00000000e1a00000, 0x00000000e1a00000, 0x00000000e1b00000|  0%| F|  |TAMS 0x00000000e1a00000, 0x00000000e1a00000| Untracked 
|  27|0x00000000e1b00000, 0x00000000e1b00000, 0x00000000e1c00000|  0%| F|  |TAMS 0x00000000e1b00000, 0x00000000e1b00000| Untracked 
|  28|0x00000000e1c00000, 0x00000000e1c00000, 0x00000000e1d00000|  0%| F|  |TAMS 0x00000000e1c00000, 0x00000000e1c00000| Untracked 
|  29|0x00000000e1d00000, 0x00000000e1d00000, 0x00000000e1e00000|  0%| F|  |TAMS 0x00000000e1d00000, 0x00000000e1d00000| Untracked 
|  30|0x00000000e1e00000, 0x00000000e1e00000, 0x00000000e1f00000|  0%| F|  |TAMS 0x00000000e1e00000, 0x00000000e1e00000| Untracked 
|  31|0x00000000e1f00000, 0x00000000e1f00000, 0x00000000e2000000|  0%| F|  |TAMS 0x00000000e1f00000, 0x00000000e1f00000| Untracked 
|  32|0x00000000e2000000, 0x00000000e2000000, 0x00000000e2100000|  0%| F|  |TAMS 0x00000000e2000000, 0x00000000e2000000| Untracked 
|  33|0x00000000e2100000, 0x00000000e2100000, 0x00000000e2200000|  0%| F|  |TAMS 0x00000000e2100000, 0x00000000e2100000| Untracked 
|  34|0x00000000e2200000, 0x00000000e2200000, 0x00000000e2300000|  0%| F|  |TAMS 0x00000000e2200000, 0x00000000e2200000| Untracked 
|  35|0x00000000e2300000, 0x00000000e2300000, 0x00000000e2400000|  0%| F|  |TAMS 0x00000000e2300000, 0x00000000e2300000| Untracked 
|  36|0x00000000e2400000, 0x00000000e2400000, 0x00000000e2500000|  0%| F|  |TAMS 0x00000000e2400000, 0x00000000e2400000| Untracked 
|  37|0x00000000e2500000, 0x00000000e2500000, 0x00000000e2600000|  0%| F|  |TAMS 0x00000000e2500000, 0x00000000e2500000| Untracked 
|  38|0x00000000e2600000, 0x00000000e2600000, 0x00000000e2700000|  0%| F|  |TAMS 0x00000000e2600000, 0x00000000e2600000| Untracked 
|  39|0x00000000e2700000, 0x00000000e2700000, 0x00000000e2800000|  0%| F|  |TAMS 0x00000000e2700000, 0x00000000e2700000| Untracked 
|  40|0x00000000e2800000, 0x00000000e2800000, 0x00000000e2900000|  0%| F|  |TAMS 0x00000000e2800000, 0x00000000e2800000| Untracked 
|  41|0x00000000e2900000, 0x00000000e2900000, 0x00000000e2a00000|  0%| F|  |TAMS 0x00000000e2900000, 0x00000000e2900000| Untracked 
|  42|0x00000000e2a00000, 0x00000000e2a00000, 0x00000000e2b00000|  0%| F|  |TAMS 0x00000000e2a00000, 0x00000000e2a00000| Untracked 
|  43|0x00000000e2b00000, 0x00000000e2b00000, 0x00000000e2c00000|  0%| F|  |TAMS 0x00000000e2b00000, 0x00000000e2b00000| Untracked 
|  44|0x00000000e2c00000, 0x00000000e2c00000, 0x00000000e2d00000|  0%| F|  |TAMS 0x00000000e2c00000, 0x00000000e2c00000| Untracked 
|  45|0x00000000e2d00000, 0x00000000e2d00000, 0x00000000e2e00000|  0%| F|  |TAMS 0x00000000e2d00000, 0x00000000e2d00000| Untracked 
|  46|0x00000000e2e00000, 0x00000000e2e00000, 0x00000000e2f00000|  0%| F|  |TAMS 0x00000000e2e00000, 0x00000000e2e00000| Untracked 
|  47|0x00000000e2f00000, 0x00000000e2f00000, 0x00000000e3000000|  0%| F|  |TAMS 0x00000000e2f00000, 0x00000000e2f00000| Untracked 
|  48|0x00000000e3000000, 0x00000000e3000000, 0x00000000e3100000|  0%| F|  |TAMS 0x00000000e3000000, 0x00000000e3000000| Untracked 
|  49|0x00000000e3100000, 0x00000000e3100000, 0x00000000e3200000|  0%| F|  |TAMS 0x00000000e3100000, 0x00000000e3100000| Untracked 
|  50|0x00000000e3200000, 0x00000000e3200000, 0x00000000e3300000|  0%| F|  |TAMS 0x00000000e3200000, 0x00000000e3200000| Untracked 
|  51|0x00000000e3300000, 0x00000000e3300000, 0x00000000e3400000|  0%| F|  |TAMS 0x00000000e3300000, 0x00000000e3300000| Untracked 
|  52|0x00000000e3400000, 0x00000000e3400000, 0x00000000e3500000|  0%| F|  |TAMS 0x00000000e3400000, 0x00000000e3400000| Untracked 
|  53|0x00000000e3500000, 0x00000000e3500000, 0x00000000e3600000|  0%| F|  |TAMS 0x00000000e3500000, 0x00000000e3500000| Untracked 
|  54|0x00000000e3600000, 0x00000000e3600000, 0x00000000e3700000|  0%| F|  |TAMS 0x00000000e3600000, 0x00000000e3600000| Untracked 
|  55|0x00000000e3700000, 0x00000000e3700000, 0x00000000e3800000|  0%| F|  |TAMS 0x00000000e3700000, 0x00000000e3700000| Untracked 
|  56|0x00000000e3800000, 0x00000000e3800000, 0x00000000e3900000|  0%| F|  |TAMS 0x00000000e3800000, 0x00000000e3800000| Untracked 
|  57|0x00000000e3900000, 0x00000000e3900000, 0x00000000e3a00000|  0%| F|  |TAMS 0x00000000e3900000, 0x00000000e3900000| Untracked 
|  58|0x00000000e3a00000, 0x00000000e3a00000, 0x00000000e3b00000|  0%| F|  |TAMS 0x00000000e3a00000, 0x00000000e3a00000| Untracked 
|  59|0x00000000e3b00000, 0x00000000e3b00000, 0x00000000e3c00000|  0%| F|  |TAMS 0x00000000e3b00000, 0x00000000e3b00000| Untracked 
|  60|0x00000000e3c00000, 0x00000000e3c00000, 0x00000000e3d00000|  0%| F|  |TAMS 0x00000000e3c00000, 0x00000000e3c00000| Untracked 
|  61|0x00000000e3d00000, 0x00000000e3d00000, 0x00000000e3e00000|  0%| F|  |TAMS 0x00000000e3d00000, 0x00000000e3d00000| Untracked 
|  62|0x00000000e3e00000, 0x00000000e3e00000, 0x00000000e3f00000|  0%| F|  |TAMS 0x00000000e3e00000, 0x00000000e3e00000| Untracked 
|  63|0x00000000e3f00000, 0x00000000e3f00000, 0x00000000e4000000|  0%| F|  |TAMS 0x00000000e3f00000, 0x00000000e3f00000| Untracked 
|  64|0x00000000e4000000, 0x00000000e4000000, 0x00000000e4100000|  0%| F|  |TAMS 0x00000000e4000000, 0x00000000e4000000| Untracked 
|  65|0x00000000e4100000, 0x00000000e4100000, 0x00000000e4200000|  0%| F|  |TAMS 0x00000000e4100000, 0x00000000e4100000| Untracked 
|  66|0x00000000e4200000, 0x00000000e4200000, 0x00000000e4300000|  0%| F|  |TAMS 0x00000000e4200000, 0x00000000e4200000| Untracked 
|  67|0x00000000e4300000, 0x00000000e4300000, 0x00000000e4400000|  0%| F|  |TAMS 0x00000000e4300000, 0x00000000e4300000| Untracked 
|  68|0x00000000e4400000, 0x00000000e4400000, 0x00000000e4500000|  0%| F|  |TAMS 0x00000000e4400000, 0x00000000e4400000| Untracked 
|  69|0x00000000e4500000, 0x00000000e4500000, 0x00000000e4600000|  0%| F|  |TAMS 0x00000000e4500000, 0x00000000e4500000| Untracked 
|  70|0x00000000e4600000, 0x00000000e4600000, 0x00000000e4700000|  0%| F|  |TAMS 0x00000000e4600000, 0x00000000e4600000| Untracked 
|  71|0x00000000e4700000, 0x00000000e4700000, 0x00000000e4800000|  0%| F|  |TAMS 0x00000000e4700000, 0x00000000e4700000| Untracked 
|  72|0x00000000e4800000, 0x00000000e4800000, 0x00000000e4900000|  0%| F|  |TAMS 0x00000000e4800000, 0x00000000e4800000| Untracked 
|  73|0x00000000e4900000, 0x00000000e4900000, 0x00000000e4a00000|  0%| F|  |TAMS 0x00000000e4900000, 0x00000000e4900000| Untracked 
|  74|0x00000000e4a00000, 0x00000000e4a00000, 0x00000000e4b00000|  0%| F|  |TAMS 0x00000000e4a00000, 0x00000000e4a00000| Untracked 
|  75|0x00000000e4b00000, 0x00000000e4b00000, 0x00000000e4c00000|  0%| F|  |TAMS 0x00000000e4b00000, 0x00000000e4b00000| Untracked 
|  76|0x00000000e4c00000, 0x00000000e4c00000, 0x00000000e4d00000|  0%| F|  |TAMS 0x00000000e4c00000, 0x00000000e4c00000| Untracked 
|  77|0x00000000e4d00000, 0x00000000e4d00000, 0x00000000e4e00000|  0%| F|  |TAMS 0x00000000e4d00000, 0x00000000e4d00000| Untracked 
|  78|0x00000000e4e00000, 0x00000000e4e00000, 0x00000000e4f00000|  0%| F|  |TAMS 0x00000000e4e00000, 0x00000000e4e00000| Untracked 
|  79|0x00000000e4f00000, 0x00000000e4f00000, 0x00000000e5000000|  0%| F|  |TAMS 0x00000000e4f00000, 0x00000000e4f00000| Untracked 
|  80|0x00000000e5000000, 0x00000000e5000000, 0x00000000e5100000|  0%| F|  |TAMS 0x00000000e5000000, 0x00000000e5000000| Untracked 
|  81|0x00000000e5100000, 0x00000000e5100000, 0x00000000e5200000|  0%| F|  |TAMS 0x00000000e5100000, 0x00000000e5100000| Untracked 
|  82|0x00000000e5200000, 0x00000000e5200000, 0x00000000e5300000|  0%| F|  |TAMS 0x00000000e5200000, 0x00000000e5200000| Untracked 
|  83|0x00000000e5300000, 0x00000000e5300000, 0x00000000e5400000|  0%| F|  |TAMS 0x00000000e5300000, 0x00000000e5300000| Untracked 
|  84|0x00000000e5400000, 0x00000000e5400000, 0x00000000e5500000|  0%| F|  |TAMS 0x00000000e5400000, 0x00000000e5400000| Untracked 
|  85|0x00000000e5500000, 0x00000000e5500000, 0x00000000e5600000|  0%| F|  |TAMS 0x00000000e5500000, 0x00000000e5500000| Untracked 
|  86|0x00000000e5600000, 0x00000000e5600000, 0x00000000e5700000|  0%| F|  |TAMS 0x00000000e5600000, 0x00000000e5600000| Untracked 
|  87|0x00000000e5700000, 0x00000000e5700000, 0x00000000e5800000|  0%| F|  |TAMS 0x00000000e5700000, 0x00000000e5700000| Untracked 
|  88|0x00000000e5800000, 0x00000000e5800000, 0x00000000e5900000|  0%| F|  |TAMS 0x00000000e5800000, 0x00000000e5800000| Untracked 
|  89|0x00000000e5900000, 0x00000000e5900000, 0x00000000e5a00000|  0%| F|  |TAMS 0x00000000e5900000, 0x00000000e5900000| Untracked 
|  90|0x00000000e5a00000, 0x00000000e5a00000, 0x00000000e5b00000|  0%| F|  |TAMS 0x00000000e5a00000, 0x00000000e5a00000| Untracked 
|  91|0x00000000e5b00000, 0x00000000e5b00000, 0x00000000e5c00000|  0%| F|  |TAMS 0x00000000e5b00000, 0x00000000e5b00000| Untracked 
|  92|0x00000000e5c00000, 0x00000000e5c00000, 0x00000000e5d00000|  0%| F|  |TAMS 0x00000000e5c00000, 0x00000000e5c00000| Untracked 
|  93|0x00000000e5d00000, 0x00000000e5d00000, 0x00000000e5e00000|  0%| F|  |TAMS 0x00000000e5d00000, 0x00000000e5d00000| Untracked 
|  94|0x00000000e5e00000, 0x00000000e5e00000, 0x00000000e5f00000|  0%| F|  |TAMS 0x00000000e5e00000, 0x00000000e5e00000| Untracked 
|  95|0x00000000e5f00000, 0x00000000e5f00000, 0x00000000e6000000|  0%| F|  |TAMS 0x00000000e5f00000, 0x00000000e5f00000| Untracked 
|  96|0x00000000e6000000, 0x00000000e6000000, 0x00000000e6100000|  0%| F|  |TAMS 0x00000000e6000000, 0x00000000e6000000| Untracked 
|  97|0x00000000e6100000, 0x00000000e6100000, 0x00000000e6200000|  0%| F|  |TAMS 0x00000000e6100000, 0x00000000e6100000| Untracked 
|  98|0x00000000e6200000, 0x00000000e6200000, 0x00000000e6300000|  0%| F|  |TAMS 0x00000000e6200000, 0x00000000e6200000| Untracked 
|  99|0x00000000e6300000, 0x00000000e6300000, 0x00000000e6400000|  0%| F|  |TAMS 0x00000000e6300000, 0x00000000e6300000| Untracked 
| 100|0x00000000e6400000, 0x00000000e6400000, 0x00000000e6500000|  0%| F|  |TAMS 0x00000000e6400000, 0x00000000e6400000| Untracked 
| 101|0x00000000e6500000, 0x00000000e6500000, 0x00000000e6600000|  0%| F|  |TAMS 0x00000000e6500000, 0x00000000e6500000| Untracked 
| 102|0x00000000e6600000, 0x00000000e6600000, 0x00000000e6700000|  0%| F|  |TAMS 0x00000000e6600000, 0x00000000e6600000| Untracked 
| 103|0x00000000e6700000, 0x00000000e6700000, 0x00000000e6800000|  0%| F|  |TAMS 0x00000000e6700000, 0x00000000e6700000| Untracked 
| 104|0x00000000e6800000, 0x00000000e6800000, 0x00000000e6900000|  0%| F|  |TAMS 0x00000000e6800000, 0x00000000e6800000| Untracked 
| 105|0x00000000e6900000, 0x00000000e6900000, 0x00000000e6a00000|  0%| F|  |TAMS 0x00000000e6900000, 0x00000000e6900000| Untracked 
| 106|0x00000000e6a00000, 0x00000000e6a00000, 0x00000000e6b00000|  0%| F|  |TAMS 0x00000000e6a00000, 0x00000000e6a00000| Untracked 
| 107|0x00000000e6b00000, 0x00000000e6b00000, 0x00000000e6c00000|  0%| F|  |TAMS 0x00000000e6b00000, 0x00000000e6b00000| Untracked 
| 108|0x00000000e6c00000, 0x00000000e6c00000, 0x00000000e6d00000|  0%| F|  |TAMS 0x00000000e6c00000, 0x00000000e6c00000| Untracked 
| 109|0x00000000e6d00000, 0x00000000e6d00000, 0x00000000e6e00000|  0%| F|  |TAMS 0x00000000e6d00000, 0x00000000e6d00000| Untracked 
| 110|0x00000000e6e00000, 0x00000000e6e00000, 0x00000000e6f00000|  0%| F|  |TAMS 0x00000000e6e00000, 0x00000000e6e00000| Untracked 
| 111|0x00000000e6f00000, 0x00000000e6f00000, 0x00000000e7000000|  0%| F|  |TAMS 0x00000000e6f00000, 0x00000000e6f00000| Untracked 
| 112|0x00000000e7000000, 0x00000000e7000000, 0x00000000e7100000|  0%| F|  |TAMS 0x00000000e7000000, 0x00000000e7000000| Untracked 
| 113|0x00000000e7100000, 0x00000000e7100000, 0x00000000e7200000|  0%| F|  |TAMS 0x00000000e7100000, 0x00000000e7100000| Untracked 
| 114|0x00000000e7200000, 0x00000000e7200000, 0x00000000e7300000|  0%| F|  |TAMS 0x00000000e7200000, 0x00000000e7200000| Untracked 
| 115|0x00000000e7300000, 0x00000000e7300000, 0x00000000e7400000|  0%| F|  |TAMS 0x00000000e7300000, 0x00000000e7300000| Untracked 
| 116|0x00000000e7400000, 0x00000000e7400000, 0x00000000e7500000|  0%| F|  |TAMS 0x00000000e7400000, 0x00000000e7400000| Untracked 
| 117|0x00000000e7500000, 0x00000000e7500000, 0x00000000e7600000|  0%| F|  |TAMS 0x00000000e7500000, 0x00000000e7500000| Untracked 
| 118|0x00000000e7600000, 0x00000000e7600000, 0x00000000e7700000|  0%| F|  |TAMS 0x00000000e7600000, 0x00000000e7600000| Untracked 
| 119|0x00000000e7700000, 0x00000000e7700000, 0x00000000e7800000|  0%| F|  |TAMS 0x00000000e7700000, 0x00000000e7700000| Untracked 
| 120|0x00000000e7800000, 0x00000000e7800000, 0x00000000e7900000|  0%| F|  |TAMS 0x00000000e7800000, 0x00000000e7800000| Untracked 
| 121|0x00000000e7900000, 0x00000000e7900000, 0x00000000e7a00000|  0%| F|  |TAMS 0x00000000e7900000, 0x00000000e7900000| Untracked 
| 122|0x00000000e7a00000, 0x00000000e7a00000, 0x00000000e7b00000|  0%| F|  |TAMS 0x00000000e7a00000, 0x00000000e7a00000| Untracked 
| 123|0x00000000e7b00000, 0x00000000e7b00000, 0x00000000e7c00000|  0%| F|  |TAMS 0x00000000e7b00000, 0x00000000e7b00000| Untracked 
| 124|0x00000000e7c00000, 0x00000000e7c00000, 0x00000000e7d00000|  0%| F|  |TAMS 0x00000000e7c00000, 0x00000000e7c00000| Untracked 
| 125|0x00000000e7d00000, 0x00000000e7d00000, 0x00000000e7e00000|  0%| F|  |TAMS 0x00000000e7d00000, 0x00000000e7d00000| Untracked 
| 126|0x00000000e7e00000, 0x00000000e7e00000, 0x00000000e7f00000|  0%| F|  |TAMS 0x00000000e7e00000, 0x00000000e7e00000| Untracked 
| 127|0x00000000e7f00000, 0x00000000e7f00000, 0x00000000e8000000|  0%| F|  |TAMS 0x00000000e7f00000, 0x00000000e7f00000| Untracked 
| 128|0x00000000e8000000, 0x00000000e8000000, 0x00000000e8100000|  0%| F|  |TAMS 0x00000000e8000000, 0x00000000e8000000| Untracked 
| 129|0x00000000e8100000, 0x00000000e8100000, 0x00000000e8200000|  0%| F|  |TAMS 0x00000000e8100000, 0x00000000e8100000| Untracked 
| 130|0x00000000e8200000, 0x00000000e8200000, 0x00000000e8300000|  0%| F|  |TAMS 0x00000000e8200000, 0x00000000e8200000| Untracked 
| 131|0x00000000e8300000, 0x00000000e8300000, 0x00000000e8400000|  0%| F|  |TAMS 0x00000000e8300000, 0x00000000e8300000| Untracked 
| 132|0x00000000e8400000, 0x00000000e8400000, 0x00000000e8500000|  0%| F|  |TAMS 0x00000000e8400000, 0x00000000e8400000| Untracked 
| 133|0x00000000e8500000, 0x00000000e8500000, 0x00000000e8600000|  0%| F|  |TAMS 0x00000000e8500000, 0x00000000e8500000| Untracked 
| 134|0x00000000e8600000, 0x00000000e8600000, 0x00000000e8700000|  0%| F|  |TAMS 0x00000000e8600000, 0x00000000e8600000| Untracked 
| 135|0x00000000e8700000, 0x00000000e8700000, 0x00000000e8800000|  0%| F|  |TAMS 0x00000000e8700000, 0x00000000e8700000| Untracked 
| 136|0x00000000e8800000, 0x00000000e88431a0, 0x00000000e8900000| 26%| S|CS|TAMS 0x00000000e8800000, 0x00000000e8800000| Complete 
| 137|0x00000000e8900000, 0x00000000e8a00000, 0x00000000e8a00000|100%| S|CS|TAMS 0x00000000e8900000, 0x00000000e8900000| Complete 
| 138|0x00000000e8a00000, 0x00000000e8b00000, 0x00000000e8b00000|100%| S|CS|TAMS 0x00000000e8a00000, 0x00000000e8a00000| Complete 
| 139|0x00000000e8b00000, 0x00000000e8c00000, 0x00000000e8c00000|100%| S|CS|TAMS 0x00000000e8b00000, 0x00000000e8b00000| Complete 
| 140|0x00000000e8c00000, 0x00000000e8d00000, 0x00000000e8d00000|100%| S|CS|TAMS 0x00000000e8c00000, 0x00000000e8c00000| Complete 
| 141|0x00000000e8d00000, 0x00000000e8e00000, 0x00000000e8e00000|100%| S|CS|TAMS 0x00000000e8d00000, 0x00000000e8d00000| Complete 
| 142|0x00000000e8e00000, 0x00000000e8f00000, 0x00000000e8f00000|100%| S|CS|TAMS 0x00000000e8e00000, 0x00000000e8e00000| Complete 
| 143|0x00000000e8f00000, 0x00000000e9000000, 0x00000000e9000000|100%| S|CS|TAMS 0x00000000e8f00000, 0x00000000e8f00000| Complete 
| 144|0x00000000e9000000, 0x00000000e9100000, 0x00000000e9100000|100%| S|CS|TAMS 0x00000000e9000000, 0x00000000e9000000| Complete 
| 145|0x00000000e9100000, 0x00000000e9200000, 0x00000000e9200000|100%| S|CS|TAMS 0x00000000e9100000, 0x00000000e9100000| Complete 
| 146|0x00000000e9200000, 0x00000000e9300000, 0x00000000e9300000|100%| S|CS|TAMS 0x00000000e9200000, 0x00000000e9200000| Complete 
| 147|0x00000000e9300000, 0x00000000e9400000, 0x00000000e9400000|100%| S|CS|TAMS 0x00000000e9300000, 0x00000000e9300000| Complete 
| 148|0x00000000e9400000, 0x00000000e9500000, 0x00000000e9500000|100%| S|CS|TAMS 0x00000000e9400000, 0x00000000e9400000| Complete 
| 149|0x00000000e9500000, 0x00000000e9600000, 0x00000000e9600000|100%| S|CS|TAMS 0x00000000e9500000, 0x00000000e9500000| Complete 
| 150|0x00000000e9600000, 0x00000000e9600000, 0x00000000e9700000|  0%| F|  |TAMS 0x00000000e9600000, 0x00000000e9600000| Untracked 
| 151|0x00000000e9700000, 0x00000000e9700000, 0x00000000e9800000|  0%| F|  |TAMS 0x00000000e9700000, 0x00000000e9700000| Untracked 
| 152|0x00000000e9800000, 0x00000000e9800000, 0x00000000e9900000|  0%| F|  |TAMS 0x00000000e9800000, 0x00000000e9800000| Untracked 
| 153|0x00000000e9900000, 0x00000000e9900000, 0x00000000e9a00000|  0%| F|  |TAMS 0x00000000e9900000, 0x00000000e9900000| Untracked 
| 154|0x00000000e9a00000, 0x00000000e9a00000, 0x00000000e9b00000|  0%| F|  |TAMS 0x00000000e9a00000, 0x00000000e9a00000| Untracked 
| 155|0x00000000e9b00000, 0x00000000e9b00000, 0x00000000e9c00000|  0%| F|  |TAMS 0x00000000e9b00000, 0x00000000e9b00000| Untracked 
| 156|0x00000000e9c00000, 0x00000000e9c00000, 0x00000000e9d00000|  0%| F|  |TAMS 0x00000000e9c00000, 0x00000000e9c00000| Untracked 
| 157|0x00000000e9d00000, 0x00000000e9d00000, 0x00000000e9e00000|  0%| F|  |TAMS 0x00000000e9d00000, 0x00000000e9d00000| Untracked 
| 158|0x00000000e9e00000, 0x00000000e9e00000, 0x00000000e9f00000|  0%| F|  |TAMS 0x00000000e9e00000, 0x00000000e9e00000| Untracked 
| 159|0x00000000e9f00000, 0x00000000e9f00000, 0x00000000ea000000|  0%| F|  |TAMS 0x00000000e9f00000, 0x00000000e9f00000| Untracked 
| 160|0x00000000ea000000, 0x00000000ea000000, 0x00000000ea100000|  0%| F|  |TAMS 0x00000000ea000000, 0x00000000ea000000| Untracked 
| 161|0x00000000ea100000, 0x00000000ea100000, 0x00000000ea200000|  0%| F|  |TAMS 0x00000000ea100000, 0x00000000ea100000| Untracked 
| 162|0x00000000ea200000, 0x00000000ea200000, 0x00000000ea300000|  0%| F|  |TAMS 0x00000000ea200000, 0x00000000ea200000| Untracked 
| 163|0x00000000ea300000, 0x00000000ea300000, 0x00000000ea400000|  0%| F|  |TAMS 0x00000000ea300000, 0x00000000ea300000| Untracked 
| 164|0x00000000ea400000, 0x00000000ea400000, 0x00000000ea500000|  0%| F|  |TAMS 0x00000000ea400000, 0x00000000ea400000| Untracked 
| 165|0x00000000ea500000, 0x00000000ea500000, 0x00000000ea600000|  0%| F|  |TAMS 0x00000000ea500000, 0x00000000ea500000| Untracked 
| 166|0x00000000ea600000, 0x00000000ea600000, 0x00000000ea700000|  0%| F|  |TAMS 0x00000000ea600000, 0x00000000ea600000| Untracked 
| 167|0x00000000ea700000, 0x00000000ea700000, 0x00000000ea800000|  0%| F|  |TAMS 0x00000000ea700000, 0x00000000ea700000| Untracked 
| 168|0x00000000ea800000, 0x00000000ea800000, 0x00000000ea900000|  0%| F|  |TAMS 0x00000000ea800000, 0x00000000ea800000| Untracked 
| 169|0x00000000ea900000, 0x00000000ea900000, 0x00000000eaa00000|  0%| F|  |TAMS 0x00000000ea900000, 0x00000000ea900000| Untracked 
| 170|0x00000000eaa00000, 0x00000000eaa00000, 0x00000000eab00000|  0%| F|  |TAMS 0x00000000eaa00000, 0x00000000eaa00000| Untracked 
| 171|0x00000000eab00000, 0x00000000eab00000, 0x00000000eac00000|  0%| F|  |TAMS 0x00000000eab00000, 0x00000000eab00000| Untracked 
| 172|0x00000000eac00000, 0x00000000eac00000, 0x00000000ead00000|  0%| F|  |TAMS 0x00000000eac00000, 0x00000000eac00000| Untracked 
| 173|0x00000000ead00000, 0x00000000ead00000, 0x00000000eae00000|  0%| F|  |TAMS 0x00000000ead00000, 0x00000000ead00000| Untracked 
| 174|0x00000000eae00000, 0x00000000eae00000, 0x00000000eaf00000|  0%| F|  |TAMS 0x00000000eae00000, 0x00000000eae00000| Untracked 
| 175|0x00000000eaf00000, 0x00000000eaf00000, 0x00000000eb000000|  0%| F|  |TAMS 0x00000000eaf00000, 0x00000000eaf00000| Untracked 
| 176|0x00000000eb000000, 0x00000000eb000000, 0x00000000eb100000|  0%| F|  |TAMS 0x00000000eb000000, 0x00000000eb000000| Untracked 
| 177|0x00000000eb100000, 0x00000000eb100000, 0x00000000eb200000|  0%| F|  |TAMS 0x00000000eb100000, 0x00000000eb100000| Untracked 
| 178|0x00000000eb200000, 0x00000000eb200000, 0x00000000eb300000|  0%| F|  |TAMS 0x00000000eb200000, 0x00000000eb200000| Untracked 
| 179|0x00000000eb300000, 0x00000000eb300000, 0x00000000eb400000|  0%| F|  |TAMS 0x00000000eb300000, 0x00000000eb300000| Untracked 
| 180|0x00000000eb400000, 0x00000000eb400000, 0x00000000eb500000|  0%| F|  |TAMS 0x00000000eb400000, 0x00000000eb400000| Untracked 
| 181|0x00000000eb500000, 0x00000000eb500000, 0x00000000eb600000|  0%| F|  |TAMS 0x00000000eb500000, 0x00000000eb500000| Untracked 
| 182|0x00000000eb600000, 0x00000000eb600000, 0x00000000eb700000|  0%| F|  |TAMS 0x00000000eb600000, 0x00000000eb600000| Untracked 
| 183|0x00000000eb700000, 0x00000000eb700000, 0x00000000eb800000|  0%| F|  |TAMS 0x00000000eb700000, 0x00000000eb700000| Untracked 
| 184|0x00000000eb800000, 0x00000000eb800000, 0x00000000eb900000|  0%| F|  |TAMS 0x00000000eb800000, 0x00000000eb800000| Untracked 
| 185|0x00000000eb900000, 0x00000000eb900000, 0x00000000eba00000|  0%| F|  |TAMS 0x00000000eb900000, 0x00000000eb900000| Untracked 
| 186|0x00000000eba00000, 0x00000000eba00000, 0x00000000ebb00000|  0%| F|  |TAMS 0x00000000eba00000, 0x00000000eba00000| Untracked 
| 187|0x00000000ebb00000, 0x00000000ebb00000, 0x00000000ebc00000|  0%| F|  |TAMS 0x00000000ebb00000, 0x00000000ebb00000| Untracked 
| 188|0x00000000ebc00000, 0x00000000ebc00000, 0x00000000ebd00000|  0%| F|  |TAMS 0x00000000ebc00000, 0x00000000ebc00000| Untracked 
| 189|0x00000000ebd00000, 0x00000000ebd00000, 0x00000000ebe00000|  0%| F|  |TAMS 0x00000000ebd00000, 0x00000000ebd00000| Untracked 
| 190|0x00000000ebe00000, 0x00000000ebe00000, 0x00000000ebf00000|  0%| F|  |TAMS 0x00000000ebe00000, 0x00000000ebe00000| Untracked 
| 191|0x00000000ebf00000, 0x00000000ebf00000, 0x00000000ec000000|  0%| F|  |TAMS 0x00000000ebf00000, 0x00000000ebf00000| Untracked 
| 192|0x00000000ec000000, 0x00000000ec000000, 0x00000000ec100000|  0%| F|  |TAMS 0x00000000ec000000, 0x00000000ec000000| Untracked 
| 193|0x00000000ec100000, 0x00000000ec100000, 0x00000000ec200000|  0%| F|  |TAMS 0x00000000ec100000, 0x00000000ec100000| Untracked 
| 194|0x00000000ec200000, 0x00000000ec200000, 0x00000000ec300000|  0%| F|  |TAMS 0x00000000ec200000, 0x00000000ec200000| Untracked 
| 195|0x00000000ec300000, 0x00000000ec300000, 0x00000000ec400000|  0%| F|  |TAMS 0x00000000ec300000, 0x00000000ec300000| Untracked 
| 196|0x00000000ec400000, 0x00000000ec400000, 0x00000000ec500000|  0%| F|  |TAMS 0x00000000ec400000, 0x00000000ec400000| Untracked 
| 197|0x00000000ec500000, 0x00000000ec500000, 0x00000000ec600000|  0%| F|  |TAMS 0x00000000ec500000, 0x00000000ec500000| Untracked 
| 198|0x00000000ec600000, 0x00000000ec600000, 0x00000000ec700000|  0%| F|  |TAMS 0x00000000ec600000, 0x00000000ec600000| Untracked 
| 199|0x00000000ec700000, 0x00000000ec700000, 0x00000000ec800000|  0%| F|  |TAMS 0x00000000ec700000, 0x00000000ec700000| Untracked 
| 200|0x00000000ec800000, 0x00000000ec800000, 0x00000000ec900000|  0%| F|  |TAMS 0x00000000ec800000, 0x00000000ec800000| Untracked 
| 201|0x00000000ec900000, 0x00000000ec900000, 0x00000000eca00000|  0%| F|  |TAMS 0x00000000ec900000, 0x00000000ec900000| Untracked 
| 202|0x00000000eca00000, 0x00000000eca00000, 0x00000000ecb00000|  0%| F|  |TAMS 0x00000000eca00000, 0x00000000eca00000| Untracked 
| 203|0x00000000ecb00000, 0x00000000ecb00000, 0x00000000ecc00000|  0%| F|  |TAMS 0x00000000ecb00000, 0x00000000ecb00000| Untracked 
| 204|0x00000000ecc00000, 0x00000000ecc00000, 0x00000000ecd00000|  0%| F|  |TAMS 0x00000000ecc00000, 0x00000000ecc00000| Untracked 
| 205|0x00000000ecd00000, 0x00000000ecd00000, 0x00000000ece00000|  0%| F|  |TAMS 0x00000000ecd00000, 0x00000000ecd00000| Untracked 
| 206|0x00000000ece00000, 0x00000000ece00000, 0x00000000ecf00000|  0%| F|  |TAMS 0x00000000ece00000, 0x00000000ece00000| Untracked 
| 207|0x00000000ecf00000, 0x00000000ecf00000, 0x00000000ed000000|  0%| F|  |TAMS 0x00000000ecf00000, 0x00000000ecf00000| Untracked 
| 208|0x00000000ed000000, 0x00000000ed000000, 0x00000000ed100000|  0%| F|  |TAMS 0x00000000ed000000, 0x00000000ed000000| Untracked 
| 209|0x00000000ed100000, 0x00000000ed100000, 0x00000000ed200000|  0%| F|  |TAMS 0x00000000ed100000, 0x00000000ed100000| Untracked 
| 210|0x00000000ed200000, 0x00000000ed200000, 0x00000000ed300000|  0%| F|  |TAMS 0x00000000ed200000, 0x00000000ed200000| Untracked 
| 211|0x00000000ed300000, 0x00000000ed300000, 0x00000000ed400000|  0%| F|  |TAMS 0x00000000ed300000, 0x00000000ed300000| Untracked 
| 212|0x00000000ed400000, 0x00000000ed400000, 0x00000000ed500000|  0%| F|  |TAMS 0x00000000ed400000, 0x00000000ed400000| Untracked 
| 213|0x00000000ed500000, 0x00000000ed500000, 0x00000000ed600000|  0%| F|  |TAMS 0x00000000ed500000, 0x00000000ed500000| Untracked 
| 214|0x00000000ed600000, 0x00000000ed600000, 0x00000000ed700000|  0%| F|  |TAMS 0x00000000ed600000, 0x00000000ed600000| Untracked 
| 215|0x00000000ed700000, 0x00000000ed700000, 0x00000000ed800000|  0%| F|  |TAMS 0x00000000ed700000, 0x00000000ed700000| Untracked 
| 216|0x00000000ed800000, 0x00000000ed880800, 0x00000000ed900000| 50%| E|  |TAMS 0x00000000ed800000, 0x00000000ed800000| Complete 
| 217|0x00000000ed900000, 0x00000000eda00000, 0x00000000eda00000|100%| E|CS|TAMS 0x00000000ed900000, 0x00000000ed900000| Complete 
| 218|0x00000000eda00000, 0x00000000edb00000, 0x00000000edb00000|100%| E|CS|TAMS 0x00000000eda00000, 0x00000000eda00000| Complete 
| 219|0x00000000edb00000, 0x00000000edc00000, 0x00000000edc00000|100%| E|CS|TAMS 0x00000000edb00000, 0x00000000edb00000| Complete 
| 220|0x00000000edc00000, 0x00000000edd00000, 0x00000000edd00000|100%| E|CS|TAMS 0x00000000edc00000, 0x00000000edc00000| Complete 
| 221|0x00000000edd00000, 0x00000000ede00000, 0x00000000ede00000|100%| E|CS|TAMS 0x00000000edd00000, 0x00000000edd00000| Complete 
| 222|0x00000000ede00000, 0x00000000edf00000, 0x00000000edf00000|100%| E|CS|TAMS 0x00000000ede00000, 0x00000000ede00000| Complete 
| 223|0x00000000edf00000, 0x00000000ee000000, 0x00000000ee000000|100%| E|CS|TAMS 0x00000000edf00000, 0x00000000edf00000| Complete 
| 224|0x00000000ee000000, 0x00000000ee100000, 0x00000000ee100000|100%| E|CS|TAMS 0x00000000ee000000, 0x00000000ee000000| Complete 
| 225|0x00000000ee100000, 0x00000000ee200000, 0x00000000ee200000|100%| E|CS|TAMS 0x00000000ee100000, 0x00000000ee100000| Complete 
| 226|0x00000000ee200000, 0x00000000ee300000, 0x00000000ee300000|100%| E|CS|TAMS 0x00000000ee200000, 0x00000000ee200000| Complete 
| 227|0x00000000ee300000, 0x00000000ee400000, 0x00000000ee400000|100%| E|CS|TAMS 0x00000000ee300000, 0x00000000ee300000| Complete 
| 228|0x00000000ee400000, 0x00000000ee500000, 0x00000000ee500000|100%| E|CS|TAMS 0x00000000ee400000, 0x00000000ee400000| Complete 
| 229|0x00000000ee500000, 0x00000000ee600000, 0x00000000ee600000|100%| E|CS|TAMS 0x00000000ee500000, 0x00000000ee500000| Complete 
| 230|0x00000000ee600000, 0x00000000ee700000, 0x00000000ee700000|100%| E|CS|TAMS 0x00000000ee600000, 0x00000000ee600000| Complete 
| 231|0x00000000ee700000, 0x00000000ee800000, 0x00000000ee800000|100%| E|CS|TAMS 0x00000000ee700000, 0x00000000ee700000| Complete 
| 232|0x00000000ee800000, 0x00000000ee900000, 0x00000000ee900000|100%| E|CS|TAMS 0x00000000ee800000, 0x00000000ee800000| Complete 
| 233|0x00000000ee900000, 0x00000000eea00000, 0x00000000eea00000|100%| E|CS|TAMS 0x00000000ee900000, 0x00000000ee900000| Complete 
| 234|0x00000000eea00000, 0x00000000eeb00000, 0x00000000eeb00000|100%| E|CS|TAMS 0x00000000eea00000, 0x00000000eea00000| Complete 
| 235|0x00000000eeb00000, 0x00000000eec00000, 0x00000000eec00000|100%| E|CS|TAMS 0x00000000eeb00000, 0x00000000eeb00000| Complete 
| 236|0x00000000eec00000, 0x00000000eed00000, 0x00000000eed00000|100%| E|CS|TAMS 0x00000000eec00000, 0x00000000eec00000| Complete 
| 237|0x00000000eed00000, 0x00000000eee00000, 0x00000000eee00000|100%| E|CS|TAMS 0x00000000eed00000, 0x00000000eed00000| Complete 
| 238|0x00000000eee00000, 0x00000000eef00000, 0x00000000eef00000|100%| E|CS|TAMS 0x00000000eee00000, 0x00000000eee00000| Complete 
| 239|0x00000000eef00000, 0x00000000ef000000, 0x00000000ef000000|100%| E|CS|TAMS 0x00000000eef00000, 0x00000000eef00000| Complete 
| 240|0x00000000ef000000, 0x00000000ef100000, 0x00000000ef100000|100%| E|CS|TAMS 0x00000000ef000000, 0x00000000ef000000| Complete 
| 241|0x00000000ef100000, 0x00000000ef200000, 0x00000000ef200000|100%| E|CS|TAMS 0x00000000ef100000, 0x00000000ef100000| Complete 
| 242|0x00000000ef200000, 0x00000000ef300000, 0x00000000ef300000|100%| E|CS|TAMS 0x00000000ef200000, 0x00000000ef200000| Complete 
| 243|0x00000000ef300000, 0x00000000ef400000, 0x00000000ef400000|100%| E|CS|TAMS 0x00000000ef300000, 0x00000000ef300000| Complete 
| 244|0x00000000ef400000, 0x00000000ef500000, 0x00000000ef500000|100%| E|CS|TAMS 0x00000000ef400000, 0x00000000ef400000| Complete 
| 245|0x00000000ef500000, 0x00000000ef600000, 0x00000000ef600000|100%| E|CS|TAMS 0x00000000ef500000, 0x00000000ef500000| Complete 
| 246|0x00000000ef600000, 0x00000000ef700000, 0x00000000ef700000|100%| E|CS|TAMS 0x00000000ef600000, 0x00000000ef600000| Complete 
| 247|0x00000000ef700000, 0x00000000ef800000, 0x00000000ef800000|100%| E|CS|TAMS 0x00000000ef700000, 0x00000000ef700000| Complete 
| 248|0x00000000ef800000, 0x00000000ef900000, 0x00000000ef900000|100%| E|CS|TAMS 0x00000000ef800000, 0x00000000ef800000| Complete 
| 249|0x00000000ef900000, 0x00000000efa00000, 0x00000000efa00000|100%| E|CS|TAMS 0x00000000ef900000, 0x00000000ef900000| Complete 
| 250|0x00000000efa00000, 0x00000000efb00000, 0x00000000efb00000|100%| E|CS|TAMS 0x00000000efa00000, 0x00000000efa00000| Complete 
| 251|0x00000000efb00000, 0x00000000efc00000, 0x00000000efc00000|100%| E|CS|TAMS 0x00000000efb00000, 0x00000000efb00000| Complete 
| 252|0x00000000efc00000, 0x00000000efd00000, 0x00000000efd00000|100%| E|CS|TAMS 0x00000000efc00000, 0x00000000efc00000| Complete 
| 253|0x00000000efd00000, 0x00000000efe00000, 0x00000000efe00000|100%| E|CS|TAMS 0x00000000efd00000, 0x00000000efd00000| Complete 
| 254|0x00000000efe00000, 0x00000000eff00000, 0x00000000eff00000|100%| E|CS|TAMS 0x00000000efe00000, 0x00000000efe00000| Complete 
| 255|0x00000000eff00000, 0x00000000f0000000, 0x00000000f0000000|100%| E|CS|TAMS 0x00000000eff00000, 0x00000000eff00000| Complete 

Card table byte_map: [0x0000019f7dd40000,0x0000019f7de40000] _byte_map_base: 0x0000019f7d640000

Marking Bits (Prev, Next): (CMBitMap*) 0x0000019f7d8769c0, (CMBitMap*) 0x0000019f7d876980
 Prev Bits: [0x0000019f7e740000, 0x0000019f7ef40000)
 Next Bits: [0x0000019f7df40000, 0x0000019f7e740000)

Polling page: 0x0000019f7cff0000

Metaspace:

Usage:
  Non-class:     22.79 MB used.
      Class:      3.83 MB used.
       Both:     26.62 MB used.

Virtual space:
  Non-class space:       64.00 MB reserved,      22.94 MB ( 36%) committed,  1 nodes.
      Class space:      208.00 MB reserved,       3.94 MB (  2%) committed,  1 nodes.
             Both:      272.00 MB reserved,      26.88 MB ( 10%) committed. 

Chunk freelists:
   Non-Class:  8.69 MB
       Class:  12.06 MB
        Both:  20.75 MB

MaxMetaspaceSize: 256.00 MB
CompressedClassSpaceSize: 208.00 MB
Initial GC threshold: 21.00 MB
Current GC threshold: 35.12 MB
CDS: on
MetaspaceReclaimPolicy: balanced
 - commit_granule_bytes: 65536.
 - commit_granule_words: 8192.
 - virtual_space_node_default_size: 8388608.
 - enlarge_chunks_in_place: 1.
 - new_chunks_are_fully_committed: 0.
 - uncommit_free_chunks: 1.
 - use_allocation_guard: 0.
 - handle_deallocations: 1.


Internal statistics:

num_allocs_failed_limit: 3.
num_arena_births: 330.
num_arena_deaths: 0.
num_vsnodes_births: 2.
num_vsnodes_deaths: 0.
num_space_committed: 430.
num_space_uncommitted: 0.
num_chunks_returned_to_freelist: 3.
num_chunks_taken_from_freelist: 1361.
num_chunk_merges: 3.
num_chunk_splits: 887.
num_chunks_enlarged: 601.
num_inconsistent_stats: 0.

CodeHeap 'non-profiled nmethods': size=120000Kb used=1899Kb max_used=1899Kb free=118101Kb
 bounds [0x0000019f0f2b0000, 0x0000019f0f520000, 0x0000019f167e0000]
CodeHeap 'profiled nmethods': size=120000Kb used=7237Kb max_used=7237Kb free=112763Kb
 bounds [0x0000019f077e0000, 0x0000019f07f00000, 0x0000019f0ed10000]
CodeHeap 'non-nmethods': size=5760Kb used=1246Kb max_used=1282Kb free=4513Kb
 bounds [0x0000019f0ed10000, 0x0000019f0ef80000, 0x0000019f0f2b0000]
 total_blobs=4045 nmethods=3503 adapters=454
 compilation: enabled
              stopped_count=0, restarted_count=0
 full_count=0

Compilation events (20 events):
Event: 175.618 Thread 0x0000019f1895b8c0 nmethod 3464 0x0000019f07ed8f90 code [0x0000019f07ed9140, 0x0000019f07ed9418]
Event: 175.618 Thread 0x0000019f1895b8c0 3465       3       org.codehaus.groovy.util.LockableObject::tryRelease (45 bytes)
Event: 175.618 Thread 0x0000019f1895b8c0 nmethod 3465 0x0000019f07ed9590 code [0x0000019f07ed9740, 0x0000019f07ed9a28]
Event: 175.623 Thread 0x0000019f7f991fe0 3466       4       java.lang.invoke.MethodType::makeImpl (109 bytes)
Event: 175.629 Thread 0x0000019f1895b8c0 3467       3       java.lang.Class::getMethod0 (31 bytes)
Event: 175.630 Thread 0x0000019f1895b8c0 nmethod 3467 0x0000019f07ed9b10 code [0x0000019f07ed9cc0, 0x0000019f07ed9ef8]
Event: 175.630 Thread 0x0000019f1895b8c0 3468       3       java.lang.ClassValue$ClassValueMap::probeBackupLocations (151 bytes)
Event: 175.633 Thread 0x0000019f1895b8c0 nmethod 3468 0x0000019f07eda010 code [0x0000019f07eda2c0, 0x0000019f07edb948]
Event: 175.633 Thread 0x0000019f1895b8c0 3469       1       org.codehaus.groovy.util.ManagedConcurrentLinkedQueue::access$000 (5 bytes)
Event: 175.633 Thread 0x0000019f1895b8c0 nmethod 3469 0x0000019f0f489710 code [0x0000019f0f4898a0, 0x0000019f0f489958]
Event: 175.633 Thread 0x0000019f1895b8c0 3470       1       org.codehaus.groovy.reflection.ClassInfo::access$200 (5 bytes)
Event: 175.633 Thread 0x0000019f1895b8c0 nmethod 3470 0x0000019f0f489a10 code [0x0000019f0f489ba0, 0x0000019f0f489c58]
Event: 175.635 Thread 0x0000019f1895b8c0 3471       3       java.util.StringJoiner::add (110 bytes)
Event: 175.636 Thread 0x0000019f1895b8c0 nmethod 3471 0x0000019f07edbe90 code [0x0000019f07edc0e0, 0x0000019f07edcb98]
Event: 175.636 Thread 0x0000019f1895b8c0 3472       3       org.codehaus.groovy.reflection.ReflectionCache::isAssignableFrom (13 bytes)
Event: 175.637 Thread 0x0000019f1895b8c0 nmethod 3472 0x0000019f07edcf10 code [0x0000019f07edd0c0, 0x0000019f07edd248]
Event: 175.643 Thread 0x0000019f1895b8c0 3474       3       org.codehaus.groovy.reflection.ParameterTypes::getParameterTypes (16 bytes)
Event: 175.643 Thread 0x0000019f1895b8c0 nmethod 3474 0x0000019f07edd310 code [0x0000019f07edd4c0, 0x0000019f07edd648]
Event: 175.674 Thread 0x0000019f1895b8c0 3475       1       java.util.logging.Logger::getName (5 bytes)
Event: 175.674 Thread 0x0000019f1895b8c0 nmethod 3475 0x0000019f0f489d10 code [0x0000019f0f489ea0, 0x0000019f0f489f78]

GC Heap History (6 events):
Event: 25.681 GC heap before
{Heap before GC invocations=0 (full 0):
 garbage-first heap   total 262144K, used 28672K [0x00000000e0000000, 0x0000000100000000)
  region size 1024K, 23 young (23552K), 0 survivors (0K)
 Metaspace       used 3015K, committed 3200K, reserved 278528K
  class space    used 378K, committed 448K, reserved 212992K
}
Event: 26.332 GC heap after
{Heap after GC invocations=1 (full 0):
 garbage-first heap   total 262144K, used 9505K [0x00000000e0000000, 0x0000000100000000)
  region size 1024K, 3 young (3072K), 3 survivors (3072K)
 Metaspace       used 3015K, committed 3200K, reserved 278528K
  class space    used 378K, committed 448K, reserved 212992K
}
Event: 43.465 GC heap before
{Heap before GC invocations=1 (full 0):
 garbage-first heap   total 262144K, used 38177K [0x00000000e0000000, 0x0000000100000000)
  region size 1024K, 30 young (30720K), 3 survivors (3072K)
 Metaspace       used 3930K, committed 4160K, reserved 278528K
  class space    used 474K, committed 576K, reserved 212992K
}
Event: 43.473 GC heap after
{Heap after GC invocations=2 (full 0):
 garbage-first heap   total 262144K, used 13808K [0x00000000e0000000, 0x0000000100000000)
  region size 1024K, 4 young (4096K), 4 survivors (4096K)
 Metaspace       used 3930K, committed 4160K, reserved 278528K
  class space    used 474K, committed 576K, reserved 212992K
}
Event: 140.701 GC heap before
{Heap before GC invocations=2 (full 0):
 garbage-first heap   total 262144K, used 128496K [0x00000000e0000000, 0x0000000100000000)
  region size 1024K, 106 young (108544K), 4 survivors (4096K)
 Metaspace       used 21194K, committed 21504K, reserved 278528K
  class space    used 3139K, committed 3328K, reserved 212992K
}
Event: 140.820 GC heap after
{Heap after GC invocations=3 (full 0):
 garbage-first heap   total 262144K, used 34556K [0x00000000e0000000, 0x0000000100000000)
  region size 1024K, 14 young (14336K), 14 survivors (14336K)
 Metaspace       used 21194K, committed 21504K, reserved 278528K
  class space    used 3139K, committed 3328K, reserved 212992K
}

Deoptimization events (20 events):
Event: 174.832 Thread 0x0000019f2b788a20 Uncommon trap: trap_request=0xffffffde fr.pc=0x0000019f0f39513c relative=0x0000000000001b5c
Event: 174.832 Thread 0x0000019f2b788a20 Uncommon trap: reason=class_check action=maybe_recompile pc=0x0000019f0f39513c method=java.io.BufferedInputStream.read([BII)I @ 101 c2
Event: 174.832 Thread 0x0000019f2b788a20 DEOPT PACKING pc=0x0000019f0f39513c sp=0x00000007e50f7b80
Event: 174.832 Thread 0x0000019f2b788a20 DEOPT UNPACKING pc=0x0000019f0ed65ba3 sp=0x00000007e50f7a30 mode 2
Event: 174.835 Thread 0x0000019f2b788a20 Uncommon trap: trap_request=0xffffffde fr.pc=0x0000019f0f39513c relative=0x0000000000001b5c
Event: 174.835 Thread 0x0000019f2b788a20 Uncommon trap: reason=class_check action=maybe_recompile pc=0x0000019f0f39513c method=java.io.BufferedInputStream.read([BII)I @ 101 c2
Event: 174.835 Thread 0x0000019f2b788a20 DEOPT PACKING pc=0x0000019f0f39513c sp=0x00000007e50f7b80
Event: 174.835 Thread 0x0000019f2b788a20 DEOPT UNPACKING pc=0x0000019f0ed65ba3 sp=0x00000007e50f7a30 mode 2
Event: 174.836 Thread 0x0000019f2b788a20 Uncommon trap: trap_request=0xffffffc6 fr.pc=0x0000019f0f46b260 relative=0x00000000000005e0
Event: 174.836 Thread 0x0000019f2b788a20 Uncommon trap: reason=bimorphic_or_optimized_type_check action=maybe_recompile pc=0x0000019f0f46b260 method=java.io.BufferedInputStream.read([BII)I @ 101 c2
Event: 174.836 Thread 0x0000019f2b788a20 DEOPT PACKING pc=0x0000019f0f46b260 sp=0x00000007e50f7a80
Event: 174.836 Thread 0x0000019f2b788a20 DEOPT UNPACKING pc=0x0000019f0ed65ba3 sp=0x00000007e50f7a38 mode 2
Event: 174.841 Thread 0x0000019f2b788a20 Uncommon trap: trap_request=0xffffffc6 fr.pc=0x0000019f0f46b260 relative=0x00000000000005e0
Event: 174.841 Thread 0x0000019f2b788a20 Uncommon trap: reason=bimorphic_or_optimized_type_check action=maybe_recompile pc=0x0000019f0f46b260 method=java.io.BufferedInputStream.read([BII)I @ 101 c2
Event: 174.841 Thread 0x0000019f2b788a20 DEOPT PACKING pc=0x0000019f0f46b260 sp=0x00000007e50f7a80
Event: 174.841 Thread 0x0000019f2b788a20 DEOPT UNPACKING pc=0x0000019f0ed65ba3 sp=0x00000007e50f7a38 mode 2
Event: 174.841 Thread 0x0000019f2b788a20 Uncommon trap: trap_request=0xffffffc6 fr.pc=0x0000019f0f46b260 relative=0x00000000000005e0
Event: 174.841 Thread 0x0000019f2b788a20 Uncommon trap: reason=bimorphic_or_optimized_type_check action=maybe_recompile pc=0x0000019f0f46b260 method=java.io.BufferedInputStream.read([BII)I @ 101 c2
Event: 174.841 Thread 0x0000019f2b788a20 DEOPT PACKING pc=0x0000019f0f46b260 sp=0x00000007e50f7a80
Event: 174.841 Thread 0x0000019f2b788a20 DEOPT UNPACKING pc=0x0000019f0ed65ba3 sp=0x00000007e50f7a38 mode 2

Classes unloaded (0 events):
No events

Classes redefined (0 events):
No events

Internal exceptions (20 events):
Event: 138.535 Thread 0x0000019f2b788a20 Exception <a 'java/lang/NoSuchMethodError'{0x00000000ea06a688}: static Lorg/gradle/tooling/internal/consumer/versioning/VersionDetails$R51VersionDetails;.<clinit>()V> (0x00000000ea06a688) 
thrown [s\open\src\hotspot\share\prims\jni.cpp, line 1107]
Event: 140.423 Thread 0x0000019f2b788a20 Exception <a 'java/lang/NoSuchMethodError'{0x00000000e98d1b18}: 'java.lang.Object java.lang.invoke.DirectMethodHandle$Holder.invokeSpecialIFC(java.lang.Object, java.lang.Object, java.lang.Object, java.lang.Object)'> (0x00000000e98d1b18) 
thrown [s\open\src\hotspot\share\interpreter\linkResolver.cpp, line 759]
Event: 140.503 Thread 0x0000019f2b788a20 Exception <a 'java/lang/NoSuchMethodError'{0x00000000e974cff8}: 'java.lang.Object java.lang.invoke.DirectMethodHandle$Holder.invokeSpecial(java.lang.Object, java.lang.Object, java.lang.Object, java.lang.Object, java.lang.Object, java.lang.Object, java.lang.Object, java.lang.Object, java.lang.Object, java.lang.Object, java.lang.Object, java.lang.Object, java.lang.Object)'> (0x00000000e974cff8) 
thrown [s\open\src\hotspot\share\interpreter\linkResolver.cpp, line 759]
Event: 140.505 Thread 0x0000019f2b788a20 Exception <a 'java/lang/NoSuchMethodError'{0x00000000e975eac8}: 'java.lang.Object java.lang.invoke.DirectMethodHandle$Holder.newInvokeSpecial(java.lang.Object, java.lang.Object, java.lang.Object, java.lang.Object, java.lang.Object, java.lang.Object, java.lang.Object, java.lang.Object, java.lang.Object, java.lang.Object, java.lang.Object)'> (0x00000000e975eac8) 
thrown [s\open\src\hotspot\share\interpreter\linkResolver.cpp, line 759]
Event: 140.508 Thread 0x0000019f2b788a20 Exception <a 'java/lang/NoSuchMethodError'{0x00000000e97649a0}: 'java.lang.Object java.lang.invoke.DirectMethodHandle$Holder.invokeSpecial(java.lang.Object, java.lang.Object, java.lang.Object, java.lang.Object, java.lang.Object, java.lang.Object, java.lang.Object, java.lang.Object, java.lang.Object, java.lang.Object, java.lang.Object, java.lang.Object)'> (0x00000000e97649a0) 
thrown [s\open\src\hotspot\share\interpreter\linkResolver.cpp, line 759]
Event: 140.508 Thread 0x0000019f2b788a20 Exception <a 'java/lang/NoSuchMethodError'{0x00000000e976a038}: 'java.lang.Object java.lang.invoke.Invokers$Holder.linkToTargetMethod(java.lang.Object, java.lang.Object, java.lang.Object, java.lang.Object, java.lang.Object, java.lang.Object, java.lang.Object, java.lang.Object, java.lang.Object, java.lang.Object, java.lang.Object)'> (0x00000000e976a038) 
thrown [s\open\src\hotspot\share\interpreter\linkResolver.cpp, line 759]
Event: 140.600 Thread 0x0000019f2b788a20 Exception <a 'java/lang/NoSuchMethodError'{0x00000000e9607d50}: 'java.lang.Object java.lang.invoke.DirectMethodHandle$Holder.invokeSpecial(java.lang.Object, java.lang.Object, java.lang.Object, java.lang.Object, java.lang.Object, java.lang.Object, java.lang.Object, java.lang.Object, java.lang.Object, java.lang.Object, java.lang.Object, java.lang.Object, java.lang.Object, java.lang.Object)'> (0x00000000e9607d50) 
thrown [s\open\src\hotspot\share\interpreter\linkResolver.cpp, line 759]
Event: 140.608 Thread 0x0000019f2b788a20 Exception <a 'java/lang/NoSuchMethodError'{0x00000000e961a3c8}: 'java.lang.Object java.lang.invoke.DirectMethodHandle$Holder.newInvokeSpecial(java.lang.Object, java.lang.Object, java.lang.Object, java.lang.Object, java.lang.Object, java.lang.Object, java.lang.Object, java.lang.Object, java.lang.Object, java.lang.Object, java.lang.Object, java.lang.Object)'> (0x00000000e961a3c8) 
thrown [s\open\src\hotspot\share\interpreter\linkResolver.cpp, line 759]
Event: 140.610 Thread 0x0000019f2b788a20 Exception <a 'java/lang/NoSuchMethodError'{0x00000000e961fd60}: 'java.lang.Object java.lang.invoke.Invokers$Holder.linkToTargetMethod(java.lang.Object, java.lang.Object, java.lang.Object, java.lang.Object, java.lang.Object, java.lang.Object, java.lang.Object, java.lang.Object, java.lang.Object, java.lang.Object, java.lang.Object, java.lang.Object)'> (0x00000000e961fd60) 
thrown [s\open\src\hotspot\share\interpreter\linkResolver.cpp, line 759]
Event: 140.829 Thread 0x0000019f2b788a20 Exception <a 'java/lang/NoSuchMethodError'{0x00000000eff4d388}: 'java.lang.Object java.lang.invoke.DirectMethodHandle$Holder.invokeStaticInit(java.lang.Object, java.lang.Object, java.lang.Object, java.lang.Object)'> (0x00000000eff4d388) 
thrown [s\open\src\hotspot\share\interpreter\linkResolver.cpp, line 759]
Event: 141.696 Thread 0x0000019f2b788a20 Implicit null exception at 0x0000019f0f302e0e to 0x0000019f0f303248
Event: 142.856 Thread 0x0000019f2b788a20 Exception <a 'java/lang/NoSuchMethodError'{0x00000000ef3cc348}: 'java.lang.Object java.lang.invoke.DirectMethodHandle$Holder.newInvokeSpecial(java.lang.Object, java.lang.Object, java.lang.Object, java.lang.Object, java.lang.Object, java.lang.Object, java.lang.Object, java.lang.Object)'> (0x00000000ef3cc348) 
thrown [s\open\src\hotspot\share\interpreter\linkResolver.cpp, line 759]
Event: 142.860 Thread 0x0000019f2b788a20 Exception <a 'java/lang/NoSuchMethodError'{0x00000000ef3d23d0}: 'java.lang.Object java.lang.invoke.Invokers$Holder.linkToTargetMethod(java.lang.Object, java.lang.Object, java.lang.Object, java.lang.Object, java.lang.Object, java.lang.Object, java.lang.Object, java.lang.Object)'> (0x00000000ef3d23d0) 
thrown [s\open\src\hotspot\share\interpreter\linkResolver.cpp, line 759]
Event: 142.919 Thread 0x0000019f2b788a20 Exception <a 'java/lang/NoSuchMethodError'{0x00000000ef204288}: 'java.lang.Object java.lang.invoke.DirectMethodHandle$Holder.newInvokeSpecial(java.lang.Object, java.lang.Object, java.lang.Object, java.lang.Object, java.lang.Object, java.lang.Object, java.lang.Object)'> (0x00000000ef204288) 
thrown [s\open\src\hotspot\share\interpreter\linkResolver.cpp, line 759]
Event: 142.920 Thread 0x0000019f2b788a20 Exception <a 'java/lang/NoSuchMethodError'{0x00000000ef209750}: 'java.lang.Object java.lang.invoke.Invokers$Holder.linkToTargetMethod(java.lang.Object, java.lang.Object, java.lang.Object, java.lang.Object, java.lang.Object, java.lang.Object, java.lang.Object)'> (0x00000000ef209750) 
thrown [s\open\src\hotspot\share\interpreter\linkResolver.cpp, line 759]
Event: 142.939 Thread 0x0000019f2b788a20 Exception <a 'java/lang/IncompatibleClassChangeError'{0x00000000ef239ed8}: Found class java.lang.Object, but interface was expected> (0x00000000ef239ed8) 
thrown [s\open\src\hotspot\share\interpreter\linkResolver.cpp, line 826]
Event: 174.718 Thread 0x0000019f2b788a20 Exception <a 'java/lang/NoSuchMethodError'{0x00000000ee2e3370}: 'void java.lang.invoke.DirectMethodHandle$Holder.invokeStaticInit(java.lang.Object, java.lang.Object, java.lang.Object, java.lang.Object)'> (0x00000000ee2e3370) 
thrown [s\open\src\hotspot\share\interpreter\linkResolver.cpp, line 759]
Event: 175.164 Thread 0x0000019f2b788a20 Exception <a 'java/lang/NoSuchMethodError'{0x00000000edef31b0}: 'void java.lang.invoke.DirectMethodHandle$Holder.invokeStaticInit(java.lang.Object, java.lang.Object, java.lang.Object)'> (0x00000000edef31b0) 
thrown [s\open\src\hotspot\share\interpreter\linkResolver.cpp, line 759]
Event: 175.207 Thread 0x0000019f2b788a20 Exception <a 'java/lang/NoSuchMethodError'{0x00000000edd19078}: 'void java.lang.invoke.DirectMethodHandle$Holder.invokeStaticInit(java.lang.Object, java.lang.Object, java.lang.Object, java.lang.Object, java.lang.Object)'> (0x00000000edd19078) 
thrown [s\open\src\hotspot\share\interpreter\linkResolver.cpp, line 759]
Event: 175.258 Thread 0x0000019f2b788a20 Exception <a 'java/lang/NoSuchMethodError'{0x00000000edd8caf8}: 'int java.lang.invoke.DirectMethodHandle$Holder.invokeStaticInit(java.lang.Object, java.lang.Object, java.lang.Object, java.lang.Object)'> (0x00000000edd8caf8) 
thrown [s\open\src\hotspot\share\interpreter\linkResolver.cpp, line 759]

VM Operations (20 events):
Event: 146.332 Executing VM operation: Cleanup
Event: 146.332 Executing VM operation: Cleanup done
Event: 150.413 Executing VM operation: Cleanup
Event: 150.413 Executing VM operation: Cleanup done
Event: 157.488 Executing VM operation: Cleanup
Event: 157.488 Executing VM operation: Cleanup done
Event: 158.498 Executing VM operation: Cleanup
Event: 158.498 Executing VM operation: Cleanup done
Event: 161.525 Executing VM operation: Cleanup
Event: 161.525 Executing VM operation: Cleanup done
Event: 168.599 Executing VM operation: Cleanup
Event: 168.599 Executing VM operation: Cleanup done
Event: 169.611 Executing VM operation: Cleanup
Event: 169.615 Executing VM operation: Cleanup done
Event: 173.659 Executing VM operation: Cleanup
Event: 173.659 Executing VM operation: Cleanup done
Event: 174.674 Executing VM operation: Cleanup
Event: 174.677 Executing VM operation: Cleanup done
Event: 174.920 Executing VM operation: HandshakeAllThreads
Event: 174.920 Executing VM operation: HandshakeAllThreads done

Events (20 events):
Event: 175.560 loading class java/util/OptionalLong
Event: 175.560 loading class java/util/OptionalLong done
Event: 175.561 loading class java/util/stream/LongStream
Event: 175.562 loading class java/util/stream/LongStream done
Event: 175.563 loading class java/util/stream/DoubleStream
Event: 175.564 loading class java/util/stream/DoubleStream done
Event: 175.567 loading class java/util/function/LongPredicate
Event: 175.567 loading class java/util/function/LongPredicate done
Event: 175.567 loading class java/util/function/DoublePredicate
Event: 175.567 loading class java/util/function/DoublePredicate done
Event: 175.567 loading class java/util/function/DoubleFunction
Event: 175.567 loading class java/util/function/DoubleFunction done
Event: 175.567 loading class java/util/function/LongFunction
Event: 175.567 loading class java/util/function/LongFunction done
Event: 175.637 loading class java/lang/Enum$EnumDesc
Event: 175.639 loading class java/lang/Enum$EnumDesc done
Event: 175.656 loading class java/util/ResourceBundle$CacheKey
Event: 175.656 loading class java/util/ResourceBundle$CacheKey done
Event: 175.673 loading class java/lang/UnsupportedClassVersionError
Event: 175.673 loading class java/lang/UnsupportedClassVersionError done


Dynamic libraries:
0x00007ff7a6f20000 - 0x00007ff7a6f30000 	C:\Program Files\Java\jdk-17\bin\java.exe
0x00007ffc48510000 - 0x00007ffc48726000 	C:\WINDOWS\SYSTEM32\ntdll.dll
0x00007ffc471b0000 - 0x00007ffc47274000 	C:\WINDOWS\System32\KERNEL32.DLL
0x00007ffc45c80000 - 0x00007ffc46027000 	C:\WINDOWS\System32\KERNELBASE.dll
0x000000005c0f0000 - 0x000000005c422000 	C:\Program Files\Norton Security\NortonData\22.22.7.14\Definitions\IPSDefs\20240424.064\IPSEng64.dll
0x00007ffc48410000 - 0x00007ffc484c2000 	C:\WINDOWS\System32\ADVAPI32.dll
0x00007ffc46b90000 - 0x00007ffc46c37000 	C:\WINDOWS\System32\msvcrt.dll
0x00007ffc472e0000 - 0x00007ffc47388000 	C:\WINDOWS\System32\sechost.dll
0x00007ffc460f0000 - 0x00007ffc46118000 	C:\WINDOWS\System32\bcrypt.dll
0x00007ffc46820000 - 0x00007ffc46935000 	C:\WINDOWS\System32\RPCRT4.dll
0x00007ffc47d00000 - 0x00007ffc47d08000 	C:\WINDOWS\System32\PSAPI.DLL
0x00007ffc2dfa0000 - 0x00007ffc2dfb9000 	C:\Program Files\Java\jdk-17\bin\jli.dll
0x00007ffc48240000 - 0x00007ffc483ee000 	C:\WINDOWS\System32\USER32.dll
0x00007ffc459c0000 - 0x00007ffc459e6000 	C:\WINDOWS\System32\win32u.dll
0x00007ffc46250000 - 0x00007ffc46279000 	C:\WINDOWS\System32\GDI32.dll
0x00007ffc46120000 - 0x00007ffc46239000 	C:\WINDOWS\System32\gdi32full.dll
0x00007ffc45b60000 - 0x00007ffc45bfa000 	C:\WINDOWS\System32\msvcp_win.dll
0x00007ffc45830000 - 0x00007ffc45941000 	C:\WINDOWS\System32\ucrtbase.dll
0x00007ffc2b400000 - 0x00007ffc2b693000 	C:\WINDOWS\WinSxS\amd64_microsoft.windows.common-controls_6595b64144ccf1df_6.0.22621.3235_none_270f74e173860f98\COMCTL32.dll
0x00007ffc388e0000 - 0x00007ffc388ea000 	C:\WINDOWS\SYSTEM32\VERSION.dll
0x00007ffc29cd0000 - 0x00007ffc29ceb000 	C:\Program Files\Java\jdk-17\bin\VCRUNTIME140.dll
0x00007ffc467e0000 - 0x00007ffc46811000 	C:\WINDOWS\System32\IMM32.DLL
0x00007ffc30450000 - 0x00007ffc3045c000 	C:\Program Files\Java\jdk-17\bin\vcruntime140_1.dll
0x00007ffbf8dc0000 - 0x00007ffbf8e4e000 	C:\Program Files\Java\jdk-17\bin\msvcp140.dll
0x00007ffb8f8c0000 - 0x00007ffb9049f000 	C:\Program Files\Java\jdk-17\bin\server\jvm.dll
0x00007ffc239a0000 - 0x00007ffc239a9000 	C:\WINDOWS\SYSTEM32\WSOCK32.dll
0x00007ffc46da0000 - 0x00007ffc46e11000 	C:\WINDOWS\System32\WS2_32.dll
0x00007ffc25060000 - 0x00007ffc25094000 	C:\WINDOWS\SYSTEM32\WINMM.dll
0x00007ffc44920000 - 0x00007ffc44938000 	C:\WINDOWS\SYSTEM32\kernel.appcore.dll
0x00007ffc2fce0000 - 0x00007ffc2fcea000 	C:\Program Files\Java\jdk-17\bin\jimage.dll
0x00007ffc42f60000 - 0x00007ffc43193000 	C:\WINDOWS\SYSTEM32\DBGHELP.DLL
0x00007ffc46e20000 - 0x00007ffc471a8000 	C:\WINDOWS\System32\combase.dll
0x00007ffc46280000 - 0x00007ffc46357000 	C:\WINDOWS\System32\OLEAUT32.dll
0x00007ffc38d30000 - 0x00007ffc38d62000 	C:\WINDOWS\SYSTEM32\dbgcore.DLL
0x00007ffc45c00000 - 0x00007ffc45c79000 	C:\WINDOWS\System32\bcryptPrimitives.dll
0x00007ffc197b0000 - 0x00007ffc197d5000 	C:\Program Files\Java\jdk-17\bin\java.dll
0x00007ffbf6960000 - 0x00007ffbf6a37000 	C:\Program Files\Java\jdk-17\bin\jsvml.dll
0x00007ffc47430000 - 0x00007ffc47c8c000 	C:\WINDOWS\System32\SHELL32.dll
0x00007ffc43740000 - 0x00007ffc44039000 	C:\WINDOWS\SYSTEM32\windows.storage.dll
0x00007ffc43600000 - 0x00007ffc4373e000 	C:\WINDOWS\SYSTEM32\wintypes.dll
0x00007ffc47f90000 - 0x00007ffc48083000 	C:\WINDOWS\System32\SHCORE.dll
0x00007ffc47280000 - 0x00007ffc472de000 	C:\WINDOWS\System32\shlwapi.dll
0x00007ffc45760000 - 0x00007ffc45781000 	C:\WINDOWS\SYSTEM32\profapi.dll
0x00007ffc24bb0000 - 0x00007ffc24bc9000 	C:\Program Files\Java\jdk-17\bin\net.dll
0x00007ffc40260000 - 0x00007ffc40396000 	C:\WINDOWS\SYSTEM32\WINHTTP.dll
0x00007ffc44d80000 - 0x00007ffc44de9000 	C:\WINDOWS\system32\mswsock.dll
0x00007ffc2fc10000 - 0x00007ffc2fc26000 	C:\Program Files\Java\jdk-17\bin\nio.dll
0x00007ffc23810000 - 0x00007ffc23828000 	C:\Program Files\Java\jdk-17\bin\zip.dll
0x00007ffc2cd90000 - 0x00007ffc2cda0000 	C:\Program Files\Java\jdk-17\bin\verify.dll
0x00007ffc2fd20000 - 0x00007ffc2fd47000 	C:\Users\Thang\.gradle\native\e1d6ef7f7dcc3fd88c89a11ec53ec762bb8ba0a96d01ffa2cd45eb1d1d8dd5c5\windows-amd64\native-platform.dll
0x00007ffbf5d20000 - 0x00007ffbf5e64000 	C:\Users\Thang\.gradle\native\5664cfc778a61ccfe75a443a1ab52a65af34e5dc3c78e0209fed803814484fcb\windows-amd64\native-platform-file-events.dll
0x00007ffc2cd50000 - 0x00007ffc2cd5a000 	C:\Program Files\Java\jdk-17\bin\management.dll
0x00007ffc2b8a0000 - 0x00007ffc2b8ab000 	C:\Program Files\Java\jdk-17\bin\management_ext.dll
0x00007ffc450d0000 - 0x00007ffc450eb000 	C:\WINDOWS\SYSTEM32\CRYPTSP.dll
0x00007ffc44880000 - 0x00007ffc448b5000 	C:\WINDOWS\system32\rsaenh.dll
0x00007ffc44e20000 - 0x00007ffc44e48000 	C:\WINDOWS\SYSTEM32\USERENV.dll
0x00007ffc450b0000 - 0x00007ffc450bc000 	C:\WINDOWS\SYSTEM32\CRYPTBASE.dll
0x00007ffc44320000 - 0x00007ffc4434d000 	C:\WINDOWS\SYSTEM32\IPHLPAPI.DLL
0x00007ffc46240000 - 0x00007ffc46249000 	C:\WINDOWS\System32\NSI.dll
0x00007ffc40180000 - 0x00007ffc40199000 	C:\WINDOWS\SYSTEM32\dhcpcsvc6.DLL
0x00007ffc40160000 - 0x00007ffc4017f000 	C:\WINDOWS\SYSTEM32\dhcpcsvc.DLL
0x00007ffc44390000 - 0x00007ffc44489000 	C:\WINDOWS\SYSTEM32\DNSAPI.dll
0x00007ffc42520000 - 0x00007ffc4252e000 	C:\Program Files\Java\jdk-17\bin\sunmscapi.dll
0x00007ffc459f0000 - 0x00007ffc45b57000 	C:\WINDOWS\System32\CRYPT32.dll
0x00007ffc451d0000 - 0x00007ffc451fe000 	C:\WINDOWS\SYSTEM32\ncrypt.dll
0x00007ffc45190000 - 0x00007ffc451c7000 	C:\WINDOWS\SYSTEM32\NTASN1.dll
0x00007ffc2f8d0000 - 0x00007ffc2f8d8000 	C:\WINDOWS\system32\wshunix.dll

dbghelp: loaded successfully - version: 4.0.5 - missing functions: none
symbol engine: initialized successfully - sym options: 0x614 - pdb path: .;C:\Program Files\Java\jdk-17\bin;C:\WINDOWS\SYSTEM32;C:\Program Files\Norton Security\NortonData\22.22.7.14\Definitions\IPSDefs\20240424.064;C:\WINDOWS\WinSxS\amd64_microsoft.windows.common-controls_6595b64144ccf1df_6.0.22621.3235_none_270f74e173860f98;C:\Program Files\Java\jdk-17\bin\server;C:\Users\Thang\.gradle\native\e1d6ef7f7dcc3fd88c89a11ec53ec762bb8ba0a96d01ffa2cd45eb1d1d8dd5c5\windows-amd64;C:\Users\Thang\.gradle\native\5664cfc778a61ccfe75a443a1ab52a65af34e5dc3c78e0209fed803814484fcb\windows-amd64

VM Arguments:
jvm_args: --add-opens=java.base/java.util=ALL-UNNAMED --add-opens=java.base/java.lang=ALL-UNNAMED --add-opens=java.base/java.lang.invoke=ALL-UNNAMED --add-opens=java.base/java.util=ALL-UNNAMED --add-opens=java.prefs/java.util.prefs=ALL-UNNAMED --add-opens=java.prefs/java.util.prefs=ALL-UNNAMED --add-opens=java.base/java.nio.charset=ALL-UNNAMED --add-opens=java.base/java.net=ALL-UNNAMED --add-opens=java.base/java.util.concurrent.atomic=ALL-UNNAMED -XX:MaxMetaspaceSize=256m -XX:+HeapDumpOnOutOfMemoryError -Xms256m -Xmx512m -Dfile.encoding=windows-1252 -Duser.country=US -Duser.language=en -Duser.variant 
java_command: org.gradle.launcher.daemon.bootstrap.GradleDaemon 7.3
java_class_path (initial): C:\Users\Thang\.gradle\wrapper\dists\gradle-7.3-bin\ddwl0k7mt9g6ak16i1m905vyv\gradle-7.3\lib\gradle-launcher-7.3.jar
Launcher Type: SUN_STANDARD

[Global flags]
     intx CICompilerCount                          = 4                                         {product} {ergonomic}
   size_t CompressedClassSpaceSize                 = 218103808                                 {product} {ergonomic}
     uint ConcGCThreads                            = 2                                         {product} {ergonomic}
     uint G1ConcRefinementThreads                  = 8                                         {product} {ergonomic}
   size_t G1HeapRegionSize                         = 1048576                                   {product} {ergonomic}
    uintx GCDrainStackTargetSize                   = 64                                        {product} {ergonomic}
     bool HeapDumpOnOutOfMemoryError               = true                                   {manageable} {command line}
   size_t InitialHeapSize                          = 268435456                                 {product} {command line}
   size_t MarkStackSize                            = 4194304                                   {product} {ergonomic}
   size_t MaxHeapSize                              = 536870912                                 {product} {command line}
   size_t MaxMetaspaceSize                         = 268435456                                 {product} {command line}
   size_t MaxNewSize                               = 321912832                                 {product} {ergonomic}
   size_t MinHeapDeltaBytes                        = 1048576                                   {product} {ergonomic}
   size_t MinHeapSize                              = 268435456                                 {product} {command line}
    uintx NonNMethodCodeHeapSize                   = 5839372                                {pd product} {ergonomic}
    uintx NonProfiledCodeHeapSize                  = 122909434                              {pd product} {ergonomic}
    uintx ProfiledCodeHeapSize                     = 122909434                              {pd product} {ergonomic}
    uintx ReservedCodeCacheSize                    = 251658240                              {pd product} {ergonomic}
     bool SegmentedCodeCache                       = true                                      {product} {ergonomic}
   size_t SoftMaxHeapSize                          = 536870912                              {manageable} {ergonomic}
     bool UseCompressedClassPointers               = true                           {product lp64_product} {ergonomic}
     bool UseCompressedOops                        = true                           {product lp64_product} {ergonomic}
     bool UseG1GC                                  = true                                      {product} {ergonomic}
     bool UseLargePagesIndividualAllocation        = false                                  {pd product} {ergonomic}

Logging:
Log output configuration:
 #0: stdout all=warning uptime,level,tags
 #1: stderr all=off uptime,level,tags

Environment Variables:
PATH=C:\Program Files\Common Files\Oracle\Java\javapath;C:\WINDOWS\system32;C:\WINDOWS;C:\WINDOWS\System32\Wbem;C:\WINDOWS\System32\WindowsPowerShell\v1.0\;C:\WINDOWS\System32\OpenSSH\;C:\Program Files\nodejs\;C:\Program Files\Git\cmd;C:\Users\Thang\AppData\Local\Microsoft\WindowsApps;C:\Users\Thang\AppData\Local\GitHubDesktop\bin;C:\Users\Thang\AppData\Local\Programs\Microsoft VS Code\bin;C:\Users\Thang\AppData\Roaming\npm;C:\Program Files\JetBrains\IntelliJ IDEA Community Edition 2023.3.6\bin;
USERNAME=Thang
OS=Windows_NT
PROCESSOR_IDENTIFIER=Intel64 Family 6 Model 126 Stepping 5, GenuineIntel



---------------  S Y S T E M  ---------------

OS:
 Windows 11 , 64 bit Build 22621 (10.0.22621.3374)
OS uptime: 15 days 6:00 hours
Hyper-V role detected

CPU: total 8 (initial active 8) (4 cores per cpu, 2 threads per core) family 6 model 126 stepping 5 microcode 0xa0, cx8, cmov, fxsr, ht, mmx, 3dnowpref, sse, sse2, sse3, ssse3, sse4.1, sse4.2, popcnt, lzcnt, tsc, tscinvbit, avx, avx2, aes, erms, clmul, bmi1, bmi2, adx, avx512f, avx512dq, avx512cd, avx512bw, avx512vl, sha, fma, vzeroupper, avx512_vpopcntdq, avx512_vpclmulqdq, avx512_vaes, avx512_vnni, clflush, clflushopt, avx512_vbmi2, avx512_vbmi, hv

Memory: 4k page, system-wide physical 7980M (166M free)
TotalPageFile size 31915M (AvailPageFile size 0M)
current process WorkingSet (physical memory assigned to process): 92M, peak: 172M
current process commit charge ("private bytes"): 417M, peak: 423M

vm_info: Java HotSpot(TM) 64-Bit Server VM (17.0.10+11-LTS-240) for windows-amd64 JRE (17.0.10+11-LTS-240), built on Dec 19 2023 21:47:25 by "mach5one" with MS VC++ 17.1 (VS2022)

END.
